[ 2015-12-23T20:34:55+08:00 ] 115.183.171.184 /admin/index.php/Admin/OmronVote/index.html
INFO: [ app_init ] --START--
INFO: Run Behavior\BuildLiteBehavior [ RunTime:0.000014s ]
INFO: [ app_init ] --END-- [ RunTime:0.000395s ]
INFO: [ app_begin ] --START--
INFO: Run Behavior\ReadHtmlCacheBehavior [ RunTime:0.000349s ]
INFO: [ app_begin ] --END-- [ RunTime:0.000404s ]
NOTIC: [8] Undefined index: user_name /home/wwwroot/admin/Application/Admin/Controller/CommonController.class.php 第 17 行.
NOTIC: [8] Undefined index: authority /home/wwwroot/admin/Application/Admin/Controller/CommonController.class.php 第 17 行.

[ 2015-12-23T20:34:55+08:00 ] 115.183.171.184 /admin/Admin/Login/index.html
INFO: [ app_init ] --START--
INFO: Run Behavior\BuildLiteBehavior [ RunTime:0.000016s ]
INFO: [ app_init ] --END-- [ RunTime:0.000311s ]
INFO: [ app_begin ] --START--
INFO: Run Behavior\ReadHtmlCacheBehavior [ RunTime:0.000380s ]
INFO: [ app_begin ] --END-- [ RunTime:0.000437s ]
INFO: [ view_parse ] --START--
INFO: [ template_filter ] --START--
INFO: Run Behavior\ContentReplaceBehavior [ RunTime:0.000068s ]
INFO: [ template_filter ] --END-- [ RunTime:0.000167s ]
INFO: Run Behavior\ParseTemplateBehavior [ RunTime:0.005746s ]
INFO: [ view_parse ] --END-- [ RunTime:0.005799s ]
INFO: [ view_filter ] --START--
INFO: Run Behavior\WriteHtmlCacheBehavior [ RunTime:0.000153s ]
INFO: [ view_filter ] --END-- [ RunTime:0.000207s ]
INFO: [ app_end ] --START--
INFO: Run Behavior\ShowPageTraceBehavior [ RunTime:0.000403s ]
INFO: [ app_end ] --END-- [ RunTime:0.000455s ]

[ 2015-12-23T20:37:54+08:00 ] 115.183.171.184 /admin/Admin/Login/login.html
INFO: [ app_init ] --START--
INFO: Run Behavior\BuildLiteBehavior [ RunTime:0.000015s ]
INFO: [ app_init ] --END-- [ RunTime:0.000325s ]
INFO: [ app_begin ] --START--
INFO: Run Behavior\ReadHtmlCacheBehavior [ RunTime:0.000400s ]
INFO: [ app_begin ] --END-- [ RunTime:0.000458s ]
SQL: SHOW COLUMNS FROM `admin_users` [ RunTime:0.0009s ]
SQL: SELECT `id`,`password`,`authority` FROM `admin_users` WHERE ( `username`='admin' ) LIMIT 1   [ RunTime:0.0003s ]
NOTIC: [8] Undefined index: username /home/wwwroot/admin/Application/Admin/Controller/LoginController.class.php 第 22 行.

[ 2015-12-23T20:37:54+08:00 ] 115.183.171.184 /admin/Admin/Index/index.html
INFO: [ app_init ] --START--
INFO: Run Behavior\BuildLiteBehavior [ RunTime:0.000016s ]
INFO: [ app_init ] --END-- [ RunTime:0.000276s ]
INFO: [ app_begin ] --START--
INFO: Run Behavior\ReadHtmlCacheBehavior [ RunTime:0.000534s ]
INFO: [ app_begin ] --END-- [ RunTime:0.000635s ]
INFO: [ view_parse ] --START--
INFO: [ template_filter ] --START--
INFO: Run Behavior\ContentReplaceBehavior [ RunTime:0.000076s ]
INFO: [ template_filter ] --END-- [ RunTime:0.000132s ]
INFO: Run Behavior\ParseTemplateBehavior [ RunTime:0.006713s ]
INFO: [ view_parse ] --END-- [ RunTime:0.006771s ]
INFO: [ view_filter ] --START--
INFO: Run Behavior\WriteHtmlCacheBehavior [ RunTime:0.000114s ]
INFO: [ view_filter ] --END-- [ RunTime:0.000162s ]
INFO: [ app_end ] --START--
INFO: Run Behavior\ShowPageTraceBehavior [ RunTime:0.000355s ]
INFO: [ app_end ] --END-- [ RunTime:0.000404s ]

[ 2015-12-23T20:37:57+08:00 ] 115.183.171.184 /admin/Admin/OmronVote/index.html
INFO: [ app_init ] --START--
INFO: Run Behavior\BuildLiteBehavior [ RunTime:0.000015s ]
INFO: [ app_init ] --END-- [ RunTime:0.000315s ]
INFO: [ app_begin ] --START--
INFO: Run Behavior\ReadHtmlCacheBehavior [ RunTime:0.000429s ]
INFO: [ app_begin ] --END-- [ RunTime:0.000487s ]
SQL: SHOW COLUMNS FROM `omronvote_vote` [ RunTime:0.0008s ]
SQL: SELECT COUNT(*) AS tp_count FROM `omronvote_vote` WHERE ( `fid`=1 ) LIMIT 1   [ RunTime:0.0003s ]
SQL: SELECT COUNT(*) AS tp_count FROM `omronvote_vote` WHERE ( `fid`=2 ) LIMIT 1   [ RunTime:0.0002s ]
SQL: SELECT COUNT(*) AS tp_count FROM `omronvote_vote` WHERE ( `fid`=3 ) LIMIT 1   [ RunTime:0.0002s ]
SQL: SELECT COUNT(*) AS tp_count FROM `omronvote_vote` WHERE ( `fid`=4 ) LIMIT 1   [ RunTime:0.0002s ]
SQL: SELECT COUNT(*) AS tp_count FROM `omronvote_vote` WHERE ( `fid`=5 ) LIMIT 1   [ RunTime:0.0002s ]
SQL: SELECT COUNT(*) AS tp_count FROM `omronvote_vote` WHERE ( `fid`=6 ) LIMIT 1   [ RunTime:0.0002s ]
SQL: SELECT COUNT(*) AS tp_count FROM `omronvote_vote` WHERE ( `fid`=7 ) LIMIT 1   [ RunTime:0.0002s ]
SQL: SELECT COUNT(*) AS tp_count FROM `omronvote_vote` WHERE ( `fid`=8 ) LIMIT 1   [ RunTime:0.0003s ]
SQL: SELECT COUNT(*) AS tp_count FROM `omronvote_vote` WHERE ( `fid`=9 ) LIMIT 1   [ RunTime:0.0002s ]
SQL: SELECT COUNT(*) AS tp_count FROM `omronvote_vote` WHERE ( `fid`=10 ) LIMIT 1   [ RunTime:0.0002s ]
SQL: SELECT COUNT(*) AS tp_count FROM `omronvote_vote` WHERE ( `fid`=11 ) LIMIT 1   [ RunTime:0.0002s ]
SQL: SELECT COUNT(*) AS tp_count FROM `omronvote_vote` WHERE ( `fid`=12 ) LIMIT 1   [ RunTime:0.0002s ]
SQL: SELECT COUNT(*) AS tp_count FROM `omronvote_vote` WHERE ( `fid`=13 ) LIMIT 1   [ RunTime:0.0002s ]
SQL: SELECT COUNT(*) AS tp_count FROM `omronvote_vote` WHERE ( `fid`=14 ) LIMIT 1   [ RunTime:0.0002s ]
SQL: SELECT COUNT(*) AS tp_count FROM `omronvote_vote` WHERE ( `fid`=15 ) LIMIT 1   [ RunTime:0.0002s ]
SQL: SELECT COUNT(*) AS tp_count FROM `omronvote_vote` WHERE ( `fid`=16 ) LIMIT 1   [ RunTime:0.0002s ]
SQL: SELECT COUNT(*) AS tp_count FROM `omronvote_vote` WHERE ( `fid`=17 ) LIMIT 1   [ RunTime:0.0002s ]
SQL: SELECT COUNT(*) AS tp_count FROM `omronvote_vote` WHERE ( `fid`=18 ) LIMIT 1   [ RunTime:0.0002s ]
SQL: SELECT COUNT(*) AS tp_count FROM `omronvote_vote` WHERE ( `fid`=19 ) LIMIT 1   [ RunTime:0.0002s ]
SQL: SELECT COUNT(*) AS tp_count FROM `omronvote_vote` WHERE ( `fid`=20 ) LIMIT 1   [ RunTime:0.0002s ]
SQL: SELECT COUNT(*) AS tp_count FROM `omronvote_vote` WHERE ( `fid`=21 ) LIMIT 1   [ RunTime:0.0002s ]
SQL: SELECT COUNT(*) AS tp_count FROM `omronvote_vote` WHERE ( `fid`=22 ) LIMIT 1   [ RunTime:0.0002s ]
SQL: SELECT COUNT(*) AS tp_count FROM `omronvote_vote` WHERE ( `fid`=23 ) LIMIT 1   [ RunTime:0.0002s ]
SQL: SELECT COUNT(*) AS tp_count FROM `omronvote_vote` WHERE ( `fid`=24 ) LIMIT 1   [ RunTime:0.0002s ]
SQL: SELECT COUNT(*) AS tp_count FROM `omronvote_vote` WHERE ( `fid`=25 ) LIMIT 1   [ RunTime:0.0002s ]
SQL: SELECT COUNT(*) AS tp_count FROM `omronvote_vote` WHERE ( `fid`=26 ) LIMIT 1   [ RunTime:0.0002s ]
SQL: SELECT COUNT(*) AS tp_count FROM `omronvote_vote` WHERE ( `fid`=27 ) LIMIT 1   [ RunTime:0.0002s ]
SQL: SELECT COUNT(*) AS tp_count FROM `omronvote_vote` WHERE ( `fid`=28 ) LIMIT 1   [ RunTime:0.0002s ]
SQL: SELECT COUNT(*) AS tp_count FROM `omronvote_vote` WHERE ( `fid`=29 ) LIMIT 1   [ RunTime:0.0002s ]
SQL: SELECT COUNT(*) AS tp_count FROM `omronvote_vote` WHERE ( `fid`=30 ) LIMIT 1   [ RunTime:0.0002s ]
SQL: SELECT COUNT(*) AS tp_count FROM `omronvote_vote` WHERE ( `fid`=31 ) LIMIT 1   [ RunTime:0.0003s ]
SQL: SELECT COUNT(*) AS tp_count FROM `omronvote_vote` WHERE ( `fid`=32 ) LIMIT 1   [ RunTime:0.0002s ]
SQL: SELECT COUNT(*) AS tp_count FROM `omronvote_vote` WHERE ( `fid`=33 ) LIMIT 1   [ RunTime:0.0002s ]
SQL: SELECT COUNT(*) AS tp_count FROM `omronvote_vote` WHERE ( `fid`=34 ) LIMIT 1   [ RunTime:0.0002s ]
SQL: SELECT COUNT(*) AS tp_count FROM `omronvote_vote` WHERE ( `fid`=35 ) LIMIT 1   [ RunTime:0.0002s ]
SQL: SELECT COUNT(*) AS tp_count FROM `omronvote_vote` WHERE ( `fid`=36 ) LIMIT 1   [ RunTime:0.0002s ]
SQL: SELECT COUNT(*) AS tp_count FROM `omronvote_vote` WHERE ( `fid`=37 ) LIMIT 1   [ RunTime:0.0002s ]
SQL: SELECT COUNT(*) AS tp_count FROM `omronvote_vote` WHERE ( `fid`=38 ) LIMIT 1   [ RunTime:0.0002s ]
SQL: SELECT COUNT(*) AS tp_count FROM `omronvote_vote` WHERE ( `fid`=39 ) LIMIT 1   [ RunTime:0.0002s ]
SQL: SELECT COUNT(*) AS tp_count FROM `omronvote_vote` WHERE ( `fid`=40 ) LIMIT 1   [ RunTime:0.0002s ]
SQL: SELECT COUNT(*) AS tp_count FROM `omronvote_vote` WHERE ( `fid`=41 ) LIMIT 1   [ RunTime:0.0002s ]
INFO: [ view_parse ] --START--
INFO: [ template_filter ] --START--
INFO: Run Behavior\ContentReplaceBehavior [ RunTime:0.000129s ]
INFO: [ template_filter ] --END-- [ RunTime:0.000193s ]
NOTIC: [8] Undefined index: name /home/wwwroot/admin/Application/Runtime/Cache/Admin/4bc69b9be5975bbcfbc5a648a153ae0d.php 第 79 行.
NOTIC: [8] Undefined index: name /home/wwwroot/admin/Application/Runtime/Cache/Admin/4bc69b9be5975bbcfbc5a648a153ae0d.php 第 79 行.
NOTIC: [8] Undefined index: name /home/wwwroot/admin/Application/Runtime/Cache/Admin/4bc69b9be5975bbcfbc5a648a153ae0d.php 第 79 行.
NOTIC: [8] Undefined index: name /home/wwwroot/admin/Application/Runtime/Cache/Admin/4bc69b9be5975bbcfbc5a648a153ae0d.php 第 79 行.
NOTIC: [8] Undefined index: name /home/wwwroot/admin/Application/Runtime/Cache/Admin/4bc69b9be5975bbcfbc5a648a153ae0d.php 第 79 行.
NOTIC: [8] Undefined index: name /home/wwwroot/admin/Application/Runtime/Cache/Admin/4bc69b9be5975bbcfbc5a648a153ae0d.php 第 79 行.
NOTIC: [8] Undefined index: name /home/wwwroot/admin/Application/Runtime/Cache/Admin/4bc69b9be5975bbcfbc5a648a153ae0d.php 第 79 行.
NOTIC: [8] Undefined index: name /home/wwwroot/admin/Application/Runtime/Cache/Admin/4bc69b9be5975bbcfbc5a648a153ae0d.php 第 79 行.
NOTIC: [8] Undefined index: name /home/wwwroot/admin/Application/Runtime/Cache/Admin/4bc69b9be5975bbcfbc5a648a153ae0d.php 第 79 行.
NOTIC: [8] Undefined index: name /home/wwwroot/admin/Application/Runtime/Cache/Admin/4bc69b9be5975bbcfbc5a648a153ae0d.php 第 79 行.
NOTIC: [8] Undefined index: name /home/wwwroot/admin/Application/Runtime/Cache/Admin/4bc69b9be5975bbcfbc5a648a153ae0d.php 第 79 行.
NOTIC: [8] Undefined index: name /home/wwwroot/admin/Application/Runtime/Cache/Admin/4bc69b9be5975bbcfbc5a648a153ae0d.php 第 79 行.
NOTIC: [8] Undefined index: name /home/wwwroot/admin/Application/Runtime/Cache/Admin/4bc69b9be5975bbcfbc5a648a153ae0d.php 第 79 行.
NOTIC: [8] Undefined index: name /home/wwwroot/admin/Application/Runtime/Cache/Admin/4bc69b9be5975bbcfbc5a648a153ae0d.php 第 79 行.
NOTIC: [8] Undefined index: name /home/wwwroot/admin/Application/Runtime/Cache/Admin/4bc69b9be5975bbcfbc5a648a153ae0d.php 第 79 行.
NOTIC: [8] Undefined index: name /home/wwwroot/admin/Application/Runtime/Cache/Admin/4bc69b9be5975bbcfbc5a648a153ae0d.php 第 79 行.
NOTIC: [8] Undefined index: name /home/wwwroot/admin/Application/Runtime/Cache/Admin/4bc69b9be5975bbcfbc5a648a153ae0d.php 第 79 行.
NOTIC: [8] Undefined index: name /home/wwwroot/admin/Application/Runtime/Cache/Admin/4bc69b9be5975bbcfbc5a648a153ae0d.php 第 79 行.
NOTIC: [8] Undefined index: name /home/wwwroot/admin/Application/Runtime/Cache/Admin/4bc69b9be5975bbcfbc5a648a153ae0d.php 第 79 行.
NOTIC: [8] Undefined index: name /home/wwwroot/admin/Application/Runtime/Cache/Admin/4bc69b9be5975bbcfbc5a648a153ae0d.php 第 79 行.
NOTIC: [8] Undefined index: name /home/wwwroot/admin/Application/Runtime/Cache/Admin/4bc69b9be5975bbcfbc5a648a153ae0d.php 第 79 行.
NOTIC: [8] Undefined index: name /home/wwwroot/admin/Application/Runtime/Cache/Admin/4bc69b9be5975bbcfbc5a648a153ae0d.php 第 79 行.
NOTIC: [8] Undefined index: name /home/wwwroot/admin/Application/Runtime/Cache/Admin/4bc69b9be5975bbcfbc5a648a153ae0d.php 第 79 行.
NOTIC: [8] Undefined index: name /home/wwwroot/admin/Application/Runtime/Cache/Admin/4bc69b9be5975bbcfbc5a648a153ae0d.php 第 79 行.
NOTIC: [8] Undefined index: name /home/wwwroot/admin/Application/Runtime/Cache/Admin/4bc69b9be5975bbcfbc5a648a153ae0d.php 第 79 行.
NOTIC: [8] Undefined index: name /home/wwwroot/admin/Application/Runtime/Cache/Admin/4bc69b9be5975bbcfbc5a648a153ae0d.php 第 79 行.
NOTIC: [8] Undefined index: name /home/wwwroot/admin/Application/Runtime/Cache/Admin/4bc69b9be5975bbcfbc5a648a153ae0d.php 第 79 行.
NOTIC: [8] Undefined index: name /home/wwwroot/admin/Application/Runtime/Cache/Admin/4bc69b9be5975bbcfbc5a648a153ae0d.php 第 79 行.
NOTIC: [8] Undefined index: name /home/wwwroot/admin/Application/Runtime/Cache/Admin/4bc69b9be5975bbcfbc5a648a153ae0d.php 第 79 行.
NOTIC: [8] Undefined index: name /home/wwwroot/admin/Application/Runtime/Cache/Admin/4bc69b9be5975bbcfbc5a648a153ae0d.php 第 79 行.
NOTIC: [8] Undefined index: name /home/wwwroot/admin/Application/Runtime/Cache/Admin/4bc69b9be5975bbcfbc5a648a153ae0d.php 第 79 行.
NOTIC: [8] Undefined index: name /home/wwwroot/admin/Application/Runtime/Cache/Admin/4bc69b9be5975bbcfbc5a648a153ae0d.php 第 79 行.
NOTIC: [8] Undefined index: name /home/wwwroot/admin/Application/Runtime/Cache/Admin/4bc69b9be5975bbcfbc5a648a153ae0d.php 第 79 行.
NOTIC: [8] Undefined index: name /home/wwwroot/admin/Application/Runtime/Cache/Admin/4bc69b9be5975bbcfbc5a648a153ae0d.php 第 79 行.
NOTIC: [8] Undefined index: name /home/wwwroot/admin/Application/Runtime/Cache/Admin/4bc69b9be5975bbcfbc5a648a153ae0d.php 第 79 行.
NOTIC: [8] Undefined index: name /home/wwwroot/admin/Application/Runtime/Cache/Admin/4bc69b9be5975bbcfbc5a648a153ae0d.php 第 79 行.
NOTIC: [8] Undefined index: name /home/wwwroot/admin/Application/Runtime/Cache/Admin/4bc69b9be5975bbcfbc5a648a153ae0d.php 第 79 行.
NOTIC: [8] Undefined index: name /home/wwwroot/admin/Application/Runtime/Cache/Admin/4bc69b9be5975bbcfbc5a648a153ae0d.php 第 79 行.
NOTIC: [8] Undefined index: name /home/wwwroot/admin/Application/Runtime/Cache/Admin/4bc69b9be5975bbcfbc5a648a153ae0d.php 第 79 行.
NOTIC: [8] Undefined index: name /home/wwwroot/admin/Application/Runtime/Cache/Admin/4bc69b9be5975bbcfbc5a648a153ae0d.php 第 79 行.
NOTIC: [8] Undefined index: name /home/wwwroot/admin/Application/Runtime/Cache/Admin/4bc69b9be5975bbcfbc5a648a153ae0d.php 第 79 行.
INFO: Run Behavior\ParseTemplateBehavior [ RunTime:0.018587s ]
INFO: [ view_parse ] --END-- [ RunTime:0.018647s ]
INFO: [ view_filter ] --START--
INFO: Run Behavior\WriteHtmlCacheBehavior [ RunTime:0.000123s ]
INFO: [ view_filter ] --END-- [ RunTime:0.000170s ]
INFO: [ app_end ] --START--
INFO: Run Behavior\ShowPageTraceBehavior [ RunTime:0.000472s ]
INFO: [ app_end ] --END-- [ RunTime:0.000572s ]

[ 2015-12-23T20:47:34+08:00 ] 115.183.171.184 /admin/Admin/Login/login.html
INFO: [ app_init ] --START--
INFO: Run Behavior\BuildLiteBehavior [ RunTime:0.000016s ]
INFO: [ app_init ] --END-- [ RunTime:0.000327s ]
INFO: [ app_begin ] --START--
INFO: Run Behavior\ReadHtmlCacheBehavior [ RunTime:0.000349s ]
INFO: [ app_begin ] --END-- [ RunTime:0.000401s ]
SQL: SHOW COLUMNS FROM `admin_users` [ RunTime:0.0008s ]
SQL: SELECT `id`,`password`,`authority` FROM `admin_users` WHERE ( `username`='admin' ) LIMIT 1   [ RunTime:0.0003s ]
NOTIC: [8] Undefined index: username /home/wwwroot/admin/Application/Admin/Controller/LoginController.class.php 第 22 行.

[ 2015-12-23T20:47:34+08:00 ] 115.183.171.184 /admin/Admin/Index/index.html
INFO: [ app_init ] --START--
INFO: Run Behavior\BuildLiteBehavior [ RunTime:0.000015s ]
INFO: [ app_init ] --END-- [ RunTime:0.000308s ]
INFO: [ app_begin ] --START--
INFO: Run Behavior\ReadHtmlCacheBehavior [ RunTime:0.000356s ]
INFO: [ app_begin ] --END-- [ RunTime:0.000412s ]
INFO: [ view_parse ] --START--
INFO: [ template_filter ] --START--
INFO: Run Behavior\ContentReplaceBehavior [ RunTime:0.000070s ]
INFO: [ template_filter ] --END-- [ RunTime:0.000127s ]
INFO: Run Behavior\ParseTemplateBehavior [ RunTime:0.006648s ]
INFO: [ view_parse ] --END-- [ RunTime:0.006708s ]
INFO: [ view_filter ] --START--
INFO: Run Behavior\WriteHtmlCacheBehavior [ RunTime:0.000113s ]
INFO: [ view_filter ] --END-- [ RunTime:0.000160s ]
INFO: [ app_end ] --START--
INFO: Run Behavior\ShowPageTraceBehavior [ RunTime:0.000393s ]
INFO: [ app_end ] --END-- [ RunTime:0.000443s ]

[ 2015-12-23T20:48:28+08:00 ] 115.183.171.184 /admin/Admin/OmronVote/index.html
INFO: [ app_init ] --START--
INFO: Run Behavior\BuildLiteBehavior [ RunTime:0.000014s ]
INFO: [ app_init ] --END-- [ RunTime:0.000291s ]
INFO: [ app_begin ] --START--
INFO: Run Behavior\ReadHtmlCacheBehavior [ RunTime:0.000349s ]
INFO: [ app_begin ] --END-- [ RunTime:0.000406s ]
SQL: SHOW COLUMNS FROM `omronvote_vote` [ RunTime:0.0008s ]
SQL: SELECT COUNT(*) AS tp_count FROM `omronvote_vote` WHERE ( `fid`=1 ) LIMIT 1   [ RunTime:0.0002s ]
SQL: SELECT COUNT(*) AS tp_count FROM `omronvote_vote` WHERE ( `fid`=2 ) LIMIT 1   [ RunTime:0.0002s ]
SQL: SELECT COUNT(*) AS tp_count FROM `omronvote_vote` WHERE ( `fid`=3 ) LIMIT 1   [ RunTime:0.0002s ]
SQL: SELECT COUNT(*) AS tp_count FROM `omronvote_vote` WHERE ( `fid`=4 ) LIMIT 1   [ RunTime:0.0002s ]
SQL: SELECT COUNT(*) AS tp_count FROM `omronvote_vote` WHERE ( `fid`=5 ) LIMIT 1   [ RunTime:0.0002s ]
SQL: SELECT COUNT(*) AS tp_count FROM `omronvote_vote` WHERE ( `fid`=6 ) LIMIT 1   [ RunTime:0.0002s ]
SQL: SELECT COUNT(*) AS tp_count FROM `omronvote_vote` WHERE ( `fid`=7 ) LIMIT 1   [ RunTime:0.0002s ]
SQL: SELECT COUNT(*) AS tp_count FROM `omronvote_vote` WHERE ( `fid`=8 ) LIMIT 1   [ RunTime:0.0002s ]
SQL: SELECT COUNT(*) AS tp_count FROM `omronvote_vote` WHERE ( `fid`=9 ) LIMIT 1   [ RunTime:0.0002s ]
SQL: SELECT COUNT(*) AS tp_count FROM `omronvote_vote` WHERE ( `fid`=10 ) LIMIT 1   [ RunTime:0.0002s ]
SQL: SELECT COUNT(*) AS tp_count FROM `omronvote_vote` WHERE ( `fid`=11 ) LIMIT 1   [ RunTime:0.0002s ]
SQL: SELECT COUNT(*) AS tp_count FROM `omronvote_vote` WHERE ( `fid`=12 ) LIMIT 1   [ RunTime:0.0002s ]
SQL: SELECT COUNT(*) AS tp_count FROM `omronvote_vote` WHERE ( `fid`=13 ) LIMIT 1   [ RunTime:0.0002s ]
SQL: SELECT COUNT(*) AS tp_count FROM `omronvote_vote` WHERE ( `fid`=14 ) LIMIT 1   [ RunTime:0.0002s ]
SQL: SELECT COUNT(*) AS tp_count FROM `omronvote_vote` WHERE ( `fid`=15 ) LIMIT 1   [ RunTime:0.0002s ]
SQL: SELECT COUNT(*) AS tp_count FROM `omronvote_vote` WHERE ( `fid`=16 ) LIMIT 1   [ RunTime:0.0004s ]
SQL: SELECT COUNT(*) AS tp_count FROM `omronvote_vote` WHERE ( `fid`=17 ) LIMIT 1   [ RunTime:0.0003s ]
SQL: SELECT COUNT(*) AS tp_count FROM `omronvote_vote` WHERE ( `fid`=18 ) LIMIT 1   [ RunTime:0.0002s ]
SQL: SELECT COUNT(*) AS tp_count FROM `omronvote_vote` WHERE ( `fid`=19 ) LIMIT 1   [ RunTime:0.0002s ]
SQL: SELECT COUNT(*) AS tp_count FROM `omronvote_vote` WHERE ( `fid`=20 ) LIMIT 1   [ RunTime:0.0002s ]
SQL: SELECT COUNT(*) AS tp_count FROM `omronvote_vote` WHERE ( `fid`=21 ) LIMIT 1   [ RunTime:0.0002s ]
SQL: SELECT COUNT(*) AS tp_count FROM `omronvote_vote` WHERE ( `fid`=22 ) LIMIT 1   [ RunTime:0.0002s ]
SQL: SELECT COUNT(*) AS tp_count FROM `omronvote_vote` WHERE ( `fid`=23 ) LIMIT 1   [ RunTime:0.0002s ]
SQL: SELECT COUNT(*) AS tp_count FROM `omronvote_vote` WHERE ( `fid`=24 ) LIMIT 1   [ RunTime:0.0002s ]
SQL: SELECT COUNT(*) AS tp_count FROM `omronvote_vote` WHERE ( `fid`=25 ) LIMIT 1   [ RunTime:0.0002s ]
SQL: SELECT COUNT(*) AS tp_count FROM `omronvote_vote` WHERE ( `fid`=26 ) LIMIT 1   [ RunTime:0.0002s ]
SQL: SELECT COUNT(*) AS tp_count FROM `omronvote_vote` WHERE ( `fid`=27 ) LIMIT 1   [ RunTime:0.0002s ]
SQL: SELECT COUNT(*) AS tp_count FROM `omronvote_vote` WHERE ( `fid`=28 ) LIMIT 1   [ RunTime:0.0002s ]
SQL: SELECT COUNT(*) AS tp_count FROM `omronvote_vote` WHERE ( `fid`=29 ) LIMIT 1   [ RunTime:0.0002s ]
SQL: SELECT COUNT(*) AS tp_count FROM `omronvote_vote` WHERE ( `fid`=30 ) LIMIT 1   [ RunTime:0.0002s ]
SQL: SELECT COUNT(*) AS tp_count FROM `omronvote_vote` WHERE ( `fid`=31 ) LIMIT 1   [ RunTime:0.0002s ]
SQL: SELECT COUNT(*) AS tp_count FROM `omronvote_vote` WHERE ( `fid`=32 ) LIMIT 1   [ RunTime:0.0002s ]
SQL: SELECT COUNT(*) AS tp_count FROM `omronvote_vote` WHERE ( `fid`=33 ) LIMIT 1   [ RunTime:0.0002s ]
SQL: SELECT COUNT(*) AS tp_count FROM `omronvote_vote` WHERE ( `fid`=34 ) LIMIT 1   [ RunTime:0.0003s ]
SQL: SELECT COUNT(*) AS tp_count FROM `omronvote_vote` WHERE ( `fid`=35 ) LIMIT 1   [ RunTime:0.0002s ]
SQL: SELECT COUNT(*) AS tp_count FROM `omronvote_vote` WHERE ( `fid`=36 ) LIMIT 1   [ RunTime:0.0002s ]
SQL: SELECT COUNT(*) AS tp_count FROM `omronvote_vote` WHERE ( `fid`=37 ) LIMIT 1   [ RunTime:0.0002s ]
SQL: SELECT COUNT(*) AS tp_count FROM `omronvote_vote` WHERE ( `fid`=38 ) LIMIT 1   [ RunTime:0.0002s ]
SQL: SELECT COUNT(*) AS tp_count FROM `omronvote_vote` WHERE ( `fid`=39 ) LIMIT 1   [ RunTime:0.0002s ]
SQL: SELECT COUNT(*) AS tp_count FROM `omronvote_vote` WHERE ( `fid`=40 ) LIMIT 1   [ RunTime:0.0002s ]
SQL: SELECT COUNT(*) AS tp_count FROM `omronvote_vote` WHERE ( `fid`=41 ) LIMIT 1   [ RunTime:0.0002s ]
INFO: [ view_parse ] --START--
INFO: [ template_filter ] --START--
INFO: Run Behavior\ContentReplaceBehavior [ RunTime:0.000127s ]
INFO: [ template_filter ] --END-- [ RunTime:0.000193s ]
NOTIC: [8] Undefined index: name /home/wwwroot/admin/Application/Runtime/Cache/Admin/4bc69b9be5975bbcfbc5a648a153ae0d.php 第 79 行.
NOTIC: [8] Undefined index: name /home/wwwroot/admin/Application/Runtime/Cache/Admin/4bc69b9be5975bbcfbc5a648a153ae0d.php 第 79 行.
NOTIC: [8] Undefined index: name /home/wwwroot/admin/Application/Runtime/Cache/Admin/4bc69b9be5975bbcfbc5a648a153ae0d.php 第 79 行.
NOTIC: [8] Undefined index: name /home/wwwroot/admin/Application/Runtime/Cache/Admin/4bc69b9be5975bbcfbc5a648a153ae0d.php 第 79 行.
NOTIC: [8] Undefined index: name /home/wwwroot/admin/Application/Runtime/Cache/Admin/4bc69b9be5975bbcfbc5a648a153ae0d.php 第 79 行.
NOTIC: [8] Undefined index: name /home/wwwroot/admin/Application/Runtime/Cache/Admin/4bc69b9be5975bbcfbc5a648a153ae0d.php 第 79 行.
NOTIC: [8] Undefined index: name /home/wwwroot/admin/Application/Runtime/Cache/Admin/4bc69b9be5975bbcfbc5a648a153ae0d.php 第 79 行.
NOTIC: [8] Undefined index: name /home/wwwroot/admin/Application/Runtime/Cache/Admin/4bc69b9be5975bbcfbc5a648a153ae0d.php 第 79 行.
NOTIC: [8] Undefined index: name /home/wwwroot/admin/Application/Runtime/Cache/Admin/4bc69b9be5975bbcfbc5a648a153ae0d.php 第 79 行.
NOTIC: [8] Undefined index: name /home/wwwroot/admin/Application/Runtime/Cache/Admin/4bc69b9be5975bbcfbc5a648a153ae0d.php 第 79 行.
NOTIC: [8] Undefined index: name /home/wwwroot/admin/Application/Runtime/Cache/Admin/4bc69b9be5975bbcfbc5a648a153ae0d.php 第 79 行.
NOTIC: [8] Undefined index: name /home/wwwroot/admin/Application/Runtime/Cache/Admin/4bc69b9be5975bbcfbc5a648a153ae0d.php 第 79 行.
NOTIC: [8] Undefined index: name /home/wwwroot/admin/Application/Runtime/Cache/Admin/4bc69b9be5975bbcfbc5a648a153ae0d.php 第 79 行.
NOTIC: [8] Undefined index: name /home/wwwroot/admin/Application/Runtime/Cache/Admin/4bc69b9be5975bbcfbc5a648a153ae0d.php 第 79 行.
NOTIC: [8] Undefined index: name /home/wwwroot/admin/Application/Runtime/Cache/Admin/4bc69b9be5975bbcfbc5a648a153ae0d.php 第 79 行.
NOTIC: [8] Undefined index: name /home/wwwroot/admin/Application/Runtime/Cache/Admin/4bc69b9be5975bbcfbc5a648a153ae0d.php 第 79 行.
NOTIC: [8] Undefined index: name /home/wwwroot/admin/Application/Runtime/Cache/Admin/4bc69b9be5975bbcfbc5a648a153ae0d.php 第 79 行.
NOTIC: [8] Undefined index: name /home/wwwroot/admin/Application/Runtime/Cache/Admin/4bc69b9be5975bbcfbc5a648a153ae0d.php 第 79 行.
NOTIC: [8] Undefined index: name /home/wwwroot/admin/Application/Runtime/Cache/Admin/4bc69b9be5975bbcfbc5a648a153ae0d.php 第 79 行.
NOTIC: [8] Undefined index: name /home/wwwroot/admin/Application/Runtime/Cache/Admin/4bc69b9be5975bbcfbc5a648a153ae0d.php 第 79 行.
NOTIC: [8] Undefined index: name /home/wwwroot/admin/Application/Runtime/Cache/Admin/4bc69b9be5975bbcfbc5a648a153ae0d.php 第 79 行.
NOTIC: [8] Undefined index: name /home/wwwroot/admin/Application/Runtime/Cache/Admin/4bc69b9be5975bbcfbc5a648a153ae0d.php 第 79 行.
NOTIC: [8] Undefined index: name /home/wwwroot/admin/Application/Runtime/Cache/Admin/4bc69b9be5975bbcfbc5a648a153ae0d.php 第 79 行.
NOTIC: [8] Undefined index: name /home/wwwroot/admin/Application/Runtime/Cache/Admin/4bc69b9be5975bbcfbc5a648a153ae0d.php 第 79 行.
NOTIC: [8] Undefined index: name /home/wwwroot/admin/Application/Runtime/Cache/Admin/4bc69b9be5975bbcfbc5a648a153ae0d.php 第 79 行.
NOTIC: [8] Undefined index: name /home/wwwroot/admin/Application/Runtime/Cache/Admin/4bc69b9be5975bbcfbc5a648a153ae0d.php 第 79 行.
NOTIC: [8] Undefined index: name /home/wwwroot/admin/Application/Runtime/Cache/Admin/4bc69b9be5975bbcfbc5a648a153ae0d.php 第 79 行.
NOTIC: [8] Undefined index: name /home/wwwroot/admin/Application/Runtime/Cache/Admin/4bc69b9be5975bbcfbc5a648a153ae0d.php 第 79 行.
NOTIC: [8] Undefined index: name /home/wwwroot/admin/Application/Runtime/Cache/Admin/4bc69b9be5975bbcfbc5a648a153ae0d.php 第 79 行.
NOTIC: [8] Undefined index: name /home/wwwroot/admin/Application/Runtime/Cache/Admin/4bc69b9be5975bbcfbc5a648a153ae0d.php 第 79 行.
NOTIC: [8] Undefined index: name /home/wwwroot/admin/Application/Runtime/Cache/Admin/4bc69b9be5975bbcfbc5a648a153ae0d.php 第 79 行.
NOTIC: [8] Undefined index: name /home/wwwroot/admin/Application/Runtime/Cache/Admin/4bc69b9be5975bbcfbc5a648a153ae0d.php 第 79 行.
NOTIC: [8] Undefined index: name /home/wwwroot/admin/Application/Runtime/Cache/Admin/4bc69b9be5975bbcfbc5a648a153ae0d.php 第 79 行.
NOTIC: [8] Undefined index: name /home/wwwroot/admin/Application/Runtime/Cache/Admin/4bc69b9be5975bbcfbc5a648a153ae0d.php 第 79 行.
NOTIC: [8] Undefined index: name /home/wwwroot/admin/Application/Runtime/Cache/Admin/4bc69b9be5975bbcfbc5a648a153ae0d.php 第 79 行.
NOTIC: [8] Undefined index: name /home/wwwroot/admin/Application/Runtime/Cache/Admin/4bc69b9be5975bbcfbc5a648a153ae0d.php 第 79 行.
NOTIC: [8] Undefined index: name /home/wwwroot/admin/Application/Runtime/Cache/Admin/4bc69b9be5975bbcfbc5a648a153ae0d.php 第 79 行.
NOTIC: [8] Undefined index: name /home/wwwroot/admin/Application/Runtime/Cache/Admin/4bc69b9be5975bbcfbc5a648a153ae0d.php 第 79 行.
NOTIC: [8] Undefined index: name /home/wwwroot/admin/Application/Runtime/Cache/Admin/4bc69b9be5975bbcfbc5a648a153ae0d.php 第 79 行.
NOTIC: [8] Undefined index: name /home/wwwroot/admin/Application/Runtime/Cache/Admin/4bc69b9be5975bbcfbc5a648a153ae0d.php 第 79 行.
NOTIC: [8] Undefined index: name /home/wwwroot/admin/Application/Runtime/Cache/Admin/4bc69b9be5975bbcfbc5a648a153ae0d.php 第 79 行.
INFO: Run Behavior\ParseTemplateBehavior [ RunTime:0.018412s ]
INFO: [ view_parse ] --END-- [ RunTime:0.018472s ]
INFO: [ view_filter ] --START--
INFO: Run Behavior\WriteHtmlCacheBehavior [ RunTime:0.000147s ]
INFO: [ view_filter ] --END-- [ RunTime:0.000196s ]
INFO: [ app_end ] --START--
INFO: Run Behavior\ShowPageTraceBehavior [ RunTime:0.000541s ]
INFO: [ app_end ] --END-- [ RunTime:0.000668s ]

