[ 2016-01-09T13:26:15+08:00 ] 1.12.11.95 /admin/index.php/Admin/OmronVote/index.html
INFO: [ app_init ] --START--
INFO: Run Behavior\BuildLiteBehavior [ RunTime:0.000015s ]
INFO: [ app_init ] --END-- [ RunTime:0.000273s ]
INFO: [ app_begin ] --START--
INFO: Run Behavior\ReadHtmlCacheBehavior [ RunTime:0.000330s ]
INFO: [ app_begin ] --END-- [ RunTime:0.000386s ]
NOTIC: [8] Undefined index: user_name /home/wwwroot/admin/Application/Admin/Controller/CommonController.class.php 第 17 行.
NOTIC: [8] Undefined index: authority /home/wwwroot/admin/Application/Admin/Controller/CommonController.class.php 第 17 行.

[ 2016-01-09T13:26:16+08:00 ] 1.12.11.95 /admin/Admin/Login/index.html
INFO: [ app_init ] --START--
INFO: Run Behavior\BuildLiteBehavior [ RunTime:0.000016s ]
INFO: [ app_init ] --END-- [ RunTime:0.000275s ]
INFO: [ app_begin ] --START--
INFO: Run Behavior\ReadHtmlCacheBehavior [ RunTime:0.000335s ]
INFO: [ app_begin ] --END-- [ RunTime:0.000392s ]
INFO: [ view_parse ] --START--
INFO: [ template_filter ] --START--
INFO: Run Behavior\ContentReplaceBehavior [ RunTime:0.000050s ]
INFO: [ template_filter ] --END-- [ RunTime:0.000107s ]
INFO: Run Behavior\ParseTemplateBehavior [ RunTime:0.005044s ]
INFO: [ view_parse ] --END-- [ RunTime:0.005104s ]
INFO: [ view_filter ] --START--
INFO: Run Behavior\WriteHtmlCacheBehavior [ RunTime:0.000114s ]
INFO: [ view_filter ] --END-- [ RunTime:0.000159s ]
INFO: [ app_end ] --START--
INFO: Run Behavior\ShowPageTraceBehavior [ RunTime:0.000341s ]
INFO: [ app_end ] --END-- [ RunTime:0.000390s ]

[ 2016-01-09T13:26:26+08:00 ] 1.12.11.95 /admin/Admin/Login/login.html
INFO: [ app_init ] --START--
INFO: Run Behavior\BuildLiteBehavior [ RunTime:0.000021s ]
INFO: [ app_init ] --END-- [ RunTime:0.000280s ]
INFO: [ app_begin ] --START--
INFO: Run Behavior\ReadHtmlCacheBehavior [ RunTime:0.000326s ]
INFO: [ app_begin ] --END-- [ RunTime:0.000402s ]
SQL: SHOW COLUMNS FROM `admin_users` [ RunTime:0.0009s ]
SQL: SELECT `id`,`password`,`authority` FROM `admin_users` WHERE ( `username`='admin' ) LIMIT 1   [ RunTime:0.0003s ]
NOTIC: [8] Undefined index: username /home/wwwroot/admin/Application/Admin/Controller/LoginController.class.php 第 22 行.

[ 2016-01-09T13:26:26+08:00 ] 1.12.11.95 /admin/Admin/Index/index.html
INFO: [ app_init ] --START--
INFO: Run Behavior\BuildLiteBehavior [ RunTime:0.000020s ]
INFO: [ app_init ] --END-- [ RunTime:0.000325s ]
INFO: [ app_begin ] --START--
INFO: Run Behavior\ReadHtmlCacheBehavior [ RunTime:0.000334s ]
INFO: [ app_begin ] --END-- [ RunTime:0.000424s ]
INFO: [ view_parse ] --START--
INFO: [ template_filter ] --START--
INFO: Run Behavior\ContentReplaceBehavior [ RunTime:0.000069s ]
INFO: [ template_filter ] --END-- [ RunTime:0.000124s ]
INFO: Run Behavior\ParseTemplateBehavior [ RunTime:0.006715s ]
INFO: [ view_parse ] --END-- [ RunTime:0.006768s ]
INFO: [ view_filter ] --START--
INFO: Run Behavior\WriteHtmlCacheBehavior [ RunTime:0.000114s ]
INFO: [ view_filter ] --END-- [ RunTime:0.000160s ]
INFO: [ app_end ] --START--
INFO: Run Behavior\ShowPageTraceBehavior [ RunTime:0.000363s ]
INFO: [ app_end ] --END-- [ RunTime:0.000422s ]

[ 2016-01-09T13:26:28+08:00 ] 1.12.11.95 /admin/Admin/OmronVote/index.html
INFO: [ app_init ] --START--
INFO: Run Behavior\BuildLiteBehavior [ RunTime:0.000014s ]
INFO: [ app_init ] --END-- [ RunTime:0.000267s ]
INFO: [ app_begin ] --START--
INFO: Run Behavior\ReadHtmlCacheBehavior [ RunTime:0.000328s ]
INFO: [ app_begin ] --END-- [ RunTime:0.000383s ]
SQL: SHOW COLUMNS FROM `omronvote_vote` [ RunTime:0.0008s ]
SQL: SELECT COUNT(*) AS tp_count FROM `omronvote_vote` WHERE ( `fid`=1 ) LIMIT 1   [ RunTime:0.0003s ]
SQL: SELECT COUNT(*) AS tp_count FROM `omronvote_vote` WHERE ( `fid`=2 ) LIMIT 1   [ RunTime:0.0002s ]
SQL: SELECT COUNT(*) AS tp_count FROM `omronvote_vote` WHERE ( `fid`=3 ) LIMIT 1   [ RunTime:0.0002s ]
SQL: SELECT COUNT(*) AS tp_count FROM `omronvote_vote` WHERE ( `fid`=4 ) LIMIT 1   [ RunTime:0.0002s ]
SQL: SELECT COUNT(*) AS tp_count FROM `omronvote_vote` WHERE ( `fid`=5 ) LIMIT 1   [ RunTime:0.0003s ]
SQL: SELECT COUNT(*) AS tp_count FROM `omronvote_vote` WHERE ( `fid`=6 ) LIMIT 1   [ RunTime:0.0003s ]
SQL: SELECT COUNT(*) AS tp_count FROM `omronvote_vote` WHERE ( `fid`=7 ) LIMIT 1   [ RunTime:0.0002s ]
SQL: SELECT COUNT(*) AS tp_count FROM `omronvote_vote` WHERE ( `fid`=8 ) LIMIT 1   [ RunTime:0.0002s ]
SQL: SELECT COUNT(*) AS tp_count FROM `omronvote_vote` WHERE ( `fid`=9 ) LIMIT 1   [ RunTime:0.0003s ]
SQL: SELECT COUNT(*) AS tp_count FROM `omronvote_vote` WHERE ( `fid`=10 ) LIMIT 1   [ RunTime:0.0002s ]
SQL: SELECT COUNT(*) AS tp_count FROM `omronvote_vote` WHERE ( `fid`=11 ) LIMIT 1   [ RunTime:0.0002s ]
SQL: SELECT COUNT(*) AS tp_count FROM `omronvote_vote` WHERE ( `fid`=12 ) LIMIT 1   [ RunTime:0.0003s ]
SQL: SELECT COUNT(*) AS tp_count FROM `omronvote_vote` WHERE ( `fid`=13 ) LIMIT 1   [ RunTime:0.0002s ]
SQL: SELECT COUNT(*) AS tp_count FROM `omronvote_vote` WHERE ( `fid`=14 ) LIMIT 1   [ RunTime:0.0003s ]
SQL: SELECT COUNT(*) AS tp_count FROM `omronvote_vote` WHERE ( `fid`=15 ) LIMIT 1   [ RunTime:0.0002s ]
SQL: SELECT COUNT(*) AS tp_count FROM `omronvote_vote` WHERE ( `fid`=16 ) LIMIT 1   [ RunTime:0.0002s ]
SQL: SELECT COUNT(*) AS tp_count FROM `omronvote_vote` WHERE ( `fid`=17 ) LIMIT 1   [ RunTime:0.0002s ]
SQL: SELECT COUNT(*) AS tp_count FROM `omronvote_vote` WHERE ( `fid`=18 ) LIMIT 1   [ RunTime:0.0003s ]
SQL: SELECT COUNT(*) AS tp_count FROM `omronvote_vote` WHERE ( `fid`=19 ) LIMIT 1   [ RunTime:0.0002s ]
SQL: SELECT COUNT(*) AS tp_count FROM `omronvote_vote` WHERE ( `fid`=20 ) LIMIT 1   [ RunTime:0.0002s ]
SQL: SELECT COUNT(*) AS tp_count FROM `omronvote_vote` WHERE ( `fid`=21 ) LIMIT 1   [ RunTime:0.0002s ]
SQL: SELECT COUNT(*) AS tp_count FROM `omronvote_vote` WHERE ( `fid`=22 ) LIMIT 1   [ RunTime:0.0002s ]
SQL: SELECT COUNT(*) AS tp_count FROM `omronvote_vote` WHERE ( `fid`=23 ) LIMIT 1   [ RunTime:0.0002s ]
SQL: SELECT COUNT(*) AS tp_count FROM `omronvote_vote` WHERE ( `fid`=24 ) LIMIT 1   [ RunTime:0.0002s ]
SQL: SELECT COUNT(*) AS tp_count FROM `omronvote_vote` WHERE ( `fid`=25 ) LIMIT 1   [ RunTime:0.0002s ]
SQL: SELECT COUNT(*) AS tp_count FROM `omronvote_vote` WHERE ( `fid`=26 ) LIMIT 1   [ RunTime:0.0002s ]
SQL: SELECT COUNT(*) AS tp_count FROM `omronvote_vote` WHERE ( `fid`=27 ) LIMIT 1   [ RunTime:0.0002s ]
SQL: SELECT COUNT(*) AS tp_count FROM `omronvote_vote` WHERE ( `fid`=28 ) LIMIT 1   [ RunTime:0.0002s ]
SQL: SELECT COUNT(*) AS tp_count FROM `omronvote_vote` WHERE ( `fid`=29 ) LIMIT 1   [ RunTime:0.0002s ]
SQL: SELECT COUNT(*) AS tp_count FROM `omronvote_vote` WHERE ( `fid`=30 ) LIMIT 1   [ RunTime:0.0002s ]
SQL: SELECT COUNT(*) AS tp_count FROM `omronvote_vote` WHERE ( `fid`=31 ) LIMIT 1   [ RunTime:0.0002s ]
SQL: SELECT COUNT(*) AS tp_count FROM `omronvote_vote` WHERE ( `fid`=32 ) LIMIT 1   [ RunTime:0.0002s ]
SQL: SELECT COUNT(*) AS tp_count FROM `omronvote_vote` WHERE ( `fid`=33 ) LIMIT 1   [ RunTime:0.0002s ]
SQL: SELECT COUNT(*) AS tp_count FROM `omronvote_vote` WHERE ( `fid`=34 ) LIMIT 1   [ RunTime:0.0002s ]
SQL: SELECT COUNT(*) AS tp_count FROM `omronvote_vote` WHERE ( `fid`=35 ) LIMIT 1   [ RunTime:0.0002s ]
SQL: SELECT COUNT(*) AS tp_count FROM `omronvote_vote` WHERE ( `fid`=36 ) LIMIT 1   [ RunTime:0.0002s ]
SQL: SELECT COUNT(*) AS tp_count FROM `omronvote_vote` WHERE ( `fid`=37 ) LIMIT 1   [ RunTime:0.0002s ]
SQL: SELECT COUNT(*) AS tp_count FROM `omronvote_vote` WHERE ( `fid`=38 ) LIMIT 1   [ RunTime:0.0002s ]
SQL: SELECT COUNT(*) AS tp_count FROM `omronvote_vote` WHERE ( `fid`=39 ) LIMIT 1   [ RunTime:0.0002s ]
SQL: SELECT COUNT(*) AS tp_count FROM `omronvote_vote` WHERE ( `fid`=40 ) LIMIT 1   [ RunTime:0.0002s ]
SQL: SELECT COUNT(*) AS tp_count FROM `omronvote_vote` WHERE ( `fid`=41 ) LIMIT 1   [ RunTime:0.0002s ]
INFO: [ view_parse ] --START--
INFO: [ template_filter ] --START--
INFO: Run Behavior\ContentReplaceBehavior [ RunTime:0.000123s ]
INFO: [ template_filter ] --END-- [ RunTime:0.000186s ]
NOTIC: [8] Undefined index: name /home/wwwroot/admin/Application/Runtime/Cache/Admin/4bc69b9be5975bbcfbc5a648a153ae0d.php 第 79 行.
NOTIC: [8] Undefined index: name /home/wwwroot/admin/Application/Runtime/Cache/Admin/4bc69b9be5975bbcfbc5a648a153ae0d.php 第 79 行.
NOTIC: [8] Undefined index: name /home/wwwroot/admin/Application/Runtime/Cache/Admin/4bc69b9be5975bbcfbc5a648a153ae0d.php 第 79 行.
NOTIC: [8] Undefined index: name /home/wwwroot/admin/Application/Runtime/Cache/Admin/4bc69b9be5975bbcfbc5a648a153ae0d.php 第 79 行.
NOTIC: [8] Undefined index: name /home/wwwroot/admin/Application/Runtime/Cache/Admin/4bc69b9be5975bbcfbc5a648a153ae0d.php 第 79 行.
NOTIC: [8] Undefined index: name /home/wwwroot/admin/Application/Runtime/Cache/Admin/4bc69b9be5975bbcfbc5a648a153ae0d.php 第 79 行.
NOTIC: [8] Undefined index: name /home/wwwroot/admin/Application/Runtime/Cache/Admin/4bc69b9be5975bbcfbc5a648a153ae0d.php 第 79 行.
NOTIC: [8] Undefined index: name /home/wwwroot/admin/Application/Runtime/Cache/Admin/4bc69b9be5975bbcfbc5a648a153ae0d.php 第 79 行.
NOTIC: [8] Undefined index: name /home/wwwroot/admin/Application/Runtime/Cache/Admin/4bc69b9be5975bbcfbc5a648a153ae0d.php 第 79 行.
NOTIC: [8] Undefined index: name /home/wwwroot/admin/Application/Runtime/Cache/Admin/4bc69b9be5975bbcfbc5a648a153ae0d.php 第 79 行.
NOTIC: [8] Undefined index: name /home/wwwroot/admin/Application/Runtime/Cache/Admin/4bc69b9be5975bbcfbc5a648a153ae0d.php 第 79 行.
NOTIC: [8] Undefined index: name /home/wwwroot/admin/Application/Runtime/Cache/Admin/4bc69b9be5975bbcfbc5a648a153ae0d.php 第 79 行.
NOTIC: [8] Undefined index: name /home/wwwroot/admin/Application/Runtime/Cache/Admin/4bc69b9be5975bbcfbc5a648a153ae0d.php 第 79 行.
NOTIC: [8] Undefined index: name /home/wwwroot/admin/Application/Runtime/Cache/Admin/4bc69b9be5975bbcfbc5a648a153ae0d.php 第 79 行.
NOTIC: [8] Undefined index: name /home/wwwroot/admin/Application/Runtime/Cache/Admin/4bc69b9be5975bbcfbc5a648a153ae0d.php 第 79 行.
NOTIC: [8] Undefined index: name /home/wwwroot/admin/Application/Runtime/Cache/Admin/4bc69b9be5975bbcfbc5a648a153ae0d.php 第 79 行.
NOTIC: [8] Undefined index: name /home/wwwroot/admin/Application/Runtime/Cache/Admin/4bc69b9be5975bbcfbc5a648a153ae0d.php 第 79 行.
NOTIC: [8] Undefined index: name /home/wwwroot/admin/Application/Runtime/Cache/Admin/4bc69b9be5975bbcfbc5a648a153ae0d.php 第 79 行.
NOTIC: [8] Undefined index: name /home/wwwroot/admin/Application/Runtime/Cache/Admin/4bc69b9be5975bbcfbc5a648a153ae0d.php 第 79 行.
NOTIC: [8] Undefined index: name /home/wwwroot/admin/Application/Runtime/Cache/Admin/4bc69b9be5975bbcfbc5a648a153ae0d.php 第 79 行.
NOTIC: [8] Undefined index: name /home/wwwroot/admin/Application/Runtime/Cache/Admin/4bc69b9be5975bbcfbc5a648a153ae0d.php 第 79 行.
NOTIC: [8] Undefined index: name /home/wwwroot/admin/Application/Runtime/Cache/Admin/4bc69b9be5975bbcfbc5a648a153ae0d.php 第 79 行.
NOTIC: [8] Undefined index: name /home/wwwroot/admin/Application/Runtime/Cache/Admin/4bc69b9be5975bbcfbc5a648a153ae0d.php 第 79 行.
NOTIC: [8] Undefined index: name /home/wwwroot/admin/Application/Runtime/Cache/Admin/4bc69b9be5975bbcfbc5a648a153ae0d.php 第 79 行.
NOTIC: [8] Undefined index: name /home/wwwroot/admin/Application/Runtime/Cache/Admin/4bc69b9be5975bbcfbc5a648a153ae0d.php 第 79 行.
NOTIC: [8] Undefined index: name /home/wwwroot/admin/Application/Runtime/Cache/Admin/4bc69b9be5975bbcfbc5a648a153ae0d.php 第 79 行.
NOTIC: [8] Undefined index: name /home/wwwroot/admin/Application/Runtime/Cache/Admin/4bc69b9be5975bbcfbc5a648a153ae0d.php 第 79 行.
NOTIC: [8] Undefined index: name /home/wwwroot/admin/Application/Runtime/Cache/Admin/4bc69b9be5975bbcfbc5a648a153ae0d.php 第 79 行.
NOTIC: [8] Undefined index: name /home/wwwroot/admin/Application/Runtime/Cache/Admin/4bc69b9be5975bbcfbc5a648a153ae0d.php 第 79 行.
NOTIC: [8] Undefined index: name /home/wwwroot/admin/Application/Runtime/Cache/Admin/4bc69b9be5975bbcfbc5a648a153ae0d.php 第 79 行.
NOTIC: [8] Undefined index: name /home/wwwroot/admin/Application/Runtime/Cache/Admin/4bc69b9be5975bbcfbc5a648a153ae0d.php 第 79 行.
NOTIC: [8] Undefined index: name /home/wwwroot/admin/Application/Runtime/Cache/Admin/4bc69b9be5975bbcfbc5a648a153ae0d.php 第 79 行.
NOTIC: [8] Undefined index: name /home/wwwroot/admin/Application/Runtime/Cache/Admin/4bc69b9be5975bbcfbc5a648a153ae0d.php 第 79 行.
NOTIC: [8] Undefined index: name /home/wwwroot/admin/Application/Runtime/Cache/Admin/4bc69b9be5975bbcfbc5a648a153ae0d.php 第 79 行.
NOTIC: [8] Undefined index: name /home/wwwroot/admin/Application/Runtime/Cache/Admin/4bc69b9be5975bbcfbc5a648a153ae0d.php 第 79 行.
NOTIC: [8] Undefined index: name /home/wwwroot/admin/Application/Runtime/Cache/Admin/4bc69b9be5975bbcfbc5a648a153ae0d.php 第 79 行.
NOTIC: [8] Undefined index: name /home/wwwroot/admin/Application/Runtime/Cache/Admin/4bc69b9be5975bbcfbc5a648a153ae0d.php 第 79 行.
NOTIC: [8] Undefined index: name /home/wwwroot/admin/Application/Runtime/Cache/Admin/4bc69b9be5975bbcfbc5a648a153ae0d.php 第 79 行.
NOTIC: [8] Undefined index: name /home/wwwroot/admin/Application/Runtime/Cache/Admin/4bc69b9be5975bbcfbc5a648a153ae0d.php 第 79 行.
NOTIC: [8] Undefined index: name /home/wwwroot/admin/Application/Runtime/Cache/Admin/4bc69b9be5975bbcfbc5a648a153ae0d.php 第 79 行.
NOTIC: [8] Undefined index: name /home/wwwroot/admin/Application/Runtime/Cache/Admin/4bc69b9be5975bbcfbc5a648a153ae0d.php 第 79 行.
INFO: Run Behavior\ParseTemplateBehavior [ RunTime:0.019231s ]
INFO: [ view_parse ] --END-- [ RunTime:0.019285s ]
INFO: [ view_filter ] --START--
INFO: Run Behavior\WriteHtmlCacheBehavior [ RunTime:0.000122s ]
INFO: [ view_filter ] --END-- [ RunTime:0.000169s ]
INFO: [ app_end ] --START--
INFO: Run Behavior\ShowPageTraceBehavior [ RunTime:0.000490s ]
INFO: [ app_end ] --END-- [ RunTime:0.000585s ]

