[ 2016-01-08T10:54:32+08:00 ] 1.12.11.95 /admin/index.php/Admin/OmronVote/index.html
INFO: [ app_init ] --START--
INFO: Run Behavior\BuildLiteBehavior [ RunTime:0.000014s ]
INFO: [ app_init ] --END-- [ RunTime:0.000273s ]
INFO: [ app_begin ] --START--
INFO: Run Behavior\ReadHtmlCacheBehavior [ RunTime:0.000353s ]
INFO: [ app_begin ] --END-- [ RunTime:0.000408s ]
NOTIC: [8] Undefined index: user_name /home/wwwroot/admin/Application/Admin/Controller/CommonController.class.php 第 17 行.
NOTIC: [8] Undefined index: authority /home/wwwroot/admin/Application/Admin/Controller/CommonController.class.php 第 17 行.

[ 2016-01-08T10:54:32+08:00 ] 1.12.11.95 /admin/Admin/Login/index.html
INFO: [ app_init ] --START--
INFO: Run Behavior\BuildLiteBehavior [ RunTime:0.000015s ]
INFO: [ app_init ] --END-- [ RunTime:0.000287s ]
INFO: [ app_begin ] --START--
INFO: Run Behavior\ReadHtmlCacheBehavior [ RunTime:0.000365s ]
INFO: [ app_begin ] --END-- [ RunTime:0.000436s ]
INFO: [ view_parse ] --START--
INFO: [ template_filter ] --START--
INFO: Run Behavior\ContentReplaceBehavior [ RunTime:0.000047s ]
INFO: [ template_filter ] --END-- [ RunTime:0.000103s ]
INFO: Run Behavior\ParseTemplateBehavior [ RunTime:0.005086s ]
INFO: [ view_parse ] --END-- [ RunTime:0.005140s ]
INFO: [ view_filter ] --START--
INFO: Run Behavior\WriteHtmlCacheBehavior [ RunTime:0.000113s ]
INFO: [ view_filter ] --END-- [ RunTime:0.000168s ]
INFO: [ app_end ] --START--
INFO: Run Behavior\ShowPageTraceBehavior [ RunTime:0.000388s ]
INFO: [ app_end ] --END-- [ RunTime:0.000450s ]

[ 2016-01-08T10:54:43+08:00 ] 1.12.11.95 /admin/Admin/Login/login.html
INFO: [ app_init ] --START--
INFO: Run Behavior\BuildLiteBehavior [ RunTime:0.000015s ]
INFO: [ app_init ] --END-- [ RunTime:0.000268s ]
INFO: [ app_begin ] --START--
INFO: Run Behavior\ReadHtmlCacheBehavior [ RunTime:0.000344s ]
INFO: [ app_begin ] --END-- [ RunTime:0.000403s ]
SQL: SHOW COLUMNS FROM `admin_users` [ RunTime:0.0008s ]
SQL: SELECT `id`,`password`,`authority` FROM `admin_users` WHERE ( `username`='admin' ) LIMIT 1   [ RunTime:0.0003s ]
NOTIC: [8] Undefined index: username /home/wwwroot/admin/Application/Admin/Controller/LoginController.class.php 第 22 行.

[ 2016-01-08T10:54:43+08:00 ] 1.12.11.95 /admin/Admin/Index/index.html
INFO: [ app_init ] --START--
INFO: Run Behavior\BuildLiteBehavior [ RunTime:0.000015s ]
INFO: [ app_init ] --END-- [ RunTime:0.000267s ]
INFO: [ app_begin ] --START--
INFO: Run Behavior\ReadHtmlCacheBehavior [ RunTime:0.000350s ]
INFO: [ app_begin ] --END-- [ RunTime:0.000412s ]
INFO: [ view_parse ] --START--
INFO: [ template_filter ] --START--
INFO: Run Behavior\ContentReplaceBehavior [ RunTime:0.000104s ]
INFO: [ template_filter ] --END-- [ RunTime:0.000198s ]
INFO: Run Behavior\ParseTemplateBehavior [ RunTime:0.006559s ]
INFO: [ view_parse ] --END-- [ RunTime:0.006628s ]
INFO: [ view_filter ] --START--
INFO: Run Behavior\WriteHtmlCacheBehavior [ RunTime:0.000158s ]
INFO: [ view_filter ] --END-- [ RunTime:0.000230s ]
INFO: [ app_end ] --START--
INFO: Run Behavior\ShowPageTraceBehavior [ RunTime:0.000584s ]
INFO: [ app_end ] --END-- [ RunTime:0.000664s ]

[ 2016-01-08T10:54:45+08:00 ] 1.12.11.95 /admin/Admin/OmronVote/index.html
INFO: [ app_init ] --START--
INFO: Run Behavior\BuildLiteBehavior [ RunTime:0.000014s ]
INFO: [ app_init ] --END-- [ RunTime:0.000267s ]
INFO: [ app_begin ] --START--
INFO: Run Behavior\ReadHtmlCacheBehavior [ RunTime:0.000335s ]
INFO: [ app_begin ] --END-- [ RunTime:0.000390s ]
SQL: SHOW COLUMNS FROM `omronvote_vote` [ RunTime:0.0009s ]
SQL: SELECT COUNT(*) AS tp_count FROM `omronvote_vote` WHERE ( `fid`=1 ) LIMIT 1   [ RunTime:0.0002s ]
SQL: SELECT COUNT(*) AS tp_count FROM `omronvote_vote` WHERE ( `fid`=2 ) LIMIT 1   [ RunTime:0.0002s ]
SQL: SELECT COUNT(*) AS tp_count FROM `omronvote_vote` WHERE ( `fid`=3 ) LIMIT 1   [ RunTime:0.0002s ]
SQL: SELECT COUNT(*) AS tp_count FROM `omronvote_vote` WHERE ( `fid`=4 ) LIMIT 1   [ RunTime:0.0002s ]
SQL: SELECT COUNT(*) AS tp_count FROM `omronvote_vote` WHERE ( `fid`=5 ) LIMIT 1   [ RunTime:0.0002s ]
SQL: SELECT COUNT(*) AS tp_count FROM `omronvote_vote` WHERE ( `fid`=6 ) LIMIT 1   [ RunTime:0.0002s ]
SQL: SELECT COUNT(*) AS tp_count FROM `omronvote_vote` WHERE ( `fid`=7 ) LIMIT 1   [ RunTime:0.0002s ]
SQL: SELECT COUNT(*) AS tp_count FROM `omronvote_vote` WHERE ( `fid`=8 ) LIMIT 1   [ RunTime:0.0002s ]
SQL: SELECT COUNT(*) AS tp_count FROM `omronvote_vote` WHERE ( `fid`=9 ) LIMIT 1   [ RunTime:0.0002s ]
SQL: SELECT COUNT(*) AS tp_count FROM `omronvote_vote` WHERE ( `fid`=10 ) LIMIT 1   [ RunTime:0.0002s ]
SQL: SELECT COUNT(*) AS tp_count FROM `omronvote_vote` WHERE ( `fid`=11 ) LIMIT 1   [ RunTime:0.0002s ]
SQL: SELECT COUNT(*) AS tp_count FROM `omronvote_vote` WHERE ( `fid`=12 ) LIMIT 1   [ RunTime:0.0002s ]
SQL: SELECT COUNT(*) AS tp_count FROM `omronvote_vote` WHERE ( `fid`=13 ) LIMIT 1   [ RunTime:0.0002s ]
SQL: SELECT COUNT(*) AS tp_count FROM `omronvote_vote` WHERE ( `fid`=14 ) LIMIT 1   [ RunTime:0.0002s ]
SQL: SELECT COUNT(*) AS tp_count FROM `omronvote_vote` WHERE ( `fid`=15 ) LIMIT 1   [ RunTime:0.0002s ]
SQL: SELECT COUNT(*) AS tp_count FROM `omronvote_vote` WHERE ( `fid`=16 ) LIMIT 1   [ RunTime:0.0002s ]
SQL: SELECT COUNT(*) AS tp_count FROM `omronvote_vote` WHERE ( `fid`=17 ) LIMIT 1   [ RunTime:0.0002s ]
SQL: SELECT COUNT(*) AS tp_count FROM `omronvote_vote` WHERE ( `fid`=18 ) LIMIT 1   [ RunTime:0.0002s ]
SQL: SELECT COUNT(*) AS tp_count FROM `omronvote_vote` WHERE ( `fid`=19 ) LIMIT 1   [ RunTime:0.0002s ]
SQL: SELECT COUNT(*) AS tp_count FROM `omronvote_vote` WHERE ( `fid`=20 ) LIMIT 1   [ RunTime:0.0002s ]
SQL: SELECT COUNT(*) AS tp_count FROM `omronvote_vote` WHERE ( `fid`=21 ) LIMIT 1   [ RunTime:0.0002s ]
SQL: SELECT COUNT(*) AS tp_count FROM `omronvote_vote` WHERE ( `fid`=22 ) LIMIT 1   [ RunTime:0.0002s ]
SQL: SELECT COUNT(*) AS tp_count FROM `omronvote_vote` WHERE ( `fid`=23 ) LIMIT 1   [ RunTime:0.0002s ]
SQL: SELECT COUNT(*) AS tp_count FROM `omronvote_vote` WHERE ( `fid`=24 ) LIMIT 1   [ RunTime:0.0002s ]
SQL: SELECT COUNT(*) AS tp_count FROM `omronvote_vote` WHERE ( `fid`=25 ) LIMIT 1   [ RunTime:0.0002s ]
SQL: SELECT COUNT(*) AS tp_count FROM `omronvote_vote` WHERE ( `fid`=26 ) LIMIT 1   [ RunTime:0.0002s ]
SQL: SELECT COUNT(*) AS tp_count FROM `omronvote_vote` WHERE ( `fid`=27 ) LIMIT 1   [ RunTime:0.0002s ]
SQL: SELECT COUNT(*) AS tp_count FROM `omronvote_vote` WHERE ( `fid`=28 ) LIMIT 1   [ RunTime:0.0002s ]
SQL: SELECT COUNT(*) AS tp_count FROM `omronvote_vote` WHERE ( `fid`=29 ) LIMIT 1   [ RunTime:0.0002s ]
SQL: SELECT COUNT(*) AS tp_count FROM `omronvote_vote` WHERE ( `fid`=30 ) LIMIT 1   [ RunTime:0.0002s ]
SQL: SELECT COUNT(*) AS tp_count FROM `omronvote_vote` WHERE ( `fid`=31 ) LIMIT 1   [ RunTime:0.0002s ]
SQL: SELECT COUNT(*) AS tp_count FROM `omronvote_vote` WHERE ( `fid`=32 ) LIMIT 1   [ RunTime:0.0002s ]
SQL: SELECT COUNT(*) AS tp_count FROM `omronvote_vote` WHERE ( `fid`=33 ) LIMIT 1   [ RunTime:0.0002s ]
SQL: SELECT COUNT(*) AS tp_count FROM `omronvote_vote` WHERE ( `fid`=34 ) LIMIT 1   [ RunTime:0.0002s ]
SQL: SELECT COUNT(*) AS tp_count FROM `omronvote_vote` WHERE ( `fid`=35 ) LIMIT 1   [ RunTime:0.0002s ]
SQL: SELECT COUNT(*) AS tp_count FROM `omronvote_vote` WHERE ( `fid`=36 ) LIMIT 1   [ RunTime:0.0002s ]
SQL: SELECT COUNT(*) AS tp_count FROM `omronvote_vote` WHERE ( `fid`=37 ) LIMIT 1   [ RunTime:0.0002s ]
SQL: SELECT COUNT(*) AS tp_count FROM `omronvote_vote` WHERE ( `fid`=38 ) LIMIT 1   [ RunTime:0.0002s ]
SQL: SELECT COUNT(*) AS tp_count FROM `omronvote_vote` WHERE ( `fid`=39 ) LIMIT 1   [ RunTime:0.0002s ]
SQL: SELECT COUNT(*) AS tp_count FROM `omronvote_vote` WHERE ( `fid`=40 ) LIMIT 1   [ RunTime:0.0002s ]
SQL: SELECT COUNT(*) AS tp_count FROM `omronvote_vote` WHERE ( `fid`=41 ) LIMIT 1   [ RunTime:0.0002s ]
INFO: [ view_parse ] --START--
INFO: [ template_filter ] --START--
INFO: Run Behavior\ContentReplaceBehavior [ RunTime:0.000122s ]
INFO: [ template_filter ] --END-- [ RunTime:0.000184s ]
NOTIC: [8] Undefined index: name /home/wwwroot/admin/Application/Runtime/Cache/Admin/4bc69b9be5975bbcfbc5a648a153ae0d.php 第 79 行.
NOTIC: [8] Undefined index: name /home/wwwroot/admin/Application/Runtime/Cache/Admin/4bc69b9be5975bbcfbc5a648a153ae0d.php 第 79 行.
NOTIC: [8] Undefined index: name /home/wwwroot/admin/Application/Runtime/Cache/Admin/4bc69b9be5975bbcfbc5a648a153ae0d.php 第 79 行.
NOTIC: [8] Undefined index: name /home/wwwroot/admin/Application/Runtime/Cache/Admin/4bc69b9be5975bbcfbc5a648a153ae0d.php 第 79 行.
NOTIC: [8] Undefined index: name /home/wwwroot/admin/Application/Runtime/Cache/Admin/4bc69b9be5975bbcfbc5a648a153ae0d.php 第 79 行.
NOTIC: [8] Undefined index: name /home/wwwroot/admin/Application/Runtime/Cache/Admin/4bc69b9be5975bbcfbc5a648a153ae0d.php 第 79 行.
NOTIC: [8] Undefined index: name /home/wwwroot/admin/Application/Runtime/Cache/Admin/4bc69b9be5975bbcfbc5a648a153ae0d.php 第 79 行.
NOTIC: [8] Undefined index: name /home/wwwroot/admin/Application/Runtime/Cache/Admin/4bc69b9be5975bbcfbc5a648a153ae0d.php 第 79 行.
NOTIC: [8] Undefined index: name /home/wwwroot/admin/Application/Runtime/Cache/Admin/4bc69b9be5975bbcfbc5a648a153ae0d.php 第 79 行.
NOTIC: [8] Undefined index: name /home/wwwroot/admin/Application/Runtime/Cache/Admin/4bc69b9be5975bbcfbc5a648a153ae0d.php 第 79 行.
NOTIC: [8] Undefined index: name /home/wwwroot/admin/Application/Runtime/Cache/Admin/4bc69b9be5975bbcfbc5a648a153ae0d.php 第 79 行.
NOTIC: [8] Undefined index: name /home/wwwroot/admin/Application/Runtime/Cache/Admin/4bc69b9be5975bbcfbc5a648a153ae0d.php 第 79 行.
NOTIC: [8] Undefined index: name /home/wwwroot/admin/Application/Runtime/Cache/Admin/4bc69b9be5975bbcfbc5a648a153ae0d.php 第 79 行.
NOTIC: [8] Undefined index: name /home/wwwroot/admin/Application/Runtime/Cache/Admin/4bc69b9be5975bbcfbc5a648a153ae0d.php 第 79 行.
NOTIC: [8] Undefined index: name /home/wwwroot/admin/Application/Runtime/Cache/Admin/4bc69b9be5975bbcfbc5a648a153ae0d.php 第 79 行.
NOTIC: [8] Undefined index: name /home/wwwroot/admin/Application/Runtime/Cache/Admin/4bc69b9be5975bbcfbc5a648a153ae0d.php 第 79 行.
NOTIC: [8] Undefined index: name /home/wwwroot/admin/Application/Runtime/Cache/Admin/4bc69b9be5975bbcfbc5a648a153ae0d.php 第 79 行.
NOTIC: [8] Undefined index: name /home/wwwroot/admin/Application/Runtime/Cache/Admin/4bc69b9be5975bbcfbc5a648a153ae0d.php 第 79 行.
NOTIC: [8] Undefined index: name /home/wwwroot/admin/Application/Runtime/Cache/Admin/4bc69b9be5975bbcfbc5a648a153ae0d.php 第 79 行.
NOTIC: [8] Undefined index: name /home/wwwroot/admin/Application/Runtime/Cache/Admin/4bc69b9be5975bbcfbc5a648a153ae0d.php 第 79 行.
NOTIC: [8] Undefined index: name /home/wwwroot/admin/Application/Runtime/Cache/Admin/4bc69b9be5975bbcfbc5a648a153ae0d.php 第 79 行.
NOTIC: [8] Undefined index: name /home/wwwroot/admin/Application/Runtime/Cache/Admin/4bc69b9be5975bbcfbc5a648a153ae0d.php 第 79 行.
NOTIC: [8] Undefined index: name /home/wwwroot/admin/Application/Runtime/Cache/Admin/4bc69b9be5975bbcfbc5a648a153ae0d.php 第 79 行.
NOTIC: [8] Undefined index: name /home/wwwroot/admin/Application/Runtime/Cache/Admin/4bc69b9be5975bbcfbc5a648a153ae0d.php 第 79 行.
NOTIC: [8] Undefined index: name /home/wwwroot/admin/Application/Runtime/Cache/Admin/4bc69b9be5975bbcfbc5a648a153ae0d.php 第 79 行.
NOTIC: [8] Undefined index: name /home/wwwroot/admin/Application/Runtime/Cache/Admin/4bc69b9be5975bbcfbc5a648a153ae0d.php 第 79 行.
NOTIC: [8] Undefined index: name /home/wwwroot/admin/Application/Runtime/Cache/Admin/4bc69b9be5975bbcfbc5a648a153ae0d.php 第 79 行.
NOTIC: [8] Undefined index: name /home/wwwroot/admin/Application/Runtime/Cache/Admin/4bc69b9be5975bbcfbc5a648a153ae0d.php 第 79 行.
NOTIC: [8] Undefined index: name /home/wwwroot/admin/Application/Runtime/Cache/Admin/4bc69b9be5975bbcfbc5a648a153ae0d.php 第 79 行.
NOTIC: [8] Undefined index: name /home/wwwroot/admin/Application/Runtime/Cache/Admin/4bc69b9be5975bbcfbc5a648a153ae0d.php 第 79 行.
NOTIC: [8] Undefined index: name /home/wwwroot/admin/Application/Runtime/Cache/Admin/4bc69b9be5975bbcfbc5a648a153ae0d.php 第 79 行.
NOTIC: [8] Undefined index: name /home/wwwroot/admin/Application/Runtime/Cache/Admin/4bc69b9be5975bbcfbc5a648a153ae0d.php 第 79 行.
NOTIC: [8] Undefined index: name /home/wwwroot/admin/Application/Runtime/Cache/Admin/4bc69b9be5975bbcfbc5a648a153ae0d.php 第 79 行.
NOTIC: [8] Undefined index: name /home/wwwroot/admin/Application/Runtime/Cache/Admin/4bc69b9be5975bbcfbc5a648a153ae0d.php 第 79 行.
NOTIC: [8] Undefined index: name /home/wwwroot/admin/Application/Runtime/Cache/Admin/4bc69b9be5975bbcfbc5a648a153ae0d.php 第 79 行.
NOTIC: [8] Undefined index: name /home/wwwroot/admin/Application/Runtime/Cache/Admin/4bc69b9be5975bbcfbc5a648a153ae0d.php 第 79 行.
NOTIC: [8] Undefined index: name /home/wwwroot/admin/Application/Runtime/Cache/Admin/4bc69b9be5975bbcfbc5a648a153ae0d.php 第 79 行.
NOTIC: [8] Undefined index: name /home/wwwroot/admin/Application/Runtime/Cache/Admin/4bc69b9be5975bbcfbc5a648a153ae0d.php 第 79 行.
NOTIC: [8] Undefined index: name /home/wwwroot/admin/Application/Runtime/Cache/Admin/4bc69b9be5975bbcfbc5a648a153ae0d.php 第 79 行.
NOTIC: [8] Undefined index: name /home/wwwroot/admin/Application/Runtime/Cache/Admin/4bc69b9be5975bbcfbc5a648a153ae0d.php 第 79 行.
NOTIC: [8] Undefined index: name /home/wwwroot/admin/Application/Runtime/Cache/Admin/4bc69b9be5975bbcfbc5a648a153ae0d.php 第 79 行.
INFO: Run Behavior\ParseTemplateBehavior [ RunTime:0.018464s ]
INFO: [ view_parse ] --END-- [ RunTime:0.018560s ]
INFO: [ view_filter ] --START--
INFO: Run Behavior\WriteHtmlCacheBehavior [ RunTime:0.000124s ]
INFO: [ view_filter ] --END-- [ RunTime:0.000173s ]
INFO: [ app_end ] --START--
INFO: Run Behavior\ShowPageTraceBehavior [ RunTime:0.000505s ]
INFO: [ app_end ] --END-- [ RunTime:0.000602s ]

[ 2016-01-08T17:02:11+08:00 ] 1.12.11.95 /admin/index.php/Admin/OmronVote/index.html
INFO: [ app_init ] --START--
INFO: Run Behavior\BuildLiteBehavior [ RunTime:0.000017s ]
INFO: [ app_init ] --END-- [ RunTime:0.000305s ]
INFO: [ app_begin ] --START--
INFO: Run Behavior\ReadHtmlCacheBehavior [ RunTime:0.000357s ]
INFO: [ app_begin ] --END-- [ RunTime:0.000413s ]
SQL: SHOW COLUMNS FROM `omronvote_vote` [ RunTime:0.0009s ]
SQL: SELECT COUNT(*) AS tp_count FROM `omronvote_vote` WHERE ( `fid`=1 ) LIMIT 1   [ RunTime:0.0003s ]
SQL: SELECT COUNT(*) AS tp_count FROM `omronvote_vote` WHERE ( `fid`=2 ) LIMIT 1   [ RunTime:0.0002s ]
SQL: SELECT COUNT(*) AS tp_count FROM `omronvote_vote` WHERE ( `fid`=3 ) LIMIT 1   [ RunTime:0.0002s ]
SQL: SELECT COUNT(*) AS tp_count FROM `omronvote_vote` WHERE ( `fid`=4 ) LIMIT 1   [ RunTime:0.0002s ]
SQL: SELECT COUNT(*) AS tp_count FROM `omronvote_vote` WHERE ( `fid`=5 ) LIMIT 1   [ RunTime:0.0002s ]
SQL: SELECT COUNT(*) AS tp_count FROM `omronvote_vote` WHERE ( `fid`=6 ) LIMIT 1   [ RunTime:0.0002s ]
SQL: SELECT COUNT(*) AS tp_count FROM `omronvote_vote` WHERE ( `fid`=7 ) LIMIT 1   [ RunTime:0.0002s ]
SQL: SELECT COUNT(*) AS tp_count FROM `omronvote_vote` WHERE ( `fid`=8 ) LIMIT 1   [ RunTime:0.0003s ]
SQL: SELECT COUNT(*) AS tp_count FROM `omronvote_vote` WHERE ( `fid`=9 ) LIMIT 1   [ RunTime:0.0002s ]
SQL: SELECT COUNT(*) AS tp_count FROM `omronvote_vote` WHERE ( `fid`=10 ) LIMIT 1   [ RunTime:0.0002s ]
SQL: SELECT COUNT(*) AS tp_count FROM `omronvote_vote` WHERE ( `fid`=11 ) LIMIT 1   [ RunTime:0.0002s ]
SQL: SELECT COUNT(*) AS tp_count FROM `omronvote_vote` WHERE ( `fid`=12 ) LIMIT 1   [ RunTime:0.0002s ]
SQL: SELECT COUNT(*) AS tp_count FROM `omronvote_vote` WHERE ( `fid`=13 ) LIMIT 1   [ RunTime:0.0002s ]
SQL: SELECT COUNT(*) AS tp_count FROM `omronvote_vote` WHERE ( `fid`=14 ) LIMIT 1   [ RunTime:0.0002s ]
SQL: SELECT COUNT(*) AS tp_count FROM `omronvote_vote` WHERE ( `fid`=15 ) LIMIT 1   [ RunTime:0.0002s ]
SQL: SELECT COUNT(*) AS tp_count FROM `omronvote_vote` WHERE ( `fid`=16 ) LIMIT 1   [ RunTime:0.0002s ]
SQL: SELECT COUNT(*) AS tp_count FROM `omronvote_vote` WHERE ( `fid`=17 ) LIMIT 1   [ RunTime:0.0002s ]
SQL: SELECT COUNT(*) AS tp_count FROM `omronvote_vote` WHERE ( `fid`=18 ) LIMIT 1   [ RunTime:0.0002s ]
SQL: SELECT COUNT(*) AS tp_count FROM `omronvote_vote` WHERE ( `fid`=19 ) LIMIT 1   [ RunTime:0.0004s ]
SQL: SELECT COUNT(*) AS tp_count FROM `omronvote_vote` WHERE ( `fid`=20 ) LIMIT 1   [ RunTime:0.0003s ]
SQL: SELECT COUNT(*) AS tp_count FROM `omronvote_vote` WHERE ( `fid`=21 ) LIMIT 1   [ RunTime:0.0002s ]
SQL: SELECT COUNT(*) AS tp_count FROM `omronvote_vote` WHERE ( `fid`=22 ) LIMIT 1   [ RunTime:0.0002s ]
SQL: SELECT COUNT(*) AS tp_count FROM `omronvote_vote` WHERE ( `fid`=23 ) LIMIT 1   [ RunTime:0.0002s ]
SQL: SELECT COUNT(*) AS tp_count FROM `omronvote_vote` WHERE ( `fid`=24 ) LIMIT 1   [ RunTime:0.0003s ]
SQL: SELECT COUNT(*) AS tp_count FROM `omronvote_vote` WHERE ( `fid`=25 ) LIMIT 1   [ RunTime:0.0002s ]
SQL: SELECT COUNT(*) AS tp_count FROM `omronvote_vote` WHERE ( `fid`=26 ) LIMIT 1   [ RunTime:0.0002s ]
SQL: SELECT COUNT(*) AS tp_count FROM `omronvote_vote` WHERE ( `fid`=27 ) LIMIT 1   [ RunTime:0.0002s ]
SQL: SELECT COUNT(*) AS tp_count FROM `omronvote_vote` WHERE ( `fid`=28 ) LIMIT 1   [ RunTime:0.0002s ]
SQL: SELECT COUNT(*) AS tp_count FROM `omronvote_vote` WHERE ( `fid`=29 ) LIMIT 1   [ RunTime:0.0003s ]
SQL: SELECT COUNT(*) AS tp_count FROM `omronvote_vote` WHERE ( `fid`=30 ) LIMIT 1   [ RunTime:0.0002s ]
SQL: SELECT COUNT(*) AS tp_count FROM `omronvote_vote` WHERE ( `fid`=31 ) LIMIT 1   [ RunTime:0.0002s ]
SQL: SELECT COUNT(*) AS tp_count FROM `omronvote_vote` WHERE ( `fid`=32 ) LIMIT 1   [ RunTime:0.0002s ]
SQL: SELECT COUNT(*) AS tp_count FROM `omronvote_vote` WHERE ( `fid`=33 ) LIMIT 1   [ RunTime:0.0002s ]
SQL: SELECT COUNT(*) AS tp_count FROM `omronvote_vote` WHERE ( `fid`=34 ) LIMIT 1   [ RunTime:0.0002s ]
SQL: SELECT COUNT(*) AS tp_count FROM `omronvote_vote` WHERE ( `fid`=35 ) LIMIT 1   [ RunTime:0.0002s ]
SQL: SELECT COUNT(*) AS tp_count FROM `omronvote_vote` WHERE ( `fid`=36 ) LIMIT 1   [ RunTime:0.0002s ]
SQL: SELECT COUNT(*) AS tp_count FROM `omronvote_vote` WHERE ( `fid`=37 ) LIMIT 1   [ RunTime:0.0002s ]
SQL: SELECT COUNT(*) AS tp_count FROM `omronvote_vote` WHERE ( `fid`=38 ) LIMIT 1   [ RunTime:0.0002s ]
SQL: SELECT COUNT(*) AS tp_count FROM `omronvote_vote` WHERE ( `fid`=39 ) LIMIT 1   [ RunTime:0.0002s ]
SQL: SELECT COUNT(*) AS tp_count FROM `omronvote_vote` WHERE ( `fid`=40 ) LIMIT 1   [ RunTime:0.0002s ]
SQL: SELECT COUNT(*) AS tp_count FROM `omronvote_vote` WHERE ( `fid`=41 ) LIMIT 1   [ RunTime:0.0002s ]
INFO: [ view_parse ] --START--
INFO: [ template_filter ] --START--
INFO: Run Behavior\ContentReplaceBehavior [ RunTime:0.000120s ]
INFO: [ template_filter ] --END-- [ RunTime:0.000180s ]
NOTIC: [8] Undefined index: name /home/wwwroot/admin/Application/Runtime/Cache/Admin/4bc69b9be5975bbcfbc5a648a153ae0d.php 第 79 行.
NOTIC: [8] Undefined index: name /home/wwwroot/admin/Application/Runtime/Cache/Admin/4bc69b9be5975bbcfbc5a648a153ae0d.php 第 79 行.
NOTIC: [8] Undefined index: name /home/wwwroot/admin/Application/Runtime/Cache/Admin/4bc69b9be5975bbcfbc5a648a153ae0d.php 第 79 行.
NOTIC: [8] Undefined index: name /home/wwwroot/admin/Application/Runtime/Cache/Admin/4bc69b9be5975bbcfbc5a648a153ae0d.php 第 79 行.
NOTIC: [8] Undefined index: name /home/wwwroot/admin/Application/Runtime/Cache/Admin/4bc69b9be5975bbcfbc5a648a153ae0d.php 第 79 行.
NOTIC: [8] Undefined index: name /home/wwwroot/admin/Application/Runtime/Cache/Admin/4bc69b9be5975bbcfbc5a648a153ae0d.php 第 79 行.
NOTIC: [8] Undefined index: name /home/wwwroot/admin/Application/Runtime/Cache/Admin/4bc69b9be5975bbcfbc5a648a153ae0d.php 第 79 行.
NOTIC: [8] Undefined index: name /home/wwwroot/admin/Application/Runtime/Cache/Admin/4bc69b9be5975bbcfbc5a648a153ae0d.php 第 79 行.
NOTIC: [8] Undefined index: name /home/wwwroot/admin/Application/Runtime/Cache/Admin/4bc69b9be5975bbcfbc5a648a153ae0d.php 第 79 行.
NOTIC: [8] Undefined index: name /home/wwwroot/admin/Application/Runtime/Cache/Admin/4bc69b9be5975bbcfbc5a648a153ae0d.php 第 79 行.
NOTIC: [8] Undefined index: name /home/wwwroot/admin/Application/Runtime/Cache/Admin/4bc69b9be5975bbcfbc5a648a153ae0d.php 第 79 行.
NOTIC: [8] Undefined index: name /home/wwwroot/admin/Application/Runtime/Cache/Admin/4bc69b9be5975bbcfbc5a648a153ae0d.php 第 79 行.
NOTIC: [8] Undefined index: name /home/wwwroot/admin/Application/Runtime/Cache/Admin/4bc69b9be5975bbcfbc5a648a153ae0d.php 第 79 行.
NOTIC: [8] Undefined index: name /home/wwwroot/admin/Application/Runtime/Cache/Admin/4bc69b9be5975bbcfbc5a648a153ae0d.php 第 79 行.
NOTIC: [8] Undefined index: name /home/wwwroot/admin/Application/Runtime/Cache/Admin/4bc69b9be5975bbcfbc5a648a153ae0d.php 第 79 行.
NOTIC: [8] Undefined index: name /home/wwwroot/admin/Application/Runtime/Cache/Admin/4bc69b9be5975bbcfbc5a648a153ae0d.php 第 79 行.
NOTIC: [8] Undefined index: name /home/wwwroot/admin/Application/Runtime/Cache/Admin/4bc69b9be5975bbcfbc5a648a153ae0d.php 第 79 行.
NOTIC: [8] Undefined index: name /home/wwwroot/admin/Application/Runtime/Cache/Admin/4bc69b9be5975bbcfbc5a648a153ae0d.php 第 79 行.
NOTIC: [8] Undefined index: name /home/wwwroot/admin/Application/Runtime/Cache/Admin/4bc69b9be5975bbcfbc5a648a153ae0d.php 第 79 行.
NOTIC: [8] Undefined index: name /home/wwwroot/admin/Application/Runtime/Cache/Admin/4bc69b9be5975bbcfbc5a648a153ae0d.php 第 79 行.
NOTIC: [8] Undefined index: name /home/wwwroot/admin/Application/Runtime/Cache/Admin/4bc69b9be5975bbcfbc5a648a153ae0d.php 第 79 行.
NOTIC: [8] Undefined index: name /home/wwwroot/admin/Application/Runtime/Cache/Admin/4bc69b9be5975bbcfbc5a648a153ae0d.php 第 79 行.
NOTIC: [8] Undefined index: name /home/wwwroot/admin/Application/Runtime/Cache/Admin/4bc69b9be5975bbcfbc5a648a153ae0d.php 第 79 行.
NOTIC: [8] Undefined index: name /home/wwwroot/admin/Application/Runtime/Cache/Admin/4bc69b9be5975bbcfbc5a648a153ae0d.php 第 79 行.
NOTIC: [8] Undefined index: name /home/wwwroot/admin/Application/Runtime/Cache/Admin/4bc69b9be5975bbcfbc5a648a153ae0d.php 第 79 行.
NOTIC: [8] Undefined index: name /home/wwwroot/admin/Application/Runtime/Cache/Admin/4bc69b9be5975bbcfbc5a648a153ae0d.php 第 79 行.
NOTIC: [8] Undefined index: name /home/wwwroot/admin/Application/Runtime/Cache/Admin/4bc69b9be5975bbcfbc5a648a153ae0d.php 第 79 行.
NOTIC: [8] Undefined index: name /home/wwwroot/admin/Application/Runtime/Cache/Admin/4bc69b9be5975bbcfbc5a648a153ae0d.php 第 79 行.
NOTIC: [8] Undefined index: name /home/wwwroot/admin/Application/Runtime/Cache/Admin/4bc69b9be5975bbcfbc5a648a153ae0d.php 第 79 行.
NOTIC: [8] Undefined index: name /home/wwwroot/admin/Application/Runtime/Cache/Admin/4bc69b9be5975bbcfbc5a648a153ae0d.php 第 79 行.
NOTIC: [8] Undefined index: name /home/wwwroot/admin/Application/Runtime/Cache/Admin/4bc69b9be5975bbcfbc5a648a153ae0d.php 第 79 行.
NOTIC: [8] Undefined index: name /home/wwwroot/admin/Application/Runtime/Cache/Admin/4bc69b9be5975bbcfbc5a648a153ae0d.php 第 79 行.
NOTIC: [8] Undefined index: name /home/wwwroot/admin/Application/Runtime/Cache/Admin/4bc69b9be5975bbcfbc5a648a153ae0d.php 第 79 行.
NOTIC: [8] Undefined index: name /home/wwwroot/admin/Application/Runtime/Cache/Admin/4bc69b9be5975bbcfbc5a648a153ae0d.php 第 79 行.
NOTIC: [8] Undefined index: name /home/wwwroot/admin/Application/Runtime/Cache/Admin/4bc69b9be5975bbcfbc5a648a153ae0d.php 第 79 行.
NOTIC: [8] Undefined index: name /home/wwwroot/admin/Application/Runtime/Cache/Admin/4bc69b9be5975bbcfbc5a648a153ae0d.php 第 79 行.
NOTIC: [8] Undefined index: name /home/wwwroot/admin/Application/Runtime/Cache/Admin/4bc69b9be5975bbcfbc5a648a153ae0d.php 第 79 行.
NOTIC: [8] Undefined index: name /home/wwwroot/admin/Application/Runtime/Cache/Admin/4bc69b9be5975bbcfbc5a648a153ae0d.php 第 79 行.
NOTIC: [8] Undefined index: name /home/wwwroot/admin/Application/Runtime/Cache/Admin/4bc69b9be5975bbcfbc5a648a153ae0d.php 第 79 行.
NOTIC: [8] Undefined index: name /home/wwwroot/admin/Application/Runtime/Cache/Admin/4bc69b9be5975bbcfbc5a648a153ae0d.php 第 79 行.
NOTIC: [8] Undefined index: name /home/wwwroot/admin/Application/Runtime/Cache/Admin/4bc69b9be5975bbcfbc5a648a153ae0d.php 第 79 行.
INFO: Run Behavior\ParseTemplateBehavior [ RunTime:0.018189s ]
INFO: [ view_parse ] --END-- [ RunTime:0.018245s ]
INFO: [ view_filter ] --START--
INFO: Run Behavior\WriteHtmlCacheBehavior [ RunTime:0.000121s ]
INFO: [ view_filter ] --END-- [ RunTime:0.000170s ]
INFO: [ app_end ] --START--
INFO: Run Behavior\ShowPageTraceBehavior [ RunTime:0.000553s ]
INFO: [ app_end ] --END-- [ RunTime:0.000669s ]

[ 2016-01-08T17:03:39+08:00 ] 1.12.11.95 /admin/index.php/Admin/OmronVote/index.html
INFO: [ app_init ] --START--
INFO: Run Behavior\BuildLiteBehavior [ RunTime:0.000015s ]
INFO: [ app_init ] --END-- [ RunTime:0.000272s ]
INFO: [ app_begin ] --START--
INFO: Run Behavior\ReadHtmlCacheBehavior [ RunTime:0.000357s ]
INFO: [ app_begin ] --END-- [ RunTime:0.000414s ]
SQL: SHOW COLUMNS FROM `omronvote_vote` [ RunTime:0.0008s ]
SQL: SELECT COUNT(*) AS tp_count FROM `omronvote_vote` WHERE ( `fid`=1 ) LIMIT 1   [ RunTime:0.0003s ]
SQL: SELECT COUNT(*) AS tp_count FROM `omronvote_vote` WHERE ( `fid`=2 ) LIMIT 1   [ RunTime:0.0002s ]
SQL: SELECT COUNT(*) AS tp_count FROM `omronvote_vote` WHERE ( `fid`=3 ) LIMIT 1   [ RunTime:0.0002s ]
SQL: SELECT COUNT(*) AS tp_count FROM `omronvote_vote` WHERE ( `fid`=4 ) LIMIT 1   [ RunTime:0.0002s ]
SQL: SELECT COUNT(*) AS tp_count FROM `omronvote_vote` WHERE ( `fid`=5 ) LIMIT 1   [ RunTime:0.0002s ]
SQL: SELECT COUNT(*) AS tp_count FROM `omronvote_vote` WHERE ( `fid`=6 ) LIMIT 1   [ RunTime:0.0002s ]
SQL: SELECT COUNT(*) AS tp_count FROM `omronvote_vote` WHERE ( `fid`=7 ) LIMIT 1   [ RunTime:0.0002s ]
SQL: SELECT COUNT(*) AS tp_count FROM `omronvote_vote` WHERE ( `fid`=8 ) LIMIT 1   [ RunTime:0.0002s ]
SQL: SELECT COUNT(*) AS tp_count FROM `omronvote_vote` WHERE ( `fid`=9 ) LIMIT 1   [ RunTime:0.0002s ]
SQL: SELECT COUNT(*) AS tp_count FROM `omronvote_vote` WHERE ( `fid`=10 ) LIMIT 1   [ RunTime:0.0003s ]
SQL: SELECT COUNT(*) AS tp_count FROM `omronvote_vote` WHERE ( `fid`=11 ) LIMIT 1   [ RunTime:0.0003s ]
SQL: SELECT COUNT(*) AS tp_count FROM `omronvote_vote` WHERE ( `fid`=12 ) LIMIT 1   [ RunTime:0.0002s ]
SQL: SELECT COUNT(*) AS tp_count FROM `omronvote_vote` WHERE ( `fid`=13 ) LIMIT 1   [ RunTime:0.0002s ]
SQL: SELECT COUNT(*) AS tp_count FROM `omronvote_vote` WHERE ( `fid`=14 ) LIMIT 1   [ RunTime:0.0002s ]
SQL: SELECT COUNT(*) AS tp_count FROM `omronvote_vote` WHERE ( `fid`=15 ) LIMIT 1   [ RunTime:0.0002s ]
SQL: SELECT COUNT(*) AS tp_count FROM `omronvote_vote` WHERE ( `fid`=16 ) LIMIT 1   [ RunTime:0.0002s ]
SQL: SELECT COUNT(*) AS tp_count FROM `omronvote_vote` WHERE ( `fid`=17 ) LIMIT 1   [ RunTime:0.0002s ]
SQL: SELECT COUNT(*) AS tp_count FROM `omronvote_vote` WHERE ( `fid`=18 ) LIMIT 1   [ RunTime:0.0002s ]
SQL: SELECT COUNT(*) AS tp_count FROM `omronvote_vote` WHERE ( `fid`=19 ) LIMIT 1   [ RunTime:0.0002s ]
SQL: SELECT COUNT(*) AS tp_count FROM `omronvote_vote` WHERE ( `fid`=20 ) LIMIT 1   [ RunTime:0.0002s ]
SQL: SELECT COUNT(*) AS tp_count FROM `omronvote_vote` WHERE ( `fid`=21 ) LIMIT 1   [ RunTime:0.0002s ]
SQL: SELECT COUNT(*) AS tp_count FROM `omronvote_vote` WHERE ( `fid`=22 ) LIMIT 1   [ RunTime:0.0002s ]
SQL: SELECT COUNT(*) AS tp_count FROM `omronvote_vote` WHERE ( `fid`=23 ) LIMIT 1   [ RunTime:0.0002s ]
SQL: SELECT COUNT(*) AS tp_count FROM `omronvote_vote` WHERE ( `fid`=24 ) LIMIT 1   [ RunTime:0.0002s ]
SQL: SELECT COUNT(*) AS tp_count FROM `omronvote_vote` WHERE ( `fid`=25 ) LIMIT 1   [ RunTime:0.0002s ]
SQL: SELECT COUNT(*) AS tp_count FROM `omronvote_vote` WHERE ( `fid`=26 ) LIMIT 1   [ RunTime:0.0003s ]
SQL: SELECT COUNT(*) AS tp_count FROM `omronvote_vote` WHERE ( `fid`=27 ) LIMIT 1   [ RunTime:0.0002s ]
SQL: SELECT COUNT(*) AS tp_count FROM `omronvote_vote` WHERE ( `fid`=28 ) LIMIT 1   [ RunTime:0.0002s ]
SQL: SELECT COUNT(*) AS tp_count FROM `omronvote_vote` WHERE ( `fid`=29 ) LIMIT 1   [ RunTime:0.0002s ]
SQL: SELECT COUNT(*) AS tp_count FROM `omronvote_vote` WHERE ( `fid`=30 ) LIMIT 1   [ RunTime:0.0002s ]
SQL: SELECT COUNT(*) AS tp_count FROM `omronvote_vote` WHERE ( `fid`=31 ) LIMIT 1   [ RunTime:0.0002s ]
SQL: SELECT COUNT(*) AS tp_count FROM `omronvote_vote` WHERE ( `fid`=32 ) LIMIT 1   [ RunTime:0.0002s ]
SQL: SELECT COUNT(*) AS tp_count FROM `omronvote_vote` WHERE ( `fid`=33 ) LIMIT 1   [ RunTime:0.0002s ]
SQL: SELECT COUNT(*) AS tp_count FROM `omronvote_vote` WHERE ( `fid`=34 ) LIMIT 1   [ RunTime:0.0002s ]
SQL: SELECT COUNT(*) AS tp_count FROM `omronvote_vote` WHERE ( `fid`=35 ) LIMIT 1   [ RunTime:0.0002s ]
SQL: SELECT COUNT(*) AS tp_count FROM `omronvote_vote` WHERE ( `fid`=36 ) LIMIT 1   [ RunTime:0.0002s ]
SQL: SELECT COUNT(*) AS tp_count FROM `omronvote_vote` WHERE ( `fid`=37 ) LIMIT 1   [ RunTime:0.0002s ]
SQL: SELECT COUNT(*) AS tp_count FROM `omronvote_vote` WHERE ( `fid`=38 ) LIMIT 1   [ RunTime:0.0002s ]
SQL: SELECT COUNT(*) AS tp_count FROM `omronvote_vote` WHERE ( `fid`=39 ) LIMIT 1   [ RunTime:0.0002s ]
SQL: SELECT COUNT(*) AS tp_count FROM `omronvote_vote` WHERE ( `fid`=40 ) LIMIT 1   [ RunTime:0.0003s ]
SQL: SELECT COUNT(*) AS tp_count FROM `omronvote_vote` WHERE ( `fid`=41 ) LIMIT 1   [ RunTime:0.0002s ]
INFO: [ view_parse ] --START--
INFO: [ template_filter ] --START--
INFO: Run Behavior\ContentReplaceBehavior [ RunTime:0.000121s ]
INFO: [ template_filter ] --END-- [ RunTime:0.000186s ]
NOTIC: [8] Undefined index: name /home/wwwroot/admin/Application/Runtime/Cache/Admin/4bc69b9be5975bbcfbc5a648a153ae0d.php 第 79 行.
NOTIC: [8] Undefined index: name /home/wwwroot/admin/Application/Runtime/Cache/Admin/4bc69b9be5975bbcfbc5a648a153ae0d.php 第 79 行.
NOTIC: [8] Undefined index: name /home/wwwroot/admin/Application/Runtime/Cache/Admin/4bc69b9be5975bbcfbc5a648a153ae0d.php 第 79 行.
NOTIC: [8] Undefined index: name /home/wwwroot/admin/Application/Runtime/Cache/Admin/4bc69b9be5975bbcfbc5a648a153ae0d.php 第 79 行.
NOTIC: [8] Undefined index: name /home/wwwroot/admin/Application/Runtime/Cache/Admin/4bc69b9be5975bbcfbc5a648a153ae0d.php 第 79 行.
NOTIC: [8] Undefined index: name /home/wwwroot/admin/Application/Runtime/Cache/Admin/4bc69b9be5975bbcfbc5a648a153ae0d.php 第 79 行.
NOTIC: [8] Undefined index: name /home/wwwroot/admin/Application/Runtime/Cache/Admin/4bc69b9be5975bbcfbc5a648a153ae0d.php 第 79 行.
NOTIC: [8] Undefined index: name /home/wwwroot/admin/Application/Runtime/Cache/Admin/4bc69b9be5975bbcfbc5a648a153ae0d.php 第 79 行.
NOTIC: [8] Undefined index: name /home/wwwroot/admin/Application/Runtime/Cache/Admin/4bc69b9be5975bbcfbc5a648a153ae0d.php 第 79 行.
NOTIC: [8] Undefined index: name /home/wwwroot/admin/Application/Runtime/Cache/Admin/4bc69b9be5975bbcfbc5a648a153ae0d.php 第 79 行.
NOTIC: [8] Undefined index: name /home/wwwroot/admin/Application/Runtime/Cache/Admin/4bc69b9be5975bbcfbc5a648a153ae0d.php 第 79 行.
NOTIC: [8] Undefined index: name /home/wwwroot/admin/Application/Runtime/Cache/Admin/4bc69b9be5975bbcfbc5a648a153ae0d.php 第 79 行.
NOTIC: [8] Undefined index: name /home/wwwroot/admin/Application/Runtime/Cache/Admin/4bc69b9be5975bbcfbc5a648a153ae0d.php 第 79 行.
NOTIC: [8] Undefined index: name /home/wwwroot/admin/Application/Runtime/Cache/Admin/4bc69b9be5975bbcfbc5a648a153ae0d.php 第 79 行.
NOTIC: [8] Undefined index: name /home/wwwroot/admin/Application/Runtime/Cache/Admin/4bc69b9be5975bbcfbc5a648a153ae0d.php 第 79 行.
NOTIC: [8] Undefined index: name /home/wwwroot/admin/Application/Runtime/Cache/Admin/4bc69b9be5975bbcfbc5a648a153ae0d.php 第 79 行.
NOTIC: [8] Undefined index: name /home/wwwroot/admin/Application/Runtime/Cache/Admin/4bc69b9be5975bbcfbc5a648a153ae0d.php 第 79 行.
NOTIC: [8] Undefined index: name /home/wwwroot/admin/Application/Runtime/Cache/Admin/4bc69b9be5975bbcfbc5a648a153ae0d.php 第 79 行.
NOTIC: [8] Undefined index: name /home/wwwroot/admin/Application/Runtime/Cache/Admin/4bc69b9be5975bbcfbc5a648a153ae0d.php 第 79 行.
NOTIC: [8] Undefined index: name /home/wwwroot/admin/Application/Runtime/Cache/Admin/4bc69b9be5975bbcfbc5a648a153ae0d.php 第 79 行.
NOTIC: [8] Undefined index: name /home/wwwroot/admin/Application/Runtime/Cache/Admin/4bc69b9be5975bbcfbc5a648a153ae0d.php 第 79 行.
NOTIC: [8] Undefined index: name /home/wwwroot/admin/Application/Runtime/Cache/Admin/4bc69b9be5975bbcfbc5a648a153ae0d.php 第 79 行.
NOTIC: [8] Undefined index: name /home/wwwroot/admin/Application/Runtime/Cache/Admin/4bc69b9be5975bbcfbc5a648a153ae0d.php 第 79 行.
NOTIC: [8] Undefined index: name /home/wwwroot/admin/Application/Runtime/Cache/Admin/4bc69b9be5975bbcfbc5a648a153ae0d.php 第 79 行.
NOTIC: [8] Undefined index: name /home/wwwroot/admin/Application/Runtime/Cache/Admin/4bc69b9be5975bbcfbc5a648a153ae0d.php 第 79 行.
NOTIC: [8] Undefined index: name /home/wwwroot/admin/Application/Runtime/Cache/Admin/4bc69b9be5975bbcfbc5a648a153ae0d.php 第 79 行.
NOTIC: [8] Undefined index: name /home/wwwroot/admin/Application/Runtime/Cache/Admin/4bc69b9be5975bbcfbc5a648a153ae0d.php 第 79 行.
NOTIC: [8] Undefined index: name /home/wwwroot/admin/Application/Runtime/Cache/Admin/4bc69b9be5975bbcfbc5a648a153ae0d.php 第 79 行.
NOTIC: [8] Undefined index: name /home/wwwroot/admin/Application/Runtime/Cache/Admin/4bc69b9be5975bbcfbc5a648a153ae0d.php 第 79 行.
NOTIC: [8] Undefined index: name /home/wwwroot/admin/Application/Runtime/Cache/Admin/4bc69b9be5975bbcfbc5a648a153ae0d.php 第 79 行.
NOTIC: [8] Undefined index: name /home/wwwroot/admin/Application/Runtime/Cache/Admin/4bc69b9be5975bbcfbc5a648a153ae0d.php 第 79 行.
NOTIC: [8] Undefined index: name /home/wwwroot/admin/Application/Runtime/Cache/Admin/4bc69b9be5975bbcfbc5a648a153ae0d.php 第 79 行.
NOTIC: [8] Undefined index: name /home/wwwroot/admin/Application/Runtime/Cache/Admin/4bc69b9be5975bbcfbc5a648a153ae0d.php 第 79 行.
NOTIC: [8] Undefined index: name /home/wwwroot/admin/Application/Runtime/Cache/Admin/4bc69b9be5975bbcfbc5a648a153ae0d.php 第 79 行.
NOTIC: [8] Undefined index: name /home/wwwroot/admin/Application/Runtime/Cache/Admin/4bc69b9be5975bbcfbc5a648a153ae0d.php 第 79 行.
NOTIC: [8] Undefined index: name /home/wwwroot/admin/Application/Runtime/Cache/Admin/4bc69b9be5975bbcfbc5a648a153ae0d.php 第 79 行.
NOTIC: [8] Undefined index: name /home/wwwroot/admin/Application/Runtime/Cache/Admin/4bc69b9be5975bbcfbc5a648a153ae0d.php 第 79 行.
NOTIC: [8] Undefined index: name /home/wwwroot/admin/Application/Runtime/Cache/Admin/4bc69b9be5975bbcfbc5a648a153ae0d.php 第 79 行.
NOTIC: [8] Undefined index: name /home/wwwroot/admin/Application/Runtime/Cache/Admin/4bc69b9be5975bbcfbc5a648a153ae0d.php 第 79 行.
NOTIC: [8] Undefined index: name /home/wwwroot/admin/Application/Runtime/Cache/Admin/4bc69b9be5975bbcfbc5a648a153ae0d.php 第 79 行.
NOTIC: [8] Undefined index: name /home/wwwroot/admin/Application/Runtime/Cache/Admin/4bc69b9be5975bbcfbc5a648a153ae0d.php 第 79 行.
INFO: Run Behavior\ParseTemplateBehavior [ RunTime:0.019079s ]
INFO: [ view_parse ] --END-- [ RunTime:0.019134s ]
INFO: [ view_filter ] --START--
INFO: Run Behavior\WriteHtmlCacheBehavior [ RunTime:0.000149s ]
INFO: [ view_filter ] --END-- [ RunTime:0.000213s ]
INFO: [ app_end ] --START--
INFO: Run Behavior\ShowPageTraceBehavior [ RunTime:0.000473s ]
INFO: [ app_end ] --END-- [ RunTime:0.000563s ]

[ 2016-01-08T17:10:30+08:00 ] 1.12.11.95 /admin/index.php/Admin/OmronVote/index.html
INFO: [ app_init ] --START--
INFO: Run Behavior\BuildLiteBehavior [ RunTime:0.000015s ]
INFO: [ app_init ] --END-- [ RunTime:0.000269s ]
INFO: [ app_begin ] --START--
INFO: Run Behavior\ReadHtmlCacheBehavior [ RunTime:0.000327s ]
INFO: [ app_begin ] --END-- [ RunTime:0.000382s ]
SQL: SHOW COLUMNS FROM `omronvote_vote` [ RunTime:0.0008s ]
SQL: SELECT COUNT(*) AS tp_count FROM `omronvote_vote` WHERE ( `fid`=1 ) LIMIT 1   [ RunTime:0.0003s ]
SQL: SELECT COUNT(*) AS tp_count FROM `omronvote_vote` WHERE ( `fid`=2 ) LIMIT 1   [ RunTime:0.0002s ]
SQL: SELECT COUNT(*) AS tp_count FROM `omronvote_vote` WHERE ( `fid`=3 ) LIMIT 1   [ RunTime:0.0003s ]
SQL: SELECT COUNT(*) AS tp_count FROM `omronvote_vote` WHERE ( `fid`=4 ) LIMIT 1   [ RunTime:0.0002s ]
SQL: SELECT COUNT(*) AS tp_count FROM `omronvote_vote` WHERE ( `fid`=5 ) LIMIT 1   [ RunTime:0.0002s ]
SQL: SELECT COUNT(*) AS tp_count FROM `omronvote_vote` WHERE ( `fid`=6 ) LIMIT 1   [ RunTime:0.0002s ]
SQL: SELECT COUNT(*) AS tp_count FROM `omronvote_vote` WHERE ( `fid`=7 ) LIMIT 1   [ RunTime:0.0002s ]
SQL: SELECT COUNT(*) AS tp_count FROM `omronvote_vote` WHERE ( `fid`=8 ) LIMIT 1   [ RunTime:0.0002s ]
SQL: SELECT COUNT(*) AS tp_count FROM `omronvote_vote` WHERE ( `fid`=9 ) LIMIT 1   [ RunTime:0.0002s ]
SQL: SELECT COUNT(*) AS tp_count FROM `omronvote_vote` WHERE ( `fid`=10 ) LIMIT 1   [ RunTime:0.0002s ]
SQL: SELECT COUNT(*) AS tp_count FROM `omronvote_vote` WHERE ( `fid`=11 ) LIMIT 1   [ RunTime:0.0002s ]
SQL: SELECT COUNT(*) AS tp_count FROM `omronvote_vote` WHERE ( `fid`=12 ) LIMIT 1   [ RunTime:0.0002s ]
SQL: SELECT COUNT(*) AS tp_count FROM `omronvote_vote` WHERE ( `fid`=13 ) LIMIT 1   [ RunTime:0.0003s ]
SQL: SELECT COUNT(*) AS tp_count FROM `omronvote_vote` WHERE ( `fid`=14 ) LIMIT 1   [ RunTime:0.0002s ]
SQL: SELECT COUNT(*) AS tp_count FROM `omronvote_vote` WHERE ( `fid`=15 ) LIMIT 1   [ RunTime:0.0003s ]
SQL: SELECT COUNT(*) AS tp_count FROM `omronvote_vote` WHERE ( `fid`=16 ) LIMIT 1   [ RunTime:0.0002s ]
SQL: SELECT COUNT(*) AS tp_count FROM `omronvote_vote` WHERE ( `fid`=17 ) LIMIT 1   [ RunTime:0.0002s ]
SQL: SELECT COUNT(*) AS tp_count FROM `omronvote_vote` WHERE ( `fid`=18 ) LIMIT 1   [ RunTime:0.0002s ]
SQL: SELECT COUNT(*) AS tp_count FROM `omronvote_vote` WHERE ( `fid`=19 ) LIMIT 1   [ RunTime:0.0002s ]
SQL: SELECT COUNT(*) AS tp_count FROM `omronvote_vote` WHERE ( `fid`=20 ) LIMIT 1   [ RunTime:0.0002s ]
SQL: SELECT COUNT(*) AS tp_count FROM `omronvote_vote` WHERE ( `fid`=21 ) LIMIT 1   [ RunTime:0.0002s ]
SQL: SELECT COUNT(*) AS tp_count FROM `omronvote_vote` WHERE ( `fid`=22 ) LIMIT 1   [ RunTime:0.0002s ]
SQL: SELECT COUNT(*) AS tp_count FROM `omronvote_vote` WHERE ( `fid`=23 ) LIMIT 1   [ RunTime:0.0002s ]
SQL: SELECT COUNT(*) AS tp_count FROM `omronvote_vote` WHERE ( `fid`=24 ) LIMIT 1   [ RunTime:0.0003s ]
SQL: SELECT COUNT(*) AS tp_count FROM `omronvote_vote` WHERE ( `fid`=25 ) LIMIT 1   [ RunTime:0.0003s ]
SQL: SELECT COUNT(*) AS tp_count FROM `omronvote_vote` WHERE ( `fid`=26 ) LIMIT 1   [ RunTime:0.0003s ]
SQL: SELECT COUNT(*) AS tp_count FROM `omronvote_vote` WHERE ( `fid`=27 ) LIMIT 1   [ RunTime:0.0002s ]
SQL: SELECT COUNT(*) AS tp_count FROM `omronvote_vote` WHERE ( `fid`=28 ) LIMIT 1   [ RunTime:0.0002s ]
SQL: SELECT COUNT(*) AS tp_count FROM `omronvote_vote` WHERE ( `fid`=29 ) LIMIT 1   [ RunTime:0.0002s ]
SQL: SELECT COUNT(*) AS tp_count FROM `omronvote_vote` WHERE ( `fid`=30 ) LIMIT 1   [ RunTime:0.0002s ]
SQL: SELECT COUNT(*) AS tp_count FROM `omronvote_vote` WHERE ( `fid`=31 ) LIMIT 1   [ RunTime:0.0002s ]
SQL: SELECT COUNT(*) AS tp_count FROM `omronvote_vote` WHERE ( `fid`=32 ) LIMIT 1   [ RunTime:0.0002s ]
SQL: SELECT COUNT(*) AS tp_count FROM `omronvote_vote` WHERE ( `fid`=33 ) LIMIT 1   [ RunTime:0.0002s ]
SQL: SELECT COUNT(*) AS tp_count FROM `omronvote_vote` WHERE ( `fid`=34 ) LIMIT 1   [ RunTime:0.0002s ]
SQL: SELECT COUNT(*) AS tp_count FROM `omronvote_vote` WHERE ( `fid`=35 ) LIMIT 1   [ RunTime:0.0002s ]
SQL: SELECT COUNT(*) AS tp_count FROM `omronvote_vote` WHERE ( `fid`=36 ) LIMIT 1   [ RunTime:0.0002s ]
SQL: SELECT COUNT(*) AS tp_count FROM `omronvote_vote` WHERE ( `fid`=37 ) LIMIT 1   [ RunTime:0.0002s ]
SQL: SELECT COUNT(*) AS tp_count FROM `omronvote_vote` WHERE ( `fid`=38 ) LIMIT 1   [ RunTime:0.0002s ]
SQL: SELECT COUNT(*) AS tp_count FROM `omronvote_vote` WHERE ( `fid`=39 ) LIMIT 1   [ RunTime:0.0002s ]
SQL: SELECT COUNT(*) AS tp_count FROM `omronvote_vote` WHERE ( `fid`=40 ) LIMIT 1   [ RunTime:0.0002s ]
SQL: SELECT COUNT(*) AS tp_count FROM `omronvote_vote` WHERE ( `fid`=41 ) LIMIT 1   [ RunTime:0.0002s ]
INFO: [ view_parse ] --START--
INFO: [ template_filter ] --START--
INFO: Run Behavior\ContentReplaceBehavior [ RunTime:0.000124s ]
INFO: [ template_filter ] --END-- [ RunTime:0.000199s ]
NOTIC: [8] Undefined index: name /home/wwwroot/admin/Application/Runtime/Cache/Admin/4bc69b9be5975bbcfbc5a648a153ae0d.php 第 79 行.
NOTIC: [8] Undefined index: name /home/wwwroot/admin/Application/Runtime/Cache/Admin/4bc69b9be5975bbcfbc5a648a153ae0d.php 第 79 行.
NOTIC: [8] Undefined index: name /home/wwwroot/admin/Application/Runtime/Cache/Admin/4bc69b9be5975bbcfbc5a648a153ae0d.php 第 79 行.
NOTIC: [8] Undefined index: name /home/wwwroot/admin/Application/Runtime/Cache/Admin/4bc69b9be5975bbcfbc5a648a153ae0d.php 第 79 行.
NOTIC: [8] Undefined index: name /home/wwwroot/admin/Application/Runtime/Cache/Admin/4bc69b9be5975bbcfbc5a648a153ae0d.php 第 79 行.
NOTIC: [8] Undefined index: name /home/wwwroot/admin/Application/Runtime/Cache/Admin/4bc69b9be5975bbcfbc5a648a153ae0d.php 第 79 行.
NOTIC: [8] Undefined index: name /home/wwwroot/admin/Application/Runtime/Cache/Admin/4bc69b9be5975bbcfbc5a648a153ae0d.php 第 79 行.
NOTIC: [8] Undefined index: name /home/wwwroot/admin/Application/Runtime/Cache/Admin/4bc69b9be5975bbcfbc5a648a153ae0d.php 第 79 行.
NOTIC: [8] Undefined index: name /home/wwwroot/admin/Application/Runtime/Cache/Admin/4bc69b9be5975bbcfbc5a648a153ae0d.php 第 79 行.
NOTIC: [8] Undefined index: name /home/wwwroot/admin/Application/Runtime/Cache/Admin/4bc69b9be5975bbcfbc5a648a153ae0d.php 第 79 行.
NOTIC: [8] Undefined index: name /home/wwwroot/admin/Application/Runtime/Cache/Admin/4bc69b9be5975bbcfbc5a648a153ae0d.php 第 79 行.
NOTIC: [8] Undefined index: name /home/wwwroot/admin/Application/Runtime/Cache/Admin/4bc69b9be5975bbcfbc5a648a153ae0d.php 第 79 行.
NOTIC: [8] Undefined index: name /home/wwwroot/admin/Application/Runtime/Cache/Admin/4bc69b9be5975bbcfbc5a648a153ae0d.php 第 79 行.
NOTIC: [8] Undefined index: name /home/wwwroot/admin/Application/Runtime/Cache/Admin/4bc69b9be5975bbcfbc5a648a153ae0d.php 第 79 行.
NOTIC: [8] Undefined index: name /home/wwwroot/admin/Application/Runtime/Cache/Admin/4bc69b9be5975bbcfbc5a648a153ae0d.php 第 79 行.
NOTIC: [8] Undefined index: name /home/wwwroot/admin/Application/Runtime/Cache/Admin/4bc69b9be5975bbcfbc5a648a153ae0d.php 第 79 行.
NOTIC: [8] Undefined index: name /home/wwwroot/admin/Application/Runtime/Cache/Admin/4bc69b9be5975bbcfbc5a648a153ae0d.php 第 79 行.
NOTIC: [8] Undefined index: name /home/wwwroot/admin/Application/Runtime/Cache/Admin/4bc69b9be5975bbcfbc5a648a153ae0d.php 第 79 行.
NOTIC: [8] Undefined index: name /home/wwwroot/admin/Application/Runtime/Cache/Admin/4bc69b9be5975bbcfbc5a648a153ae0d.php 第 79 行.
NOTIC: [8] Undefined index: name /home/wwwroot/admin/Application/Runtime/Cache/Admin/4bc69b9be5975bbcfbc5a648a153ae0d.php 第 79 行.
NOTIC: [8] Undefined index: name /home/wwwroot/admin/Application/Runtime/Cache/Admin/4bc69b9be5975bbcfbc5a648a153ae0d.php 第 79 行.
NOTIC: [8] Undefined index: name /home/wwwroot/admin/Application/Runtime/Cache/Admin/4bc69b9be5975bbcfbc5a648a153ae0d.php 第 79 行.
NOTIC: [8] Undefined index: name /home/wwwroot/admin/Application/Runtime/Cache/Admin/4bc69b9be5975bbcfbc5a648a153ae0d.php 第 79 行.
NOTIC: [8] Undefined index: name /home/wwwroot/admin/Application/Runtime/Cache/Admin/4bc69b9be5975bbcfbc5a648a153ae0d.php 第 79 行.
NOTIC: [8] Undefined index: name /home/wwwroot/admin/Application/Runtime/Cache/Admin/4bc69b9be5975bbcfbc5a648a153ae0d.php 第 79 行.
NOTIC: [8] Undefined index: name /home/wwwroot/admin/Application/Runtime/Cache/Admin/4bc69b9be5975bbcfbc5a648a153ae0d.php 第 79 行.
NOTIC: [8] Undefined index: name /home/wwwroot/admin/Application/Runtime/Cache/Admin/4bc69b9be5975bbcfbc5a648a153ae0d.php 第 79 行.
NOTIC: [8] Undefined index: name /home/wwwroot/admin/Application/Runtime/Cache/Admin/4bc69b9be5975bbcfbc5a648a153ae0d.php 第 79 行.
NOTIC: [8] Undefined index: name /home/wwwroot/admin/Application/Runtime/Cache/Admin/4bc69b9be5975bbcfbc5a648a153ae0d.php 第 79 行.
NOTIC: [8] Undefined index: name /home/wwwroot/admin/Application/Runtime/Cache/Admin/4bc69b9be5975bbcfbc5a648a153ae0d.php 第 79 行.
NOTIC: [8] Undefined index: name /home/wwwroot/admin/Application/Runtime/Cache/Admin/4bc69b9be5975bbcfbc5a648a153ae0d.php 第 79 行.
NOTIC: [8] Undefined index: name /home/wwwroot/admin/Application/Runtime/Cache/Admin/4bc69b9be5975bbcfbc5a648a153ae0d.php 第 79 行.
NOTIC: [8] Undefined index: name /home/wwwroot/admin/Application/Runtime/Cache/Admin/4bc69b9be5975bbcfbc5a648a153ae0d.php 第 79 行.
NOTIC: [8] Undefined index: name /home/wwwroot/admin/Application/Runtime/Cache/Admin/4bc69b9be5975bbcfbc5a648a153ae0d.php 第 79 行.
NOTIC: [8] Undefined index: name /home/wwwroot/admin/Application/Runtime/Cache/Admin/4bc69b9be5975bbcfbc5a648a153ae0d.php 第 79 行.
NOTIC: [8] Undefined index: name /home/wwwroot/admin/Application/Runtime/Cache/Admin/4bc69b9be5975bbcfbc5a648a153ae0d.php 第 79 行.
NOTIC: [8] Undefined index: name /home/wwwroot/admin/Application/Runtime/Cache/Admin/4bc69b9be5975bbcfbc5a648a153ae0d.php 第 79 行.
NOTIC: [8] Undefined index: name /home/wwwroot/admin/Application/Runtime/Cache/Admin/4bc69b9be5975bbcfbc5a648a153ae0d.php 第 79 行.
NOTIC: [8] Undefined index: name /home/wwwroot/admin/Application/Runtime/Cache/Admin/4bc69b9be5975bbcfbc5a648a153ae0d.php 第 79 行.
NOTIC: [8] Undefined index: name /home/wwwroot/admin/Application/Runtime/Cache/Admin/4bc69b9be5975bbcfbc5a648a153ae0d.php 第 79 行.
NOTIC: [8] Undefined index: name /home/wwwroot/admin/Application/Runtime/Cache/Admin/4bc69b9be5975bbcfbc5a648a153ae0d.php 第 79 行.
INFO: Run Behavior\ParseTemplateBehavior [ RunTime:0.018394s ]
INFO: [ view_parse ] --END-- [ RunTime:0.018450s ]
INFO: [ view_filter ] --START--
INFO: Run Behavior\WriteHtmlCacheBehavior [ RunTime:0.000144s ]
INFO: [ view_filter ] --END-- [ RunTime:0.000192s ]
INFO: [ app_end ] --START--
INFO: Run Behavior\ShowPageTraceBehavior [ RunTime:0.000476s ]
INFO: [ app_end ] --END-- [ RunTime:0.000578s ]

[ 2016-01-08T20:44:50+08:00 ] 1.12.11.95 /admin/index.php/Admin/OmronVote/index.html
INFO: [ app_init ] --START--
INFO: Run Behavior\BuildLiteBehavior [ RunTime:0.000015s ]
INFO: [ app_init ] --END-- [ RunTime:0.000293s ]
INFO: [ app_begin ] --START--
INFO: Run Behavior\ReadHtmlCacheBehavior [ RunTime:0.000563s ]
INFO: [ app_begin ] --END-- [ RunTime:0.000633s ]
NOTIC: [8] Undefined index: user_name /home/wwwroot/admin/Application/Admin/Controller/CommonController.class.php 第 17 行.
NOTIC: [8] Undefined index: authority /home/wwwroot/admin/Application/Admin/Controller/CommonController.class.php 第 17 行.

[ 2016-01-08T20:44:51+08:00 ] 1.12.11.95 /admin/Admin/Login/index.html
INFO: [ app_init ] --START--
INFO: Run Behavior\BuildLiteBehavior [ RunTime:0.000015s ]
INFO: [ app_init ] --END-- [ RunTime:0.000285s ]
INFO: [ app_begin ] --START--
INFO: Run Behavior\ReadHtmlCacheBehavior [ RunTime:0.000572s ]
INFO: [ app_begin ] --END-- [ RunTime:0.000644s ]
INFO: [ view_parse ] --START--
INFO: [ template_filter ] --START--
INFO: Run Behavior\ContentReplaceBehavior [ RunTime:0.000050s ]
INFO: [ template_filter ] --END-- [ RunTime:0.000107s ]
INFO: Run Behavior\ParseTemplateBehavior [ RunTime:0.005555s ]
INFO: [ view_parse ] --END-- [ RunTime:0.005608s ]
INFO: [ view_filter ] --START--
INFO: Run Behavior\WriteHtmlCacheBehavior [ RunTime:0.000127s ]
INFO: [ view_filter ] --END-- [ RunTime:0.000173s ]
INFO: [ app_end ] --START--
INFO: Run Behavior\ShowPageTraceBehavior [ RunTime:0.000376s ]
INFO: [ app_end ] --END-- [ RunTime:0.000426s ]

[ 2016-01-08T20:45:01+08:00 ] 1.12.11.95 /admin/Admin/Login/login.html
INFO: [ app_init ] --START--
INFO: Run Behavior\BuildLiteBehavior [ RunTime:0.000015s ]
INFO: [ app_init ] --END-- [ RunTime:0.000297s ]
INFO: [ app_begin ] --START--
INFO: Run Behavior\ReadHtmlCacheBehavior [ RunTime:0.000328s ]
INFO: [ app_begin ] --END-- [ RunTime:0.000403s ]
SQL: SHOW COLUMNS FROM `admin_users` [ RunTime:0.0009s ]
SQL: SELECT `id`,`password`,`authority` FROM `admin_users` WHERE ( `username`='admin' ) LIMIT 1   [ RunTime:0.0003s ]
NOTIC: [8] Undefined index: username /home/wwwroot/admin/Application/Admin/Controller/LoginController.class.php 第 22 行.

[ 2016-01-08T20:45:02+08:00 ] 1.12.11.95 /admin/Admin/Index/index.html
INFO: [ app_init ] --START--
INFO: Run Behavior\BuildLiteBehavior [ RunTime:0.000015s ]
INFO: [ app_init ] --END-- [ RunTime:0.000265s ]
INFO: [ app_begin ] --START--
INFO: Run Behavior\ReadHtmlCacheBehavior [ RunTime:0.000324s ]
INFO: [ app_begin ] --END-- [ RunTime:0.000382s ]
INFO: [ view_parse ] --START--
INFO: [ template_filter ] --START--
INFO: Run Behavior\ContentReplaceBehavior [ RunTime:0.000070s ]
INFO: [ template_filter ] --END-- [ RunTime:0.000125s ]
INFO: Run Behavior\ParseTemplateBehavior [ RunTime:0.006352s ]
INFO: [ view_parse ] --END-- [ RunTime:0.006440s ]
INFO: [ view_filter ] --START--
INFO: Run Behavior\WriteHtmlCacheBehavior [ RunTime:0.000113s ]
INFO: [ view_filter ] --END-- [ RunTime:0.000159s ]
INFO: [ app_end ] --START--
INFO: Run Behavior\ShowPageTraceBehavior [ RunTime:0.000382s ]
INFO: [ app_end ] --END-- [ RunTime:0.000432s ]

[ 2016-01-08T20:45:03+08:00 ] 1.12.11.95 /admin/Admin/OmronVote/index.html
INFO: [ app_init ] --START--
INFO: Run Behavior\BuildLiteBehavior [ RunTime:0.000015s ]
INFO: [ app_init ] --END-- [ RunTime:0.000269s ]
INFO: [ app_begin ] --START--
INFO: Run Behavior\ReadHtmlCacheBehavior [ RunTime:0.000358s ]
INFO: [ app_begin ] --END-- [ RunTime:0.000414s ]
SQL: SHOW COLUMNS FROM `omronvote_vote` [ RunTime:0.0008s ]
SQL: SELECT COUNT(*) AS tp_count FROM `omronvote_vote` WHERE ( `fid`=1 ) LIMIT 1   [ RunTime:0.0003s ]
SQL: SELECT COUNT(*) AS tp_count FROM `omronvote_vote` WHERE ( `fid`=2 ) LIMIT 1   [ RunTime:0.0003s ]
SQL: SELECT COUNT(*) AS tp_count FROM `omronvote_vote` WHERE ( `fid`=3 ) LIMIT 1   [ RunTime:0.0002s ]
SQL: SELECT COUNT(*) AS tp_count FROM `omronvote_vote` WHERE ( `fid`=4 ) LIMIT 1   [ RunTime:0.0002s ]
SQL: SELECT COUNT(*) AS tp_count FROM `omronvote_vote` WHERE ( `fid`=5 ) LIMIT 1   [ RunTime:0.0002s ]
SQL: SELECT COUNT(*) AS tp_count FROM `omronvote_vote` WHERE ( `fid`=6 ) LIMIT 1   [ RunTime:0.0003s ]
SQL: SELECT COUNT(*) AS tp_count FROM `omronvote_vote` WHERE ( `fid`=7 ) LIMIT 1   [ RunTime:0.0002s ]
SQL: SELECT COUNT(*) AS tp_count FROM `omronvote_vote` WHERE ( `fid`=8 ) LIMIT 1   [ RunTime:0.0003s ]
SQL: SELECT COUNT(*) AS tp_count FROM `omronvote_vote` WHERE ( `fid`=9 ) LIMIT 1   [ RunTime:0.0003s ]
SQL: SELECT COUNT(*) AS tp_count FROM `omronvote_vote` WHERE ( `fid`=10 ) LIMIT 1   [ RunTime:0.0002s ]
SQL: SELECT COUNT(*) AS tp_count FROM `omronvote_vote` WHERE ( `fid`=11 ) LIMIT 1   [ RunTime:0.0003s ]
SQL: SELECT COUNT(*) AS tp_count FROM `omronvote_vote` WHERE ( `fid`=12 ) LIMIT 1   [ RunTime:0.0002s ]
SQL: SELECT COUNT(*) AS tp_count FROM `omronvote_vote` WHERE ( `fid`=13 ) LIMIT 1   [ RunTime:0.0002s ]
SQL: SELECT COUNT(*) AS tp_count FROM `omronvote_vote` WHERE ( `fid`=14 ) LIMIT 1   [ RunTime:0.0002s ]
SQL: SELECT COUNT(*) AS tp_count FROM `omronvote_vote` WHERE ( `fid`=15 ) LIMIT 1   [ RunTime:0.0002s ]
SQL: SELECT COUNT(*) AS tp_count FROM `omronvote_vote` WHERE ( `fid`=16 ) LIMIT 1   [ RunTime:0.0003s ]
SQL: SELECT COUNT(*) AS tp_count FROM `omronvote_vote` WHERE ( `fid`=17 ) LIMIT 1   [ RunTime:0.0002s ]
SQL: SELECT COUNT(*) AS tp_count FROM `omronvote_vote` WHERE ( `fid`=18 ) LIMIT 1   [ RunTime:0.0003s ]
SQL: SELECT COUNT(*) AS tp_count FROM `omronvote_vote` WHERE ( `fid`=19 ) LIMIT 1   [ RunTime:0.0003s ]
SQL: SELECT COUNT(*) AS tp_count FROM `omronvote_vote` WHERE ( `fid`=20 ) LIMIT 1   [ RunTime:0.0002s ]
SQL: SELECT COUNT(*) AS tp_count FROM `omronvote_vote` WHERE ( `fid`=21 ) LIMIT 1   [ RunTime:0.0002s ]
SQL: SELECT COUNT(*) AS tp_count FROM `omronvote_vote` WHERE ( `fid`=22 ) LIMIT 1   [ RunTime:0.0002s ]
SQL: SELECT COUNT(*) AS tp_count FROM `omronvote_vote` WHERE ( `fid`=23 ) LIMIT 1   [ RunTime:0.0003s ]
SQL: SELECT COUNT(*) AS tp_count FROM `omronvote_vote` WHERE ( `fid`=24 ) LIMIT 1   [ RunTime:0.0002s ]
SQL: SELECT COUNT(*) AS tp_count FROM `omronvote_vote` WHERE ( `fid`=25 ) LIMIT 1   [ RunTime:0.0003s ]
SQL: SELECT COUNT(*) AS tp_count FROM `omronvote_vote` WHERE ( `fid`=26 ) LIMIT 1   [ RunTime:0.0002s ]
SQL: SELECT COUNT(*) AS tp_count FROM `omronvote_vote` WHERE ( `fid`=27 ) LIMIT 1   [ RunTime:0.0002s ]
SQL: SELECT COUNT(*) AS tp_count FROM `omronvote_vote` WHERE ( `fid`=28 ) LIMIT 1   [ RunTime:0.0002s ]
SQL: SELECT COUNT(*) AS tp_count FROM `omronvote_vote` WHERE ( `fid`=29 ) LIMIT 1   [ RunTime:0.0002s ]
SQL: SELECT COUNT(*) AS tp_count FROM `omronvote_vote` WHERE ( `fid`=30 ) LIMIT 1   [ RunTime:0.0002s ]
SQL: SELECT COUNT(*) AS tp_count FROM `omronvote_vote` WHERE ( `fid`=31 ) LIMIT 1   [ RunTime:0.0002s ]
SQL: SELECT COUNT(*) AS tp_count FROM `omronvote_vote` WHERE ( `fid`=32 ) LIMIT 1   [ RunTime:0.0002s ]
SQL: SELECT COUNT(*) AS tp_count FROM `omronvote_vote` WHERE ( `fid`=33 ) LIMIT 1   [ RunTime:0.0002s ]
SQL: SELECT COUNT(*) AS tp_count FROM `omronvote_vote` WHERE ( `fid`=34 ) LIMIT 1   [ RunTime:0.0002s ]
SQL: SELECT COUNT(*) AS tp_count FROM `omronvote_vote` WHERE ( `fid`=35 ) LIMIT 1   [ RunTime:0.0002s ]
SQL: SELECT COUNT(*) AS tp_count FROM `omronvote_vote` WHERE ( `fid`=36 ) LIMIT 1   [ RunTime:0.0002s ]
SQL: SELECT COUNT(*) AS tp_count FROM `omronvote_vote` WHERE ( `fid`=37 ) LIMIT 1   [ RunTime:0.0003s ]
SQL: SELECT COUNT(*) AS tp_count FROM `omronvote_vote` WHERE ( `fid`=38 ) LIMIT 1   [ RunTime:0.0002s ]
SQL: SELECT COUNT(*) AS tp_count FROM `omronvote_vote` WHERE ( `fid`=39 ) LIMIT 1   [ RunTime:0.0002s ]
SQL: SELECT COUNT(*) AS tp_count FROM `omronvote_vote` WHERE ( `fid`=40 ) LIMIT 1   [ RunTime:0.0002s ]
SQL: SELECT COUNT(*) AS tp_count FROM `omronvote_vote` WHERE ( `fid`=41 ) LIMIT 1   [ RunTime:0.0002s ]
INFO: [ view_parse ] --START--
INFO: [ template_filter ] --START--
INFO: Run Behavior\ContentReplaceBehavior [ RunTime:0.000119s ]
INFO: [ template_filter ] --END-- [ RunTime:0.000184s ]
NOTIC: [8] Undefined index: name /home/wwwroot/admin/Application/Runtime/Cache/Admin/4bc69b9be5975bbcfbc5a648a153ae0d.php 第 79 行.
NOTIC: [8] Undefined index: name /home/wwwroot/admin/Application/Runtime/Cache/Admin/4bc69b9be5975bbcfbc5a648a153ae0d.php 第 79 行.
NOTIC: [8] Undefined index: name /home/wwwroot/admin/Application/Runtime/Cache/Admin/4bc69b9be5975bbcfbc5a648a153ae0d.php 第 79 行.
NOTIC: [8] Undefined index: name /home/wwwroot/admin/Application/Runtime/Cache/Admin/4bc69b9be5975bbcfbc5a648a153ae0d.php 第 79 行.
NOTIC: [8] Undefined index: name /home/wwwroot/admin/Application/Runtime/Cache/Admin/4bc69b9be5975bbcfbc5a648a153ae0d.php 第 79 行.
NOTIC: [8] Undefined index: name /home/wwwroot/admin/Application/Runtime/Cache/Admin/4bc69b9be5975bbcfbc5a648a153ae0d.php 第 79 行.
NOTIC: [8] Undefined index: name /home/wwwroot/admin/Application/Runtime/Cache/Admin/4bc69b9be5975bbcfbc5a648a153ae0d.php 第 79 行.
NOTIC: [8] Undefined index: name /home/wwwroot/admin/Application/Runtime/Cache/Admin/4bc69b9be5975bbcfbc5a648a153ae0d.php 第 79 行.
NOTIC: [8] Undefined index: name /home/wwwroot/admin/Application/Runtime/Cache/Admin/4bc69b9be5975bbcfbc5a648a153ae0d.php 第 79 行.
NOTIC: [8] Undefined index: name /home/wwwroot/admin/Application/Runtime/Cache/Admin/4bc69b9be5975bbcfbc5a648a153ae0d.php 第 79 行.
NOTIC: [8] Undefined index: name /home/wwwroot/admin/Application/Runtime/Cache/Admin/4bc69b9be5975bbcfbc5a648a153ae0d.php 第 79 行.
NOTIC: [8] Undefined index: name /home/wwwroot/admin/Application/Runtime/Cache/Admin/4bc69b9be5975bbcfbc5a648a153ae0d.php 第 79 行.
NOTIC: [8] Undefined index: name /home/wwwroot/admin/Application/Runtime/Cache/Admin/4bc69b9be5975bbcfbc5a648a153ae0d.php 第 79 行.
NOTIC: [8] Undefined index: name /home/wwwroot/admin/Application/Runtime/Cache/Admin/4bc69b9be5975bbcfbc5a648a153ae0d.php 第 79 行.
NOTIC: [8] Undefined index: name /home/wwwroot/admin/Application/Runtime/Cache/Admin/4bc69b9be5975bbcfbc5a648a153ae0d.php 第 79 行.
NOTIC: [8] Undefined index: name /home/wwwroot/admin/Application/Runtime/Cache/Admin/4bc69b9be5975bbcfbc5a648a153ae0d.php 第 79 行.
NOTIC: [8] Undefined index: name /home/wwwroot/admin/Application/Runtime/Cache/Admin/4bc69b9be5975bbcfbc5a648a153ae0d.php 第 79 行.
NOTIC: [8] Undefined index: name /home/wwwroot/admin/Application/Runtime/Cache/Admin/4bc69b9be5975bbcfbc5a648a153ae0d.php 第 79 行.
NOTIC: [8] Undefined index: name /home/wwwroot/admin/Application/Runtime/Cache/Admin/4bc69b9be5975bbcfbc5a648a153ae0d.php 第 79 行.
NOTIC: [8] Undefined index: name /home/wwwroot/admin/Application/Runtime/Cache/Admin/4bc69b9be5975bbcfbc5a648a153ae0d.php 第 79 行.
NOTIC: [8] Undefined index: name /home/wwwroot/admin/Application/Runtime/Cache/Admin/4bc69b9be5975bbcfbc5a648a153ae0d.php 第 79 行.
NOTIC: [8] Undefined index: name /home/wwwroot/admin/Application/Runtime/Cache/Admin/4bc69b9be5975bbcfbc5a648a153ae0d.php 第 79 行.
NOTIC: [8] Undefined index: name /home/wwwroot/admin/Application/Runtime/Cache/Admin/4bc69b9be5975bbcfbc5a648a153ae0d.php 第 79 行.
NOTIC: [8] Undefined index: name /home/wwwroot/admin/Application/Runtime/Cache/Admin/4bc69b9be5975bbcfbc5a648a153ae0d.php 第 79 行.
NOTIC: [8] Undefined index: name /home/wwwroot/admin/Application/Runtime/Cache/Admin/4bc69b9be5975bbcfbc5a648a153ae0d.php 第 79 行.
NOTIC: [8] Undefined index: name /home/wwwroot/admin/Application/Runtime/Cache/Admin/4bc69b9be5975bbcfbc5a648a153ae0d.php 第 79 行.
NOTIC: [8] Undefined index: name /home/wwwroot/admin/Application/Runtime/Cache/Admin/4bc69b9be5975bbcfbc5a648a153ae0d.php 第 79 行.
NOTIC: [8] Undefined index: name /home/wwwroot/admin/Application/Runtime/Cache/Admin/4bc69b9be5975bbcfbc5a648a153ae0d.php 第 79 行.
NOTIC: [8] Undefined index: name /home/wwwroot/admin/Application/Runtime/Cache/Admin/4bc69b9be5975bbcfbc5a648a153ae0d.php 第 79 行.
NOTIC: [8] Undefined index: name /home/wwwroot/admin/Application/Runtime/Cache/Admin/4bc69b9be5975bbcfbc5a648a153ae0d.php 第 79 行.
NOTIC: [8] Undefined index: name /home/wwwroot/admin/Application/Runtime/Cache/Admin/4bc69b9be5975bbcfbc5a648a153ae0d.php 第 79 行.
NOTIC: [8] Undefined index: name /home/wwwroot/admin/Application/Runtime/Cache/Admin/4bc69b9be5975bbcfbc5a648a153ae0d.php 第 79 行.
NOTIC: [8] Undefined index: name /home/wwwroot/admin/Application/Runtime/Cache/Admin/4bc69b9be5975bbcfbc5a648a153ae0d.php 第 79 行.
NOTIC: [8] Undefined index: name /home/wwwroot/admin/Application/Runtime/Cache/Admin/4bc69b9be5975bbcfbc5a648a153ae0d.php 第 79 行.
NOTIC: [8] Undefined index: name /home/wwwroot/admin/Application/Runtime/Cache/Admin/4bc69b9be5975bbcfbc5a648a153ae0d.php 第 79 行.
NOTIC: [8] Undefined index: name /home/wwwroot/admin/Application/Runtime/Cache/Admin/4bc69b9be5975bbcfbc5a648a153ae0d.php 第 79 行.
NOTIC: [8] Undefined index: name /home/wwwroot/admin/Application/Runtime/Cache/Admin/4bc69b9be5975bbcfbc5a648a153ae0d.php 第 79 行.
NOTIC: [8] Undefined index: name /home/wwwroot/admin/Application/Runtime/Cache/Admin/4bc69b9be5975bbcfbc5a648a153ae0d.php 第 79 行.
NOTIC: [8] Undefined index: name /home/wwwroot/admin/Application/Runtime/Cache/Admin/4bc69b9be5975bbcfbc5a648a153ae0d.php 第 79 行.
NOTIC: [8] Undefined index: name /home/wwwroot/admin/Application/Runtime/Cache/Admin/4bc69b9be5975bbcfbc5a648a153ae0d.php 第 79 行.
NOTIC: [8] Undefined index: name /home/wwwroot/admin/Application/Runtime/Cache/Admin/4bc69b9be5975bbcfbc5a648a153ae0d.php 第 79 行.
INFO: Run Behavior\ParseTemplateBehavior [ RunTime:0.018346s ]
INFO: [ view_parse ] --END-- [ RunTime:0.018412s ]
INFO: [ view_filter ] --START--
INFO: Run Behavior\WriteHtmlCacheBehavior [ RunTime:0.000132s ]
INFO: [ view_filter ] --END-- [ RunTime:0.000180s ]
INFO: [ app_end ] --START--
INFO: Run Behavior\ShowPageTraceBehavior [ RunTime:0.000566s ]
INFO: [ app_end ] --END-- [ RunTime:0.000674s ]

