[ 2016-01-07T14:53:45+08:00 ] 1.12.11.95 /admin/index.php/Admin/OmronVote/index.html
INFO: [ app_init ] --START--
INFO: Run Behavior\BuildLiteBehavior [ RunTime:0.000014s ]
INFO: [ app_init ] --END-- [ RunTime:0.000267s ]
INFO: [ app_begin ] --START--
INFO: Run Behavior\ReadHtmlCacheBehavior [ RunTime:0.000353s ]
INFO: [ app_begin ] --END-- [ RunTime:0.000408s ]
NOTIC: [8] Undefined index: user_name /home/wwwroot/admin/Application/Admin/Controller/CommonController.class.php 第 17 行.
NOTIC: [8] Undefined index: authority /home/wwwroot/admin/Application/Admin/Controller/CommonController.class.php 第 17 行.

[ 2016-01-07T14:53:45+08:00 ] 1.12.11.95 /admin/Admin/Login/index.html
INFO: [ app_init ] --START--
INFO: Run Behavior\BuildLiteBehavior [ RunTime:0.000015s ]
INFO: [ app_init ] --END-- [ RunTime:0.000312s ]
INFO: [ app_begin ] --START--
INFO: Run Behavior\ReadHtmlCacheBehavior [ RunTime:0.000323s ]
INFO: [ app_begin ] --END-- [ RunTime:0.000378s ]
INFO: [ view_parse ] --START--
INFO: [ template_filter ] --START--
INFO: Run Behavior\ContentReplaceBehavior [ RunTime:0.000049s ]
INFO: [ template_filter ] --END-- [ RunTime:0.000109s ]
INFO: Run Behavior\ParseTemplateBehavior [ RunTime:0.004934s ]
INFO: [ view_parse ] --END-- [ RunTime:0.004986s ]
INFO: [ view_filter ] --START--
INFO: Run Behavior\WriteHtmlCacheBehavior [ RunTime:0.000114s ]
INFO: [ view_filter ] --END-- [ RunTime:0.000159s ]
INFO: [ app_end ] --START--
INFO: Run Behavior\ShowPageTraceBehavior [ RunTime:0.000372s ]
INFO: [ app_end ] --END-- [ RunTime:0.000458s ]

[ 2016-01-07T14:54:54+08:00 ] 1.12.11.95 /admin/Admin/Login/login.html
INFO: [ app_init ] --START--
INFO: Run Behavior\BuildLiteBehavior [ RunTime:0.000016s ]
INFO: [ app_init ] --END-- [ RunTime:0.000301s ]
INFO: [ app_begin ] --START--
INFO: Run Behavior\ReadHtmlCacheBehavior [ RunTime:0.000329s ]
INFO: [ app_begin ] --END-- [ RunTime:0.000382s ]
SQL: SHOW COLUMNS FROM `admin_users` [ RunTime:0.0008s ]
SQL: SELECT `id`,`password`,`authority` FROM `admin_users` WHERE ( `username`='admin' ) LIMIT 1   [ RunTime:0.0003s ]
NOTIC: [8] Undefined index: username /home/wwwroot/admin/Application/Admin/Controller/LoginController.class.php 第 22 行.

[ 2016-01-07T14:54:54+08:00 ] 1.12.11.95 /admin/Admin/Index/index.html
INFO: [ app_init ] --START--
INFO: Run Behavior\BuildLiteBehavior [ RunTime:0.000015s ]
INFO: [ app_init ] --END-- [ RunTime:0.000286s ]
INFO: [ app_begin ] --START--
INFO: Run Behavior\ReadHtmlCacheBehavior [ RunTime:0.000371s ]
INFO: [ app_begin ] --END-- [ RunTime:0.000435s ]
INFO: [ view_parse ] --START--
INFO: [ template_filter ] --START--
INFO: Run Behavior\ContentReplaceBehavior [ RunTime:0.000071s ]
INFO: [ template_filter ] --END-- [ RunTime:0.000127s ]
INFO: Run Behavior\ParseTemplateBehavior [ RunTime:0.006429s ]
INFO: [ view_parse ] --END-- [ RunTime:0.006485s ]
INFO: [ view_filter ] --START--
INFO: Run Behavior\WriteHtmlCacheBehavior [ RunTime:0.000115s ]
INFO: [ view_filter ] --END-- [ RunTime:0.000162s ]
INFO: [ app_end ] --START--
INFO: Run Behavior\ShowPageTraceBehavior [ RunTime:0.000355s ]
INFO: [ app_end ] --END-- [ RunTime:0.000405s ]

[ 2016-01-07T14:55:03+08:00 ] 1.12.11.95 /admin/Admin/OmronVote/index.html
INFO: [ app_init ] --START--
INFO: Run Behavior\BuildLiteBehavior [ RunTime:0.000016s ]
INFO: [ app_init ] --END-- [ RunTime:0.000300s ]
INFO: [ app_begin ] --START--
INFO: Run Behavior\ReadHtmlCacheBehavior [ RunTime:0.000331s ]
INFO: [ app_begin ] --END-- [ RunTime:0.000408s ]
SQL: SHOW COLUMNS FROM `omronvote_vote` [ RunTime:0.0008s ]
SQL: SELECT COUNT(*) AS tp_count FROM `omronvote_vote` WHERE ( `fid`=1 ) LIMIT 1   [ RunTime:0.0003s ]
SQL: SELECT COUNT(*) AS tp_count FROM `omronvote_vote` WHERE ( `fid`=2 ) LIMIT 1   [ RunTime:0.0003s ]
SQL: SELECT COUNT(*) AS tp_count FROM `omronvote_vote` WHERE ( `fid`=3 ) LIMIT 1   [ RunTime:0.0002s ]
SQL: SELECT COUNT(*) AS tp_count FROM `omronvote_vote` WHERE ( `fid`=4 ) LIMIT 1   [ RunTime:0.0002s ]
SQL: SELECT COUNT(*) AS tp_count FROM `omronvote_vote` WHERE ( `fid`=5 ) LIMIT 1   [ RunTime:0.0002s ]
SQL: SELECT COUNT(*) AS tp_count FROM `omronvote_vote` WHERE ( `fid`=6 ) LIMIT 1   [ RunTime:0.0002s ]
SQL: SELECT COUNT(*) AS tp_count FROM `omronvote_vote` WHERE ( `fid`=7 ) LIMIT 1   [ RunTime:0.0002s ]
SQL: SELECT COUNT(*) AS tp_count FROM `omronvote_vote` WHERE ( `fid`=8 ) LIMIT 1   [ RunTime:0.0002s ]
SQL: SELECT COUNT(*) AS tp_count FROM `omronvote_vote` WHERE ( `fid`=9 ) LIMIT 1   [ RunTime:0.0003s ]
SQL: SELECT COUNT(*) AS tp_count FROM `omronvote_vote` WHERE ( `fid`=10 ) LIMIT 1   [ RunTime:0.0002s ]
SQL: SELECT COUNT(*) AS tp_count FROM `omronvote_vote` WHERE ( `fid`=11 ) LIMIT 1   [ RunTime:0.0002s ]
SQL: SELECT COUNT(*) AS tp_count FROM `omronvote_vote` WHERE ( `fid`=12 ) LIMIT 1   [ RunTime:0.0002s ]
SQL: SELECT COUNT(*) AS tp_count FROM `omronvote_vote` WHERE ( `fid`=13 ) LIMIT 1   [ RunTime:0.0002s ]
SQL: SELECT COUNT(*) AS tp_count FROM `omronvote_vote` WHERE ( `fid`=14 ) LIMIT 1   [ RunTime:0.0002s ]
SQL: SELECT COUNT(*) AS tp_count FROM `omronvote_vote` WHERE ( `fid`=15 ) LIMIT 1   [ RunTime:0.0002s ]
SQL: SELECT COUNT(*) AS tp_count FROM `omronvote_vote` WHERE ( `fid`=16 ) LIMIT 1   [ RunTime:0.0003s ]
SQL: SELECT COUNT(*) AS tp_count FROM `omronvote_vote` WHERE ( `fid`=17 ) LIMIT 1   [ RunTime:0.0002s ]
SQL: SELECT COUNT(*) AS tp_count FROM `omronvote_vote` WHERE ( `fid`=18 ) LIMIT 1   [ RunTime:0.0002s ]
SQL: SELECT COUNT(*) AS tp_count FROM `omronvote_vote` WHERE ( `fid`=19 ) LIMIT 1   [ RunTime:0.0002s ]
SQL: SELECT COUNT(*) AS tp_count FROM `omronvote_vote` WHERE ( `fid`=20 ) LIMIT 1   [ RunTime:0.0002s ]
SQL: SELECT COUNT(*) AS tp_count FROM `omronvote_vote` WHERE ( `fid`=21 ) LIMIT 1   [ RunTime:0.0003s ]
SQL: SELECT COUNT(*) AS tp_count FROM `omronvote_vote` WHERE ( `fid`=22 ) LIMIT 1   [ RunTime:0.0002s ]
SQL: SELECT COUNT(*) AS tp_count FROM `omronvote_vote` WHERE ( `fid`=23 ) LIMIT 1   [ RunTime:0.0002s ]
SQL: SELECT COUNT(*) AS tp_count FROM `omronvote_vote` WHERE ( `fid`=24 ) LIMIT 1   [ RunTime:0.0002s ]
SQL: SELECT COUNT(*) AS tp_count FROM `omronvote_vote` WHERE ( `fid`=25 ) LIMIT 1   [ RunTime:0.0002s ]
SQL: SELECT COUNT(*) AS tp_count FROM `omronvote_vote` WHERE ( `fid`=26 ) LIMIT 1   [ RunTime:0.0002s ]
SQL: SELECT COUNT(*) AS tp_count FROM `omronvote_vote` WHERE ( `fid`=27 ) LIMIT 1   [ RunTime:0.0002s ]
SQL: SELECT COUNT(*) AS tp_count FROM `omronvote_vote` WHERE ( `fid`=28 ) LIMIT 1   [ RunTime:0.0002s ]
SQL: SELECT COUNT(*) AS tp_count FROM `omronvote_vote` WHERE ( `fid`=29 ) LIMIT 1   [ RunTime:0.0002s ]
SQL: SELECT COUNT(*) AS tp_count FROM `omronvote_vote` WHERE ( `fid`=30 ) LIMIT 1   [ RunTime:0.0002s ]
SQL: SELECT COUNT(*) AS tp_count FROM `omronvote_vote` WHERE ( `fid`=31 ) LIMIT 1   [ RunTime:0.0002s ]
SQL: SELECT COUNT(*) AS tp_count FROM `omronvote_vote` WHERE ( `fid`=32 ) LIMIT 1   [ RunTime:0.0002s ]
SQL: SELECT COUNT(*) AS tp_count FROM `omronvote_vote` WHERE ( `fid`=33 ) LIMIT 1   [ RunTime:0.0002s ]
SQL: SELECT COUNT(*) AS tp_count FROM `omronvote_vote` WHERE ( `fid`=34 ) LIMIT 1   [ RunTime:0.0002s ]
SQL: SELECT COUNT(*) AS tp_count FROM `omronvote_vote` WHERE ( `fid`=35 ) LIMIT 1   [ RunTime:0.0002s ]
SQL: SELECT COUNT(*) AS tp_count FROM `omronvote_vote` WHERE ( `fid`=36 ) LIMIT 1   [ RunTime:0.0002s ]
SQL: SELECT COUNT(*) AS tp_count FROM `omronvote_vote` WHERE ( `fid`=37 ) LIMIT 1   [ RunTime:0.0002s ]
SQL: SELECT COUNT(*) AS tp_count FROM `omronvote_vote` WHERE ( `fid`=38 ) LIMIT 1   [ RunTime:0.0002s ]
SQL: SELECT COUNT(*) AS tp_count FROM `omronvote_vote` WHERE ( `fid`=39 ) LIMIT 1   [ RunTime:0.0002s ]
SQL: SELECT COUNT(*) AS tp_count FROM `omronvote_vote` WHERE ( `fid`=40 ) LIMIT 1   [ RunTime:0.0002s ]
SQL: SELECT COUNT(*) AS tp_count FROM `omronvote_vote` WHERE ( `fid`=41 ) LIMIT 1   [ RunTime:0.0002s ]
INFO: [ view_parse ] --START--
INFO: [ template_filter ] --START--
INFO: Run Behavior\ContentReplaceBehavior [ RunTime:0.000125s ]
INFO: [ template_filter ] --END-- [ RunTime:0.000204s ]
NOTIC: [8] Undefined index: name /home/wwwroot/admin/Application/Runtime/Cache/Admin/4bc69b9be5975bbcfbc5a648a153ae0d.php 第 79 行.
NOTIC: [8] Undefined index: name /home/wwwroot/admin/Application/Runtime/Cache/Admin/4bc69b9be5975bbcfbc5a648a153ae0d.php 第 79 行.
NOTIC: [8] Undefined index: name /home/wwwroot/admin/Application/Runtime/Cache/Admin/4bc69b9be5975bbcfbc5a648a153ae0d.php 第 79 行.
NOTIC: [8] Undefined index: name /home/wwwroot/admin/Application/Runtime/Cache/Admin/4bc69b9be5975bbcfbc5a648a153ae0d.php 第 79 行.
NOTIC: [8] Undefined index: name /home/wwwroot/admin/Application/Runtime/Cache/Admin/4bc69b9be5975bbcfbc5a648a153ae0d.php 第 79 行.
NOTIC: [8] Undefined index: name /home/wwwroot/admin/Application/Runtime/Cache/Admin/4bc69b9be5975bbcfbc5a648a153ae0d.php 第 79 行.
NOTIC: [8] Undefined index: name /home/wwwroot/admin/Application/Runtime/Cache/Admin/4bc69b9be5975bbcfbc5a648a153ae0d.php 第 79 行.
NOTIC: [8] Undefined index: name /home/wwwroot/admin/Application/Runtime/Cache/Admin/4bc69b9be5975bbcfbc5a648a153ae0d.php 第 79 行.
NOTIC: [8] Undefined index: name /home/wwwroot/admin/Application/Runtime/Cache/Admin/4bc69b9be5975bbcfbc5a648a153ae0d.php 第 79 行.
NOTIC: [8] Undefined index: name /home/wwwroot/admin/Application/Runtime/Cache/Admin/4bc69b9be5975bbcfbc5a648a153ae0d.php 第 79 行.
NOTIC: [8] Undefined index: name /home/wwwroot/admin/Application/Runtime/Cache/Admin/4bc69b9be5975bbcfbc5a648a153ae0d.php 第 79 行.
NOTIC: [8] Undefined index: name /home/wwwroot/admin/Application/Runtime/Cache/Admin/4bc69b9be5975bbcfbc5a648a153ae0d.php 第 79 行.
NOTIC: [8] Undefined index: name /home/wwwroot/admin/Application/Runtime/Cache/Admin/4bc69b9be5975bbcfbc5a648a153ae0d.php 第 79 行.
NOTIC: [8] Undefined index: name /home/wwwroot/admin/Application/Runtime/Cache/Admin/4bc69b9be5975bbcfbc5a648a153ae0d.php 第 79 行.
NOTIC: [8] Undefined index: name /home/wwwroot/admin/Application/Runtime/Cache/Admin/4bc69b9be5975bbcfbc5a648a153ae0d.php 第 79 行.
NOTIC: [8] Undefined index: name /home/wwwroot/admin/Application/Runtime/Cache/Admin/4bc69b9be5975bbcfbc5a648a153ae0d.php 第 79 行.
NOTIC: [8] Undefined index: name /home/wwwroot/admin/Application/Runtime/Cache/Admin/4bc69b9be5975bbcfbc5a648a153ae0d.php 第 79 行.
NOTIC: [8] Undefined index: name /home/wwwroot/admin/Application/Runtime/Cache/Admin/4bc69b9be5975bbcfbc5a648a153ae0d.php 第 79 行.
NOTIC: [8] Undefined index: name /home/wwwroot/admin/Application/Runtime/Cache/Admin/4bc69b9be5975bbcfbc5a648a153ae0d.php 第 79 行.
NOTIC: [8] Undefined index: name /home/wwwroot/admin/Application/Runtime/Cache/Admin/4bc69b9be5975bbcfbc5a648a153ae0d.php 第 79 行.
NOTIC: [8] Undefined index: name /home/wwwroot/admin/Application/Runtime/Cache/Admin/4bc69b9be5975bbcfbc5a648a153ae0d.php 第 79 行.
NOTIC: [8] Undefined index: name /home/wwwroot/admin/Application/Runtime/Cache/Admin/4bc69b9be5975bbcfbc5a648a153ae0d.php 第 79 行.
NOTIC: [8] Undefined index: name /home/wwwroot/admin/Application/Runtime/Cache/Admin/4bc69b9be5975bbcfbc5a648a153ae0d.php 第 79 行.
NOTIC: [8] Undefined index: name /home/wwwroot/admin/Application/Runtime/Cache/Admin/4bc69b9be5975bbcfbc5a648a153ae0d.php 第 79 行.
NOTIC: [8] Undefined index: name /home/wwwroot/admin/Application/Runtime/Cache/Admin/4bc69b9be5975bbcfbc5a648a153ae0d.php 第 79 行.
NOTIC: [8] Undefined index: name /home/wwwroot/admin/Application/Runtime/Cache/Admin/4bc69b9be5975bbcfbc5a648a153ae0d.php 第 79 行.
NOTIC: [8] Undefined index: name /home/wwwroot/admin/Application/Runtime/Cache/Admin/4bc69b9be5975bbcfbc5a648a153ae0d.php 第 79 行.
NOTIC: [8] Undefined index: name /home/wwwroot/admin/Application/Runtime/Cache/Admin/4bc69b9be5975bbcfbc5a648a153ae0d.php 第 79 行.
NOTIC: [8] Undefined index: name /home/wwwroot/admin/Application/Runtime/Cache/Admin/4bc69b9be5975bbcfbc5a648a153ae0d.php 第 79 行.
NOTIC: [8] Undefined index: name /home/wwwroot/admin/Application/Runtime/Cache/Admin/4bc69b9be5975bbcfbc5a648a153ae0d.php 第 79 行.
NOTIC: [8] Undefined index: name /home/wwwroot/admin/Application/Runtime/Cache/Admin/4bc69b9be5975bbcfbc5a648a153ae0d.php 第 79 行.
NOTIC: [8] Undefined index: name /home/wwwroot/admin/Application/Runtime/Cache/Admin/4bc69b9be5975bbcfbc5a648a153ae0d.php 第 79 行.
NOTIC: [8] Undefined index: name /home/wwwroot/admin/Application/Runtime/Cache/Admin/4bc69b9be5975bbcfbc5a648a153ae0d.php 第 79 行.
NOTIC: [8] Undefined index: name /home/wwwroot/admin/Application/Runtime/Cache/Admin/4bc69b9be5975bbcfbc5a648a153ae0d.php 第 79 行.
NOTIC: [8] Undefined index: name /home/wwwroot/admin/Application/Runtime/Cache/Admin/4bc69b9be5975bbcfbc5a648a153ae0d.php 第 79 行.
NOTIC: [8] Undefined index: name /home/wwwroot/admin/Application/Runtime/Cache/Admin/4bc69b9be5975bbcfbc5a648a153ae0d.php 第 79 行.
NOTIC: [8] Undefined index: name /home/wwwroot/admin/Application/Runtime/Cache/Admin/4bc69b9be5975bbcfbc5a648a153ae0d.php 第 79 行.
NOTIC: [8] Undefined index: name /home/wwwroot/admin/Application/Runtime/Cache/Admin/4bc69b9be5975bbcfbc5a648a153ae0d.php 第 79 行.
NOTIC: [8] Undefined index: name /home/wwwroot/admin/Application/Runtime/Cache/Admin/4bc69b9be5975bbcfbc5a648a153ae0d.php 第 79 行.
NOTIC: [8] Undefined index: name /home/wwwroot/admin/Application/Runtime/Cache/Admin/4bc69b9be5975bbcfbc5a648a153ae0d.php 第 79 行.
NOTIC: [8] Undefined index: name /home/wwwroot/admin/Application/Runtime/Cache/Admin/4bc69b9be5975bbcfbc5a648a153ae0d.php 第 79 行.
INFO: Run Behavior\ParseTemplateBehavior [ RunTime:0.018950s ]
INFO: [ view_parse ] --END-- [ RunTime:0.019010s ]
INFO: [ view_filter ] --START--
INFO: Run Behavior\WriteHtmlCacheBehavior [ RunTime:0.000169s ]
INFO: [ view_filter ] --END-- [ RunTime:0.000218s ]
INFO: [ app_end ] --START--
INFO: Run Behavior\ShowPageTraceBehavior [ RunTime:0.000781s ]
INFO: [ app_end ] --END-- [ RunTime:0.000941s ]

