[ 2016-01-25T18:14:17+08:00 ] 59.109.150.17 /admin/index.php/Admin/OmronVote/index.html
INFO: [ app_init ] --START--
INFO: Run Behavior\BuildLiteBehavior [ RunTime:0.000014s ]
INFO: [ app_init ] --END-- [ RunTime:0.000291s ]
INFO: [ app_begin ] --START--
INFO: Run Behavior\ReadHtmlCacheBehavior [ RunTime:0.000373s ]
INFO: [ app_begin ] --END-- [ RunTime:0.000429s ]
NOTIC: [8] Undefined index: user_name /home/wwwroot/admin/Application/Admin/Controller/CommonController.class.php 第 17 行.
NOTIC: [8] Undefined index: authority /home/wwwroot/admin/Application/Admin/Controller/CommonController.class.php 第 17 行.

[ 2016-01-25T18:14:17+08:00 ] 59.109.150.17 /admin/Admin/Login/index.html
INFO: [ app_init ] --START--
INFO: Run Behavior\BuildLiteBehavior [ RunTime:0.000015s ]
INFO: [ app_init ] --END-- [ RunTime:0.000316s ]
INFO: [ app_begin ] --START--
INFO: Run Behavior\ReadHtmlCacheBehavior [ RunTime:0.000362s ]
INFO: [ app_begin ] --END-- [ RunTime:0.000418s ]
INFO: [ view_parse ] --START--
INFO: [ template_filter ] --START--
INFO: Run Behavior\ContentReplaceBehavior [ RunTime:0.000052s ]
INFO: [ template_filter ] --END-- [ RunTime:0.000117s ]
INFO: Run Behavior\ParseTemplateBehavior [ RunTime:0.006009s ]
INFO: [ view_parse ] --END-- [ RunTime:0.006062s ]
INFO: [ view_filter ] --START--
INFO: Run Behavior\WriteHtmlCacheBehavior [ RunTime:0.000115s ]
INFO: [ view_filter ] --END-- [ RunTime:0.000167s ]
INFO: [ app_end ] --START--
INFO: Run Behavior\ShowPageTraceBehavior [ RunTime:0.000431s ]
INFO: [ app_end ] --END-- [ RunTime:0.000484s ]

[ 2016-01-25T18:14:40+08:00 ] 112.90.78.25 /admin/Admin/Login/index.html
INFO: [ app_init ] --START--
INFO: Run Behavior\BuildLiteBehavior [ RunTime:0.000012s ]
INFO: [ app_init ] --END-- [ RunTime:0.003293s ]
INFO: [ app_begin ] --START--
INFO: Run Behavior\ReadHtmlCacheBehavior [ RunTime:0.003694s ]
INFO: [ app_begin ] --END-- [ RunTime:0.003753s ]
INFO: [ view_parse ] --START--
INFO: [ template_filter ] --START--
INFO: Run Behavior\ContentReplaceBehavior [ RunTime:0.000063s ]
INFO: [ template_filter ] --END-- [ RunTime:0.000142s ]
INFO: Run Behavior\ParseTemplateBehavior [ RunTime:0.012967s ]
INFO: [ view_parse ] --END-- [ RunTime:0.013023s ]
INFO: [ view_filter ] --START--
INFO: Run Behavior\WriteHtmlCacheBehavior [ RunTime:0.000129s ]
INFO: [ view_filter ] --END-- [ RunTime:0.000178s ]
INFO: [ app_end ] --START--
INFO: Run Behavior\ShowPageTraceBehavior [ RunTime:0.000474s ]
INFO: [ app_end ] --END-- [ RunTime:0.000548s ]

[ 2016-01-25T18:14:40+08:00 ] 113.108.80.206 /admin/Admin/Login/index.html
INFO: [ app_init ] --START--
INFO: Run Behavior\BuildLiteBehavior [ RunTime:0.000015s ]
INFO: [ app_init ] --END-- [ RunTime:0.000296s ]
INFO: [ app_begin ] --START--
INFO: Run Behavior\ReadHtmlCacheBehavior [ RunTime:0.000362s ]
INFO: [ app_begin ] --END-- [ RunTime:0.000418s ]
INFO: [ view_parse ] --START--
INFO: [ template_filter ] --START--
INFO: Run Behavior\ContentReplaceBehavior [ RunTime:0.000056s ]
INFO: [ template_filter ] --END-- [ RunTime:0.000128s ]
INFO: Run Behavior\ParseTemplateBehavior [ RunTime:0.014886s ]
INFO: [ view_parse ] --END-- [ RunTime:0.014954s ]
INFO: [ view_filter ] --START--
INFO: Run Behavior\WriteHtmlCacheBehavior [ RunTime:0.000115s ]
INFO: [ view_filter ] --END-- [ RunTime:0.000170s ]
INFO: [ app_end ] --START--
INFO: Run Behavior\ShowPageTraceBehavior [ RunTime:0.004446s ]
INFO: [ app_end ] --END-- [ RunTime:0.004505s ]

[ 2016-01-25T18:14:40+08:00 ] 112.65.193.14 /admin/Admin/Login/index.html
INFO: [ app_init ] --START--
INFO: Run Behavior\BuildLiteBehavior [ RunTime:0.000021s ]
INFO: [ app_init ] --END-- [ RunTime:0.000394s ]
INFO: [ app_begin ] --START--
INFO: Run Behavior\ReadHtmlCacheBehavior [ RunTime:0.000482s ]
INFO: [ app_begin ] --END-- [ RunTime:0.000543s ]
INFO: [ view_parse ] --START--
INFO: [ template_filter ] --START--
INFO: Run Behavior\ContentReplaceBehavior [ RunTime:0.000060s ]
INFO: [ template_filter ] --END-- [ RunTime:0.000123s ]
INFO: Run Behavior\ParseTemplateBehavior [ RunTime:0.005640s ]
INFO: [ view_parse ] --END-- [ RunTime:0.005701s ]
INFO: [ view_filter ] --START--
INFO: Run Behavior\WriteHtmlCacheBehavior [ RunTime:0.000120s ]
INFO: [ view_filter ] --END-- [ RunTime:0.000170s ]
INFO: [ app_end ] --START--
INFO: Run Behavior\ShowPageTraceBehavior [ RunTime:0.000556s ]
INFO: [ app_end ] --END-- [ RunTime:0.000615s ]

[ 2016-01-25T18:14:41+08:00 ] 101.226.68.177 /admin/Admin/Login/index.html
INFO: [ app_init ] --START--
INFO: Run Behavior\BuildLiteBehavior [ RunTime:0.000015s ]
INFO: [ app_init ] --END-- [ RunTime:0.000352s ]
INFO: [ app_begin ] --START--
INFO: Run Behavior\ReadHtmlCacheBehavior [ RunTime:0.000355s ]
INFO: [ app_begin ] --END-- [ RunTime:0.000436s ]
INFO: [ view_parse ] --START--
INFO: [ template_filter ] --START--
INFO: Run Behavior\ContentReplaceBehavior [ RunTime:0.000052s ]
INFO: [ template_filter ] --END-- [ RunTime:0.000115s ]
INFO: Run Behavior\ParseTemplateBehavior [ RunTime:0.005259s ]
INFO: [ view_parse ] --END-- [ RunTime:0.005316s ]
INFO: [ view_filter ] --START--
INFO: Run Behavior\WriteHtmlCacheBehavior [ RunTime:0.000113s ]
INFO: [ view_filter ] --END-- [ RunTime:0.000187s ]
INFO: [ app_end ] --START--
INFO: Run Behavior\ShowPageTraceBehavior [ RunTime:0.000475s ]
INFO: [ app_end ] --END-- [ RunTime:0.000528s ]

[ 2016-01-25T18:14:41+08:00 ] 180.153.81.183 /admin/Admin/Login/index.html
INFO: [ app_init ] --START--
INFO: Run Behavior\BuildLiteBehavior [ RunTime:0.000014s ]
INFO: [ app_init ] --END-- [ RunTime:0.000265s ]
INFO: [ app_begin ] --START--
INFO: Run Behavior\ReadHtmlCacheBehavior [ RunTime:0.000354s ]
INFO: [ app_begin ] --END-- [ RunTime:0.000410s ]
INFO: [ view_parse ] --START--
INFO: [ template_filter ] --START--
INFO: Run Behavior\ContentReplaceBehavior [ RunTime:0.000047s ]
INFO: [ template_filter ] --END-- [ RunTime:0.000103s ]
INFO: Run Behavior\ParseTemplateBehavior [ RunTime:0.004977s ]
INFO: [ view_parse ] --END-- [ RunTime:0.005029s ]
INFO: [ view_filter ] --START--
INFO: Run Behavior\WriteHtmlCacheBehavior [ RunTime:0.000117s ]
INFO: [ view_filter ] --END-- [ RunTime:0.000204s ]
INFO: [ app_end ] --START--
INFO: Run Behavior\ShowPageTraceBehavior [ RunTime:0.000371s ]
INFO: [ app_end ] --END-- [ RunTime:0.000421s ]

[ 2016-01-25T18:14:55+08:00 ] 58.62.200.230 /admin/Admin/Login/index.html
INFO: [ app_init ] --START--
INFO: Run Behavior\BuildLiteBehavior [ RunTime:0.000014s ]
INFO: [ app_init ] --END-- [ RunTime:0.000296s ]
INFO: [ app_begin ] --START--
INFO: Run Behavior\ReadHtmlCacheBehavior [ RunTime:0.000354s ]
INFO: [ app_begin ] --END-- [ RunTime:0.000409s ]
INFO: [ view_parse ] --START--
INFO: [ template_filter ] --START--
INFO: Run Behavior\ContentReplaceBehavior [ RunTime:0.000053s ]
INFO: [ template_filter ] --END-- [ RunTime:0.000135s ]
INFO: Run Behavior\ParseTemplateBehavior [ RunTime:0.005297s ]
INFO: [ view_parse ] --END-- [ RunTime:0.005354s ]
INFO: [ view_filter ] --START--
INFO: Run Behavior\WriteHtmlCacheBehavior [ RunTime:0.000114s ]
INFO: [ view_filter ] --END-- [ RunTime:0.000167s ]
INFO: [ app_end ] --START--
INFO: Run Behavior\ShowPageTraceBehavior [ RunTime:0.000419s ]
INFO: [ app_end ] --END-- [ RunTime:0.000475s ]

[ 2016-01-25T18:15:03+08:00 ] 59.109.150.17 /admin/Admin/Login/login.html
INFO: [ app_init ] --START--
INFO: Run Behavior\BuildLiteBehavior [ RunTime:0.000015s ]
INFO: [ app_init ] --END-- [ RunTime:0.000292s ]
INFO: [ app_begin ] --START--
INFO: Run Behavior\ReadHtmlCacheBehavior [ RunTime:0.000362s ]
INFO: [ app_begin ] --END-- [ RunTime:0.000416s ]
SQL: SHOW COLUMNS FROM `admin_users` [ RunTime:0.0009s ]
SQL: SELECT `id`,`password`,`authority` FROM `admin_users` WHERE ( `username`='admin' ) LIMIT 1   [ RunTime:0.0003s ]
NOTIC: [8] Undefined index: username /home/wwwroot/admin/Application/Admin/Controller/LoginController.class.php 第 22 行.

[ 2016-01-25T18:15:03+08:00 ] 59.109.150.17 /admin/Admin/Index/index.html
INFO: [ app_init ] --START--
INFO: Run Behavior\BuildLiteBehavior [ RunTime:0.000020s ]
INFO: [ app_init ] --END-- [ RunTime:0.000311s ]
INFO: [ app_begin ] --START--
INFO: Run Behavior\ReadHtmlCacheBehavior [ RunTime:0.000540s ]
INFO: [ app_begin ] --END-- [ RunTime:0.000633s ]
INFO: [ view_parse ] --START--
INFO: [ template_filter ] --START--
INFO: Run Behavior\ContentReplaceBehavior [ RunTime:0.000091s ]
INFO: [ template_filter ] --END-- [ RunTime:0.000158s ]
INFO: Run Behavior\ParseTemplateBehavior [ RunTime:0.007456s ]
INFO: [ view_parse ] --END-- [ RunTime:0.007518s ]
INFO: [ view_filter ] --START--
INFO: Run Behavior\WriteHtmlCacheBehavior [ RunTime:0.000120s ]
INFO: [ view_filter ] --END-- [ RunTime:0.000170s ]
INFO: [ app_end ] --START--
INFO: Run Behavior\ShowPageTraceBehavior [ RunTime:0.000400s ]
INFO: [ app_end ] --END-- [ RunTime:0.000451s ]

[ 2016-01-25T18:15:12+08:00 ] 59.109.150.17 /admin/Admin/OmronVote/index.html
INFO: [ app_init ] --START--
INFO: Run Behavior\BuildLiteBehavior [ RunTime:0.000014s ]
INFO: [ app_init ] --END-- [ RunTime:0.000271s ]
INFO: [ app_begin ] --START--
INFO: Run Behavior\ReadHtmlCacheBehavior [ RunTime:0.000340s ]
INFO: [ app_begin ] --END-- [ RunTime:0.000395s ]
SQL: SHOW COLUMNS FROM `omronvote_vote` [ RunTime:0.0010s ]
SQL: SELECT COUNT(*) AS tp_count FROM `omronvote_vote` WHERE ( `fid`=1 ) LIMIT 1   [ RunTime:0.0004s ]
SQL: SELECT COUNT(*) AS tp_count FROM `omronvote_vote` WHERE ( `fid`=2 ) LIMIT 1   [ RunTime:0.0003s ]
SQL: SELECT COUNT(*) AS tp_count FROM `omronvote_vote` WHERE ( `fid`=3 ) LIMIT 1   [ RunTime:0.0005s ]
SQL: SELECT COUNT(*) AS tp_count FROM `omronvote_vote` WHERE ( `fid`=4 ) LIMIT 1   [ RunTime:0.0003s ]
SQL: SELECT COUNT(*) AS tp_count FROM `omronvote_vote` WHERE ( `fid`=5 ) LIMIT 1   [ RunTime:0.0003s ]
SQL: SELECT COUNT(*) AS tp_count FROM `omronvote_vote` WHERE ( `fid`=6 ) LIMIT 1   [ RunTime:0.0003s ]
SQL: SELECT COUNT(*) AS tp_count FROM `omronvote_vote` WHERE ( `fid`=7 ) LIMIT 1   [ RunTime:0.0003s ]
SQL: SELECT COUNT(*) AS tp_count FROM `omronvote_vote` WHERE ( `fid`=8 ) LIMIT 1   [ RunTime:0.0003s ]
SQL: SELECT COUNT(*) AS tp_count FROM `omronvote_vote` WHERE ( `fid`=9 ) LIMIT 1   [ RunTime:0.0003s ]
SQL: SELECT COUNT(*) AS tp_count FROM `omronvote_vote` WHERE ( `fid`=10 ) LIMIT 1   [ RunTime:0.0003s ]
SQL: SELECT COUNT(*) AS tp_count FROM `omronvote_vote` WHERE ( `fid`=11 ) LIMIT 1   [ RunTime:0.0003s ]
SQL: SELECT COUNT(*) AS tp_count FROM `omronvote_vote` WHERE ( `fid`=12 ) LIMIT 1   [ RunTime:0.0003s ]
SQL: SELECT COUNT(*) AS tp_count FROM `omronvote_vote` WHERE ( `fid`=13 ) LIMIT 1   [ RunTime:0.0003s ]
SQL: SELECT COUNT(*) AS tp_count FROM `omronvote_vote` WHERE ( `fid`=14 ) LIMIT 1   [ RunTime:0.0003s ]
SQL: SELECT COUNT(*) AS tp_count FROM `omronvote_vote` WHERE ( `fid`=15 ) LIMIT 1   [ RunTime:0.0003s ]
SQL: SELECT COUNT(*) AS tp_count FROM `omronvote_vote` WHERE ( `fid`=16 ) LIMIT 1   [ RunTime:0.0003s ]
SQL: SELECT COUNT(*) AS tp_count FROM `omronvote_vote` WHERE ( `fid`=17 ) LIMIT 1   [ RunTime:0.0003s ]
SQL: SELECT COUNT(*) AS tp_count FROM `omronvote_vote` WHERE ( `fid`=18 ) LIMIT 1   [ RunTime:0.0003s ]
SQL: SELECT COUNT(*) AS tp_count FROM `omronvote_vote` WHERE ( `fid`=19 ) LIMIT 1   [ RunTime:0.0003s ]
SQL: SELECT COUNT(*) AS tp_count FROM `omronvote_vote` WHERE ( `fid`=20 ) LIMIT 1   [ RunTime:0.0003s ]
SQL: SELECT COUNT(*) AS tp_count FROM `omronvote_vote` WHERE ( `fid`=21 ) LIMIT 1   [ RunTime:0.0003s ]
SQL: SELECT COUNT(*) AS tp_count FROM `omronvote_vote` WHERE ( `fid`=22 ) LIMIT 1   [ RunTime:0.0003s ]
SQL: SELECT COUNT(*) AS tp_count FROM `omronvote_vote` WHERE ( `fid`=23 ) LIMIT 1   [ RunTime:0.0003s ]
SQL: SELECT COUNT(*) AS tp_count FROM `omronvote_vote` WHERE ( `fid`=24 ) LIMIT 1   [ RunTime:0.0003s ]
SQL: SELECT COUNT(*) AS tp_count FROM `omronvote_vote` WHERE ( `fid`=25 ) LIMIT 1   [ RunTime:0.0003s ]
SQL: SELECT COUNT(*) AS tp_count FROM `omronvote_vote` WHERE ( `fid`=26 ) LIMIT 1   [ RunTime:0.0003s ]
SQL: SELECT COUNT(*) AS tp_count FROM `omronvote_vote` WHERE ( `fid`=27 ) LIMIT 1   [ RunTime:0.0003s ]
SQL: SELECT COUNT(*) AS tp_count FROM `omronvote_vote` WHERE ( `fid`=28 ) LIMIT 1   [ RunTime:0.0003s ]
SQL: SELECT COUNT(*) AS tp_count FROM `omronvote_vote` WHERE ( `fid`=29 ) LIMIT 1   [ RunTime:0.0003s ]
SQL: SELECT COUNT(*) AS tp_count FROM `omronvote_vote` WHERE ( `fid`=30 ) LIMIT 1   [ RunTime:0.0003s ]
SQL: SELECT COUNT(*) AS tp_count FROM `omronvote_vote` WHERE ( `fid`=31 ) LIMIT 1   [ RunTime:0.0003s ]
SQL: SELECT COUNT(*) AS tp_count FROM `omronvote_vote` WHERE ( `fid`=32 ) LIMIT 1   [ RunTime:0.0003s ]
SQL: SELECT COUNT(*) AS tp_count FROM `omronvote_vote` WHERE ( `fid`=33 ) LIMIT 1   [ RunTime:0.0003s ]
SQL: SELECT COUNT(*) AS tp_count FROM `omronvote_vote` WHERE ( `fid`=34 ) LIMIT 1   [ RunTime:0.0003s ]
SQL: SELECT COUNT(*) AS tp_count FROM `omronvote_vote` WHERE ( `fid`=35 ) LIMIT 1   [ RunTime:0.0003s ]
SQL: SELECT COUNT(*) AS tp_count FROM `omronvote_vote` WHERE ( `fid`=36 ) LIMIT 1   [ RunTime:0.0003s ]
SQL: SELECT COUNT(*) AS tp_count FROM `omronvote_vote` WHERE ( `fid`=37 ) LIMIT 1   [ RunTime:0.0003s ]
SQL: SELECT COUNT(*) AS tp_count FROM `omronvote_vote` WHERE ( `fid`=38 ) LIMIT 1   [ RunTime:0.0003s ]
SQL: SELECT COUNT(*) AS tp_count FROM `omronvote_vote` WHERE ( `fid`=39 ) LIMIT 1   [ RunTime:0.0003s ]
SQL: SELECT COUNT(*) AS tp_count FROM `omronvote_vote` WHERE ( `fid`=40 ) LIMIT 1   [ RunTime:0.0003s ]
SQL: SELECT COUNT(*) AS tp_count FROM `omronvote_vote` WHERE ( `fid`=41 ) LIMIT 1   [ RunTime:0.0003s ]
INFO: [ view_parse ] --START--
INFO: [ template_filter ] --START--
INFO: Run Behavior\ContentReplaceBehavior [ RunTime:0.000154s ]
INFO: [ template_filter ] --END-- [ RunTime:0.000262s ]
NOTIC: [8] Undefined index: name /home/wwwroot/admin/Application/Runtime/Cache/Admin/4bc69b9be5975bbcfbc5a648a153ae0d.php 第 79 行.
NOTIC: [8] Undefined index: name /home/wwwroot/admin/Application/Runtime/Cache/Admin/4bc69b9be5975bbcfbc5a648a153ae0d.php 第 79 行.
NOTIC: [8] Undefined index: name /home/wwwroot/admin/Application/Runtime/Cache/Admin/4bc69b9be5975bbcfbc5a648a153ae0d.php 第 79 行.
NOTIC: [8] Undefined index: name /home/wwwroot/admin/Application/Runtime/Cache/Admin/4bc69b9be5975bbcfbc5a648a153ae0d.php 第 79 行.
NOTIC: [8] Undefined index: name /home/wwwroot/admin/Application/Runtime/Cache/Admin/4bc69b9be5975bbcfbc5a648a153ae0d.php 第 79 行.
NOTIC: [8] Undefined index: name /home/wwwroot/admin/Application/Runtime/Cache/Admin/4bc69b9be5975bbcfbc5a648a153ae0d.php 第 79 行.
NOTIC: [8] Undefined index: name /home/wwwroot/admin/Application/Runtime/Cache/Admin/4bc69b9be5975bbcfbc5a648a153ae0d.php 第 79 行.
NOTIC: [8] Undefined index: name /home/wwwroot/admin/Application/Runtime/Cache/Admin/4bc69b9be5975bbcfbc5a648a153ae0d.php 第 79 行.
NOTIC: [8] Undefined index: name /home/wwwroot/admin/Application/Runtime/Cache/Admin/4bc69b9be5975bbcfbc5a648a153ae0d.php 第 79 行.
NOTIC: [8] Undefined index: name /home/wwwroot/admin/Application/Runtime/Cache/Admin/4bc69b9be5975bbcfbc5a648a153ae0d.php 第 79 行.
NOTIC: [8] Undefined index: name /home/wwwroot/admin/Application/Runtime/Cache/Admin/4bc69b9be5975bbcfbc5a648a153ae0d.php 第 79 行.
NOTIC: [8] Undefined index: name /home/wwwroot/admin/Application/Runtime/Cache/Admin/4bc69b9be5975bbcfbc5a648a153ae0d.php 第 79 行.
NOTIC: [8] Undefined index: name /home/wwwroot/admin/Application/Runtime/Cache/Admin/4bc69b9be5975bbcfbc5a648a153ae0d.php 第 79 行.
NOTIC: [8] Undefined index: name /home/wwwroot/admin/Application/Runtime/Cache/Admin/4bc69b9be5975bbcfbc5a648a153ae0d.php 第 79 行.
NOTIC: [8] Undefined index: name /home/wwwroot/admin/Application/Runtime/Cache/Admin/4bc69b9be5975bbcfbc5a648a153ae0d.php 第 79 行.
NOTIC: [8] Undefined index: name /home/wwwroot/admin/Application/Runtime/Cache/Admin/4bc69b9be5975bbcfbc5a648a153ae0d.php 第 79 行.
NOTIC: [8] Undefined index: name /home/wwwroot/admin/Application/Runtime/Cache/Admin/4bc69b9be5975bbcfbc5a648a153ae0d.php 第 79 行.
NOTIC: [8] Undefined index: name /home/wwwroot/admin/Application/Runtime/Cache/Admin/4bc69b9be5975bbcfbc5a648a153ae0d.php 第 79 行.
NOTIC: [8] Undefined index: name /home/wwwroot/admin/Application/Runtime/Cache/Admin/4bc69b9be5975bbcfbc5a648a153ae0d.php 第 79 行.
NOTIC: [8] Undefined index: name /home/wwwroot/admin/Application/Runtime/Cache/Admin/4bc69b9be5975bbcfbc5a648a153ae0d.php 第 79 行.
NOTIC: [8] Undefined index: name /home/wwwroot/admin/Application/Runtime/Cache/Admin/4bc69b9be5975bbcfbc5a648a153ae0d.php 第 79 行.
NOTIC: [8] Undefined index: name /home/wwwroot/admin/Application/Runtime/Cache/Admin/4bc69b9be5975bbcfbc5a648a153ae0d.php 第 79 行.
NOTIC: [8] Undefined index: name /home/wwwroot/admin/Application/Runtime/Cache/Admin/4bc69b9be5975bbcfbc5a648a153ae0d.php 第 79 行.
NOTIC: [8] Undefined index: name /home/wwwroot/admin/Application/Runtime/Cache/Admin/4bc69b9be5975bbcfbc5a648a153ae0d.php 第 79 行.
NOTIC: [8] Undefined index: name /home/wwwroot/admin/Application/Runtime/Cache/Admin/4bc69b9be5975bbcfbc5a648a153ae0d.php 第 79 行.
NOTIC: [8] Undefined index: name /home/wwwroot/admin/Application/Runtime/Cache/Admin/4bc69b9be5975bbcfbc5a648a153ae0d.php 第 79 行.
NOTIC: [8] Undefined index: name /home/wwwroot/admin/Application/Runtime/Cache/Admin/4bc69b9be5975bbcfbc5a648a153ae0d.php 第 79 行.
NOTIC: [8] Undefined index: name /home/wwwroot/admin/Application/Runtime/Cache/Admin/4bc69b9be5975bbcfbc5a648a153ae0d.php 第 79 行.
NOTIC: [8] Undefined index: name /home/wwwroot/admin/Application/Runtime/Cache/Admin/4bc69b9be5975bbcfbc5a648a153ae0d.php 第 79 行.
NOTIC: [8] Undefined index: name /home/wwwroot/admin/Application/Runtime/Cache/Admin/4bc69b9be5975bbcfbc5a648a153ae0d.php 第 79 行.
NOTIC: [8] Undefined index: name /home/wwwroot/admin/Application/Runtime/Cache/Admin/4bc69b9be5975bbcfbc5a648a153ae0d.php 第 79 行.
NOTIC: [8] Undefined index: name /home/wwwroot/admin/Application/Runtime/Cache/Admin/4bc69b9be5975bbcfbc5a648a153ae0d.php 第 79 行.
NOTIC: [8] Undefined index: name /home/wwwroot/admin/Application/Runtime/Cache/Admin/4bc69b9be5975bbcfbc5a648a153ae0d.php 第 79 行.
NOTIC: [8] Undefined index: name /home/wwwroot/admin/Application/Runtime/Cache/Admin/4bc69b9be5975bbcfbc5a648a153ae0d.php 第 79 行.
NOTIC: [8] Undefined index: name /home/wwwroot/admin/Application/Runtime/Cache/Admin/4bc69b9be5975bbcfbc5a648a153ae0d.php 第 79 行.
NOTIC: [8] Undefined index: name /home/wwwroot/admin/Application/Runtime/Cache/Admin/4bc69b9be5975bbcfbc5a648a153ae0d.php 第 79 行.
NOTIC: [8] Undefined index: name /home/wwwroot/admin/Application/Runtime/Cache/Admin/4bc69b9be5975bbcfbc5a648a153ae0d.php 第 79 行.
NOTIC: [8] Undefined index: name /home/wwwroot/admin/Application/Runtime/Cache/Admin/4bc69b9be5975bbcfbc5a648a153ae0d.php 第 79 行.
NOTIC: [8] Undefined index: name /home/wwwroot/admin/Application/Runtime/Cache/Admin/4bc69b9be5975bbcfbc5a648a153ae0d.php 第 79 行.
NOTIC: [8] Undefined index: name /home/wwwroot/admin/Application/Runtime/Cache/Admin/4bc69b9be5975bbcfbc5a648a153ae0d.php 第 79 行.
NOTIC: [8] Undefined index: name /home/wwwroot/admin/Application/Runtime/Cache/Admin/4bc69b9be5975bbcfbc5a648a153ae0d.php 第 79 行.
INFO: Run Behavior\ParseTemplateBehavior [ RunTime:0.018607s ]
INFO: [ view_parse ] --END-- [ RunTime:0.018668s ]
INFO: [ view_filter ] --START--
INFO: Run Behavior\WriteHtmlCacheBehavior [ RunTime:0.000145s ]
INFO: [ view_filter ] --END-- [ RunTime:0.000195s ]
INFO: [ app_end ] --START--
INFO: Run Behavior\ShowPageTraceBehavior [ RunTime:0.000553s ]
INFO: [ app_end ] --END-- [ RunTime:0.000667s ]

[ 2016-01-25T18:15:22+08:00 ] 58.62.200.230 /admin/Admin/Login/login.html
INFO: [ app_init ] --START--
INFO: Run Behavior\BuildLiteBehavior [ RunTime:0.000014s ]
INFO: [ app_init ] --END-- [ RunTime:0.000291s ]
INFO: [ app_begin ] --START--
INFO: Run Behavior\ReadHtmlCacheBehavior [ RunTime:0.000441s ]
INFO: [ app_begin ] --END-- [ RunTime:0.000499s ]
SQL: SHOW COLUMNS FROM `admin_users` [ RunTime:0.0009s ]
SQL: SELECT `id`,`password`,`authority` FROM `admin_users` WHERE ( `username`='admin' ) LIMIT 1   [ RunTime:0.0003s ]
NOTIC: [8] Undefined index: username /home/wwwroot/admin/Application/Admin/Controller/LoginController.class.php 第 22 行.

[ 2016-01-25T18:15:22+08:00 ] 58.62.200.230 /admin/Admin/Index/index.html
INFO: [ app_init ] --START--
INFO: Run Behavior\BuildLiteBehavior [ RunTime:0.000015s ]
INFO: [ app_init ] --END-- [ RunTime:0.000318s ]
INFO: [ app_begin ] --START--
INFO: Run Behavior\ReadHtmlCacheBehavior [ RunTime:0.000377s ]
INFO: [ app_begin ] --END-- [ RunTime:0.000438s ]
INFO: [ view_parse ] --START--
INFO: [ template_filter ] --START--
INFO: Run Behavior\ContentReplaceBehavior [ RunTime:0.000075s ]
INFO: [ template_filter ] --END-- [ RunTime:0.000138s ]
INFO: Run Behavior\ParseTemplateBehavior [ RunTime:0.006651s ]
INFO: [ view_parse ] --END-- [ RunTime:0.006710s ]
INFO: [ view_filter ] --START--
INFO: Run Behavior\WriteHtmlCacheBehavior [ RunTime:0.000113s ]
INFO: [ view_filter ] --END-- [ RunTime:0.000161s ]
INFO: [ app_end ] --START--
INFO: Run Behavior\ShowPageTraceBehavior [ RunTime:0.000409s ]
INFO: [ app_end ] --END-- [ RunTime:0.000460s ]

[ 2016-01-25T18:15:26+08:00 ] 58.62.200.230 /admin/Admin/OmronVote/index.html
INFO: [ app_init ] --START--
INFO: Run Behavior\BuildLiteBehavior [ RunTime:0.000014s ]
INFO: [ app_init ] --END-- [ RunTime:0.000269s ]
INFO: [ app_begin ] --START--
INFO: Run Behavior\ReadHtmlCacheBehavior [ RunTime:0.000366s ]
INFO: [ app_begin ] --END-- [ RunTime:0.000421s ]
SQL: SHOW COLUMNS FROM `omronvote_vote` [ RunTime:0.0008s ]
SQL: SELECT COUNT(*) AS tp_count FROM `omronvote_vote` WHERE ( `fid`=1 ) LIMIT 1   [ RunTime:0.0003s ]
SQL: SELECT COUNT(*) AS tp_count FROM `omronvote_vote` WHERE ( `fid`=2 ) LIMIT 1   [ RunTime:0.0003s ]
SQL: SELECT COUNT(*) AS tp_count FROM `omronvote_vote` WHERE ( `fid`=3 ) LIMIT 1   [ RunTime:0.0003s ]
SQL: SELECT COUNT(*) AS tp_count FROM `omronvote_vote` WHERE ( `fid`=4 ) LIMIT 1   [ RunTime:0.0003s ]
SQL: SELECT COUNT(*) AS tp_count FROM `omronvote_vote` WHERE ( `fid`=5 ) LIMIT 1   [ RunTime:0.0003s ]
SQL: SELECT COUNT(*) AS tp_count FROM `omronvote_vote` WHERE ( `fid`=6 ) LIMIT 1   [ RunTime:0.0003s ]
SQL: SELECT COUNT(*) AS tp_count FROM `omronvote_vote` WHERE ( `fid`=7 ) LIMIT 1   [ RunTime:0.0003s ]
SQL: SELECT COUNT(*) AS tp_count FROM `omronvote_vote` WHERE ( `fid`=8 ) LIMIT 1   [ RunTime:0.0003s ]
SQL: SELECT COUNT(*) AS tp_count FROM `omronvote_vote` WHERE ( `fid`=9 ) LIMIT 1   [ RunTime:0.0003s ]
SQL: SELECT COUNT(*) AS tp_count FROM `omronvote_vote` WHERE ( `fid`=10 ) LIMIT 1   [ RunTime:0.0003s ]
SQL: SELECT COUNT(*) AS tp_count FROM `omronvote_vote` WHERE ( `fid`=11 ) LIMIT 1   [ RunTime:0.0003s ]
SQL: SELECT COUNT(*) AS tp_count FROM `omronvote_vote` WHERE ( `fid`=12 ) LIMIT 1   [ RunTime:0.0003s ]
SQL: SELECT COUNT(*) AS tp_count FROM `omronvote_vote` WHERE ( `fid`=13 ) LIMIT 1   [ RunTime:0.0003s ]
SQL: SELECT COUNT(*) AS tp_count FROM `omronvote_vote` WHERE ( `fid`=14 ) LIMIT 1   [ RunTime:0.0003s ]
SQL: SELECT COUNT(*) AS tp_count FROM `omronvote_vote` WHERE ( `fid`=15 ) LIMIT 1   [ RunTime:0.0003s ]
SQL: SELECT COUNT(*) AS tp_count FROM `omronvote_vote` WHERE ( `fid`=16 ) LIMIT 1   [ RunTime:0.0003s ]
SQL: SELECT COUNT(*) AS tp_count FROM `omronvote_vote` WHERE ( `fid`=17 ) LIMIT 1   [ RunTime:0.0003s ]
SQL: SELECT COUNT(*) AS tp_count FROM `omronvote_vote` WHERE ( `fid`=18 ) LIMIT 1   [ RunTime:0.0003s ]
SQL: SELECT COUNT(*) AS tp_count FROM `omronvote_vote` WHERE ( `fid`=19 ) LIMIT 1   [ RunTime:0.0003s ]
SQL: SELECT COUNT(*) AS tp_count FROM `omronvote_vote` WHERE ( `fid`=20 ) LIMIT 1   [ RunTime:0.0003s ]
SQL: SELECT COUNT(*) AS tp_count FROM `omronvote_vote` WHERE ( `fid`=21 ) LIMIT 1   [ RunTime:0.0003s ]
SQL: SELECT COUNT(*) AS tp_count FROM `omronvote_vote` WHERE ( `fid`=22 ) LIMIT 1   [ RunTime:0.0003s ]
SQL: SELECT COUNT(*) AS tp_count FROM `omronvote_vote` WHERE ( `fid`=23 ) LIMIT 1   [ RunTime:0.0003s ]
SQL: SELECT COUNT(*) AS tp_count FROM `omronvote_vote` WHERE ( `fid`=24 ) LIMIT 1   [ RunTime:0.0003s ]
SQL: SELECT COUNT(*) AS tp_count FROM `omronvote_vote` WHERE ( `fid`=25 ) LIMIT 1   [ RunTime:0.0003s ]
SQL: SELECT COUNT(*) AS tp_count FROM `omronvote_vote` WHERE ( `fid`=26 ) LIMIT 1   [ RunTime:0.0003s ]
SQL: SELECT COUNT(*) AS tp_count FROM `omronvote_vote` WHERE ( `fid`=27 ) LIMIT 1   [ RunTime:0.0003s ]
SQL: SELECT COUNT(*) AS tp_count FROM `omronvote_vote` WHERE ( `fid`=28 ) LIMIT 1   [ RunTime:0.0003s ]
SQL: SELECT COUNT(*) AS tp_count FROM `omronvote_vote` WHERE ( `fid`=29 ) LIMIT 1   [ RunTime:0.0003s ]
SQL: SELECT COUNT(*) AS tp_count FROM `omronvote_vote` WHERE ( `fid`=30 ) LIMIT 1   [ RunTime:0.0003s ]
SQL: SELECT COUNT(*) AS tp_count FROM `omronvote_vote` WHERE ( `fid`=31 ) LIMIT 1   [ RunTime:0.0003s ]
SQL: SELECT COUNT(*) AS tp_count FROM `omronvote_vote` WHERE ( `fid`=32 ) LIMIT 1   [ RunTime:0.0003s ]
SQL: SELECT COUNT(*) AS tp_count FROM `omronvote_vote` WHERE ( `fid`=33 ) LIMIT 1   [ RunTime:0.0003s ]
SQL: SELECT COUNT(*) AS tp_count FROM `omronvote_vote` WHERE ( `fid`=34 ) LIMIT 1   [ RunTime:0.0004s ]
SQL: SELECT COUNT(*) AS tp_count FROM `omronvote_vote` WHERE ( `fid`=35 ) LIMIT 1   [ RunTime:0.0003s ]
SQL: SELECT COUNT(*) AS tp_count FROM `omronvote_vote` WHERE ( `fid`=36 ) LIMIT 1   [ RunTime:0.0003s ]
SQL: SELECT COUNT(*) AS tp_count FROM `omronvote_vote` WHERE ( `fid`=37 ) LIMIT 1   [ RunTime:0.0003s ]
SQL: SELECT COUNT(*) AS tp_count FROM `omronvote_vote` WHERE ( `fid`=38 ) LIMIT 1   [ RunTime:0.0003s ]
SQL: SELECT COUNT(*) AS tp_count FROM `omronvote_vote` WHERE ( `fid`=39 ) LIMIT 1   [ RunTime:0.0003s ]
SQL: SELECT COUNT(*) AS tp_count FROM `omronvote_vote` WHERE ( `fid`=40 ) LIMIT 1   [ RunTime:0.0003s ]
SQL: SELECT COUNT(*) AS tp_count FROM `omronvote_vote` WHERE ( `fid`=41 ) LIMIT 1   [ RunTime:0.0006s ]
INFO: [ view_parse ] --START--
INFO: [ template_filter ] --START--
INFO: Run Behavior\ContentReplaceBehavior [ RunTime:0.000163s ]
INFO: [ template_filter ] --END-- [ RunTime:0.000230s ]
NOTIC: [8] Undefined index: name /home/wwwroot/admin/Application/Runtime/Cache/Admin/4bc69b9be5975bbcfbc5a648a153ae0d.php 第 79 行.
NOTIC: [8] Undefined index: name /home/wwwroot/admin/Application/Runtime/Cache/Admin/4bc69b9be5975bbcfbc5a648a153ae0d.php 第 79 行.
NOTIC: [8] Undefined index: name /home/wwwroot/admin/Application/Runtime/Cache/Admin/4bc69b9be5975bbcfbc5a648a153ae0d.php 第 79 行.
NOTIC: [8] Undefined index: name /home/wwwroot/admin/Application/Runtime/Cache/Admin/4bc69b9be5975bbcfbc5a648a153ae0d.php 第 79 行.
NOTIC: [8] Undefined index: name /home/wwwroot/admin/Application/Runtime/Cache/Admin/4bc69b9be5975bbcfbc5a648a153ae0d.php 第 79 行.
NOTIC: [8] Undefined index: name /home/wwwroot/admin/Application/Runtime/Cache/Admin/4bc69b9be5975bbcfbc5a648a153ae0d.php 第 79 行.
NOTIC: [8] Undefined index: name /home/wwwroot/admin/Application/Runtime/Cache/Admin/4bc69b9be5975bbcfbc5a648a153ae0d.php 第 79 行.
NOTIC: [8] Undefined index: name /home/wwwroot/admin/Application/Runtime/Cache/Admin/4bc69b9be5975bbcfbc5a648a153ae0d.php 第 79 行.
NOTIC: [8] Undefined index: name /home/wwwroot/admin/Application/Runtime/Cache/Admin/4bc69b9be5975bbcfbc5a648a153ae0d.php 第 79 行.
NOTIC: [8] Undefined index: name /home/wwwroot/admin/Application/Runtime/Cache/Admin/4bc69b9be5975bbcfbc5a648a153ae0d.php 第 79 行.
NOTIC: [8] Undefined index: name /home/wwwroot/admin/Application/Runtime/Cache/Admin/4bc69b9be5975bbcfbc5a648a153ae0d.php 第 79 行.
NOTIC: [8] Undefined index: name /home/wwwroot/admin/Application/Runtime/Cache/Admin/4bc69b9be5975bbcfbc5a648a153ae0d.php 第 79 行.
NOTIC: [8] Undefined index: name /home/wwwroot/admin/Application/Runtime/Cache/Admin/4bc69b9be5975bbcfbc5a648a153ae0d.php 第 79 行.
NOTIC: [8] Undefined index: name /home/wwwroot/admin/Application/Runtime/Cache/Admin/4bc69b9be5975bbcfbc5a648a153ae0d.php 第 79 行.
NOTIC: [8] Undefined index: name /home/wwwroot/admin/Application/Runtime/Cache/Admin/4bc69b9be5975bbcfbc5a648a153ae0d.php 第 79 行.
NOTIC: [8] Undefined index: name /home/wwwroot/admin/Application/Runtime/Cache/Admin/4bc69b9be5975bbcfbc5a648a153ae0d.php 第 79 行.
NOTIC: [8] Undefined index: name /home/wwwroot/admin/Application/Runtime/Cache/Admin/4bc69b9be5975bbcfbc5a648a153ae0d.php 第 79 行.
NOTIC: [8] Undefined index: name /home/wwwroot/admin/Application/Runtime/Cache/Admin/4bc69b9be5975bbcfbc5a648a153ae0d.php 第 79 行.
NOTIC: [8] Undefined index: name /home/wwwroot/admin/Application/Runtime/Cache/Admin/4bc69b9be5975bbcfbc5a648a153ae0d.php 第 79 行.
NOTIC: [8] Undefined index: name /home/wwwroot/admin/Application/Runtime/Cache/Admin/4bc69b9be5975bbcfbc5a648a153ae0d.php 第 79 行.
NOTIC: [8] Undefined index: name /home/wwwroot/admin/Application/Runtime/Cache/Admin/4bc69b9be5975bbcfbc5a648a153ae0d.php 第 79 行.
NOTIC: [8] Undefined index: name /home/wwwroot/admin/Application/Runtime/Cache/Admin/4bc69b9be5975bbcfbc5a648a153ae0d.php 第 79 行.
NOTIC: [8] Undefined index: name /home/wwwroot/admin/Application/Runtime/Cache/Admin/4bc69b9be5975bbcfbc5a648a153ae0d.php 第 79 行.
NOTIC: [8] Undefined index: name /home/wwwroot/admin/Application/Runtime/Cache/Admin/4bc69b9be5975bbcfbc5a648a153ae0d.php 第 79 行.
NOTIC: [8] Undefined index: name /home/wwwroot/admin/Application/Runtime/Cache/Admin/4bc69b9be5975bbcfbc5a648a153ae0d.php 第 79 行.
NOTIC: [8] Undefined index: name /home/wwwroot/admin/Application/Runtime/Cache/Admin/4bc69b9be5975bbcfbc5a648a153ae0d.php 第 79 行.
NOTIC: [8] Undefined index: name /home/wwwroot/admin/Application/Runtime/Cache/Admin/4bc69b9be5975bbcfbc5a648a153ae0d.php 第 79 行.
NOTIC: [8] Undefined index: name /home/wwwroot/admin/Application/Runtime/Cache/Admin/4bc69b9be5975bbcfbc5a648a153ae0d.php 第 79 行.
NOTIC: [8] Undefined index: name /home/wwwroot/admin/Application/Runtime/Cache/Admin/4bc69b9be5975bbcfbc5a648a153ae0d.php 第 79 行.
NOTIC: [8] Undefined index: name /home/wwwroot/admin/Application/Runtime/Cache/Admin/4bc69b9be5975bbcfbc5a648a153ae0d.php 第 79 行.
NOTIC: [8] Undefined index: name /home/wwwroot/admin/Application/Runtime/Cache/Admin/4bc69b9be5975bbcfbc5a648a153ae0d.php 第 79 行.
NOTIC: [8] Undefined index: name /home/wwwroot/admin/Application/Runtime/Cache/Admin/4bc69b9be5975bbcfbc5a648a153ae0d.php 第 79 行.
NOTIC: [8] Undefined index: name /home/wwwroot/admin/Application/Runtime/Cache/Admin/4bc69b9be5975bbcfbc5a648a153ae0d.php 第 79 行.
NOTIC: [8] Undefined index: name /home/wwwroot/admin/Application/Runtime/Cache/Admin/4bc69b9be5975bbcfbc5a648a153ae0d.php 第 79 行.
NOTIC: [8] Undefined index: name /home/wwwroot/admin/Application/Runtime/Cache/Admin/4bc69b9be5975bbcfbc5a648a153ae0d.php 第 79 行.
NOTIC: [8] Undefined index: name /home/wwwroot/admin/Application/Runtime/Cache/Admin/4bc69b9be5975bbcfbc5a648a153ae0d.php 第 79 行.
NOTIC: [8] Undefined index: name /home/wwwroot/admin/Application/Runtime/Cache/Admin/4bc69b9be5975bbcfbc5a648a153ae0d.php 第 79 行.
NOTIC: [8] Undefined index: name /home/wwwroot/admin/Application/Runtime/Cache/Admin/4bc69b9be5975bbcfbc5a648a153ae0d.php 第 79 行.
NOTIC: [8] Undefined index: name /home/wwwroot/admin/Application/Runtime/Cache/Admin/4bc69b9be5975bbcfbc5a648a153ae0d.php 第 79 行.
NOTIC: [8] Undefined index: name /home/wwwroot/admin/Application/Runtime/Cache/Admin/4bc69b9be5975bbcfbc5a648a153ae0d.php 第 79 行.
NOTIC: [8] Undefined index: name /home/wwwroot/admin/Application/Runtime/Cache/Admin/4bc69b9be5975bbcfbc5a648a153ae0d.php 第 79 行.
INFO: Run Behavior\ParseTemplateBehavior [ RunTime:0.018511s ]
INFO: [ view_parse ] --END-- [ RunTime:0.018573s ]
INFO: [ view_filter ] --START--
INFO: Run Behavior\WriteHtmlCacheBehavior [ RunTime:0.000153s ]
INFO: [ view_filter ] --END-- [ RunTime:0.000202s ]
INFO: [ app_end ] --START--
INFO: Run Behavior\ShowPageTraceBehavior [ RunTime:0.000465s ]
INFO: [ app_end ] --END-- [ RunTime:0.000556s ]

[ 2016-01-25T18:16:00+08:00 ] 58.62.200.230 /admin/Admin/OmronAward/index.html
INFO: [ app_init ] --START--
INFO: Run Behavior\BuildLiteBehavior [ RunTime:0.000015s ]
INFO: [ app_init ] --END-- [ RunTime:0.000297s ]
INFO: [ app_begin ] --START--
INFO: Run Behavior\ReadHtmlCacheBehavior [ RunTime:0.000357s ]
INFO: [ app_begin ] --END-- [ RunTime:0.000413s ]
SQL: SHOW COLUMNS FROM `omronvote_award` [ RunTime:0.0009s ]
SQL: SELECT `id`,`orgname`,`username`,`telphone`,`img`,`num_1`,`num_2`,`awardstatus`,`awardname` FROM `omronvote_award`  [ RunTime:0.0002s ]
INFO: [ view_parse ] --START--
INFO: [ template_filter ] --START--
INFO: Run Behavior\ContentReplaceBehavior [ RunTime:0.000099s ]
INFO: [ template_filter ] --END-- [ RunTime:0.000189s ]
INFO: Run Behavior\ParseTemplateBehavior [ RunTime:0.009687s ]
INFO: [ view_parse ] --END-- [ RunTime:0.009754s ]
INFO: [ view_filter ] --START--
INFO: Run Behavior\WriteHtmlCacheBehavior [ RunTime:0.000140s ]
INFO: [ view_filter ] --END-- [ RunTime:0.000189s ]
INFO: [ app_end ] --START--
INFO: Run Behavior\ShowPageTraceBehavior [ RunTime:0.000402s ]
INFO: [ app_end ] --END-- [ RunTime:0.000458s ]

[ 2016-01-25T18:16:03+08:00 ] 58.62.200.230 /admin/Admin/OmronVote/index.html
INFO: [ app_init ] --START--
INFO: Run Behavior\BuildLiteBehavior [ RunTime:0.000014s ]
INFO: [ app_init ] --END-- [ RunTime:0.000267s ]
INFO: [ app_begin ] --START--
INFO: Run Behavior\ReadHtmlCacheBehavior [ RunTime:0.000354s ]
INFO: [ app_begin ] --END-- [ RunTime:0.000410s ]
SQL: SHOW COLUMNS FROM `omronvote_vote` [ RunTime:0.0011s ]
SQL: SELECT COUNT(*) AS tp_count FROM `omronvote_vote` WHERE ( `fid`=1 ) LIMIT 1   [ RunTime:0.0004s ]
SQL: SELECT COUNT(*) AS tp_count FROM `omronvote_vote` WHERE ( `fid`=2 ) LIMIT 1   [ RunTime:0.0003s ]
SQL: SELECT COUNT(*) AS tp_count FROM `omronvote_vote` WHERE ( `fid`=3 ) LIMIT 1   [ RunTime:0.0003s ]
SQL: SELECT COUNT(*) AS tp_count FROM `omronvote_vote` WHERE ( `fid`=4 ) LIMIT 1   [ RunTime:0.0003s ]
SQL: SELECT COUNT(*) AS tp_count FROM `omronvote_vote` WHERE ( `fid`=5 ) LIMIT 1   [ RunTime:0.0003s ]
SQL: SELECT COUNT(*) AS tp_count FROM `omronvote_vote` WHERE ( `fid`=6 ) LIMIT 1   [ RunTime:0.0003s ]
SQL: SELECT COUNT(*) AS tp_count FROM `omronvote_vote` WHERE ( `fid`=7 ) LIMIT 1   [ RunTime:0.0003s ]
SQL: SELECT COUNT(*) AS tp_count FROM `omronvote_vote` WHERE ( `fid`=8 ) LIMIT 1   [ RunTime:0.0003s ]
SQL: SELECT COUNT(*) AS tp_count FROM `omronvote_vote` WHERE ( `fid`=9 ) LIMIT 1   [ RunTime:0.0003s ]
SQL: SELECT COUNT(*) AS tp_count FROM `omronvote_vote` WHERE ( `fid`=10 ) LIMIT 1   [ RunTime:0.0003s ]
SQL: SELECT COUNT(*) AS tp_count FROM `omronvote_vote` WHERE ( `fid`=11 ) LIMIT 1   [ RunTime:0.0003s ]
SQL: SELECT COUNT(*) AS tp_count FROM `omronvote_vote` WHERE ( `fid`=12 ) LIMIT 1   [ RunTime:0.0003s ]
SQL: SELECT COUNT(*) AS tp_count FROM `omronvote_vote` WHERE ( `fid`=13 ) LIMIT 1   [ RunTime:0.0003s ]
SQL: SELECT COUNT(*) AS tp_count FROM `omronvote_vote` WHERE ( `fid`=14 ) LIMIT 1   [ RunTime:0.0003s ]
SQL: SELECT COUNT(*) AS tp_count FROM `omronvote_vote` WHERE ( `fid`=15 ) LIMIT 1   [ RunTime:0.0003s ]
SQL: SELECT COUNT(*) AS tp_count FROM `omronvote_vote` WHERE ( `fid`=16 ) LIMIT 1   [ RunTime:0.0003s ]
SQL: SELECT COUNT(*) AS tp_count FROM `omronvote_vote` WHERE ( `fid`=17 ) LIMIT 1   [ RunTime:0.0003s ]
SQL: SELECT COUNT(*) AS tp_count FROM `omronvote_vote` WHERE ( `fid`=18 ) LIMIT 1   [ RunTime:0.0003s ]
SQL: SELECT COUNT(*) AS tp_count FROM `omronvote_vote` WHERE ( `fid`=19 ) LIMIT 1   [ RunTime:0.0003s ]
SQL: SELECT COUNT(*) AS tp_count FROM `omronvote_vote` WHERE ( `fid`=20 ) LIMIT 1   [ RunTime:0.0003s ]
SQL: SELECT COUNT(*) AS tp_count FROM `omronvote_vote` WHERE ( `fid`=21 ) LIMIT 1   [ RunTime:0.0003s ]
SQL: SELECT COUNT(*) AS tp_count FROM `omronvote_vote` WHERE ( `fid`=22 ) LIMIT 1   [ RunTime:0.0003s ]
SQL: SELECT COUNT(*) AS tp_count FROM `omronvote_vote` WHERE ( `fid`=23 ) LIMIT 1   [ RunTime:0.0003s ]
SQL: SELECT COUNT(*) AS tp_count FROM `omronvote_vote` WHERE ( `fid`=24 ) LIMIT 1   [ RunTime:0.0003s ]
SQL: SELECT COUNT(*) AS tp_count FROM `omronvote_vote` WHERE ( `fid`=25 ) LIMIT 1   [ RunTime:0.0003s ]
SQL: SELECT COUNT(*) AS tp_count FROM `omronvote_vote` WHERE ( `fid`=26 ) LIMIT 1   [ RunTime:0.0003s ]
SQL: SELECT COUNT(*) AS tp_count FROM `omronvote_vote` WHERE ( `fid`=27 ) LIMIT 1   [ RunTime:0.0003s ]
SQL: SELECT COUNT(*) AS tp_count FROM `omronvote_vote` WHERE ( `fid`=28 ) LIMIT 1   [ RunTime:0.0003s ]
SQL: SELECT COUNT(*) AS tp_count FROM `omronvote_vote` WHERE ( `fid`=29 ) LIMIT 1   [ RunTime:0.0003s ]
SQL: SELECT COUNT(*) AS tp_count FROM `omronvote_vote` WHERE ( `fid`=30 ) LIMIT 1   [ RunTime:0.0003s ]
SQL: SELECT COUNT(*) AS tp_count FROM `omronvote_vote` WHERE ( `fid`=31 ) LIMIT 1   [ RunTime:0.0003s ]
SQL: SELECT COUNT(*) AS tp_count FROM `omronvote_vote` WHERE ( `fid`=32 ) LIMIT 1   [ RunTime:0.0003s ]
SQL: SELECT COUNT(*) AS tp_count FROM `omronvote_vote` WHERE ( `fid`=33 ) LIMIT 1   [ RunTime:0.0003s ]
SQL: SELECT COUNT(*) AS tp_count FROM `omronvote_vote` WHERE ( `fid`=34 ) LIMIT 1   [ RunTime:0.0003s ]
SQL: SELECT COUNT(*) AS tp_count FROM `omronvote_vote` WHERE ( `fid`=35 ) LIMIT 1   [ RunTime:0.0003s ]
SQL: SELECT COUNT(*) AS tp_count FROM `omronvote_vote` WHERE ( `fid`=36 ) LIMIT 1   [ RunTime:0.0003s ]
SQL: SELECT COUNT(*) AS tp_count FROM `omronvote_vote` WHERE ( `fid`=37 ) LIMIT 1   [ RunTime:0.0003s ]
SQL: SELECT COUNT(*) AS tp_count FROM `omronvote_vote` WHERE ( `fid`=38 ) LIMIT 1   [ RunTime:0.0003s ]
SQL: SELECT COUNT(*) AS tp_count FROM `omronvote_vote` WHERE ( `fid`=39 ) LIMIT 1   [ RunTime:0.0003s ]
SQL: SELECT COUNT(*) AS tp_count FROM `omronvote_vote` WHERE ( `fid`=40 ) LIMIT 1   [ RunTime:0.0003s ]
SQL: SELECT COUNT(*) AS tp_count FROM `omronvote_vote` WHERE ( `fid`=41 ) LIMIT 1   [ RunTime:0.0003s ]
INFO: [ view_parse ] --START--
INFO: [ template_filter ] --START--
INFO: Run Behavior\ContentReplaceBehavior [ RunTime:0.000128s ]
INFO: [ template_filter ] --END-- [ RunTime:0.000208s ]
NOTIC: [8] Undefined index: name /home/wwwroot/admin/Application/Runtime/Cache/Admin/4bc69b9be5975bbcfbc5a648a153ae0d.php 第 79 行.
NOTIC: [8] Undefined index: name /home/wwwroot/admin/Application/Runtime/Cache/Admin/4bc69b9be5975bbcfbc5a648a153ae0d.php 第 79 行.
NOTIC: [8] Undefined index: name /home/wwwroot/admin/Application/Runtime/Cache/Admin/4bc69b9be5975bbcfbc5a648a153ae0d.php 第 79 行.
NOTIC: [8] Undefined index: name /home/wwwroot/admin/Application/Runtime/Cache/Admin/4bc69b9be5975bbcfbc5a648a153ae0d.php 第 79 行.
NOTIC: [8] Undefined index: name /home/wwwroot/admin/Application/Runtime/Cache/Admin/4bc69b9be5975bbcfbc5a648a153ae0d.php 第 79 行.
NOTIC: [8] Undefined index: name /home/wwwroot/admin/Application/Runtime/Cache/Admin/4bc69b9be5975bbcfbc5a648a153ae0d.php 第 79 行.
NOTIC: [8] Undefined index: name /home/wwwroot/admin/Application/Runtime/Cache/Admin/4bc69b9be5975bbcfbc5a648a153ae0d.php 第 79 行.
NOTIC: [8] Undefined index: name /home/wwwroot/admin/Application/Runtime/Cache/Admin/4bc69b9be5975bbcfbc5a648a153ae0d.php 第 79 行.
NOTIC: [8] Undefined index: name /home/wwwroot/admin/Application/Runtime/Cache/Admin/4bc69b9be5975bbcfbc5a648a153ae0d.php 第 79 行.
NOTIC: [8] Undefined index: name /home/wwwroot/admin/Application/Runtime/Cache/Admin/4bc69b9be5975bbcfbc5a648a153ae0d.php 第 79 行.
NOTIC: [8] Undefined index: name /home/wwwroot/admin/Application/Runtime/Cache/Admin/4bc69b9be5975bbcfbc5a648a153ae0d.php 第 79 行.
NOTIC: [8] Undefined index: name /home/wwwroot/admin/Application/Runtime/Cache/Admin/4bc69b9be5975bbcfbc5a648a153ae0d.php 第 79 行.
NOTIC: [8] Undefined index: name /home/wwwroot/admin/Application/Runtime/Cache/Admin/4bc69b9be5975bbcfbc5a648a153ae0d.php 第 79 行.
NOTIC: [8] Undefined index: name /home/wwwroot/admin/Application/Runtime/Cache/Admin/4bc69b9be5975bbcfbc5a648a153ae0d.php 第 79 行.
NOTIC: [8] Undefined index: name /home/wwwroot/admin/Application/Runtime/Cache/Admin/4bc69b9be5975bbcfbc5a648a153ae0d.php 第 79 行.
NOTIC: [8] Undefined index: name /home/wwwroot/admin/Application/Runtime/Cache/Admin/4bc69b9be5975bbcfbc5a648a153ae0d.php 第 79 行.
NOTIC: [8] Undefined index: name /home/wwwroot/admin/Application/Runtime/Cache/Admin/4bc69b9be5975bbcfbc5a648a153ae0d.php 第 79 行.
NOTIC: [8] Undefined index: name /home/wwwroot/admin/Application/Runtime/Cache/Admin/4bc69b9be5975bbcfbc5a648a153ae0d.php 第 79 行.
NOTIC: [8] Undefined index: name /home/wwwroot/admin/Application/Runtime/Cache/Admin/4bc69b9be5975bbcfbc5a648a153ae0d.php 第 79 行.
NOTIC: [8] Undefined index: name /home/wwwroot/admin/Application/Runtime/Cache/Admin/4bc69b9be5975bbcfbc5a648a153ae0d.php 第 79 行.
NOTIC: [8] Undefined index: name /home/wwwroot/admin/Application/Runtime/Cache/Admin/4bc69b9be5975bbcfbc5a648a153ae0d.php 第 79 行.
NOTIC: [8] Undefined index: name /home/wwwroot/admin/Application/Runtime/Cache/Admin/4bc69b9be5975bbcfbc5a648a153ae0d.php 第 79 行.
NOTIC: [8] Undefined index: name /home/wwwroot/admin/Application/Runtime/Cache/Admin/4bc69b9be5975bbcfbc5a648a153ae0d.php 第 79 行.
NOTIC: [8] Undefined index: name /home/wwwroot/admin/Application/Runtime/Cache/Admin/4bc69b9be5975bbcfbc5a648a153ae0d.php 第 79 行.
NOTIC: [8] Undefined index: name /home/wwwroot/admin/Application/Runtime/Cache/Admin/4bc69b9be5975bbcfbc5a648a153ae0d.php 第 79 行.
NOTIC: [8] Undefined index: name /home/wwwroot/admin/Application/Runtime/Cache/Admin/4bc69b9be5975bbcfbc5a648a153ae0d.php 第 79 行.
NOTIC: [8] Undefined index: name /home/wwwroot/admin/Application/Runtime/Cache/Admin/4bc69b9be5975bbcfbc5a648a153ae0d.php 第 79 行.
NOTIC: [8] Undefined index: name /home/wwwroot/admin/Application/Runtime/Cache/Admin/4bc69b9be5975bbcfbc5a648a153ae0d.php 第 79 行.
NOTIC: [8] Undefined index: name /home/wwwroot/admin/Application/Runtime/Cache/Admin/4bc69b9be5975bbcfbc5a648a153ae0d.php 第 79 行.
NOTIC: [8] Undefined index: name /home/wwwroot/admin/Application/Runtime/Cache/Admin/4bc69b9be5975bbcfbc5a648a153ae0d.php 第 79 行.
NOTIC: [8] Undefined index: name /home/wwwroot/admin/Application/Runtime/Cache/Admin/4bc69b9be5975bbcfbc5a648a153ae0d.php 第 79 行.
NOTIC: [8] Undefined index: name /home/wwwroot/admin/Application/Runtime/Cache/Admin/4bc69b9be5975bbcfbc5a648a153ae0d.php 第 79 行.
NOTIC: [8] Undefined index: name /home/wwwroot/admin/Application/Runtime/Cache/Admin/4bc69b9be5975bbcfbc5a648a153ae0d.php 第 79 行.
NOTIC: [8] Undefined index: name /home/wwwroot/admin/Application/Runtime/Cache/Admin/4bc69b9be5975bbcfbc5a648a153ae0d.php 第 79 行.
NOTIC: [8] Undefined index: name /home/wwwroot/admin/Application/Runtime/Cache/Admin/4bc69b9be5975bbcfbc5a648a153ae0d.php 第 79 行.
NOTIC: [8] Undefined index: name /home/wwwroot/admin/Application/Runtime/Cache/Admin/4bc69b9be5975bbcfbc5a648a153ae0d.php 第 79 行.
NOTIC: [8] Undefined index: name /home/wwwroot/admin/Application/Runtime/Cache/Admin/4bc69b9be5975bbcfbc5a648a153ae0d.php 第 79 行.
NOTIC: [8] Undefined index: name /home/wwwroot/admin/Application/Runtime/Cache/Admin/4bc69b9be5975bbcfbc5a648a153ae0d.php 第 79 行.
NOTIC: [8] Undefined index: name /home/wwwroot/admin/Application/Runtime/Cache/Admin/4bc69b9be5975bbcfbc5a648a153ae0d.php 第 79 行.
NOTIC: [8] Undefined index: name /home/wwwroot/admin/Application/Runtime/Cache/Admin/4bc69b9be5975bbcfbc5a648a153ae0d.php 第 79 行.
NOTIC: [8] Undefined index: name /home/wwwroot/admin/Application/Runtime/Cache/Admin/4bc69b9be5975bbcfbc5a648a153ae0d.php 第 79 行.
INFO: Run Behavior\ParseTemplateBehavior [ RunTime:0.018469s ]
INFO: [ view_parse ] --END-- [ RunTime:0.018529s ]
INFO: [ view_filter ] --START--
INFO: Run Behavior\WriteHtmlCacheBehavior [ RunTime:0.000148s ]
INFO: [ view_filter ] --END-- [ RunTime:0.000197s ]
INFO: [ app_end ] --START--
INFO: Run Behavior\ShowPageTraceBehavior [ RunTime:0.000565s ]
INFO: [ app_end ] --END-- [ RunTime:0.000669s ]

[ 2016-01-25T18:19:37+08:00 ] 58.62.200.230 /admin/Admin/Login/index.html
INFO: [ app_init ] --START--
INFO: Run Behavior\BuildLiteBehavior [ RunTime:0.000015s ]
INFO: [ app_init ] --END-- [ RunTime:0.000342s ]
INFO: [ app_begin ] --START--
INFO: Run Behavior\ReadHtmlCacheBehavior [ RunTime:0.000355s ]
INFO: [ app_begin ] --END-- [ RunTime:0.000411s ]
INFO: [ view_parse ] --START--
INFO: [ template_filter ] --START--
INFO: Run Behavior\ContentReplaceBehavior [ RunTime:0.000052s ]
INFO: [ template_filter ] --END-- [ RunTime:0.000115s ]
INFO: Run Behavior\ParseTemplateBehavior [ RunTime:0.005606s ]
INFO: [ view_parse ] --END-- [ RunTime:0.005665s ]
INFO: [ view_filter ] --START--
INFO: Run Behavior\WriteHtmlCacheBehavior [ RunTime:0.000116s ]
INFO: [ view_filter ] --END-- [ RunTime:0.000168s ]
INFO: [ app_end ] --START--
INFO: Run Behavior\ShowPageTraceBehavior [ RunTime:0.000418s ]
INFO: [ app_end ] --END-- [ RunTime:0.000467s ]

[ 2016-01-25T18:19:37+08:00 ] 58.62.200.230 /admin/Admin/Login/index.html
INFO: [ app_init ] --START--
INFO: Run Behavior\BuildLiteBehavior [ RunTime:0.000015s ]
INFO: [ app_init ] --END-- [ RunTime:0.000291s ]
INFO: [ app_begin ] --START--
INFO: Run Behavior\ReadHtmlCacheBehavior [ RunTime:0.000371s ]
INFO: [ app_begin ] --END-- [ RunTime:0.000427s ]
INFO: [ view_parse ] --START--
INFO: [ template_filter ] --START--
INFO: Run Behavior\ContentReplaceBehavior [ RunTime:0.000053s ]
INFO: [ template_filter ] --END-- [ RunTime:0.000116s ]
INFO: Run Behavior\ParseTemplateBehavior [ RunTime:0.005630s ]
INFO: [ view_parse ] --END-- [ RunTime:0.005688s ]
INFO: [ view_filter ] --START--
INFO: Run Behavior\WriteHtmlCacheBehavior [ RunTime:0.000136s ]
INFO: [ view_filter ] --END-- [ RunTime:0.000189s ]
INFO: [ app_end ] --START--
INFO: Run Behavior\ShowPageTraceBehavior [ RunTime:0.000412s ]
INFO: [ app_end ] --END-- [ RunTime:0.000462s ]

[ 2016-01-25T18:19:52+08:00 ] 58.62.200.230 /admin/Admin/Login/login.html
INFO: [ app_init ] --START--
INFO: Run Behavior\BuildLiteBehavior [ RunTime:0.000015s ]
INFO: [ app_init ] --END-- [ RunTime:0.000330s ]
INFO: [ app_begin ] --START--
INFO: Run Behavior\ReadHtmlCacheBehavior [ RunTime:0.000343s ]
INFO: [ app_begin ] --END-- [ RunTime:0.000422s ]
SQL: SHOW COLUMNS FROM `admin_users` [ RunTime:0.0009s ]
SQL: SELECT `id`,`password`,`authority` FROM `admin_users` WHERE ( `username`='admin' ) LIMIT 1   [ RunTime:0.0003s ]
NOTIC: [8] Undefined index: username /home/wwwroot/admin/Application/Admin/Controller/LoginController.class.php 第 22 行.

[ 2016-01-25T18:19:52+08:00 ] 58.62.200.230 /admin/Admin/Index/index.html
INFO: [ app_init ] --START--
INFO: Run Behavior\BuildLiteBehavior [ RunTime:0.000020s ]
INFO: [ app_init ] --END-- [ RunTime:0.000336s ]
INFO: [ app_begin ] --START--
INFO: Run Behavior\ReadHtmlCacheBehavior [ RunTime:0.000386s ]
INFO: [ app_begin ] --END-- [ RunTime:0.000451s ]
INFO: [ view_parse ] --START--
INFO: [ template_filter ] --START--
INFO: Run Behavior\ContentReplaceBehavior [ RunTime:0.000078s ]
INFO: [ template_filter ] --END-- [ RunTime:0.000143s ]
INFO: Run Behavior\ParseTemplateBehavior [ RunTime:0.007073s ]
INFO: [ view_parse ] --END-- [ RunTime:0.007135s ]
INFO: [ view_filter ] --START--
INFO: Run Behavior\WriteHtmlCacheBehavior [ RunTime:0.000116s ]
INFO: [ view_filter ] --END-- [ RunTime:0.000163s ]
INFO: [ app_end ] --START--
INFO: Run Behavior\ShowPageTraceBehavior [ RunTime:0.000426s ]
INFO: [ app_end ] --END-- [ RunTime:0.000477s ]

[ 2016-01-25T18:19:55+08:00 ] 58.62.200.230 /admin/Admin/OmronVote/index.html
INFO: [ app_init ] --START--
INFO: Run Behavior\BuildLiteBehavior [ RunTime:0.000024s ]
INFO: [ app_init ] --END-- [ RunTime:0.000390s ]
INFO: [ app_begin ] --START--
INFO: Run Behavior\ReadHtmlCacheBehavior [ RunTime:0.000547s ]
INFO: [ app_begin ] --END-- [ RunTime:0.000609s ]
SQL: SHOW COLUMNS FROM `omronvote_vote` [ RunTime:0.0009s ]
SQL: SELECT COUNT(*) AS tp_count FROM `omronvote_vote` WHERE ( `fid`=1 ) LIMIT 1   [ RunTime:0.0004s ]
SQL: SELECT COUNT(*) AS tp_count FROM `omronvote_vote` WHERE ( `fid`=2 ) LIMIT 1   [ RunTime:0.0003s ]
SQL: SELECT COUNT(*) AS tp_count FROM `omronvote_vote` WHERE ( `fid`=3 ) LIMIT 1   [ RunTime:0.0003s ]
SQL: SELECT COUNT(*) AS tp_count FROM `omronvote_vote` WHERE ( `fid`=4 ) LIMIT 1   [ RunTime:0.0003s ]
SQL: SELECT COUNT(*) AS tp_count FROM `omronvote_vote` WHERE ( `fid`=5 ) LIMIT 1   [ RunTime:0.0003s ]
SQL: SELECT COUNT(*) AS tp_count FROM `omronvote_vote` WHERE ( `fid`=6 ) LIMIT 1   [ RunTime:0.0003s ]
SQL: SELECT COUNT(*) AS tp_count FROM `omronvote_vote` WHERE ( `fid`=7 ) LIMIT 1   [ RunTime:0.0003s ]
SQL: SELECT COUNT(*) AS tp_count FROM `omronvote_vote` WHERE ( `fid`=8 ) LIMIT 1   [ RunTime:0.0003s ]
SQL: SELECT COUNT(*) AS tp_count FROM `omronvote_vote` WHERE ( `fid`=9 ) LIMIT 1   [ RunTime:0.0003s ]
SQL: SELECT COUNT(*) AS tp_count FROM `omronvote_vote` WHERE ( `fid`=10 ) LIMIT 1   [ RunTime:0.0003s ]
SQL: SELECT COUNT(*) AS tp_count FROM `omronvote_vote` WHERE ( `fid`=11 ) LIMIT 1   [ RunTime:0.0004s ]
SQL: SELECT COUNT(*) AS tp_count FROM `omronvote_vote` WHERE ( `fid`=12 ) LIMIT 1   [ RunTime:0.0003s ]
SQL: SELECT COUNT(*) AS tp_count FROM `omronvote_vote` WHERE ( `fid`=13 ) LIMIT 1   [ RunTime:0.0003s ]
SQL: SELECT COUNT(*) AS tp_count FROM `omronvote_vote` WHERE ( `fid`=14 ) LIMIT 1   [ RunTime:0.0003s ]
SQL: SELECT COUNT(*) AS tp_count FROM `omronvote_vote` WHERE ( `fid`=15 ) LIMIT 1   [ RunTime:0.0003s ]
SQL: SELECT COUNT(*) AS tp_count FROM `omronvote_vote` WHERE ( `fid`=16 ) LIMIT 1   [ RunTime:0.0003s ]
SQL: SELECT COUNT(*) AS tp_count FROM `omronvote_vote` WHERE ( `fid`=17 ) LIMIT 1   [ RunTime:0.0003s ]
SQL: SELECT COUNT(*) AS tp_count FROM `omronvote_vote` WHERE ( `fid`=18 ) LIMIT 1   [ RunTime:0.0003s ]
SQL: SELECT COUNT(*) AS tp_count FROM `omronvote_vote` WHERE ( `fid`=19 ) LIMIT 1   [ RunTime:0.0003s ]
SQL: SELECT COUNT(*) AS tp_count FROM `omronvote_vote` WHERE ( `fid`=20 ) LIMIT 1   [ RunTime:0.0003s ]
SQL: SELECT COUNT(*) AS tp_count FROM `omronvote_vote` WHERE ( `fid`=21 ) LIMIT 1   [ RunTime:0.0003s ]
SQL: SELECT COUNT(*) AS tp_count FROM `omronvote_vote` WHERE ( `fid`=22 ) LIMIT 1   [ RunTime:0.0003s ]
SQL: SELECT COUNT(*) AS tp_count FROM `omronvote_vote` WHERE ( `fid`=23 ) LIMIT 1   [ RunTime:0.0003s ]
SQL: SELECT COUNT(*) AS tp_count FROM `omronvote_vote` WHERE ( `fid`=24 ) LIMIT 1   [ RunTime:0.0003s ]
SQL: SELECT COUNT(*) AS tp_count FROM `omronvote_vote` WHERE ( `fid`=25 ) LIMIT 1   [ RunTime:0.0003s ]
SQL: SELECT COUNT(*) AS tp_count FROM `omronvote_vote` WHERE ( `fid`=26 ) LIMIT 1   [ RunTime:0.0003s ]
SQL: SELECT COUNT(*) AS tp_count FROM `omronvote_vote` WHERE ( `fid`=27 ) LIMIT 1   [ RunTime:0.0003s ]
SQL: SELECT COUNT(*) AS tp_count FROM `omronvote_vote` WHERE ( `fid`=28 ) LIMIT 1   [ RunTime:0.0003s ]
SQL: SELECT COUNT(*) AS tp_count FROM `omronvote_vote` WHERE ( `fid`=29 ) LIMIT 1   [ RunTime:0.0003s ]
SQL: SELECT COUNT(*) AS tp_count FROM `omronvote_vote` WHERE ( `fid`=30 ) LIMIT 1   [ RunTime:0.0003s ]
SQL: SELECT COUNT(*) AS tp_count FROM `omronvote_vote` WHERE ( `fid`=31 ) LIMIT 1   [ RunTime:0.0003s ]
SQL: SELECT COUNT(*) AS tp_count FROM `omronvote_vote` WHERE ( `fid`=32 ) LIMIT 1   [ RunTime:0.0003s ]
SQL: SELECT COUNT(*) AS tp_count FROM `omronvote_vote` WHERE ( `fid`=33 ) LIMIT 1   [ RunTime:0.0003s ]
SQL: SELECT COUNT(*) AS tp_count FROM `omronvote_vote` WHERE ( `fid`=34 ) LIMIT 1   [ RunTime:0.0003s ]
SQL: SELECT COUNT(*) AS tp_count FROM `omronvote_vote` WHERE ( `fid`=35 ) LIMIT 1   [ RunTime:0.0003s ]
SQL: SELECT COUNT(*) AS tp_count FROM `omronvote_vote` WHERE ( `fid`=36 ) LIMIT 1   [ RunTime:0.0003s ]
SQL: SELECT COUNT(*) AS tp_count FROM `omronvote_vote` WHERE ( `fid`=37 ) LIMIT 1   [ RunTime:0.0003s ]
SQL: SELECT COUNT(*) AS tp_count FROM `omronvote_vote` WHERE ( `fid`=38 ) LIMIT 1   [ RunTime:0.0003s ]
SQL: SELECT COUNT(*) AS tp_count FROM `omronvote_vote` WHERE ( `fid`=39 ) LIMIT 1   [ RunTime:0.0003s ]
SQL: SELECT COUNT(*) AS tp_count FROM `omronvote_vote` WHERE ( `fid`=40 ) LIMIT 1   [ RunTime:0.0003s ]
SQL: SELECT COUNT(*) AS tp_count FROM `omronvote_vote` WHERE ( `fid`=41 ) LIMIT 1   [ RunTime:0.0003s ]
INFO: [ view_parse ] --START--
INFO: [ template_filter ] --START--
INFO: Run Behavior\ContentReplaceBehavior [ RunTime:0.000130s ]
INFO: [ template_filter ] --END-- [ RunTime:0.000194s ]
NOTIC: [8] Undefined index: name /home/wwwroot/admin/Application/Runtime/Cache/Admin/4bc69b9be5975bbcfbc5a648a153ae0d.php 第 79 行.
NOTIC: [8] Undefined index: name /home/wwwroot/admin/Application/Runtime/Cache/Admin/4bc69b9be5975bbcfbc5a648a153ae0d.php 第 79 行.
NOTIC: [8] Undefined index: name /home/wwwroot/admin/Application/Runtime/Cache/Admin/4bc69b9be5975bbcfbc5a648a153ae0d.php 第 79 行.
NOTIC: [8] Undefined index: name /home/wwwroot/admin/Application/Runtime/Cache/Admin/4bc69b9be5975bbcfbc5a648a153ae0d.php 第 79 行.
NOTIC: [8] Undefined index: name /home/wwwroot/admin/Application/Runtime/Cache/Admin/4bc69b9be5975bbcfbc5a648a153ae0d.php 第 79 行.
NOTIC: [8] Undefined index: name /home/wwwroot/admin/Application/Runtime/Cache/Admin/4bc69b9be5975bbcfbc5a648a153ae0d.php 第 79 行.
NOTIC: [8] Undefined index: name /home/wwwroot/admin/Application/Runtime/Cache/Admin/4bc69b9be5975bbcfbc5a648a153ae0d.php 第 79 行.
NOTIC: [8] Undefined index: name /home/wwwroot/admin/Application/Runtime/Cache/Admin/4bc69b9be5975bbcfbc5a648a153ae0d.php 第 79 行.
NOTIC: [8] Undefined index: name /home/wwwroot/admin/Application/Runtime/Cache/Admin/4bc69b9be5975bbcfbc5a648a153ae0d.php 第 79 行.
NOTIC: [8] Undefined index: name /home/wwwroot/admin/Application/Runtime/Cache/Admin/4bc69b9be5975bbcfbc5a648a153ae0d.php 第 79 行.
NOTIC: [8] Undefined index: name /home/wwwroot/admin/Application/Runtime/Cache/Admin/4bc69b9be5975bbcfbc5a648a153ae0d.php 第 79 行.
NOTIC: [8] Undefined index: name /home/wwwroot/admin/Application/Runtime/Cache/Admin/4bc69b9be5975bbcfbc5a648a153ae0d.php 第 79 行.
NOTIC: [8] Undefined index: name /home/wwwroot/admin/Application/Runtime/Cache/Admin/4bc69b9be5975bbcfbc5a648a153ae0d.php 第 79 行.
NOTIC: [8] Undefined index: name /home/wwwroot/admin/Application/Runtime/Cache/Admin/4bc69b9be5975bbcfbc5a648a153ae0d.php 第 79 行.
NOTIC: [8] Undefined index: name /home/wwwroot/admin/Application/Runtime/Cache/Admin/4bc69b9be5975bbcfbc5a648a153ae0d.php 第 79 行.
NOTIC: [8] Undefined index: name /home/wwwroot/admin/Application/Runtime/Cache/Admin/4bc69b9be5975bbcfbc5a648a153ae0d.php 第 79 行.
NOTIC: [8] Undefined index: name /home/wwwroot/admin/Application/Runtime/Cache/Admin/4bc69b9be5975bbcfbc5a648a153ae0d.php 第 79 行.
NOTIC: [8] Undefined index: name /home/wwwroot/admin/Application/Runtime/Cache/Admin/4bc69b9be5975bbcfbc5a648a153ae0d.php 第 79 行.
NOTIC: [8] Undefined index: name /home/wwwroot/admin/Application/Runtime/Cache/Admin/4bc69b9be5975bbcfbc5a648a153ae0d.php 第 79 行.
NOTIC: [8] Undefined index: name /home/wwwroot/admin/Application/Runtime/Cache/Admin/4bc69b9be5975bbcfbc5a648a153ae0d.php 第 79 行.
NOTIC: [8] Undefined index: name /home/wwwroot/admin/Application/Runtime/Cache/Admin/4bc69b9be5975bbcfbc5a648a153ae0d.php 第 79 行.
NOTIC: [8] Undefined index: name /home/wwwroot/admin/Application/Runtime/Cache/Admin/4bc69b9be5975bbcfbc5a648a153ae0d.php 第 79 行.
NOTIC: [8] Undefined index: name /home/wwwroot/admin/Application/Runtime/Cache/Admin/4bc69b9be5975bbcfbc5a648a153ae0d.php 第 79 行.
NOTIC: [8] Undefined index: name /home/wwwroot/admin/Application/Runtime/Cache/Admin/4bc69b9be5975bbcfbc5a648a153ae0d.php 第 79 行.
NOTIC: [8] Undefined index: name /home/wwwroot/admin/Application/Runtime/Cache/Admin/4bc69b9be5975bbcfbc5a648a153ae0d.php 第 79 行.
NOTIC: [8] Undefined index: name /home/wwwroot/admin/Application/Runtime/Cache/Admin/4bc69b9be5975bbcfbc5a648a153ae0d.php 第 79 行.
NOTIC: [8] Undefined index: name /home/wwwroot/admin/Application/Runtime/Cache/Admin/4bc69b9be5975bbcfbc5a648a153ae0d.php 第 79 行.
NOTIC: [8] Undefined index: name /home/wwwroot/admin/Application/Runtime/Cache/Admin/4bc69b9be5975bbcfbc5a648a153ae0d.php 第 79 行.
NOTIC: [8] Undefined index: name /home/wwwroot/admin/Application/Runtime/Cache/Admin/4bc69b9be5975bbcfbc5a648a153ae0d.php 第 79 行.
NOTIC: [8] Undefined index: name /home/wwwroot/admin/Application/Runtime/Cache/Admin/4bc69b9be5975bbcfbc5a648a153ae0d.php 第 79 行.
NOTIC: [8] Undefined index: name /home/wwwroot/admin/Application/Runtime/Cache/Admin/4bc69b9be5975bbcfbc5a648a153ae0d.php 第 79 行.
NOTIC: [8] Undefined index: name /home/wwwroot/admin/Application/Runtime/Cache/Admin/4bc69b9be5975bbcfbc5a648a153ae0d.php 第 79 行.
NOTIC: [8] Undefined index: name /home/wwwroot/admin/Application/Runtime/Cache/Admin/4bc69b9be5975bbcfbc5a648a153ae0d.php 第 79 行.
NOTIC: [8] Undefined index: name /home/wwwroot/admin/Application/Runtime/Cache/Admin/4bc69b9be5975bbcfbc5a648a153ae0d.php 第 79 行.
NOTIC: [8] Undefined index: name /home/wwwroot/admin/Application/Runtime/Cache/Admin/4bc69b9be5975bbcfbc5a648a153ae0d.php 第 79 行.
NOTIC: [8] Undefined index: name /home/wwwroot/admin/Application/Runtime/Cache/Admin/4bc69b9be5975bbcfbc5a648a153ae0d.php 第 79 行.
NOTIC: [8] Undefined index: name /home/wwwroot/admin/Application/Runtime/Cache/Admin/4bc69b9be5975bbcfbc5a648a153ae0d.php 第 79 行.
NOTIC: [8] Undefined index: name /home/wwwroot/admin/Application/Runtime/Cache/Admin/4bc69b9be5975bbcfbc5a648a153ae0d.php 第 79 行.
NOTIC: [8] Undefined index: name /home/wwwroot/admin/Application/Runtime/Cache/Admin/4bc69b9be5975bbcfbc5a648a153ae0d.php 第 79 行.
NOTIC: [8] Undefined index: name /home/wwwroot/admin/Application/Runtime/Cache/Admin/4bc69b9be5975bbcfbc5a648a153ae0d.php 第 79 行.
NOTIC: [8] Undefined index: name /home/wwwroot/admin/Application/Runtime/Cache/Admin/4bc69b9be5975bbcfbc5a648a153ae0d.php 第 79 行.
INFO: Run Behavior\ParseTemplateBehavior [ RunTime:0.018839s ]
INFO: [ view_parse ] --END-- [ RunTime:0.018901s ]
INFO: [ view_filter ] --START--
INFO: Run Behavior\WriteHtmlCacheBehavior [ RunTime:0.000124s ]
INFO: [ view_filter ] --END-- [ RunTime:0.000173s ]
INFO: [ app_end ] --START--
INFO: Run Behavior\ShowPageTraceBehavior [ RunTime:0.000515s ]
INFO: [ app_end ] --END-- [ RunTime:0.000648s ]

[ 2016-01-25T18:20:06+08:00 ] 58.62.200.230 /admin/Admin/OmronAward/index.html
INFO: [ app_init ] --START--
INFO: Run Behavior\BuildLiteBehavior [ RunTime:0.000019s ]
INFO: [ app_init ] --END-- [ RunTime:0.000327s ]
INFO: [ app_begin ] --START--
INFO: Run Behavior\ReadHtmlCacheBehavior [ RunTime:0.000378s ]
INFO: [ app_begin ] --END-- [ RunTime:0.000435s ]
SQL: SHOW COLUMNS FROM `omronvote_award` [ RunTime:0.0009s ]
SQL: SELECT `id`,`orgname`,`username`,`telphone`,`img`,`num_1`,`num_2`,`awardstatus`,`awardname` FROM `omronvote_award`  [ RunTime:0.0003s ]
INFO: [ view_parse ] --START--
INFO: [ template_filter ] --START--
INFO: Run Behavior\ContentReplaceBehavior [ RunTime:0.000091s ]
INFO: [ template_filter ] --END-- [ RunTime:0.000168s ]
INFO: Run Behavior\ParseTemplateBehavior [ RunTime:0.009439s ]
INFO: [ view_parse ] --END-- [ RunTime:0.009504s ]
INFO: [ view_filter ] --START--
INFO: Run Behavior\WriteHtmlCacheBehavior [ RunTime:0.000125s ]
INFO: [ view_filter ] --END-- [ RunTime:0.000196s ]
INFO: [ app_end ] --START--
INFO: Run Behavior\ShowPageTraceBehavior [ RunTime:0.000376s ]
INFO: [ app_end ] --END-- [ RunTime:0.000432s ]

[ 2016-01-25T18:20:08+08:00 ] 58.62.200.230 /admin/Admin/OmronVote/index.html
INFO: [ app_init ] --START--
INFO: Run Behavior\BuildLiteBehavior [ RunTime:0.000028s ]
INFO: [ app_init ] --END-- [ RunTime:0.000506s ]
INFO: [ app_begin ] --START--
INFO: Run Behavior\ReadHtmlCacheBehavior [ RunTime:0.000437s ]
INFO: [ app_begin ] --END-- [ RunTime:0.000526s ]
SQL: SHOW COLUMNS FROM `omronvote_vote` [ RunTime:0.0009s ]
SQL: SELECT COUNT(*) AS tp_count FROM `omronvote_vote` WHERE ( `fid`=1 ) LIMIT 1   [ RunTime:0.0004s ]
SQL: SELECT COUNT(*) AS tp_count FROM `omronvote_vote` WHERE ( `fid`=2 ) LIMIT 1   [ RunTime:0.0003s ]
SQL: SELECT COUNT(*) AS tp_count FROM `omronvote_vote` WHERE ( `fid`=3 ) LIMIT 1   [ RunTime:0.0003s ]
SQL: SELECT COUNT(*) AS tp_count FROM `omronvote_vote` WHERE ( `fid`=4 ) LIMIT 1   [ RunTime:0.0003s ]
SQL: SELECT COUNT(*) AS tp_count FROM `omronvote_vote` WHERE ( `fid`=5 ) LIMIT 1   [ RunTime:0.0003s ]
SQL: SELECT COUNT(*) AS tp_count FROM `omronvote_vote` WHERE ( `fid`=6 ) LIMIT 1   [ RunTime:0.0003s ]
SQL: SELECT COUNT(*) AS tp_count FROM `omronvote_vote` WHERE ( `fid`=7 ) LIMIT 1   [ RunTime:0.0003s ]
SQL: SELECT COUNT(*) AS tp_count FROM `omronvote_vote` WHERE ( `fid`=8 ) LIMIT 1   [ RunTime:0.0003s ]
SQL: SELECT COUNT(*) AS tp_count FROM `omronvote_vote` WHERE ( `fid`=9 ) LIMIT 1   [ RunTime:0.0003s ]
SQL: SELECT COUNT(*) AS tp_count FROM `omronvote_vote` WHERE ( `fid`=10 ) LIMIT 1   [ RunTime:0.0003s ]
SQL: SELECT COUNT(*) AS tp_count FROM `omronvote_vote` WHERE ( `fid`=11 ) LIMIT 1   [ RunTime:0.0003s ]
SQL: SELECT COUNT(*) AS tp_count FROM `omronvote_vote` WHERE ( `fid`=12 ) LIMIT 1   [ RunTime:0.0003s ]
SQL: SELECT COUNT(*) AS tp_count FROM `omronvote_vote` WHERE ( `fid`=13 ) LIMIT 1   [ RunTime:0.0003s ]
SQL: SELECT COUNT(*) AS tp_count FROM `omronvote_vote` WHERE ( `fid`=14 ) LIMIT 1   [ RunTime:0.0003s ]
SQL: SELECT COUNT(*) AS tp_count FROM `omronvote_vote` WHERE ( `fid`=15 ) LIMIT 1   [ RunTime:0.0003s ]
SQL: SELECT COUNT(*) AS tp_count FROM `omronvote_vote` WHERE ( `fid`=16 ) LIMIT 1   [ RunTime:0.0003s ]
SQL: SELECT COUNT(*) AS tp_count FROM `omronvote_vote` WHERE ( `fid`=17 ) LIMIT 1   [ RunTime:0.0003s ]
SQL: SELECT COUNT(*) AS tp_count FROM `omronvote_vote` WHERE ( `fid`=18 ) LIMIT 1   [ RunTime:0.0003s ]
SQL: SELECT COUNT(*) AS tp_count FROM `omronvote_vote` WHERE ( `fid`=19 ) LIMIT 1   [ RunTime:0.0003s ]
SQL: SELECT COUNT(*) AS tp_count FROM `omronvote_vote` WHERE ( `fid`=20 ) LIMIT 1   [ RunTime:0.0003s ]
SQL: SELECT COUNT(*) AS tp_count FROM `omronvote_vote` WHERE ( `fid`=21 ) LIMIT 1   [ RunTime:0.0003s ]
SQL: SELECT COUNT(*) AS tp_count FROM `omronvote_vote` WHERE ( `fid`=22 ) LIMIT 1   [ RunTime:0.0003s ]
SQL: SELECT COUNT(*) AS tp_count FROM `omronvote_vote` WHERE ( `fid`=23 ) LIMIT 1   [ RunTime:0.0003s ]
SQL: SELECT COUNT(*) AS tp_count FROM `omronvote_vote` WHERE ( `fid`=24 ) LIMIT 1   [ RunTime:0.0003s ]
SQL: SELECT COUNT(*) AS tp_count FROM `omronvote_vote` WHERE ( `fid`=25 ) LIMIT 1   [ RunTime:0.0003s ]
SQL: SELECT COUNT(*) AS tp_count FROM `omronvote_vote` WHERE ( `fid`=26 ) LIMIT 1   [ RunTime:0.0003s ]
SQL: SELECT COUNT(*) AS tp_count FROM `omronvote_vote` WHERE ( `fid`=27 ) LIMIT 1   [ RunTime:0.0003s ]
SQL: SELECT COUNT(*) AS tp_count FROM `omronvote_vote` WHERE ( `fid`=28 ) LIMIT 1   [ RunTime:0.0003s ]
SQL: SELECT COUNT(*) AS tp_count FROM `omronvote_vote` WHERE ( `fid`=29 ) LIMIT 1   [ RunTime:0.0003s ]
SQL: SELECT COUNT(*) AS tp_count FROM `omronvote_vote` WHERE ( `fid`=30 ) LIMIT 1   [ RunTime:0.0003s ]
SQL: SELECT COUNT(*) AS tp_count FROM `omronvote_vote` WHERE ( `fid`=31 ) LIMIT 1   [ RunTime:0.0003s ]
SQL: SELECT COUNT(*) AS tp_count FROM `omronvote_vote` WHERE ( `fid`=32 ) LIMIT 1   [ RunTime:0.0003s ]
SQL: SELECT COUNT(*) AS tp_count FROM `omronvote_vote` WHERE ( `fid`=33 ) LIMIT 1   [ RunTime:0.0003s ]
SQL: SELECT COUNT(*) AS tp_count FROM `omronvote_vote` WHERE ( `fid`=34 ) LIMIT 1   [ RunTime:0.0003s ]
SQL: SELECT COUNT(*) AS tp_count FROM `omronvote_vote` WHERE ( `fid`=35 ) LIMIT 1   [ RunTime:0.0003s ]
SQL: SELECT COUNT(*) AS tp_count FROM `omronvote_vote` WHERE ( `fid`=36 ) LIMIT 1   [ RunTime:0.0003s ]
SQL: SELECT COUNT(*) AS tp_count FROM `omronvote_vote` WHERE ( `fid`=37 ) LIMIT 1   [ RunTime:0.0003s ]
SQL: SELECT COUNT(*) AS tp_count FROM `omronvote_vote` WHERE ( `fid`=38 ) LIMIT 1   [ RunTime:0.0003s ]
SQL: SELECT COUNT(*) AS tp_count FROM `omronvote_vote` WHERE ( `fid`=39 ) LIMIT 1   [ RunTime:0.0003s ]
SQL: SELECT COUNT(*) AS tp_count FROM `omronvote_vote` WHERE ( `fid`=40 ) LIMIT 1   [ RunTime:0.0003s ]
SQL: SELECT COUNT(*) AS tp_count FROM `omronvote_vote` WHERE ( `fid`=41 ) LIMIT 1   [ RunTime:0.0003s ]
INFO: [ view_parse ] --START--
INFO: [ template_filter ] --START--
INFO: Run Behavior\ContentReplaceBehavior [ RunTime:0.000157s ]
INFO: [ template_filter ] --END-- [ RunTime:0.000220s ]
NOTIC: [8] Undefined index: name /home/wwwroot/admin/Application/Runtime/Cache/Admin/4bc69b9be5975bbcfbc5a648a153ae0d.php 第 79 行.
NOTIC: [8] Undefined index: name /home/wwwroot/admin/Application/Runtime/Cache/Admin/4bc69b9be5975bbcfbc5a648a153ae0d.php 第 79 行.
NOTIC: [8] Undefined index: name /home/wwwroot/admin/Application/Runtime/Cache/Admin/4bc69b9be5975bbcfbc5a648a153ae0d.php 第 79 行.
NOTIC: [8] Undefined index: name /home/wwwroot/admin/Application/Runtime/Cache/Admin/4bc69b9be5975bbcfbc5a648a153ae0d.php 第 79 行.
NOTIC: [8] Undefined index: name /home/wwwroot/admin/Application/Runtime/Cache/Admin/4bc69b9be5975bbcfbc5a648a153ae0d.php 第 79 行.
NOTIC: [8] Undefined index: name /home/wwwroot/admin/Application/Runtime/Cache/Admin/4bc69b9be5975bbcfbc5a648a153ae0d.php 第 79 行.
NOTIC: [8] Undefined index: name /home/wwwroot/admin/Application/Runtime/Cache/Admin/4bc69b9be5975bbcfbc5a648a153ae0d.php 第 79 行.
NOTIC: [8] Undefined index: name /home/wwwroot/admin/Application/Runtime/Cache/Admin/4bc69b9be5975bbcfbc5a648a153ae0d.php 第 79 行.
NOTIC: [8] Undefined index: name /home/wwwroot/admin/Application/Runtime/Cache/Admin/4bc69b9be5975bbcfbc5a648a153ae0d.php 第 79 行.
NOTIC: [8] Undefined index: name /home/wwwroot/admin/Application/Runtime/Cache/Admin/4bc69b9be5975bbcfbc5a648a153ae0d.php 第 79 行.
NOTIC: [8] Undefined index: name /home/wwwroot/admin/Application/Runtime/Cache/Admin/4bc69b9be5975bbcfbc5a648a153ae0d.php 第 79 行.
NOTIC: [8] Undefined index: name /home/wwwroot/admin/Application/Runtime/Cache/Admin/4bc69b9be5975bbcfbc5a648a153ae0d.php 第 79 行.
NOTIC: [8] Undefined index: name /home/wwwroot/admin/Application/Runtime/Cache/Admin/4bc69b9be5975bbcfbc5a648a153ae0d.php 第 79 行.
NOTIC: [8] Undefined index: name /home/wwwroot/admin/Application/Runtime/Cache/Admin/4bc69b9be5975bbcfbc5a648a153ae0d.php 第 79 行.
NOTIC: [8] Undefined index: name /home/wwwroot/admin/Application/Runtime/Cache/Admin/4bc69b9be5975bbcfbc5a648a153ae0d.php 第 79 行.
NOTIC: [8] Undefined index: name /home/wwwroot/admin/Application/Runtime/Cache/Admin/4bc69b9be5975bbcfbc5a648a153ae0d.php 第 79 行.
NOTIC: [8] Undefined index: name /home/wwwroot/admin/Application/Runtime/Cache/Admin/4bc69b9be5975bbcfbc5a648a153ae0d.php 第 79 行.
NOTIC: [8] Undefined index: name /home/wwwroot/admin/Application/Runtime/Cache/Admin/4bc69b9be5975bbcfbc5a648a153ae0d.php 第 79 行.
NOTIC: [8] Undefined index: name /home/wwwroot/admin/Application/Runtime/Cache/Admin/4bc69b9be5975bbcfbc5a648a153ae0d.php 第 79 行.
NOTIC: [8] Undefined index: name /home/wwwroot/admin/Application/Runtime/Cache/Admin/4bc69b9be5975bbcfbc5a648a153ae0d.php 第 79 行.
NOTIC: [8] Undefined index: name /home/wwwroot/admin/Application/Runtime/Cache/Admin/4bc69b9be5975bbcfbc5a648a153ae0d.php 第 79 行.
NOTIC: [8] Undefined index: name /home/wwwroot/admin/Application/Runtime/Cache/Admin/4bc69b9be5975bbcfbc5a648a153ae0d.php 第 79 行.
NOTIC: [8] Undefined index: name /home/wwwroot/admin/Application/Runtime/Cache/Admin/4bc69b9be5975bbcfbc5a648a153ae0d.php 第 79 行.
NOTIC: [8] Undefined index: name /home/wwwroot/admin/Application/Runtime/Cache/Admin/4bc69b9be5975bbcfbc5a648a153ae0d.php 第 79 行.
NOTIC: [8] Undefined index: name /home/wwwroot/admin/Application/Runtime/Cache/Admin/4bc69b9be5975bbcfbc5a648a153ae0d.php 第 79 行.
NOTIC: [8] Undefined index: name /home/wwwroot/admin/Application/Runtime/Cache/Admin/4bc69b9be5975bbcfbc5a648a153ae0d.php 第 79 行.
NOTIC: [8] Undefined index: name /home/wwwroot/admin/Application/Runtime/Cache/Admin/4bc69b9be5975bbcfbc5a648a153ae0d.php 第 79 行.
NOTIC: [8] Undefined index: name /home/wwwroot/admin/Application/Runtime/Cache/Admin/4bc69b9be5975bbcfbc5a648a153ae0d.php 第 79 行.
NOTIC: [8] Undefined index: name /home/wwwroot/admin/Application/Runtime/Cache/Admin/4bc69b9be5975bbcfbc5a648a153ae0d.php 第 79 行.
NOTIC: [8] Undefined index: name /home/wwwroot/admin/Application/Runtime/Cache/Admin/4bc69b9be5975bbcfbc5a648a153ae0d.php 第 79 行.
NOTIC: [8] Undefined index: name /home/wwwroot/admin/Application/Runtime/Cache/Admin/4bc69b9be5975bbcfbc5a648a153ae0d.php 第 79 行.
NOTIC: [8] Undefined index: name /home/wwwroot/admin/Application/Runtime/Cache/Admin/4bc69b9be5975bbcfbc5a648a153ae0d.php 第 79 行.
NOTIC: [8] Undefined index: name /home/wwwroot/admin/Application/Runtime/Cache/Admin/4bc69b9be5975bbcfbc5a648a153ae0d.php 第 79 行.
NOTIC: [8] Undefined index: name /home/wwwroot/admin/Application/Runtime/Cache/Admin/4bc69b9be5975bbcfbc5a648a153ae0d.php 第 79 行.
NOTIC: [8] Undefined index: name /home/wwwroot/admin/Application/Runtime/Cache/Admin/4bc69b9be5975bbcfbc5a648a153ae0d.php 第 79 行.
NOTIC: [8] Undefined index: name /home/wwwroot/admin/Application/Runtime/Cache/Admin/4bc69b9be5975bbcfbc5a648a153ae0d.php 第 79 行.
NOTIC: [8] Undefined index: name /home/wwwroot/admin/Application/Runtime/Cache/Admin/4bc69b9be5975bbcfbc5a648a153ae0d.php 第 79 行.
NOTIC: [8] Undefined index: name /home/wwwroot/admin/Application/Runtime/Cache/Admin/4bc69b9be5975bbcfbc5a648a153ae0d.php 第 79 行.
NOTIC: [8] Undefined index: name /home/wwwroot/admin/Application/Runtime/Cache/Admin/4bc69b9be5975bbcfbc5a648a153ae0d.php 第 79 行.
NOTIC: [8] Undefined index: name /home/wwwroot/admin/Application/Runtime/Cache/Admin/4bc69b9be5975bbcfbc5a648a153ae0d.php 第 79 行.
NOTIC: [8] Undefined index: name /home/wwwroot/admin/Application/Runtime/Cache/Admin/4bc69b9be5975bbcfbc5a648a153ae0d.php 第 79 行.
INFO: Run Behavior\ParseTemplateBehavior [ RunTime:0.018648s ]
INFO: [ view_parse ] --END-- [ RunTime:0.018712s ]
INFO: [ view_filter ] --START--
INFO: Run Behavior\WriteHtmlCacheBehavior [ RunTime:0.000124s ]
INFO: [ view_filter ] --END-- [ RunTime:0.000173s ]
INFO: [ app_end ] --START--
INFO: Run Behavior\ShowPageTraceBehavior [ RunTime:0.000504s ]
INFO: [ app_end ] --END-- [ RunTime:0.000596s ]

