[ 2016-01-25T04:16:56+08:00 ] 121.42.0.17 /admin/
INFO: [ app_init ] --START--
INFO: Run Behavior\BuildLiteBehavior [ RunTime:0.000018s ]
INFO: [ app_init ] --END-- [ RunTime:0.000321s ]
INFO: [ app_begin ] --START--
INFO: Run Behavior\ReadHtmlCacheBehavior [ RunTime:0.000411s ]
INFO: [ app_begin ] --END-- [ RunTime:0.000475s ]
ERR: 无法加载控制器:Index

[ 2016-01-25T18:06:29+08:00 ] 117.136.41.58 /admin/home/omron/index
INFO: [ app_init ] --START--
INFO: Run Behavior\BuildLiteBehavior [ RunTime:0.000014s ]
INFO: [ app_init ] --END-- [ RunTime:0.000301s ]
INFO: [ app_begin ] --START--
INFO: Run Behavior\ReadHtmlCacheBehavior [ RunTime:0.000406s ]
INFO: [ app_begin ] --END-- [ RunTime:0.000487s ]
SQL: SHOW COLUMNS FROM `omronvote` [ RunTime:0.0009s ]
SQL: SELECT `access_token`,`endtime` FROM `omronvote` WHERE ( `id`=12 ) LIMIT 1   [ RunTime:0.0003s ]
SQL: SELECT `id` FROM `omronvote` WHERE ( `id`=14 ) LIMIT 1   [ RunTime:0.0004s ]
SQL: UPDATE `omronvote` SET `access_token`='QyMb9heRiVORW3YhEjXysNGHQHEehnjW95zRh3V7lT-Msk9UvP81Wbsir32cAgdkff49kYVawi9GywHqQwxaWQ',`endtime`='1453723589' WHERE ( `id`=14 ) [ RunTime:0.0003s ]
INFO: [ view_parse ] --START--
INFO: [ template_filter ] --START--
INFO: Run Behavior\ContentReplaceBehavior [ RunTime:0.000044s ]
INFO: [ template_filter ] --END-- [ RunTime:0.000110s ]
INFO: Run Behavior\ParseTemplateBehavior [ RunTime:0.004664s ]
INFO: [ view_parse ] --END-- [ RunTime:0.004733s ]
INFO: [ view_filter ] --START--
INFO: Run Behavior\WriteHtmlCacheBehavior [ RunTime:0.000121s ]
INFO: [ view_filter ] --END-- [ RunTime:0.000170s ]
INFO: [ app_end ] --START--
INFO: Run Behavior\ShowPageTraceBehavior [ RunTime:0.000455s ]
INFO: [ app_end ] --END-- [ RunTime:0.000510s ]

[ 2016-01-25T18:06:30+08:00 ] 117.136.41.58 /admin/Home/omron/vote?code=e26b219f245b6eddae4d76134daf592f&state=STATE
INFO: [ app_init ] --START--
INFO: Run Behavior\BuildLiteBehavior [ RunTime:0.000020s ]
INFO: [ app_init ] --END-- [ RunTime:0.000373s ]
INFO: [ app_begin ] --START--
INFO: Run Behavior\ReadHtmlCacheBehavior [ RunTime:0.000389s ]
INFO: [ app_begin ] --END-- [ RunTime:0.000472s ]
SQL: SHOW COLUMNS FROM `omronvote` [ RunTime:0.0008s ]
SQL: SELECT `access_token`,`endtime` FROM `omronvote` WHERE ( `id`=12 ) LIMIT 1   [ RunTime:0.0003s ]
SQL: SELECT `id` FROM `omronvote` WHERE ( `id`=14 ) LIMIT 1   [ RunTime:0.0004s ]
SQL: UPDATE `omronvote` SET `access_token`='QyMb9heRiVORW3YhEjXysNGHQHEehnjW95zRh3V7lT-Msk9UvP81Wbsir32cAgdkff49kYVawi9GywHqQwxaWQ',`endtime`='1453723590' WHERE ( `id`=14 ) [ RunTime:0.0003s ]
SQL: SELECT `id` FROM `omronvote` WHERE ( `id`=14 ) LIMIT 1   [ RunTime:0.0004s ]
SQL: UPDATE `omronvote` SET `access_token`='QyMb9heRiVORW3YhEjXysNGHQHEehnjW95zRh3V7lT-Msk9UvP81Wbsir32cAgdkff49kYVawi9GywHqQwxaWQ',`endtime`='1453723590' WHERE ( `id`=14 ) [ RunTime:0.0003s ]
NOTIC: [8] Undefined index: UserID /home/wwwroot/admin/Application/Home/Controller/OmronController.class.php 第 22 行.
SQL: SHOW COLUMNS FROM `omronvote_poll` [ RunTime:0.0098s ]
SQL: SELECT `id` FROM `omronvote_poll` WHERE ( `userid`='0CB020997' and `deviceid`='9c0e8617134d2d0d7b3a60ab4b7c0452' ) LIMIT 1   [ RunTime:0.0003s ]
SQL: SHOW COLUMNS FROM `omronvote_vote` [ RunTime:0.0007s ]
SQL: SELECT `id` FROM `omronvote_vote` WHERE ( `openid`='0CB020997' and `deviceid`='9c0e8617134d2d0d7b3a60ab4b7c0452' and `fid`=1 ) LIMIT 1   [ RunTime:0.0005s ]
SQL: SELECT COUNT(*) AS tp_count FROM `omronvote_vote` WHERE ( `fid`=1 ) LIMIT 1   [ RunTime:0.0003s ]
SQL: SELECT `id` FROM `omronvote_vote` WHERE ( `openid`='0CB020997' and `deviceid`='9c0e8617134d2d0d7b3a60ab4b7c0452' and `fid`=2 ) LIMIT 1   [ RunTime:0.0003s ]
SQL: SELECT COUNT(*) AS tp_count FROM `omronvote_vote` WHERE ( `fid`=2 ) LIMIT 1   [ RunTime:0.0003s ]
SQL: SELECT `id` FROM `omronvote_vote` WHERE ( `openid`='0CB020997' and `deviceid`='9c0e8617134d2d0d7b3a60ab4b7c0452' and `fid`=3 ) LIMIT 1   [ RunTime:0.0003s ]
SQL: SELECT COUNT(*) AS tp_count FROM `omronvote_vote` WHERE ( `fid`=3 ) LIMIT 1   [ RunTime:0.0003s ]
SQL: SELECT `id` FROM `omronvote_vote` WHERE ( `openid`='0CB020997' and `deviceid`='9c0e8617134d2d0d7b3a60ab4b7c0452' and `fid`=4 ) LIMIT 1   [ RunTime:0.0003s ]
SQL: SELECT COUNT(*) AS tp_count FROM `omronvote_vote` WHERE ( `fid`=4 ) LIMIT 1   [ RunTime:0.0003s ]
SQL: SELECT `id` FROM `omronvote_vote` WHERE ( `openid`='0CB020997' and `deviceid`='9c0e8617134d2d0d7b3a60ab4b7c0452' and `fid`=5 ) LIMIT 1   [ RunTime:0.0003s ]
SQL: SELECT COUNT(*) AS tp_count FROM `omronvote_vote` WHERE ( `fid`=5 ) LIMIT 1   [ RunTime:0.0003s ]
SQL: SELECT `id` FROM `omronvote_vote` WHERE ( `openid`='0CB020997' and `deviceid`='9c0e8617134d2d0d7b3a60ab4b7c0452' and `fid`=6 ) LIMIT 1   [ RunTime:0.0003s ]
SQL: SELECT COUNT(*) AS tp_count FROM `omronvote_vote` WHERE ( `fid`=6 ) LIMIT 1   [ RunTime:0.0003s ]
SQL: SELECT `id` FROM `omronvote_vote` WHERE ( `openid`='0CB020997' and `deviceid`='9c0e8617134d2d0d7b3a60ab4b7c0452' and `fid`=7 ) LIMIT 1   [ RunTime:0.0003s ]
SQL: SELECT COUNT(*) AS tp_count FROM `omronvote_vote` WHERE ( `fid`=7 ) LIMIT 1   [ RunTime:0.0003s ]
SQL: SELECT `id` FROM `omronvote_vote` WHERE ( `openid`='0CB020997' and `deviceid`='9c0e8617134d2d0d7b3a60ab4b7c0452' and `fid`=8 ) LIMIT 1   [ RunTime:0.0003s ]
SQL: SELECT COUNT(*) AS tp_count FROM `omronvote_vote` WHERE ( `fid`=8 ) LIMIT 1   [ RunTime:0.0003s ]
SQL: SELECT `id` FROM `omronvote_vote` WHERE ( `openid`='0CB020997' and `deviceid`='9c0e8617134d2d0d7b3a60ab4b7c0452' and `fid`=9 ) LIMIT 1   [ RunTime:0.0003s ]
SQL: SELECT COUNT(*) AS tp_count FROM `omronvote_vote` WHERE ( `fid`=9 ) LIMIT 1   [ RunTime:0.0003s ]
SQL: SELECT `id` FROM `omronvote_vote` WHERE ( `openid`='0CB020997' and `deviceid`='9c0e8617134d2d0d7b3a60ab4b7c0452' and `fid`=10 ) LIMIT 1   [ RunTime:0.0003s ]
SQL: SELECT COUNT(*) AS tp_count FROM `omronvote_vote` WHERE ( `fid`=10 ) LIMIT 1   [ RunTime:0.0003s ]
SQL: SELECT `id` FROM `omronvote_vote` WHERE ( `openid`='0CB020997' and `deviceid`='9c0e8617134d2d0d7b3a60ab4b7c0452' and `fid`=11 ) LIMIT 1   [ RunTime:0.0003s ]
SQL: SELECT COUNT(*) AS tp_count FROM `omronvote_vote` WHERE ( `fid`=11 ) LIMIT 1   [ RunTime:0.0003s ]
SQL: SELECT `id` FROM `omronvote_vote` WHERE ( `openid`='0CB020997' and `deviceid`='9c0e8617134d2d0d7b3a60ab4b7c0452' and `fid`=12 ) LIMIT 1   [ RunTime:0.0003s ]
SQL: SELECT COUNT(*) AS tp_count FROM `omronvote_vote` WHERE ( `fid`=12 ) LIMIT 1   [ RunTime:0.0003s ]
SQL: SELECT `id` FROM `omronvote_vote` WHERE ( `openid`='0CB020997' and `deviceid`='9c0e8617134d2d0d7b3a60ab4b7c0452' and `fid`=13 ) LIMIT 1   [ RunTime:0.0003s ]
SQL: SELECT COUNT(*) AS tp_count FROM `omronvote_vote` WHERE ( `fid`=13 ) LIMIT 1   [ RunTime:0.0003s ]
SQL: SELECT `id` FROM `omronvote_vote` WHERE ( `openid`='0CB020997' and `deviceid`='9c0e8617134d2d0d7b3a60ab4b7c0452' and `fid`=14 ) LIMIT 1   [ RunTime:0.0003s ]
SQL: SELECT COUNT(*) AS tp_count FROM `omronvote_vote` WHERE ( `fid`=14 ) LIMIT 1   [ RunTime:0.0003s ]
SQL: SELECT `id` FROM `omronvote_vote` WHERE ( `openid`='0CB020997' and `deviceid`='9c0e8617134d2d0d7b3a60ab4b7c0452' and `fid`=15 ) LIMIT 1   [ RunTime:0.0003s ]
SQL: SELECT COUNT(*) AS tp_count FROM `omronvote_vote` WHERE ( `fid`=15 ) LIMIT 1   [ RunTime:0.0003s ]
SQL: SELECT `id` FROM `omronvote_vote` WHERE ( `openid`='0CB020997' and `deviceid`='9c0e8617134d2d0d7b3a60ab4b7c0452' and `fid`=16 ) LIMIT 1   [ RunTime:0.0003s ]
SQL: SELECT COUNT(*) AS tp_count FROM `omronvote_vote` WHERE ( `fid`=16 ) LIMIT 1   [ RunTime:0.0003s ]
SQL: SELECT `id` FROM `omronvote_vote` WHERE ( `openid`='0CB020997' and `deviceid`='9c0e8617134d2d0d7b3a60ab4b7c0452' and `fid`=17 ) LIMIT 1   [ RunTime:0.0002s ]
SQL: SELECT COUNT(*) AS tp_count FROM `omronvote_vote` WHERE ( `fid`=17 ) LIMIT 1   [ RunTime:0.0003s ]
SQL: SELECT `id` FROM `omronvote_vote` WHERE ( `openid`='0CB020997' and `deviceid`='9c0e8617134d2d0d7b3a60ab4b7c0452' and `fid`=18 ) LIMIT 1   [ RunTime:0.0003s ]
SQL: SELECT COUNT(*) AS tp_count FROM `omronvote_vote` WHERE ( `fid`=18 ) LIMIT 1   [ RunTime:0.0003s ]
SQL: SELECT `id` FROM `omronvote_vote` WHERE ( `openid`='0CB020997' and `deviceid`='9c0e8617134d2d0d7b3a60ab4b7c0452' and `fid`=19 ) LIMIT 1   [ RunTime:0.0002s ]
SQL: SELECT COUNT(*) AS tp_count FROM `omronvote_vote` WHERE ( `fid`=19 ) LIMIT 1   [ RunTime:0.0003s ]
SQL: SELECT `id` FROM `omronvote_vote` WHERE ( `openid`='0CB020997' and `deviceid`='9c0e8617134d2d0d7b3a60ab4b7c0452' and `fid`=20 ) LIMIT 1   [ RunTime:0.0003s ]
SQL: SELECT COUNT(*) AS tp_count FROM `omronvote_vote` WHERE ( `fid`=20 ) LIMIT 1   [ RunTime:0.0003s ]
SQL: SELECT `id` FROM `omronvote_vote` WHERE ( `openid`='0CB020997' and `deviceid`='9c0e8617134d2d0d7b3a60ab4b7c0452' and `fid`=21 ) LIMIT 1   [ RunTime:0.0003s ]
SQL: SELECT COUNT(*) AS tp_count FROM `omronvote_vote` WHERE ( `fid`=21 ) LIMIT 1   [ RunTime:0.0003s ]
SQL: SELECT `id` FROM `omronvote_vote` WHERE ( `openid`='0CB020997' and `deviceid`='9c0e8617134d2d0d7b3a60ab4b7c0452' and `fid`=22 ) LIMIT 1   [ RunTime:0.0003s ]
SQL: SELECT COUNT(*) AS tp_count FROM `omronvote_vote` WHERE ( `fid`=22 ) LIMIT 1   [ RunTime:0.0003s ]
SQL: SELECT `id` FROM `omronvote_vote` WHERE ( `openid`='0CB020997' and `deviceid`='9c0e8617134d2d0d7b3a60ab4b7c0452' and `fid`=23 ) LIMIT 1   [ RunTime:0.0003s ]
SQL: SELECT COUNT(*) AS tp_count FROM `omronvote_vote` WHERE ( `fid`=23 ) LIMIT 1   [ RunTime:0.0003s ]
SQL: SELECT `id` FROM `omronvote_vote` WHERE ( `openid`='0CB020997' and `deviceid`='9c0e8617134d2d0d7b3a60ab4b7c0452' and `fid`=24 ) LIMIT 1   [ RunTime:0.0003s ]
SQL: SELECT COUNT(*) AS tp_count FROM `omronvote_vote` WHERE ( `fid`=24 ) LIMIT 1   [ RunTime:0.0003s ]
SQL: SELECT `id` FROM `omronvote_vote` WHERE ( `openid`='0CB020997' and `deviceid`='9c0e8617134d2d0d7b3a60ab4b7c0452' and `fid`=25 ) LIMIT 1   [ RunTime:0.0003s ]
SQL: SELECT COUNT(*) AS tp_count FROM `omronvote_vote` WHERE ( `fid`=25 ) LIMIT 1   [ RunTime:0.0003s ]
SQL: SELECT `id` FROM `omronvote_vote` WHERE ( `openid`='0CB020997' and `deviceid`='9c0e8617134d2d0d7b3a60ab4b7c0452' and `fid`=26 ) LIMIT 1   [ RunTime:0.0003s ]
SQL: SELECT COUNT(*) AS tp_count FROM `omronvote_vote` WHERE ( `fid`=26 ) LIMIT 1   [ RunTime:0.0003s ]
SQL: SELECT `id` FROM `omronvote_vote` WHERE ( `openid`='0CB020997' and `deviceid`='9c0e8617134d2d0d7b3a60ab4b7c0452' and `fid`=27 ) LIMIT 1   [ RunTime:0.0003s ]
SQL: SELECT COUNT(*) AS tp_count FROM `omronvote_vote` WHERE ( `fid`=27 ) LIMIT 1   [ RunTime:0.0003s ]
SQL: SELECT `id` FROM `omronvote_vote` WHERE ( `openid`='0CB020997' and `deviceid`='9c0e8617134d2d0d7b3a60ab4b7c0452' and `fid`=28 ) LIMIT 1   [ RunTime:0.0003s ]
SQL: SELECT COUNT(*) AS tp_count FROM `omronvote_vote` WHERE ( `fid`=28 ) LIMIT 1   [ RunTime:0.0003s ]
SQL: SELECT `id` FROM `omronvote_vote` WHERE ( `openid`='0CB020997' and `deviceid`='9c0e8617134d2d0d7b3a60ab4b7c0452' and `fid`=29 ) LIMIT 1   [ RunTime:0.0002s ]
SQL: SELECT COUNT(*) AS tp_count FROM `omronvote_vote` WHERE ( `fid`=29 ) LIMIT 1   [ RunTime:0.0003s ]
SQL: SELECT `id` FROM `omronvote_vote` WHERE ( `openid`='0CB020997' and `deviceid`='9c0e8617134d2d0d7b3a60ab4b7c0452' and `fid`=30 ) LIMIT 1   [ RunTime:0.0003s ]
SQL: SELECT COUNT(*) AS tp_count FROM `omronvote_vote` WHERE ( `fid`=30 ) LIMIT 1   [ RunTime:0.0003s ]
SQL: SELECT `id` FROM `omronvote_vote` WHERE ( `openid`='0CB020997' and `deviceid`='9c0e8617134d2d0d7b3a60ab4b7c0452' and `fid`=31 ) LIMIT 1   [ RunTime:0.0003s ]
SQL: SELECT COUNT(*) AS tp_count FROM `omronvote_vote` WHERE ( `fid`=31 ) LIMIT 1   [ RunTime:0.0003s ]
SQL: SELECT `id` FROM `omronvote_vote` WHERE ( `openid`='0CB020997' and `deviceid`='9c0e8617134d2d0d7b3a60ab4b7c0452' and `fid`=32 ) LIMIT 1   [ RunTime:0.0003s ]
SQL: SELECT COUNT(*) AS tp_count FROM `omronvote_vote` WHERE ( `fid`=32 ) LIMIT 1   [ RunTime:0.0003s ]
SQL: SELECT `id` FROM `omronvote_vote` WHERE ( `openid`='0CB020997' and `deviceid`='9c0e8617134d2d0d7b3a60ab4b7c0452' and `fid`=33 ) LIMIT 1   [ RunTime:0.0003s ]
SQL: SELECT COUNT(*) AS tp_count FROM `omronvote_vote` WHERE ( `fid`=33 ) LIMIT 1   [ RunTime:0.0003s ]
SQL: SELECT `id` FROM `omronvote_vote` WHERE ( `openid`='0CB020997' and `deviceid`='9c0e8617134d2d0d7b3a60ab4b7c0452' and `fid`=34 ) LIMIT 1   [ RunTime:0.0003s ]
SQL: SELECT COUNT(*) AS tp_count FROM `omronvote_vote` WHERE ( `fid`=34 ) LIMIT 1   [ RunTime:0.0003s ]
SQL: SELECT `id` FROM `omronvote_vote` WHERE ( `openid`='0CB020997' and `deviceid`='9c0e8617134d2d0d7b3a60ab4b7c0452' and `fid`=35 ) LIMIT 1   [ RunTime:0.0003s ]
SQL: SELECT COUNT(*) AS tp_count FROM `omronvote_vote` WHERE ( `fid`=35 ) LIMIT 1   [ RunTime:0.0003s ]
SQL: SELECT `id` FROM `omronvote_vote` WHERE ( `openid`='0CB020997' and `deviceid`='9c0e8617134d2d0d7b3a60ab4b7c0452' and `fid`=36 ) LIMIT 1   [ RunTime:0.0003s ]
SQL: SELECT COUNT(*) AS tp_count FROM `omronvote_vote` WHERE ( `fid`=36 ) LIMIT 1   [ RunTime:0.0003s ]
SQL: SELECT `id` FROM `omronvote_vote` WHERE ( `openid`='0CB020997' and `deviceid`='9c0e8617134d2d0d7b3a60ab4b7c0452' and `fid`=37 ) LIMIT 1   [ RunTime:0.0003s ]
SQL: SELECT COUNT(*) AS tp_count FROM `omronvote_vote` WHERE ( `fid`=37 ) LIMIT 1   [ RunTime:0.0003s ]
SQL: SELECT `id` FROM `omronvote_vote` WHERE ( `openid`='0CB020997' and `deviceid`='9c0e8617134d2d0d7b3a60ab4b7c0452' and `fid`=38 ) LIMIT 1   [ RunTime:0.0003s ]
SQL: SELECT COUNT(*) AS tp_count FROM `omronvote_vote` WHERE ( `fid`=38 ) LIMIT 1   [ RunTime:0.0003s ]
SQL: SELECT `id` FROM `omronvote_vote` WHERE ( `openid`='0CB020997' and `deviceid`='9c0e8617134d2d0d7b3a60ab4b7c0452' and `fid`=39 ) LIMIT 1   [ RunTime:0.0003s ]
SQL: SELECT COUNT(*) AS tp_count FROM `omronvote_vote` WHERE ( `fid`=39 ) LIMIT 1   [ RunTime:0.0003s ]
SQL: SELECT `id` FROM `omronvote_vote` WHERE ( `openid`='0CB020997' and `deviceid`='9c0e8617134d2d0d7b3a60ab4b7c0452' and `fid`=40 ) LIMIT 1   [ RunTime:0.0003s ]
SQL: SELECT COUNT(*) AS tp_count FROM `omronvote_vote` WHERE ( `fid`=40 ) LIMIT 1   [ RunTime:0.0003s ]
SQL: SELECT `id` FROM `omronvote_vote` WHERE ( `openid`='0CB020997' and `deviceid`='9c0e8617134d2d0d7b3a60ab4b7c0452' and `fid`=41 ) LIMIT 1   [ RunTime:0.0002s ]
SQL: SELECT COUNT(*) AS tp_count FROM `omronvote_vote` WHERE ( `fid`=41 ) LIMIT 1   [ RunTime:0.0003s ]
INFO: [ view_parse ] --START--
INFO: [ template_filter ] --START--
INFO: Run Behavior\ContentReplaceBehavior [ RunTime:0.000141s ]
INFO: [ template_filter ] --END-- [ RunTime:0.000209s ]
INFO: Run Behavior\ParseTemplateBehavior [ RunTime:0.022574s ]
INFO: [ view_parse ] --END-- [ RunTime:0.022641s ]
INFO: [ view_filter ] --START--
INFO: Run Behavior\WriteHtmlCacheBehavior [ RunTime:0.000124s ]
INFO: [ view_filter ] --END-- [ RunTime:0.000174s ]
INFO: [ app_end ] --START--
INFO: Run Behavior\ShowPageTraceBehavior [ RunTime:0.000526s ]
INFO: [ app_end ] --END-- [ RunTime:0.000667s ]

[ 2016-01-25T18:06:34+08:00 ] 117.136.41.58 /admin/home/omron/index
INFO: [ app_init ] --START--
INFO: Run Behavior\BuildLiteBehavior [ RunTime:0.000019s ]
INFO: [ app_init ] --END-- [ RunTime:0.000341s ]
INFO: [ app_begin ] --START--
INFO: Run Behavior\ReadHtmlCacheBehavior [ RunTime:0.000392s ]
INFO: [ app_begin ] --END-- [ RunTime:0.000454s ]
SQL: SHOW COLUMNS FROM `omronvote` [ RunTime:0.0009s ]
SQL: SELECT `access_token`,`endtime` FROM `omronvote` WHERE ( `id`=12 ) LIMIT 1   [ RunTime:0.0003s ]
SQL: SELECT `id` FROM `omronvote` WHERE ( `id`=14 ) LIMIT 1   [ RunTime:0.0004s ]
SQL: UPDATE `omronvote` SET `access_token`='QyMb9heRiVORW3YhEjXysNGHQHEehnjW95zRh3V7lT-Msk9UvP81Wbsir32cAgdkff49kYVawi9GywHqQwxaWQ',`endtime`='1453723594' WHERE ( `id`=14 ) [ RunTime:0.0003s ]
INFO: [ view_parse ] --START--
INFO: [ template_filter ] --START--
INFO: Run Behavior\ContentReplaceBehavior [ RunTime:0.000048s ]
INFO: [ template_filter ] --END-- [ RunTime:0.000108s ]
INFO: Run Behavior\ParseTemplateBehavior [ RunTime:0.004679s ]
INFO: [ view_parse ] --END-- [ RunTime:0.004769s ]
INFO: [ view_filter ] --START--
INFO: Run Behavior\WriteHtmlCacheBehavior [ RunTime:0.000121s ]
INFO: [ view_filter ] --END-- [ RunTime:0.000170s ]
INFO: [ app_end ] --START--
INFO: Run Behavior\ShowPageTraceBehavior [ RunTime:0.000382s ]
INFO: [ app_end ] --END-- [ RunTime:0.000442s ]

[ 2016-01-25T18:06:35+08:00 ] 117.136.41.58 /admin/Home/omron/vote?code=13f8acf639992744d354feae806a50b0&state=STATE
INFO: [ app_init ] --START--
INFO: Run Behavior\BuildLiteBehavior [ RunTime:0.000020s ]
INFO: [ app_init ] --END-- [ RunTime:0.000340s ]
INFO: [ app_begin ] --START--
INFO: Run Behavior\ReadHtmlCacheBehavior [ RunTime:0.000406s ]
INFO: [ app_begin ] --END-- [ RunTime:0.000471s ]
SQL: SHOW COLUMNS FROM `omronvote` [ RunTime:0.0009s ]
SQL: SELECT `access_token`,`endtime` FROM `omronvote` WHERE ( `id`=12 ) LIMIT 1   [ RunTime:0.0003s ]
SQL: SELECT `id` FROM `omronvote` WHERE ( `id`=14 ) LIMIT 1   [ RunTime:0.0004s ]
SQL: UPDATE `omronvote` SET `access_token`='QyMb9heRiVORW3YhEjXysNGHQHEehnjW95zRh3V7lT-Msk9UvP81Wbsir32cAgdkff49kYVawi9GywHqQwxaWQ',`endtime`='1453723594' WHERE ( `id`=14 ) [ RunTime:0.0003s ]
SQL: SELECT `id` FROM `omronvote` WHERE ( `id`=14 ) LIMIT 1   [ RunTime:0.0004s ]
SQL: UPDATE `omronvote` SET `access_token`='QyMb9heRiVORW3YhEjXysNGHQHEehnjW95zRh3V7lT-Msk9UvP81Wbsir32cAgdkff49kYVawi9GywHqQwxaWQ',`endtime`='1453723594' WHERE ( `id`=14 ) [ RunTime:0.0003s ]
NOTIC: [8] Undefined index: UserID /home/wwwroot/admin/Application/Home/Controller/OmronController.class.php 第 22 行.
SQL: SHOW COLUMNS FROM `omronvote_poll` [ RunTime:0.0010s ]
SQL: SELECT `id` FROM `omronvote_poll` WHERE ( `userid`='0CB020997' and `deviceid`='9c0e8617134d2d0d7b3a60ab4b7c0452' ) LIMIT 1   [ RunTime:0.0003s ]
SQL: SHOW COLUMNS FROM `omronvote_vote` [ RunTime:0.0008s ]
SQL: SELECT `id` FROM `omronvote_vote` WHERE ( `openid`='0CB020997' and `deviceid`='9c0e8617134d2d0d7b3a60ab4b7c0452' and `fid`=1 ) LIMIT 1   [ RunTime:0.0003s ]
SQL: SELECT COUNT(*) AS tp_count FROM `omronvote_vote` WHERE ( `fid`=1 ) LIMIT 1   [ RunTime:0.0004s ]
SQL: SELECT `id` FROM `omronvote_vote` WHERE ( `openid`='0CB020997' and `deviceid`='9c0e8617134d2d0d7b3a60ab4b7c0452' and `fid`=2 ) LIMIT 1   [ RunTime:0.0004s ]
SQL: SELECT COUNT(*) AS tp_count FROM `omronvote_vote` WHERE ( `fid`=2 ) LIMIT 1   [ RunTime:0.0003s ]
SQL: SELECT `id` FROM `omronvote_vote` WHERE ( `openid`='0CB020997' and `deviceid`='9c0e8617134d2d0d7b3a60ab4b7c0452' and `fid`=3 ) LIMIT 1   [ RunTime:0.0003s ]
SQL: SELECT COUNT(*) AS tp_count FROM `omronvote_vote` WHERE ( `fid`=3 ) LIMIT 1   [ RunTime:0.0003s ]
SQL: SELECT `id` FROM `omronvote_vote` WHERE ( `openid`='0CB020997' and `deviceid`='9c0e8617134d2d0d7b3a60ab4b7c0452' and `fid`=4 ) LIMIT 1   [ RunTime:0.0003s ]
SQL: SELECT COUNT(*) AS tp_count FROM `omronvote_vote` WHERE ( `fid`=4 ) LIMIT 1   [ RunTime:0.0003s ]
SQL: SELECT `id` FROM `omronvote_vote` WHERE ( `openid`='0CB020997' and `deviceid`='9c0e8617134d2d0d7b3a60ab4b7c0452' and `fid`=5 ) LIMIT 1   [ RunTime:0.0003s ]
SQL: SELECT COUNT(*) AS tp_count FROM `omronvote_vote` WHERE ( `fid`=5 ) LIMIT 1   [ RunTime:0.0003s ]
SQL: SELECT `id` FROM `omronvote_vote` WHERE ( `openid`='0CB020997' and `deviceid`='9c0e8617134d2d0d7b3a60ab4b7c0452' and `fid`=6 ) LIMIT 1   [ RunTime:0.0003s ]
SQL: SELECT COUNT(*) AS tp_count FROM `omronvote_vote` WHERE ( `fid`=6 ) LIMIT 1   [ RunTime:0.0003s ]
SQL: SELECT `id` FROM `omronvote_vote` WHERE ( `openid`='0CB020997' and `deviceid`='9c0e8617134d2d0d7b3a60ab4b7c0452' and `fid`=7 ) LIMIT 1   [ RunTime:0.0003s ]
SQL: SELECT COUNT(*) AS tp_count FROM `omronvote_vote` WHERE ( `fid`=7 ) LIMIT 1   [ RunTime:0.0003s ]
SQL: SELECT `id` FROM `omronvote_vote` WHERE ( `openid`='0CB020997' and `deviceid`='9c0e8617134d2d0d7b3a60ab4b7c0452' and `fid`=8 ) LIMIT 1   [ RunTime:0.0003s ]
SQL: SELECT COUNT(*) AS tp_count FROM `omronvote_vote` WHERE ( `fid`=8 ) LIMIT 1   [ RunTime:0.0003s ]
SQL: SELECT `id` FROM `omronvote_vote` WHERE ( `openid`='0CB020997' and `deviceid`='9c0e8617134d2d0d7b3a60ab4b7c0452' and `fid`=9 ) LIMIT 1   [ RunTime:0.0003s ]
SQL: SELECT COUNT(*) AS tp_count FROM `omronvote_vote` WHERE ( `fid`=9 ) LIMIT 1   [ RunTime:0.0003s ]
SQL: SELECT `id` FROM `omronvote_vote` WHERE ( `openid`='0CB020997' and `deviceid`='9c0e8617134d2d0d7b3a60ab4b7c0452' and `fid`=10 ) LIMIT 1   [ RunTime:0.0003s ]
SQL: SELECT COUNT(*) AS tp_count FROM `omronvote_vote` WHERE ( `fid`=10 ) LIMIT 1   [ RunTime:0.0003s ]
SQL: SELECT `id` FROM `omronvote_vote` WHERE ( `openid`='0CB020997' and `deviceid`='9c0e8617134d2d0d7b3a60ab4b7c0452' and `fid`=11 ) LIMIT 1   [ RunTime:0.0003s ]
SQL: SELECT COUNT(*) AS tp_count FROM `omronvote_vote` WHERE ( `fid`=11 ) LIMIT 1   [ RunTime:0.0003s ]
SQL: SELECT `id` FROM `omronvote_vote` WHERE ( `openid`='0CB020997' and `deviceid`='9c0e8617134d2d0d7b3a60ab4b7c0452' and `fid`=12 ) LIMIT 1   [ RunTime:0.0003s ]
SQL: SELECT COUNT(*) AS tp_count FROM `omronvote_vote` WHERE ( `fid`=12 ) LIMIT 1   [ RunTime:0.0003s ]
SQL: SELECT `id` FROM `omronvote_vote` WHERE ( `openid`='0CB020997' and `deviceid`='9c0e8617134d2d0d7b3a60ab4b7c0452' and `fid`=13 ) LIMIT 1   [ RunTime:0.0003s ]
SQL: SELECT COUNT(*) AS tp_count FROM `omronvote_vote` WHERE ( `fid`=13 ) LIMIT 1   [ RunTime:0.0003s ]
SQL: SELECT `id` FROM `omronvote_vote` WHERE ( `openid`='0CB020997' and `deviceid`='9c0e8617134d2d0d7b3a60ab4b7c0452' and `fid`=14 ) LIMIT 1   [ RunTime:0.0003s ]
SQL: SELECT COUNT(*) AS tp_count FROM `omronvote_vote` WHERE ( `fid`=14 ) LIMIT 1   [ RunTime:0.0003s ]
SQL: SELECT `id` FROM `omronvote_vote` WHERE ( `openid`='0CB020997' and `deviceid`='9c0e8617134d2d0d7b3a60ab4b7c0452' and `fid`=15 ) LIMIT 1   [ RunTime:0.0003s ]
SQL: SELECT COUNT(*) AS tp_count FROM `omronvote_vote` WHERE ( `fid`=15 ) LIMIT 1   [ RunTime:0.0003s ]
SQL: SELECT `id` FROM `omronvote_vote` WHERE ( `openid`='0CB020997' and `deviceid`='9c0e8617134d2d0d7b3a60ab4b7c0452' and `fid`=16 ) LIMIT 1   [ RunTime:0.0003s ]
SQL: SELECT COUNT(*) AS tp_count FROM `omronvote_vote` WHERE ( `fid`=16 ) LIMIT 1   [ RunTime:0.0003s ]
SQL: SELECT `id` FROM `omronvote_vote` WHERE ( `openid`='0CB020997' and `deviceid`='9c0e8617134d2d0d7b3a60ab4b7c0452' and `fid`=17 ) LIMIT 1   [ RunTime:0.0003s ]
SQL: SELECT COUNT(*) AS tp_count FROM `omronvote_vote` WHERE ( `fid`=17 ) LIMIT 1   [ RunTime:0.0003s ]
SQL: SELECT `id` FROM `omronvote_vote` WHERE ( `openid`='0CB020997' and `deviceid`='9c0e8617134d2d0d7b3a60ab4b7c0452' and `fid`=18 ) LIMIT 1   [ RunTime:0.0003s ]
SQL: SELECT COUNT(*) AS tp_count FROM `omronvote_vote` WHERE ( `fid`=18 ) LIMIT 1   [ RunTime:0.0003s ]
SQL: SELECT `id` FROM `omronvote_vote` WHERE ( `openid`='0CB020997' and `deviceid`='9c0e8617134d2d0d7b3a60ab4b7c0452' and `fid`=19 ) LIMIT 1   [ RunTime:0.0003s ]
SQL: SELECT COUNT(*) AS tp_count FROM `omronvote_vote` WHERE ( `fid`=19 ) LIMIT 1   [ RunTime:0.0003s ]
SQL: SELECT `id` FROM `omronvote_vote` WHERE ( `openid`='0CB020997' and `deviceid`='9c0e8617134d2d0d7b3a60ab4b7c0452' and `fid`=20 ) LIMIT 1   [ RunTime:0.0003s ]
SQL: SELECT COUNT(*) AS tp_count FROM `omronvote_vote` WHERE ( `fid`=20 ) LIMIT 1   [ RunTime:0.0003s ]
SQL: SELECT `id` FROM `omronvote_vote` WHERE ( `openid`='0CB020997' and `deviceid`='9c0e8617134d2d0d7b3a60ab4b7c0452' and `fid`=21 ) LIMIT 1   [ RunTime:0.0002s ]
SQL: SELECT COUNT(*) AS tp_count FROM `omronvote_vote` WHERE ( `fid`=21 ) LIMIT 1   [ RunTime:0.0003s ]
SQL: SELECT `id` FROM `omronvote_vote` WHERE ( `openid`='0CB020997' and `deviceid`='9c0e8617134d2d0d7b3a60ab4b7c0452' and `fid`=22 ) LIMIT 1   [ RunTime:0.0003s ]
SQL: SELECT COUNT(*) AS tp_count FROM `omronvote_vote` WHERE ( `fid`=22 ) LIMIT 1   [ RunTime:0.0003s ]
SQL: SELECT `id` FROM `omronvote_vote` WHERE ( `openid`='0CB020997' and `deviceid`='9c0e8617134d2d0d7b3a60ab4b7c0452' and `fid`=23 ) LIMIT 1   [ RunTime:0.0003s ]
SQL: SELECT COUNT(*) AS tp_count FROM `omronvote_vote` WHERE ( `fid`=23 ) LIMIT 1   [ RunTime:0.0003s ]
SQL: SELECT `id` FROM `omronvote_vote` WHERE ( `openid`='0CB020997' and `deviceid`='9c0e8617134d2d0d7b3a60ab4b7c0452' and `fid`=24 ) LIMIT 1   [ RunTime:0.0003s ]
SQL: SELECT COUNT(*) AS tp_count FROM `omronvote_vote` WHERE ( `fid`=24 ) LIMIT 1   [ RunTime:0.0003s ]
SQL: SELECT `id` FROM `omronvote_vote` WHERE ( `openid`='0CB020997' and `deviceid`='9c0e8617134d2d0d7b3a60ab4b7c0452' and `fid`=25 ) LIMIT 1   [ RunTime:0.0003s ]
SQL: SELECT COUNT(*) AS tp_count FROM `omronvote_vote` WHERE ( `fid`=25 ) LIMIT 1   [ RunTime:0.0003s ]
SQL: SELECT `id` FROM `omronvote_vote` WHERE ( `openid`='0CB020997' and `deviceid`='9c0e8617134d2d0d7b3a60ab4b7c0452' and `fid`=26 ) LIMIT 1   [ RunTime:0.0003s ]
SQL: SELECT COUNT(*) AS tp_count FROM `omronvote_vote` WHERE ( `fid`=26 ) LIMIT 1   [ RunTime:0.0003s ]
SQL: SELECT `id` FROM `omronvote_vote` WHERE ( `openid`='0CB020997' and `deviceid`='9c0e8617134d2d0d7b3a60ab4b7c0452' and `fid`=27 ) LIMIT 1   [ RunTime:0.0003s ]
SQL: SELECT COUNT(*) AS tp_count FROM `omronvote_vote` WHERE ( `fid`=27 ) LIMIT 1   [ RunTime:0.0003s ]
SQL: SELECT `id` FROM `omronvote_vote` WHERE ( `openid`='0CB020997' and `deviceid`='9c0e8617134d2d0d7b3a60ab4b7c0452' and `fid`=28 ) LIMIT 1   [ RunTime:0.0003s ]
SQL: SELECT COUNT(*) AS tp_count FROM `omronvote_vote` WHERE ( `fid`=28 ) LIMIT 1   [ RunTime:0.0003s ]
SQL: SELECT `id` FROM `omronvote_vote` WHERE ( `openid`='0CB020997' and `deviceid`='9c0e8617134d2d0d7b3a60ab4b7c0452' and `fid`=29 ) LIMIT 1   [ RunTime:0.0003s ]
SQL: SELECT COUNT(*) AS tp_count FROM `omronvote_vote` WHERE ( `fid`=29 ) LIMIT 1   [ RunTime:0.0003s ]
SQL: SELECT `id` FROM `omronvote_vote` WHERE ( `openid`='0CB020997' and `deviceid`='9c0e8617134d2d0d7b3a60ab4b7c0452' and `fid`=30 ) LIMIT 1   [ RunTime:0.0003s ]
SQL: SELECT COUNT(*) AS tp_count FROM `omronvote_vote` WHERE ( `fid`=30 ) LIMIT 1   [ RunTime:0.0003s ]
SQL: SELECT `id` FROM `omronvote_vote` WHERE ( `openid`='0CB020997' and `deviceid`='9c0e8617134d2d0d7b3a60ab4b7c0452' and `fid`=31 ) LIMIT 1   [ RunTime:0.0003s ]
SQL: SELECT COUNT(*) AS tp_count FROM `omronvote_vote` WHERE ( `fid`=31 ) LIMIT 1   [ RunTime:0.0003s ]
SQL: SELECT `id` FROM `omronvote_vote` WHERE ( `openid`='0CB020997' and `deviceid`='9c0e8617134d2d0d7b3a60ab4b7c0452' and `fid`=32 ) LIMIT 1   [ RunTime:0.0003s ]
SQL: SELECT COUNT(*) AS tp_count FROM `omronvote_vote` WHERE ( `fid`=32 ) LIMIT 1   [ RunTime:0.0003s ]
SQL: SELECT `id` FROM `omronvote_vote` WHERE ( `openid`='0CB020997' and `deviceid`='9c0e8617134d2d0d7b3a60ab4b7c0452' and `fid`=33 ) LIMIT 1   [ RunTime:0.0003s ]
SQL: SELECT COUNT(*) AS tp_count FROM `omronvote_vote` WHERE ( `fid`=33 ) LIMIT 1   [ RunTime:0.0003s ]
SQL: SELECT `id` FROM `omronvote_vote` WHERE ( `openid`='0CB020997' and `deviceid`='9c0e8617134d2d0d7b3a60ab4b7c0452' and `fid`=34 ) LIMIT 1   [ RunTime:0.0003s ]
SQL: SELECT COUNT(*) AS tp_count FROM `omronvote_vote` WHERE ( `fid`=34 ) LIMIT 1   [ RunTime:0.0003s ]
SQL: SELECT `id` FROM `omronvote_vote` WHERE ( `openid`='0CB020997' and `deviceid`='9c0e8617134d2d0d7b3a60ab4b7c0452' and `fid`=35 ) LIMIT 1   [ RunTime:0.0003s ]
SQL: SELECT COUNT(*) AS tp_count FROM `omronvote_vote` WHERE ( `fid`=35 ) LIMIT 1   [ RunTime:0.0003s ]
SQL: SELECT `id` FROM `omronvote_vote` WHERE ( `openid`='0CB020997' and `deviceid`='9c0e8617134d2d0d7b3a60ab4b7c0452' and `fid`=36 ) LIMIT 1   [ RunTime:0.0003s ]
SQL: SELECT COUNT(*) AS tp_count FROM `omronvote_vote` WHERE ( `fid`=36 ) LIMIT 1   [ RunTime:0.0003s ]
SQL: SELECT `id` FROM `omronvote_vote` WHERE ( `openid`='0CB020997' and `deviceid`='9c0e8617134d2d0d7b3a60ab4b7c0452' and `fid`=37 ) LIMIT 1   [ RunTime:0.0003s ]
SQL: SELECT COUNT(*) AS tp_count FROM `omronvote_vote` WHERE ( `fid`=37 ) LIMIT 1   [ RunTime:0.0003s ]
SQL: SELECT `id` FROM `omronvote_vote` WHERE ( `openid`='0CB020997' and `deviceid`='9c0e8617134d2d0d7b3a60ab4b7c0452' and `fid`=38 ) LIMIT 1   [ RunTime:0.0003s ]
SQL: SELECT COUNT(*) AS tp_count FROM `omronvote_vote` WHERE ( `fid`=38 ) LIMIT 1   [ RunTime:0.0004s ]
SQL: SELECT `id` FROM `omronvote_vote` WHERE ( `openid`='0CB020997' and `deviceid`='9c0e8617134d2d0d7b3a60ab4b7c0452' and `fid`=39 ) LIMIT 1   [ RunTime:0.0003s ]
SQL: SELECT COUNT(*) AS tp_count FROM `omronvote_vote` WHERE ( `fid`=39 ) LIMIT 1   [ RunTime:0.0003s ]
SQL: SELECT `id` FROM `omronvote_vote` WHERE ( `openid`='0CB020997' and `deviceid`='9c0e8617134d2d0d7b3a60ab4b7c0452' and `fid`=40 ) LIMIT 1   [ RunTime:0.0003s ]
SQL: SELECT COUNT(*) AS tp_count FROM `omronvote_vote` WHERE ( `fid`=40 ) LIMIT 1   [ RunTime:0.0003s ]
SQL: SELECT `id` FROM `omronvote_vote` WHERE ( `openid`='0CB020997' and `deviceid`='9c0e8617134d2d0d7b3a60ab4b7c0452' and `fid`=41 ) LIMIT 1   [ RunTime:0.0003s ]
SQL: SELECT COUNT(*) AS tp_count FROM `omronvote_vote` WHERE ( `fid`=41 ) LIMIT 1   [ RunTime:0.0003s ]
INFO: [ view_parse ] --START--
INFO: [ template_filter ] --START--
INFO: Run Behavior\ContentReplaceBehavior [ RunTime:0.000194s ]
INFO: [ template_filter ] --END-- [ RunTime:0.000268s ]
INFO: Run Behavior\ParseTemplateBehavior [ RunTime:0.022927s ]
INFO: [ view_parse ] --END-- [ RunTime:0.022993s ]
INFO: [ view_filter ] --START--
INFO: Run Behavior\WriteHtmlCacheBehavior [ RunTime:0.000120s ]
INFO: [ view_filter ] --END-- [ RunTime:0.000172s ]
INFO: [ app_end ] --START--
INFO: Run Behavior\ShowPageTraceBehavior [ RunTime:0.000617s ]
INFO: [ app_end ] --END-- [ RunTime:0.000740s ]

