[ 2016-03-11T17:22:14+08:00 ] 123.116.47.186 /admin/home/omron/index
INFO: [ app_init ] --START--
INFO: Run Behavior\BuildLiteBehavior [ RunTime:0.000024s ]
INFO: [ app_init ] --END-- [ RunTime:0.003212s ]
INFO: [ app_begin ] --START--
INFO: Run Behavior\ReadHtmlCacheBehavior [ RunTime:0.001182s ]
INFO: [ app_begin ] --END-- [ RunTime:0.001239s ]
SQL: SHOW COLUMNS FROM `omronvote` [ RunTime:0.0853s ]
SQL: SELECT `access_token`,`endtime` FROM `omronvote` WHERE ( `id`=12 ) LIMIT 1   [ RunTime:0.0099s ]
SQL: SELECT `id` FROM `omronvote` WHERE ( `id`=14 ) LIMIT 1   [ RunTime:0.0003s ]
SQL: UPDATE `omronvote` SET `access_token`='Ru1x9nwupUGZTweTF9EY_gGsS1lBTHA1qss9qiwTG3FwBlthB5X-PyiG6sstSVx8',`endtime`='1457695334' WHERE ( `id`=14 ) [ RunTime:0.0052s ]
INFO: [ view_parse ] --START--
INFO: [ template_filter ] --START--
INFO: Run Behavior\ContentReplaceBehavior [ RunTime:0.000044s ]
INFO: [ template_filter ] --END-- [ RunTime:0.000101s ]
INFO: Run Behavior\ParseTemplateBehavior [ RunTime:0.024540s ]
INFO: [ view_parse ] --END-- [ RunTime:0.024601s ]
INFO: [ view_filter ] --START--
INFO: Run Behavior\WriteHtmlCacheBehavior [ RunTime:0.002283s ]
INFO: [ view_filter ] --END-- [ RunTime:0.002332s ]
INFO: [ app_end ] --START--
INFO: Run Behavior\ShowPageTraceBehavior [ RunTime:0.001546s ]
INFO: [ app_end ] --END-- [ RunTime:0.001596s ]

[ 2016-03-11T17:22:15+08:00 ] 123.116.47.186 /admin/Home/omron/vote?code=1188fce692eae8017236f6e95df97bc5&state=STATE
INFO: [ app_init ] --START--
INFO: Run Behavior\BuildLiteBehavior [ RunTime:0.000014s ]
INFO: [ app_init ] --END-- [ RunTime:0.000264s ]
INFO: [ app_begin ] --START--
INFO: Run Behavior\ReadHtmlCacheBehavior [ RunTime:0.000347s ]
INFO: [ app_begin ] --END-- [ RunTime:0.000402s ]
SQL: SHOW COLUMNS FROM `omronvote` [ RunTime:0.0008s ]
SQL: SELECT `access_token`,`endtime` FROM `omronvote` WHERE ( `id`=12 ) LIMIT 1   [ RunTime:0.0003s ]
SQL: SELECT `id` FROM `omronvote` WHERE ( `id`=14 ) LIMIT 1   [ RunTime:0.0004s ]
SQL: UPDATE `omronvote` SET `access_token`='Ru1x9nwupUGZTweTF9EY_gGsS1lBTHA1qss9qiwTG3FwBlthB5X-PyiG6sstSVx8',`endtime`='1457695334' WHERE ( `id`=14 ) [ RunTime:0.0003s ]
SQL: SELECT `id` FROM `omronvote` WHERE ( `id`=14 ) LIMIT 1   [ RunTime:0.0004s ]
SQL: UPDATE `omronvote` SET `access_token`='Ru1x9nwupUGZTweTF9EY_gGsS1lBTHA1qss9qiwTG3FwBlthB5X-PyiG6sstSVx8',`endtime`='1457695335' WHERE ( `id`=14 ) [ RunTime:0.0003s ]
NOTIC: [8] Undefined index: UserID /home/wwwroot/admin/Application/Home/Controller/OmronController.class.php 第 22 行.
NOTIC: [8] Undefined index: UserId /home/wwwroot/admin/Application/Home/Controller/OmronController.class.php 第 24 行.
NOTIC: [8] Undefined index: UserId /home/wwwroot/admin/Application/Home/Controller/OmronController.class.php 第 25 行.
SQL: SHOW COLUMNS FROM `omronvote_poll` [ RunTime:0.0036s ]
NOTIC: [8] Undefined index: UserId /home/wwwroot/admin/Application/Home/Controller/OmronController.class.php 第 27 行.
SQL: SELECT `id` FROM `omronvote_poll` WHERE ( `userid`='' and `deviceid`='684904285fddd541b73b51feea806f6c' ) LIMIT 1   [ RunTime:0.0187s ]
ERR: 1048:Column 'userid' cannot be null
 [ SQL语句 ] : INSERT INTO `omronvote_poll` (`deviceid`,`userid`) VALUES ('684904285fddd541b73b51feea806f6c',NULL)
ERR: 1048:Column 'userid' cannot be null
 [ SQL语句 ] : INSERT INTO `omronvote_poll` (`deviceid`,`userid`) VALUES ('684904285fddd541b73b51feea806f6c',NULL)

[ 2016-03-11T17:22:16+08:00 ] 123.116.47.186 /admin/home/omron/index
INFO: [ app_init ] --START--
INFO: Run Behavior\BuildLiteBehavior [ RunTime:0.000014s ]
INFO: [ app_init ] --END-- [ RunTime:0.000264s ]
INFO: [ app_begin ] --START--
INFO: Run Behavior\ReadHtmlCacheBehavior [ RunTime:0.000345s ]
INFO: [ app_begin ] --END-- [ RunTime:0.000399s ]
SQL: SHOW COLUMNS FROM `omronvote` [ RunTime:0.0008s ]
SQL: SELECT `access_token`,`endtime` FROM `omronvote` WHERE ( `id`=12 ) LIMIT 1   [ RunTime:0.0003s ]
SQL: SELECT `id` FROM `omronvote` WHERE ( `id`=14 ) LIMIT 1   [ RunTime:0.0004s ]
SQL: UPDATE `omronvote` SET `access_token`='Ru1x9nwupUGZTweTF9EY_gGsS1lBTHA1qss9qiwTG3FwBlthB5X-PyiG6sstSVx8',`endtime`='1457695336' WHERE ( `id`=14 ) [ RunTime:0.0003s ]
INFO: [ view_parse ] --START--
INFO: [ template_filter ] --START--
INFO: Run Behavior\ContentReplaceBehavior [ RunTime:0.000041s ]
INFO: [ template_filter ] --END-- [ RunTime:0.000097s ]
INFO: Run Behavior\ParseTemplateBehavior [ RunTime:0.004274s ]
INFO: [ view_parse ] --END-- [ RunTime:0.004331s ]
INFO: [ view_filter ] --START--
INFO: Run Behavior\WriteHtmlCacheBehavior [ RunTime:0.000109s ]
INFO: [ view_filter ] --END-- [ RunTime:0.000156s ]
INFO: [ app_end ] --START--
INFO: Run Behavior\ShowPageTraceBehavior [ RunTime:0.000361s ]
INFO: [ app_end ] --END-- [ RunTime:0.000410s ]

[ 2016-03-11T17:22:17+08:00 ] 123.116.47.186 /admin/Home/omron/vote?code=17820fe531ab8ebb77575a590cd2a568&state=STATE
INFO: [ app_init ] --START--
INFO: Run Behavior\BuildLiteBehavior [ RunTime:0.000015s ]
INFO: [ app_init ] --END-- [ RunTime:0.000273s ]
INFO: [ app_begin ] --START--
INFO: Run Behavior\ReadHtmlCacheBehavior [ RunTime:0.000328s ]
INFO: [ app_begin ] --END-- [ RunTime:0.000381s ]
SQL: SHOW COLUMNS FROM `omronvote` [ RunTime:0.0008s ]
SQL: SELECT `access_token`,`endtime` FROM `omronvote` WHERE ( `id`=12 ) LIMIT 1   [ RunTime:0.0003s ]
SQL: SELECT `id` FROM `omronvote` WHERE ( `id`=14 ) LIMIT 1   [ RunTime:0.0004s ]
SQL: UPDATE `omronvote` SET `access_token`='Ru1x9nwupUGZTweTF9EY_gGsS1lBTHA1qss9qiwTG3FwBlthB5X-PyiG6sstSVx8',`endtime`='1457695337' WHERE ( `id`=14 ) [ RunTime:0.0003s ]
SQL: SELECT `id` FROM `omronvote` WHERE ( `id`=14 ) LIMIT 1   [ RunTime:0.0004s ]
SQL: UPDATE `omronvote` SET `access_token`='Ru1x9nwupUGZTweTF9EY_gGsS1lBTHA1qss9qiwTG3FwBlthB5X-PyiG6sstSVx8',`endtime`='1457695337' WHERE ( `id`=14 ) [ RunTime:0.0003s ]
NOTIC: [8] Undefined index: UserID /home/wwwroot/admin/Application/Home/Controller/OmronController.class.php 第 22 行.
NOTIC: [8] Undefined index: UserId /home/wwwroot/admin/Application/Home/Controller/OmronController.class.php 第 24 行.
NOTIC: [8] Undefined index: UserId /home/wwwroot/admin/Application/Home/Controller/OmronController.class.php 第 25 行.
SQL: SHOW COLUMNS FROM `omronvote_poll` [ RunTime:0.0009s ]
NOTIC: [8] Undefined index: UserId /home/wwwroot/admin/Application/Home/Controller/OmronController.class.php 第 27 行.
SQL: SELECT `id` FROM `omronvote_poll` WHERE ( `userid`='' and `deviceid`='684904285fddd541b73b51feea806f6c' ) LIMIT 1   [ RunTime:0.0003s ]
ERR: 1048:Column 'userid' cannot be null
 [ SQL语句 ] : INSERT INTO `omronvote_poll` (`deviceid`,`userid`) VALUES ('684904285fddd541b73b51feea806f6c',NULL)
ERR: 1048:Column 'userid' cannot be null
 [ SQL语句 ] : INSERT INTO `omronvote_poll` (`deviceid`,`userid`) VALUES ('684904285fddd541b73b51feea806f6c',NULL)

