[ 2016-01-30T04:50:53+08:00 ] 121.42.0.38 /admin/
INFO: [ app_init ] --START--
INFO: Run Behavior\BuildLiteBehavior [ RunTime:0.000016s ]
INFO: [ app_init ] --END-- [ RunTime:0.000323s ]
INFO: [ app_begin ] --START--
INFO: Run Behavior\ReadHtmlCacheBehavior [ RunTime:0.000359s ]
INFO: [ app_begin ] --END-- [ RunTime:0.000416s ]
ERR: 无法加载控制器:Index

[ 2016-01-30T06:37:49+08:00 ] 112.65.188.128 /admin/home/omron/index
INFO: [ app_init ] --START--
INFO: Run Behavior\BuildLiteBehavior [ RunTime:0.000014s ]
INFO: [ app_init ] --END-- [ RunTime:0.000291s ]
INFO: [ app_begin ] --START--
INFO: Run Behavior\ReadHtmlCacheBehavior [ RunTime:0.000358s ]
INFO: [ app_begin ] --END-- [ RunTime:0.000414s ]
SQL: SHOW COLUMNS FROM `omronvote` [ RunTime:0.0008s ]
SQL: SELECT `access_token`,`endtime` FROM `omronvote` WHERE ( `id`=12 ) LIMIT 1   [ RunTime:0.0003s ]
SQL: SELECT `id` FROM `omronvote` WHERE ( `id`=14 ) LIMIT 1   [ RunTime:0.0003s ]
SQL: UPDATE `omronvote` SET `access_token`='ootdMzIgaKjy8wRfvp7YBvxR9dYCxIpfaVgfDaeyGYTq_cTbBUNRSQkfY48C4G8-aNtsWTHKkVLTr1avFoimsw',`endtime`='1454114269' WHERE ( `id`=14 ) [ RunTime:0.0003s ]
INFO: [ view_parse ] --START--
INFO: [ template_filter ] --START--
INFO: Run Behavior\ContentReplaceBehavior [ RunTime:0.000046s ]
INFO: [ template_filter ] --END-- [ RunTime:0.000108s ]
INFO: Run Behavior\ParseTemplateBehavior [ RunTime:0.004632s ]
INFO: [ view_parse ] --END-- [ RunTime:0.004702s ]
INFO: [ view_filter ] --START--
INFO: Run Behavior\WriteHtmlCacheBehavior [ RunTime:0.000125s ]
INFO: [ view_filter ] --END-- [ RunTime:0.000172s ]
INFO: [ app_end ] --START--
INFO: Run Behavior\ShowPageTraceBehavior [ RunTime:0.000380s ]
INFO: [ app_end ] --END-- [ RunTime:0.000432s ]

[ 2016-01-30T06:37:50+08:00 ] 112.65.188.128 /admin/Home/omron/vote?code=5ec63dedefbbc6a65c5040523a60cea9&state=STATE
INFO: [ app_init ] --START--
INFO: Run Behavior\BuildLiteBehavior [ RunTime:0.000016s ]
INFO: [ app_init ] --END-- [ RunTime:0.000338s ]
INFO: [ app_begin ] --START--
INFO: Run Behavior\ReadHtmlCacheBehavior [ RunTime:0.000373s ]
INFO: [ app_begin ] --END-- [ RunTime:0.000438s ]
SQL: SHOW COLUMNS FROM `omronvote` [ RunTime:0.0010s ]
SQL: SELECT `access_token`,`endtime` FROM `omronvote` WHERE ( `id`=12 ) LIMIT 1   [ RunTime:0.0003s ]
SQL: SELECT `id` FROM `omronvote` WHERE ( `id`=14 ) LIMIT 1   [ RunTime:0.0004s ]
SQL: UPDATE `omronvote` SET `access_token`='ootdMzIgaKjy8wRfvp7YBvxR9dYCxIpfaVgfDaeyGYTq_cTbBUNRSQkfY48C4G8-aNtsWTHKkVLTr1avFoimsw',`endtime`='1454114270' WHERE ( `id`=14 ) [ RunTime:0.0004s ]
SQL: SELECT `id` FROM `omronvote` WHERE ( `id`=14 ) LIMIT 1   [ RunTime:0.0004s ]
SQL: UPDATE `omronvote` SET `access_token`='ootdMzIgaKjy8wRfvp7YBvxR9dYCxIpfaVgfDaeyGYTq_cTbBUNRSQkfY48C4G8-aNtsWTHKkVLTr1avFoimsw',`endtime`='1454114270' WHERE ( `id`=14 ) [ RunTime:0.0003s ]
NOTIC: [8] Undefined index: UserID /home/wwwroot/admin/Application/Home/Controller/OmronController.class.php 第 22 行.
SQL: SHOW COLUMNS FROM `omronvote_poll` [ RunTime:0.0009s ]
SQL: SELECT `id` FROM `omronvote_poll` WHERE ( `userid`='0CB112007' and `deviceid`='efa823d4fff286f6ce2d88fe303079ca' ) LIMIT 1   [ RunTime:0.0003s ]
SQL: INSERT INTO `omronvote_poll` (`deviceid`,`userid`) VALUES ('efa823d4fff286f6ce2d88fe303079ca','0CB112007') [ RunTime:0.0003s ]
SQL: SHOW COLUMNS FROM `omronvote_vote` [ RunTime:0.0006s ]
SQL: SELECT `id` FROM `omronvote_vote` WHERE ( `openid`='0CB112007' and `deviceid`='efa823d4fff286f6ce2d88fe303079ca' and `fid`=1 ) LIMIT 1   [ RunTime:0.0003s ]
SQL: SELECT COUNT(*) AS tp_count FROM `omronvote_vote` WHERE ( `fid`=1 ) LIMIT 1   [ RunTime:0.0003s ]
SQL: SELECT `id` FROM `omronvote_vote` WHERE ( `openid`='0CB112007' and `deviceid`='efa823d4fff286f6ce2d88fe303079ca' and `fid`=2 ) LIMIT 1   [ RunTime:0.0003s ]
SQL: SELECT COUNT(*) AS tp_count FROM `omronvote_vote` WHERE ( `fid`=2 ) LIMIT 1   [ RunTime:0.0003s ]
SQL: SELECT `id` FROM `omronvote_vote` WHERE ( `openid`='0CB112007' and `deviceid`='efa823d4fff286f6ce2d88fe303079ca' and `fid`=3 ) LIMIT 1   [ RunTime:0.0003s ]
SQL: SELECT COUNT(*) AS tp_count FROM `omronvote_vote` WHERE ( `fid`=3 ) LIMIT 1   [ RunTime:0.0003s ]
SQL: SELECT `id` FROM `omronvote_vote` WHERE ( `openid`='0CB112007' and `deviceid`='efa823d4fff286f6ce2d88fe303079ca' and `fid`=4 ) LIMIT 1   [ RunTime:0.0003s ]
SQL: SELECT COUNT(*) AS tp_count FROM `omronvote_vote` WHERE ( `fid`=4 ) LIMIT 1   [ RunTime:0.0003s ]
SQL: SELECT `id` FROM `omronvote_vote` WHERE ( `openid`='0CB112007' and `deviceid`='efa823d4fff286f6ce2d88fe303079ca' and `fid`=5 ) LIMIT 1   [ RunTime:0.0003s ]
SQL: SELECT COUNT(*) AS tp_count FROM `omronvote_vote` WHERE ( `fid`=5 ) LIMIT 1   [ RunTime:0.0003s ]
SQL: SELECT `id` FROM `omronvote_vote` WHERE ( `openid`='0CB112007' and `deviceid`='efa823d4fff286f6ce2d88fe303079ca' and `fid`=6 ) LIMIT 1   [ RunTime:0.0003s ]
SQL: SELECT COUNT(*) AS tp_count FROM `omronvote_vote` WHERE ( `fid`=6 ) LIMIT 1   [ RunTime:0.0003s ]
SQL: SELECT `id` FROM `omronvote_vote` WHERE ( `openid`='0CB112007' and `deviceid`='efa823d4fff286f6ce2d88fe303079ca' and `fid`=7 ) LIMIT 1   [ RunTime:0.0003s ]
SQL: SELECT COUNT(*) AS tp_count FROM `omronvote_vote` WHERE ( `fid`=7 ) LIMIT 1   [ RunTime:0.0003s ]
SQL: SELECT `id` FROM `omronvote_vote` WHERE ( `openid`='0CB112007' and `deviceid`='efa823d4fff286f6ce2d88fe303079ca' and `fid`=8 ) LIMIT 1   [ RunTime:0.0003s ]
SQL: SELECT COUNT(*) AS tp_count FROM `omronvote_vote` WHERE ( `fid`=8 ) LIMIT 1   [ RunTime:0.0003s ]
SQL: SELECT `id` FROM `omronvote_vote` WHERE ( `openid`='0CB112007' and `deviceid`='efa823d4fff286f6ce2d88fe303079ca' and `fid`=9 ) LIMIT 1   [ RunTime:0.0003s ]
SQL: SELECT COUNT(*) AS tp_count FROM `omronvote_vote` WHERE ( `fid`=9 ) LIMIT 1   [ RunTime:0.0003s ]
SQL: SELECT `id` FROM `omronvote_vote` WHERE ( `openid`='0CB112007' and `deviceid`='efa823d4fff286f6ce2d88fe303079ca' and `fid`=10 ) LIMIT 1   [ RunTime:0.0003s ]
SQL: SELECT COUNT(*) AS tp_count FROM `omronvote_vote` WHERE ( `fid`=10 ) LIMIT 1   [ RunTime:0.0003s ]
SQL: SELECT `id` FROM `omronvote_vote` WHERE ( `openid`='0CB112007' and `deviceid`='efa823d4fff286f6ce2d88fe303079ca' and `fid`=11 ) LIMIT 1   [ RunTime:0.0003s ]
SQL: SELECT COUNT(*) AS tp_count FROM `omronvote_vote` WHERE ( `fid`=11 ) LIMIT 1   [ RunTime:0.0003s ]
SQL: SELECT `id` FROM `omronvote_vote` WHERE ( `openid`='0CB112007' and `deviceid`='efa823d4fff286f6ce2d88fe303079ca' and `fid`=12 ) LIMIT 1   [ RunTime:0.0003s ]
SQL: SELECT COUNT(*) AS tp_count FROM `omronvote_vote` WHERE ( `fid`=12 ) LIMIT 1   [ RunTime:0.0003s ]
SQL: SELECT `id` FROM `omronvote_vote` WHERE ( `openid`='0CB112007' and `deviceid`='efa823d4fff286f6ce2d88fe303079ca' and `fid`=13 ) LIMIT 1   [ RunTime:0.0003s ]
SQL: SELECT COUNT(*) AS tp_count FROM `omronvote_vote` WHERE ( `fid`=13 ) LIMIT 1   [ RunTime:0.0003s ]
SQL: SELECT `id` FROM `omronvote_vote` WHERE ( `openid`='0CB112007' and `deviceid`='efa823d4fff286f6ce2d88fe303079ca' and `fid`=14 ) LIMIT 1   [ RunTime:0.0003s ]
SQL: SELECT COUNT(*) AS tp_count FROM `omronvote_vote` WHERE ( `fid`=14 ) LIMIT 1   [ RunTime:0.0003s ]
SQL: SELECT `id` FROM `omronvote_vote` WHERE ( `openid`='0CB112007' and `deviceid`='efa823d4fff286f6ce2d88fe303079ca' and `fid`=15 ) LIMIT 1   [ RunTime:0.0003s ]
SQL: SELECT COUNT(*) AS tp_count FROM `omronvote_vote` WHERE ( `fid`=15 ) LIMIT 1   [ RunTime:0.0003s ]
SQL: SELECT `id` FROM `omronvote_vote` WHERE ( `openid`='0CB112007' and `deviceid`='efa823d4fff286f6ce2d88fe303079ca' and `fid`=16 ) LIMIT 1   [ RunTime:0.0003s ]
SQL: SELECT COUNT(*) AS tp_count FROM `omronvote_vote` WHERE ( `fid`=16 ) LIMIT 1   [ RunTime:0.0003s ]
SQL: SELECT `id` FROM `omronvote_vote` WHERE ( `openid`='0CB112007' and `deviceid`='efa823d4fff286f6ce2d88fe303079ca' and `fid`=17 ) LIMIT 1   [ RunTime:0.0003s ]
SQL: SELECT COUNT(*) AS tp_count FROM `omronvote_vote` WHERE ( `fid`=17 ) LIMIT 1   [ RunTime:0.0003s ]
SQL: SELECT `id` FROM `omronvote_vote` WHERE ( `openid`='0CB112007' and `deviceid`='efa823d4fff286f6ce2d88fe303079ca' and `fid`=18 ) LIMIT 1   [ RunTime:0.0003s ]
SQL: SELECT COUNT(*) AS tp_count FROM `omronvote_vote` WHERE ( `fid`=18 ) LIMIT 1   [ RunTime:0.0003s ]
SQL: SELECT `id` FROM `omronvote_vote` WHERE ( `openid`='0CB112007' and `deviceid`='efa823d4fff286f6ce2d88fe303079ca' and `fid`=19 ) LIMIT 1   [ RunTime:0.0003s ]
SQL: SELECT COUNT(*) AS tp_count FROM `omronvote_vote` WHERE ( `fid`=19 ) LIMIT 1   [ RunTime:0.0003s ]
SQL: SELECT `id` FROM `omronvote_vote` WHERE ( `openid`='0CB112007' and `deviceid`='efa823d4fff286f6ce2d88fe303079ca' and `fid`=20 ) LIMIT 1   [ RunTime:0.0003s ]
SQL: SELECT COUNT(*) AS tp_count FROM `omronvote_vote` WHERE ( `fid`=20 ) LIMIT 1   [ RunTime:0.0003s ]
SQL: SELECT `id` FROM `omronvote_vote` WHERE ( `openid`='0CB112007' and `deviceid`='efa823d4fff286f6ce2d88fe303079ca' and `fid`=21 ) LIMIT 1   [ RunTime:0.0003s ]
SQL: SELECT COUNT(*) AS tp_count FROM `omronvote_vote` WHERE ( `fid`=21 ) LIMIT 1   [ RunTime:0.0003s ]
SQL: SELECT `id` FROM `omronvote_vote` WHERE ( `openid`='0CB112007' and `deviceid`='efa823d4fff286f6ce2d88fe303079ca' and `fid`=22 ) LIMIT 1   [ RunTime:0.0003s ]
SQL: SELECT COUNT(*) AS tp_count FROM `omronvote_vote` WHERE ( `fid`=22 ) LIMIT 1   [ RunTime:0.0003s ]
SQL: SELECT `id` FROM `omronvote_vote` WHERE ( `openid`='0CB112007' and `deviceid`='efa823d4fff286f6ce2d88fe303079ca' and `fid`=23 ) LIMIT 1   [ RunTime:0.0003s ]
SQL: SELECT COUNT(*) AS tp_count FROM `omronvote_vote` WHERE ( `fid`=23 ) LIMIT 1   [ RunTime:0.0003s ]
SQL: SELECT `id` FROM `omronvote_vote` WHERE ( `openid`='0CB112007' and `deviceid`='efa823d4fff286f6ce2d88fe303079ca' and `fid`=24 ) LIMIT 1   [ RunTime:0.0003s ]
SQL: SELECT COUNT(*) AS tp_count FROM `omronvote_vote` WHERE ( `fid`=24 ) LIMIT 1   [ RunTime:0.0003s ]
SQL: SELECT `id` FROM `omronvote_vote` WHERE ( `openid`='0CB112007' and `deviceid`='efa823d4fff286f6ce2d88fe303079ca' and `fid`=25 ) LIMIT 1   [ RunTime:0.0005s ]
SQL: SELECT COUNT(*) AS tp_count FROM `omronvote_vote` WHERE ( `fid`=25 ) LIMIT 1   [ RunTime:0.0003s ]
SQL: SELECT `id` FROM `omronvote_vote` WHERE ( `openid`='0CB112007' and `deviceid`='efa823d4fff286f6ce2d88fe303079ca' and `fid`=26 ) LIMIT 1   [ RunTime:0.0003s ]
SQL: SELECT COUNT(*) AS tp_count FROM `omronvote_vote` WHERE ( `fid`=26 ) LIMIT 1   [ RunTime:0.0003s ]
SQL: SELECT `id` FROM `omronvote_vote` WHERE ( `openid`='0CB112007' and `deviceid`='efa823d4fff286f6ce2d88fe303079ca' and `fid`=27 ) LIMIT 1   [ RunTime:0.0004s ]
SQL: SELECT COUNT(*) AS tp_count FROM `omronvote_vote` WHERE ( `fid`=27 ) LIMIT 1   [ RunTime:0.0003s ]
SQL: SELECT `id` FROM `omronvote_vote` WHERE ( `openid`='0CB112007' and `deviceid`='efa823d4fff286f6ce2d88fe303079ca' and `fid`=28 ) LIMIT 1   [ RunTime:0.0003s ]
SQL: SELECT COUNT(*) AS tp_count FROM `omronvote_vote` WHERE ( `fid`=28 ) LIMIT 1   [ RunTime:0.0003s ]
SQL: SELECT `id` FROM `omronvote_vote` WHERE ( `openid`='0CB112007' and `deviceid`='efa823d4fff286f6ce2d88fe303079ca' and `fid`=29 ) LIMIT 1   [ RunTime:0.0003s ]
SQL: SELECT COUNT(*) AS tp_count FROM `omronvote_vote` WHERE ( `fid`=29 ) LIMIT 1   [ RunTime:0.0003s ]
SQL: SELECT `id` FROM `omronvote_vote` WHERE ( `openid`='0CB112007' and `deviceid`='efa823d4fff286f6ce2d88fe303079ca' and `fid`=30 ) LIMIT 1   [ RunTime:0.0004s ]
SQL: SELECT COUNT(*) AS tp_count FROM `omronvote_vote` WHERE ( `fid`=30 ) LIMIT 1   [ RunTime:0.0003s ]
SQL: SELECT `id` FROM `omronvote_vote` WHERE ( `openid`='0CB112007' and `deviceid`='efa823d4fff286f6ce2d88fe303079ca' and `fid`=31 ) LIMIT 1   [ RunTime:0.0003s ]
SQL: SELECT COUNT(*) AS tp_count FROM `omronvote_vote` WHERE ( `fid`=31 ) LIMIT 1   [ RunTime:0.0003s ]
SQL: SELECT `id` FROM `omronvote_vote` WHERE ( `openid`='0CB112007' and `deviceid`='efa823d4fff286f6ce2d88fe303079ca' and `fid`=32 ) LIMIT 1   [ RunTime:0.0003s ]
SQL: SELECT COUNT(*) AS tp_count FROM `omronvote_vote` WHERE ( `fid`=32 ) LIMIT 1   [ RunTime:0.0003s ]
SQL: SELECT `id` FROM `omronvote_vote` WHERE ( `openid`='0CB112007' and `deviceid`='efa823d4fff286f6ce2d88fe303079ca' and `fid`=33 ) LIMIT 1   [ RunTime:0.0003s ]
SQL: SELECT COUNT(*) AS tp_count FROM `omronvote_vote` WHERE ( `fid`=33 ) LIMIT 1   [ RunTime:0.0003s ]
SQL: SELECT `id` FROM `omronvote_vote` WHERE ( `openid`='0CB112007' and `deviceid`='efa823d4fff286f6ce2d88fe303079ca' and `fid`=34 ) LIMIT 1   [ RunTime:0.0003s ]
SQL: SELECT COUNT(*) AS tp_count FROM `omronvote_vote` WHERE ( `fid`=34 ) LIMIT 1   [ RunTime:0.0003s ]
SQL: SELECT `id` FROM `omronvote_vote` WHERE ( `openid`='0CB112007' and `deviceid`='efa823d4fff286f6ce2d88fe303079ca' and `fid`=35 ) LIMIT 1   [ RunTime:0.0003s ]
SQL: SELECT COUNT(*) AS tp_count FROM `omronvote_vote` WHERE ( `fid`=35 ) LIMIT 1   [ RunTime:0.0003s ]
SQL: SELECT `id` FROM `omronvote_vote` WHERE ( `openid`='0CB112007' and `deviceid`='efa823d4fff286f6ce2d88fe303079ca' and `fid`=36 ) LIMIT 1   [ RunTime:0.0003s ]
SQL: SELECT COUNT(*) AS tp_count FROM `omronvote_vote` WHERE ( `fid`=36 ) LIMIT 1   [ RunTime:0.0003s ]
SQL: SELECT `id` FROM `omronvote_vote` WHERE ( `openid`='0CB112007' and `deviceid`='efa823d4fff286f6ce2d88fe303079ca' and `fid`=37 ) LIMIT 1   [ RunTime:0.0003s ]
SQL: SELECT COUNT(*) AS tp_count FROM `omronvote_vote` WHERE ( `fid`=37 ) LIMIT 1   [ RunTime:0.0003s ]
SQL: SELECT `id` FROM `omronvote_vote` WHERE ( `openid`='0CB112007' and `deviceid`='efa823d4fff286f6ce2d88fe303079ca' and `fid`=38 ) LIMIT 1   [ RunTime:0.0003s ]
SQL: SELECT COUNT(*) AS tp_count FROM `omronvote_vote` WHERE ( `fid`=38 ) LIMIT 1   [ RunTime:0.0003s ]
SQL: SELECT `id` FROM `omronvote_vote` WHERE ( `openid`='0CB112007' and `deviceid`='efa823d4fff286f6ce2d88fe303079ca' and `fid`=39 ) LIMIT 1   [ RunTime:0.0003s ]
SQL: SELECT COUNT(*) AS tp_count FROM `omronvote_vote` WHERE ( `fid`=39 ) LIMIT 1   [ RunTime:0.0003s ]
SQL: SELECT `id` FROM `omronvote_vote` WHERE ( `openid`='0CB112007' and `deviceid`='efa823d4fff286f6ce2d88fe303079ca' and `fid`=40 ) LIMIT 1   [ RunTime:0.0003s ]
SQL: SELECT COUNT(*) AS tp_count FROM `omronvote_vote` WHERE ( `fid`=40 ) LIMIT 1   [ RunTime:0.0003s ]
SQL: SELECT `id` FROM `omronvote_vote` WHERE ( `openid`='0CB112007' and `deviceid`='efa823d4fff286f6ce2d88fe303079ca' and `fid`=41 ) LIMIT 1   [ RunTime:0.0003s ]
SQL: SELECT COUNT(*) AS tp_count FROM `omronvote_vote` WHERE ( `fid`=41 ) LIMIT 1   [ RunTime:0.0003s ]
INFO: [ view_parse ] --START--
INFO: [ template_filter ] --START--
INFO: Run Behavior\ContentReplaceBehavior [ RunTime:0.000159s ]
INFO: [ template_filter ] --END-- [ RunTime:0.000241s ]
INFO: Run Behavior\ParseTemplateBehavior [ RunTime:0.023499s ]
INFO: [ view_parse ] --END-- [ RunTime:0.023563s ]
INFO: [ view_filter ] --START--
INFO: Run Behavior\WriteHtmlCacheBehavior [ RunTime:0.000134s ]
INFO: [ view_filter ] --END-- [ RunTime:0.000186s ]
INFO: [ app_end ] --START--
INFO: Run Behavior\ShowPageTraceBehavior [ RunTime:0.000539s ]
INFO: [ app_end ] --END-- [ RunTime:0.000668s ]

[ 2016-01-30T06:38:59+08:00 ] 112.65.188.128 /admin/home/omron/index
INFO: [ app_init ] --START--
INFO: Run Behavior\BuildLiteBehavior [ RunTime:0.000015s ]
INFO: [ app_init ] --END-- [ RunTime:0.000272s ]
INFO: [ app_begin ] --START--
INFO: Run Behavior\ReadHtmlCacheBehavior [ RunTime:0.000328s ]
INFO: [ app_begin ] --END-- [ RunTime:0.000385s ]
SQL: SHOW COLUMNS FROM `omronvote` [ RunTime:0.0008s ]
SQL: SELECT `access_token`,`endtime` FROM `omronvote` WHERE ( `id`=12 ) LIMIT 1   [ RunTime:0.0003s ]
SQL: SELECT `id` FROM `omronvote` WHERE ( `id`=14 ) LIMIT 1   [ RunTime:0.0003s ]
SQL: UPDATE `omronvote` SET `access_token`='ootdMzIgaKjy8wRfvp7YBvxR9dYCxIpfaVgfDaeyGYTq_cTbBUNRSQkfY48C4G8-aNtsWTHKkVLTr1avFoimsw',`endtime`='1454114339' WHERE ( `id`=14 ) [ RunTime:0.0003s ]
INFO: [ view_parse ] --START--
INFO: [ template_filter ] --START--
INFO: Run Behavior\ContentReplaceBehavior [ RunTime:0.000043s ]
INFO: [ template_filter ] --END-- [ RunTime:0.000107s ]
INFO: Run Behavior\ParseTemplateBehavior [ RunTime:0.004223s ]
INFO: [ view_parse ] --END-- [ RunTime:0.004286s ]
INFO: [ view_filter ] --START--
INFO: Run Behavior\WriteHtmlCacheBehavior [ RunTime:0.000114s ]
INFO: [ view_filter ] --END-- [ RunTime:0.000188s ]
INFO: [ app_end ] --START--
INFO: Run Behavior\ShowPageTraceBehavior [ RunTime:0.000361s ]
INFO: [ app_end ] --END-- [ RunTime:0.000414s ]

[ 2016-01-30T06:39:00+08:00 ] 180.153.214.152 /admin/Home/omron/vote
INFO: [ app_init ] --START--
INFO: Run Behavior\BuildLiteBehavior [ RunTime:0.000025s ]
INFO: [ app_init ] --END-- [ RunTime:0.000410s ]
INFO: [ app_begin ] --START--
INFO: Run Behavior\ReadHtmlCacheBehavior [ RunTime:0.000351s ]
INFO: [ app_begin ] --END-- [ RunTime:0.000422s ]
SQL: SHOW COLUMNS FROM `omronvote` [ RunTime:0.0008s ]
SQL: SELECT `access_token`,`endtime` FROM `omronvote` WHERE ( `id`=12 ) LIMIT 1   [ RunTime:0.0029s ]
SQL: SELECT `id` FROM `omronvote` WHERE ( `id`=14 ) LIMIT 1   [ RunTime:0.0004s ]
SQL: UPDATE `omronvote` SET `access_token`='ootdMzIgaKjy8wRfvp7YBvxR9dYCxIpfaVgfDaeyGYTq_cTbBUNRSQkfY48C4G8-aNtsWTHKkVLTr1avFoimsw',`endtime`='1454114340' WHERE ( `id`=14 ) [ RunTime:0.0003s ]
NOTIC: [8] Undefined index: code /home/wwwroot/admin/Application/Home/Controller/OmronController.class.php 第 20 行.
SQL: SELECT `id` FROM `omronvote` WHERE ( `id`=14 ) LIMIT 1   [ RunTime:0.0002s ]
SQL: UPDATE `omronvote` SET `access_token`='ootdMzIgaKjy8wRfvp7YBvxR9dYCxIpfaVgfDaeyGYTq_cTbBUNRSQkfY48C4G8-aNtsWTHKkVLTr1avFoimsw',`endtime`='1454114340' WHERE ( `id`=14 ) [ RunTime:0.0003s ]
NOTIC: [8] Undefined index: code /home/wwwroot/admin/Application/Home/Controller/OmronCommonController.class.php 第 41 行.
NOTIC: [8] Undefined index: UserID /home/wwwroot/admin/Application/Home/Controller/OmronController.class.php 第 22 行.
NOTIC: [8] Undefined index: DeviceId /home/wwwroot/admin/Application/Home/Controller/OmronController.class.php 第 23 行.
NOTIC: [8] Undefined index: UserId /home/wwwroot/admin/Application/Home/Controller/OmronController.class.php 第 24 行.
NOTIC: [8] Undefined index: UserId /home/wwwroot/admin/Application/Home/Controller/OmronController.class.php 第 25 行.
NOTIC: [8] Undefined index: DeviceId /home/wwwroot/admin/Application/Home/Controller/OmronController.class.php 第 26 行.
SQL: SHOW COLUMNS FROM `omronvote_poll` [ RunTime:0.0009s ]
NOTIC: [8] Undefined index: UserId /home/wwwroot/admin/Application/Home/Controller/OmronController.class.php 第 27 行.
NOTIC: [8] Undefined index: DeviceId /home/wwwroot/admin/Application/Home/Controller/OmronController.class.php 第 27 行.
SQL: SELECT `id` FROM `omronvote_poll` WHERE ( `userid`='' and `deviceid`='' ) LIMIT 1   [ RunTime:0.0003s ]
ERR: 1048:Column 'deviceid' cannot be null
 [ SQL语句 ] : INSERT INTO `omronvote_poll` (`deviceid`,`userid`) VALUES (NULL,NULL)
ERR: 1048:Column 'deviceid' cannot be null
 [ SQL语句 ] : INSERT INTO `omronvote_poll` (`deviceid`,`userid`) VALUES (NULL,NULL)

[ 2016-01-30T06:39:01+08:00 ] 112.65.188.128 /admin/Home/omron/vote?code=8ad301c07429e108ae1a69851cd0a495&state=STATE
INFO: [ app_init ] --START--
INFO: Run Behavior\BuildLiteBehavior [ RunTime:0.000014s ]
INFO: [ app_init ] --END-- [ RunTime:0.000320s ]
INFO: [ app_begin ] --START--
INFO: Run Behavior\ReadHtmlCacheBehavior [ RunTime:0.000352s ]
INFO: [ app_begin ] --END-- [ RunTime:0.000409s ]
SQL: SHOW COLUMNS FROM `omronvote` [ RunTime:0.0009s ]
SQL: SELECT `access_token`,`endtime` FROM `omronvote` WHERE ( `id`=12 ) LIMIT 1   [ RunTime:0.0003s ]
SQL: SELECT `id` FROM `omronvote` WHERE ( `id`=14 ) LIMIT 1   [ RunTime:0.0002s ]
SQL: UPDATE `omronvote` SET `access_token`='ootdMzIgaKjy8wRfvp7YBvxR9dYCxIpfaVgfDaeyGYTq_cTbBUNRSQkfY48C4G8-aNtsWTHKkVLTr1avFoimsw',`endtime`='1454114340' WHERE ( `id`=14 ) [ RunTime:0.0003s ]
SQL: SELECT `id` FROM `omronvote` WHERE ( `id`=14 ) LIMIT 1   [ RunTime:0.0004s ]
SQL: UPDATE `omronvote` SET `access_token`='ootdMzIgaKjy8wRfvp7YBvxR9dYCxIpfaVgfDaeyGYTq_cTbBUNRSQkfY48C4G8-aNtsWTHKkVLTr1avFoimsw',`endtime`='1454114340' WHERE ( `id`=14 ) [ RunTime:0.0017s ]
NOTIC: [8] Undefined index: UserID /home/wwwroot/admin/Application/Home/Controller/OmronController.class.php 第 22 行.
SQL: SHOW COLUMNS FROM `omronvote_poll` [ RunTime:0.0007s ]
SQL: SELECT `id` FROM `omronvote_poll` WHERE ( `userid`='0CB112007' and `deviceid`='efa823d4fff286f6ce2d88fe303079ca' ) LIMIT 1   [ RunTime:0.0003s ]
SQL: SHOW COLUMNS FROM `omronvote_vote` [ RunTime:0.0007s ]
SQL: SELECT `id` FROM `omronvote_vote` WHERE ( `openid`='0CB112007' and `deviceid`='efa823d4fff286f6ce2d88fe303079ca' and `fid`=1 ) LIMIT 1   [ RunTime:0.0003s ]
SQL: SELECT COUNT(*) AS tp_count FROM `omronvote_vote` WHERE ( `fid`=1 ) LIMIT 1   [ RunTime:0.0003s ]
SQL: SELECT `id` FROM `omronvote_vote` WHERE ( `openid`='0CB112007' and `deviceid`='efa823d4fff286f6ce2d88fe303079ca' and `fid`=2 ) LIMIT 1   [ RunTime:0.0003s ]
SQL: SELECT COUNT(*) AS tp_count FROM `omronvote_vote` WHERE ( `fid`=2 ) LIMIT 1   [ RunTime:0.0003s ]
SQL: SELECT `id` FROM `omronvote_vote` WHERE ( `openid`='0CB112007' and `deviceid`='efa823d4fff286f6ce2d88fe303079ca' and `fid`=3 ) LIMIT 1   [ RunTime:0.0005s ]
SQL: SELECT COUNT(*) AS tp_count FROM `omronvote_vote` WHERE ( `fid`=3 ) LIMIT 1   [ RunTime:0.0003s ]
SQL: SELECT `id` FROM `omronvote_vote` WHERE ( `openid`='0CB112007' and `deviceid`='efa823d4fff286f6ce2d88fe303079ca' and `fid`=4 ) LIMIT 1   [ RunTime:0.0003s ]
SQL: SELECT COUNT(*) AS tp_count FROM `omronvote_vote` WHERE ( `fid`=4 ) LIMIT 1   [ RunTime:0.0003s ]
SQL: SELECT `id` FROM `omronvote_vote` WHERE ( `openid`='0CB112007' and `deviceid`='efa823d4fff286f6ce2d88fe303079ca' and `fid`=5 ) LIMIT 1   [ RunTime:0.0003s ]
SQL: SELECT COUNT(*) AS tp_count FROM `omronvote_vote` WHERE ( `fid`=5 ) LIMIT 1   [ RunTime:0.0003s ]
SQL: SELECT `id` FROM `omronvote_vote` WHERE ( `openid`='0CB112007' and `deviceid`='efa823d4fff286f6ce2d88fe303079ca' and `fid`=6 ) LIMIT 1   [ RunTime:0.0003s ]
SQL: SELECT COUNT(*) AS tp_count FROM `omronvote_vote` WHERE ( `fid`=6 ) LIMIT 1   [ RunTime:0.0003s ]
SQL: SELECT `id` FROM `omronvote_vote` WHERE ( `openid`='0CB112007' and `deviceid`='efa823d4fff286f6ce2d88fe303079ca' and `fid`=7 ) LIMIT 1   [ RunTime:0.0003s ]
SQL: SELECT COUNT(*) AS tp_count FROM `omronvote_vote` WHERE ( `fid`=7 ) LIMIT 1   [ RunTime:0.0003s ]
SQL: SELECT `id` FROM `omronvote_vote` WHERE ( `openid`='0CB112007' and `deviceid`='efa823d4fff286f6ce2d88fe303079ca' and `fid`=8 ) LIMIT 1   [ RunTime:0.0003s ]
SQL: SELECT COUNT(*) AS tp_count FROM `omronvote_vote` WHERE ( `fid`=8 ) LIMIT 1   [ RunTime:0.0003s ]
SQL: SELECT `id` FROM `omronvote_vote` WHERE ( `openid`='0CB112007' and `deviceid`='efa823d4fff286f6ce2d88fe303079ca' and `fid`=9 ) LIMIT 1   [ RunTime:0.0003s ]
SQL: SELECT COUNT(*) AS tp_count FROM `omronvote_vote` WHERE ( `fid`=9 ) LIMIT 1   [ RunTime:0.0003s ]
SQL: SELECT `id` FROM `omronvote_vote` WHERE ( `openid`='0CB112007' and `deviceid`='efa823d4fff286f6ce2d88fe303079ca' and `fid`=10 ) LIMIT 1   [ RunTime:0.0003s ]
SQL: SELECT COUNT(*) AS tp_count FROM `omronvote_vote` WHERE ( `fid`=10 ) LIMIT 1   [ RunTime:0.0003s ]
SQL: SELECT `id` FROM `omronvote_vote` WHERE ( `openid`='0CB112007' and `deviceid`='efa823d4fff286f6ce2d88fe303079ca' and `fid`=11 ) LIMIT 1   [ RunTime:0.0003s ]
SQL: SELECT COUNT(*) AS tp_count FROM `omronvote_vote` WHERE ( `fid`=11 ) LIMIT 1   [ RunTime:0.0003s ]
SQL: SELECT `id` FROM `omronvote_vote` WHERE ( `openid`='0CB112007' and `deviceid`='efa823d4fff286f6ce2d88fe303079ca' and `fid`=12 ) LIMIT 1   [ RunTime:0.0003s ]
SQL: SELECT COUNT(*) AS tp_count FROM `omronvote_vote` WHERE ( `fid`=12 ) LIMIT 1   [ RunTime:0.0003s ]
SQL: SELECT `id` FROM `omronvote_vote` WHERE ( `openid`='0CB112007' and `deviceid`='efa823d4fff286f6ce2d88fe303079ca' and `fid`=13 ) LIMIT 1   [ RunTime:0.0003s ]
SQL: SELECT COUNT(*) AS tp_count FROM `omronvote_vote` WHERE ( `fid`=13 ) LIMIT 1   [ RunTime:0.0003s ]
SQL: SELECT `id` FROM `omronvote_vote` WHERE ( `openid`='0CB112007' and `deviceid`='efa823d4fff286f6ce2d88fe303079ca' and `fid`=14 ) LIMIT 1   [ RunTime:0.0003s ]
SQL: SELECT COUNT(*) AS tp_count FROM `omronvote_vote` WHERE ( `fid`=14 ) LIMIT 1   [ RunTime:0.0003s ]
SQL: SELECT `id` FROM `omronvote_vote` WHERE ( `openid`='0CB112007' and `deviceid`='efa823d4fff286f6ce2d88fe303079ca' and `fid`=15 ) LIMIT 1   [ RunTime:0.0003s ]
SQL: SELECT COUNT(*) AS tp_count FROM `omronvote_vote` WHERE ( `fid`=15 ) LIMIT 1   [ RunTime:0.0003s ]
SQL: SELECT `id` FROM `omronvote_vote` WHERE ( `openid`='0CB112007' and `deviceid`='efa823d4fff286f6ce2d88fe303079ca' and `fid`=16 ) LIMIT 1   [ RunTime:0.0003s ]
SQL: SELECT COUNT(*) AS tp_count FROM `omronvote_vote` WHERE ( `fid`=16 ) LIMIT 1   [ RunTime:0.0003s ]
SQL: SELECT `id` FROM `omronvote_vote` WHERE ( `openid`='0CB112007' and `deviceid`='efa823d4fff286f6ce2d88fe303079ca' and `fid`=17 ) LIMIT 1   [ RunTime:0.0003s ]
SQL: SELECT COUNT(*) AS tp_count FROM `omronvote_vote` WHERE ( `fid`=17 ) LIMIT 1   [ RunTime:0.0003s ]
SQL: SELECT `id` FROM `omronvote_vote` WHERE ( `openid`='0CB112007' and `deviceid`='efa823d4fff286f6ce2d88fe303079ca' and `fid`=18 ) LIMIT 1   [ RunTime:0.0003s ]
SQL: SELECT COUNT(*) AS tp_count FROM `omronvote_vote` WHERE ( `fid`=18 ) LIMIT 1   [ RunTime:0.0003s ]
SQL: SELECT `id` FROM `omronvote_vote` WHERE ( `openid`='0CB112007' and `deviceid`='efa823d4fff286f6ce2d88fe303079ca' and `fid`=19 ) LIMIT 1   [ RunTime:0.0003s ]
SQL: SELECT COUNT(*) AS tp_count FROM `omronvote_vote` WHERE ( `fid`=19 ) LIMIT 1   [ RunTime:0.0003s ]
SQL: SELECT `id` FROM `omronvote_vote` WHERE ( `openid`='0CB112007' and `deviceid`='efa823d4fff286f6ce2d88fe303079ca' and `fid`=20 ) LIMIT 1   [ RunTime:0.0003s ]
SQL: SELECT COUNT(*) AS tp_count FROM `omronvote_vote` WHERE ( `fid`=20 ) LIMIT 1   [ RunTime:0.0003s ]
SQL: SELECT `id` FROM `omronvote_vote` WHERE ( `openid`='0CB112007' and `deviceid`='efa823d4fff286f6ce2d88fe303079ca' and `fid`=21 ) LIMIT 1   [ RunTime:0.0003s ]
SQL: SELECT COUNT(*) AS tp_count FROM `omronvote_vote` WHERE ( `fid`=21 ) LIMIT 1   [ RunTime:0.0003s ]
SQL: SELECT `id` FROM `omronvote_vote` WHERE ( `openid`='0CB112007' and `deviceid`='efa823d4fff286f6ce2d88fe303079ca' and `fid`=22 ) LIMIT 1   [ RunTime:0.0003s ]
SQL: SELECT COUNT(*) AS tp_count FROM `omronvote_vote` WHERE ( `fid`=22 ) LIMIT 1   [ RunTime:0.0003s ]
SQL: SELECT `id` FROM `omronvote_vote` WHERE ( `openid`='0CB112007' and `deviceid`='efa823d4fff286f6ce2d88fe303079ca' and `fid`=23 ) LIMIT 1   [ RunTime:0.0003s ]
SQL: SELECT COUNT(*) AS tp_count FROM `omronvote_vote` WHERE ( `fid`=23 ) LIMIT 1   [ RunTime:0.0003s ]
SQL: SELECT `id` FROM `omronvote_vote` WHERE ( `openid`='0CB112007' and `deviceid`='efa823d4fff286f6ce2d88fe303079ca' and `fid`=24 ) LIMIT 1   [ RunTime:0.0003s ]
SQL: SELECT COUNT(*) AS tp_count FROM `omronvote_vote` WHERE ( `fid`=24 ) LIMIT 1   [ RunTime:0.0003s ]
SQL: SELECT `id` FROM `omronvote_vote` WHERE ( `openid`='0CB112007' and `deviceid`='efa823d4fff286f6ce2d88fe303079ca' and `fid`=25 ) LIMIT 1   [ RunTime:0.0003s ]
SQL: SELECT COUNT(*) AS tp_count FROM `omronvote_vote` WHERE ( `fid`=25 ) LIMIT 1   [ RunTime:0.0003s ]
SQL: SELECT `id` FROM `omronvote_vote` WHERE ( `openid`='0CB112007' and `deviceid`='efa823d4fff286f6ce2d88fe303079ca' and `fid`=26 ) LIMIT 1   [ RunTime:0.0003s ]
SQL: SELECT COUNT(*) AS tp_count FROM `omronvote_vote` WHERE ( `fid`=26 ) LIMIT 1   [ RunTime:0.0003s ]
SQL: SELECT `id` FROM `omronvote_vote` WHERE ( `openid`='0CB112007' and `deviceid`='efa823d4fff286f6ce2d88fe303079ca' and `fid`=27 ) LIMIT 1   [ RunTime:0.0003s ]
SQL: SELECT COUNT(*) AS tp_count FROM `omronvote_vote` WHERE ( `fid`=27 ) LIMIT 1   [ RunTime:0.0003s ]
SQL: SELECT `id` FROM `omronvote_vote` WHERE ( `openid`='0CB112007' and `deviceid`='efa823d4fff286f6ce2d88fe303079ca' and `fid`=28 ) LIMIT 1   [ RunTime:0.0003s ]
SQL: SELECT COUNT(*) AS tp_count FROM `omronvote_vote` WHERE ( `fid`=28 ) LIMIT 1   [ RunTime:0.0003s ]
SQL: SELECT `id` FROM `omronvote_vote` WHERE ( `openid`='0CB112007' and `deviceid`='efa823d4fff286f6ce2d88fe303079ca' and `fid`=29 ) LIMIT 1   [ RunTime:0.0003s ]
SQL: SELECT COUNT(*) AS tp_count FROM `omronvote_vote` WHERE ( `fid`=29 ) LIMIT 1   [ RunTime:0.0003s ]
SQL: SELECT `id` FROM `omronvote_vote` WHERE ( `openid`='0CB112007' and `deviceid`='efa823d4fff286f6ce2d88fe303079ca' and `fid`=30 ) LIMIT 1   [ RunTime:0.0003s ]
SQL: SELECT COUNT(*) AS tp_count FROM `omronvote_vote` WHERE ( `fid`=30 ) LIMIT 1   [ RunTime:0.0003s ]
SQL: SELECT `id` FROM `omronvote_vote` WHERE ( `openid`='0CB112007' and `deviceid`='efa823d4fff286f6ce2d88fe303079ca' and `fid`=31 ) LIMIT 1   [ RunTime:0.0003s ]
SQL: SELECT COUNT(*) AS tp_count FROM `omronvote_vote` WHERE ( `fid`=31 ) LIMIT 1   [ RunTime:0.0003s ]
SQL: SELECT `id` FROM `omronvote_vote` WHERE ( `openid`='0CB112007' and `deviceid`='efa823d4fff286f6ce2d88fe303079ca' and `fid`=32 ) LIMIT 1   [ RunTime:0.0003s ]
SQL: SELECT COUNT(*) AS tp_count FROM `omronvote_vote` WHERE ( `fid`=32 ) LIMIT 1   [ RunTime:0.0003s ]
SQL: SELECT `id` FROM `omronvote_vote` WHERE ( `openid`='0CB112007' and `deviceid`='efa823d4fff286f6ce2d88fe303079ca' and `fid`=33 ) LIMIT 1   [ RunTime:0.0003s ]
SQL: SELECT COUNT(*) AS tp_count FROM `omronvote_vote` WHERE ( `fid`=33 ) LIMIT 1   [ RunTime:0.0003s ]
SQL: SELECT `id` FROM `omronvote_vote` WHERE ( `openid`='0CB112007' and `deviceid`='efa823d4fff286f6ce2d88fe303079ca' and `fid`=34 ) LIMIT 1   [ RunTime:0.0003s ]
SQL: SELECT COUNT(*) AS tp_count FROM `omronvote_vote` WHERE ( `fid`=34 ) LIMIT 1   [ RunTime:0.0003s ]
SQL: SELECT `id` FROM `omronvote_vote` WHERE ( `openid`='0CB112007' and `deviceid`='efa823d4fff286f6ce2d88fe303079ca' and `fid`=35 ) LIMIT 1   [ RunTime:0.0003s ]
SQL: SELECT COUNT(*) AS tp_count FROM `omronvote_vote` WHERE ( `fid`=35 ) LIMIT 1   [ RunTime:0.0003s ]
SQL: SELECT `id` FROM `omronvote_vote` WHERE ( `openid`='0CB112007' and `deviceid`='efa823d4fff286f6ce2d88fe303079ca' and `fid`=36 ) LIMIT 1   [ RunTime:0.0003s ]
SQL: SELECT COUNT(*) AS tp_count FROM `omronvote_vote` WHERE ( `fid`=36 ) LIMIT 1   [ RunTime:0.0003s ]
SQL: SELECT `id` FROM `omronvote_vote` WHERE ( `openid`='0CB112007' and `deviceid`='efa823d4fff286f6ce2d88fe303079ca' and `fid`=37 ) LIMIT 1   [ RunTime:0.0003s ]
SQL: SELECT COUNT(*) AS tp_count FROM `omronvote_vote` WHERE ( `fid`=37 ) LIMIT 1   [ RunTime:0.0003s ]
SQL: SELECT `id` FROM `omronvote_vote` WHERE ( `openid`='0CB112007' and `deviceid`='efa823d4fff286f6ce2d88fe303079ca' and `fid`=38 ) LIMIT 1   [ RunTime:0.0003s ]
SQL: SELECT COUNT(*) AS tp_count FROM `omronvote_vote` WHERE ( `fid`=38 ) LIMIT 1   [ RunTime:0.0003s ]
SQL: SELECT `id` FROM `omronvote_vote` WHERE ( `openid`='0CB112007' and `deviceid`='efa823d4fff286f6ce2d88fe303079ca' and `fid`=39 ) LIMIT 1   [ RunTime:0.0003s ]
SQL: SELECT COUNT(*) AS tp_count FROM `omronvote_vote` WHERE ( `fid`=39 ) LIMIT 1   [ RunTime:0.0003s ]
SQL: SELECT `id` FROM `omronvote_vote` WHERE ( `openid`='0CB112007' and `deviceid`='efa823d4fff286f6ce2d88fe303079ca' and `fid`=40 ) LIMIT 1   [ RunTime:0.0003s ]
SQL: SELECT COUNT(*) AS tp_count FROM `omronvote_vote` WHERE ( `fid`=40 ) LIMIT 1   [ RunTime:0.0003s ]
SQL: SELECT `id` FROM `omronvote_vote` WHERE ( `openid`='0CB112007' and `deviceid`='efa823d4fff286f6ce2d88fe303079ca' and `fid`=41 ) LIMIT 1   [ RunTime:0.0003s ]
SQL: SELECT COUNT(*) AS tp_count FROM `omronvote_vote` WHERE ( `fid`=41 ) LIMIT 1   [ RunTime:0.0003s ]
INFO: [ view_parse ] --START--
INFO: [ template_filter ] --START--
INFO: Run Behavior\ContentReplaceBehavior [ RunTime:0.000134s ]
INFO: [ template_filter ] --END-- [ RunTime:0.000199s ]
INFO: Run Behavior\ParseTemplateBehavior [ RunTime:0.022294s ]
INFO: [ view_parse ] --END-- [ RunTime:0.022357s ]
INFO: [ view_filter ] --START--
INFO: Run Behavior\WriteHtmlCacheBehavior [ RunTime:0.000122s ]
INFO: [ view_filter ] --END-- [ RunTime:0.000175s ]
INFO: [ app_end ] --START--
INFO: Run Behavior\ShowPageTraceBehavior [ RunTime:0.000560s ]
INFO: [ app_end ] --END-- [ RunTime:0.000679s ]

