[ 2016-03-23T03:00:16+08:00 ] 121.42.0.17 /admin/
INFO: [ app_init ] --START--
INFO: Run Behavior\BuildLiteBehavior [ RunTime:0.000028s ]
INFO: [ app_init ] --END-- [ RunTime:0.000515s ]
INFO: [ app_begin ] --START--
INFO: Run Behavior\ReadHtmlCacheBehavior [ RunTime:0.000609s ]
INFO: [ app_begin ] --END-- [ RunTime:0.000696s ]
INFO: [ view_parse ] --START--
INFO: [ template_filter ] --START--
INFO: Run Behavior\ContentReplaceBehavior [ RunTime:0.000058s ]
INFO: [ template_filter ] --END-- [ RunTime:0.000169s ]
INFO: Run Behavior\ParseTemplateBehavior [ RunTime:0.003242s ]
INFO: [ view_parse ] --END-- [ RunTime:0.003334s ]
INFO: [ view_filter ] --START--
INFO: Run Behavior\WriteHtmlCacheBehavior [ RunTime:0.000202s ]
INFO: [ view_filter ] --END-- [ RunTime:0.000287s ]
INFO: [ app_end ] --START--
INFO: Run Behavior\ShowPageTraceBehavior [ RunTime:0.000562s ]
INFO: [ app_end ] --END-- [ RunTime:0.000653s ]

[ 2016-03-23T07:12:37+08:00 ] 101.226.89.14 /admin/Home/AutoRefresh/index
INFO: [ app_init ] --START--
INFO: Run Behavior\BuildLiteBehavior [ RunTime:0.000017s ]
INFO: [ app_init ] --END-- [ RunTime:0.000300s ]
INFO: [ app_begin ] --START--
INFO: Run Behavior\ReadHtmlCacheBehavior [ RunTime:0.000354s ]
INFO: [ app_begin ] --END-- [ RunTime:0.000409s ]
SQL: SHOW COLUMNS FROM `auto_refresh` [ RunTime:0.0009s ]
SQL: SELECT * FROM `auto_refresh` ORDER BY addtime desc  [ RunTime:0.0003s ]
INFO: [ view_parse ] --START--
INFO: [ template_filter ] --START--
INFO: Run Behavior\ContentReplaceBehavior [ RunTime:0.000051s ]
INFO: [ template_filter ] --END-- [ RunTime:0.000111s ]
INFO: Run Behavior\ParseTemplateBehavior [ RunTime:0.006427s ]
INFO: [ view_parse ] --END-- [ RunTime:0.006490s ]
INFO: [ view_filter ] --START--
INFO: Run Behavior\WriteHtmlCacheBehavior [ RunTime:0.000122s ]
INFO: [ view_filter ] --END-- [ RunTime:0.000173s ]
INFO: [ app_end ] --START--
INFO: Run Behavior\ShowPageTraceBehavior [ RunTime:0.000360s ]
INFO: [ app_end ] --END-- [ RunTime:0.000416s ]

[ 2016-03-23T10:47:41+08:00 ] 123.151.12.152 /admin/Home/AutoRefresh/index
INFO: [ app_init ] --START--
INFO: Run Behavior\BuildLiteBehavior [ RunTime:0.000014s ]
INFO: [ app_init ] --END-- [ RunTime:0.000294s ]
INFO: [ app_begin ] --START--
INFO: Run Behavior\ReadHtmlCacheBehavior [ RunTime:0.000368s ]
INFO: [ app_begin ] --END-- [ RunTime:0.000432s ]
SQL: SHOW COLUMNS FROM `auto_refresh` [ RunTime:0.0008s ]
SQL: SELECT * FROM `auto_refresh` ORDER BY addtime desc  [ RunTime:0.0003s ]
INFO: [ view_parse ] --START--
INFO: [ template_filter ] --START--
INFO: Run Behavior\ContentReplaceBehavior [ RunTime:0.000046s ]
INFO: [ template_filter ] --END-- [ RunTime:0.000107s ]
INFO: Run Behavior\ParseTemplateBehavior [ RunTime:0.005975s ]
INFO: [ view_parse ] --END-- [ RunTime:0.006043s ]
INFO: [ view_filter ] --START--
INFO: Run Behavior\WriteHtmlCacheBehavior [ RunTime:0.000119s ]
INFO: [ view_filter ] --END-- [ RunTime:0.000170s ]
INFO: [ app_end ] --START--
INFO: Run Behavior\ShowPageTraceBehavior [ RunTime:0.000347s ]
INFO: [ app_end ] --END-- [ RunTime:0.000400s ]

[ 2016-03-23T11:00:10+08:00 ] 123.181.17.38 /admin/Home/AutoRefresh/index
INFO: [ app_init ] --START--
INFO: Run Behavior\BuildLiteBehavior [ RunTime:0.000039s ]
INFO: [ app_init ] --END-- [ RunTime:0.000320s ]
INFO: [ app_begin ] --START--
INFO: Run Behavior\ReadHtmlCacheBehavior [ RunTime:0.000347s ]
INFO: [ app_begin ] --END-- [ RunTime:0.000401s ]
SQL: SHOW COLUMNS FROM `auto_refresh` [ RunTime:0.0008s ]
SQL: SELECT * FROM `auto_refresh` ORDER BY addtime desc  [ RunTime:0.0003s ]
INFO: [ view_parse ] --START--
INFO: [ template_filter ] --START--
INFO: Run Behavior\ContentReplaceBehavior [ RunTime:0.000047s ]
INFO: [ template_filter ] --END-- [ RunTime:0.000108s ]
INFO: Run Behavior\ParseTemplateBehavior [ RunTime:0.005983s ]
INFO: [ view_parse ] --END-- [ RunTime:0.006054s ]
INFO: [ view_filter ] --START--
INFO: Run Behavior\WriteHtmlCacheBehavior [ RunTime:0.000116s ]
INFO: [ view_filter ] --END-- [ RunTime:0.000166s ]
INFO: [ app_end ] --START--
INFO: Run Behavior\ShowPageTraceBehavior [ RunTime:0.000348s ]
INFO: [ app_end ] --END-- [ RunTime:0.000403s ]

[ 2016-03-23T13:07:30+08:00 ] 111.161.57.31 /admin/Home/AutoRefresh/index
INFO: [ app_init ] --START--
INFO: Run Behavior\BuildLiteBehavior [ RunTime:0.000014s ]
INFO: [ app_init ] --END-- [ RunTime:0.000314s ]
INFO: [ app_begin ] --START--
INFO: Run Behavior\ReadHtmlCacheBehavior [ RunTime:0.000351s ]
INFO: [ app_begin ] --END-- [ RunTime:0.000406s ]
SQL: SHOW COLUMNS FROM `auto_refresh` [ RunTime:0.0008s ]
SQL: SELECT * FROM `auto_refresh` ORDER BY addtime desc  [ RunTime:0.0003s ]
INFO: [ view_parse ] --START--
INFO: [ template_filter ] --START--
INFO: Run Behavior\ContentReplaceBehavior [ RunTime:0.000043s ]
INFO: [ template_filter ] --END-- [ RunTime:0.000102s ]
INFO: Run Behavior\ParseTemplateBehavior [ RunTime:0.006118s ]
INFO: [ view_parse ] --END-- [ RunTime:0.006178s ]
INFO: [ view_filter ] --START--
INFO: Run Behavior\WriteHtmlCacheBehavior [ RunTime:0.000117s ]
INFO: [ view_filter ] --END-- [ RunTime:0.000168s ]
INFO: [ app_end ] --START--
INFO: Run Behavior\ShowPageTraceBehavior [ RunTime:0.000374s ]
INFO: [ app_end ] --END-- [ RunTime:0.000428s ]

[ 2016-03-23T13:07:30+08:00 ] 101.226.33.205 /admin/Home/AutoRefresh/index
INFO: [ app_init ] --START--
INFO: Run Behavior\BuildLiteBehavior [ RunTime:0.000016s ]
INFO: [ app_init ] --END-- [ RunTime:0.000318s ]
INFO: [ app_begin ] --START--
INFO: Run Behavior\ReadHtmlCacheBehavior [ RunTime:0.000399s ]
INFO: [ app_begin ] --END-- [ RunTime:0.000481s ]
SQL: SHOW COLUMNS FROM `auto_refresh` [ RunTime:0.0009s ]
SQL: SELECT * FROM `auto_refresh` ORDER BY addtime desc  [ RunTime:0.0003s ]
INFO: [ view_parse ] --START--
INFO: [ template_filter ] --START--
INFO: Run Behavior\ContentReplaceBehavior [ RunTime:0.000053s ]
INFO: [ template_filter ] --END-- [ RunTime:0.000127s ]
INFO: Run Behavior\ParseTemplateBehavior [ RunTime:0.007343s ]
INFO: [ view_parse ] --END-- [ RunTime:0.007408s ]
INFO: [ view_filter ] --START--
INFO: Run Behavior\WriteHtmlCacheBehavior [ RunTime:0.000158s ]
INFO: [ view_filter ] --END-- [ RunTime:0.000211s ]
INFO: [ app_end ] --START--
INFO: Run Behavior\ShowPageTraceBehavior [ RunTime:0.000415s ]
INFO: [ app_end ] --END-- [ RunTime:0.000473s ]

[ 2016-03-23T13:14:06+08:00 ] 119.147.146.192 /admin/Home/AutoRefresh/index
INFO: [ app_init ] --START--
INFO: Run Behavior\BuildLiteBehavior [ RunTime:0.000015s ]
INFO: [ app_init ] --END-- [ RunTime:0.000295s ]
INFO: [ app_begin ] --START--
INFO: Run Behavior\ReadHtmlCacheBehavior [ RunTime:0.000344s ]
INFO: [ app_begin ] --END-- [ RunTime:0.000399s ]
SQL: SHOW COLUMNS FROM `auto_refresh` [ RunTime:0.0008s ]
SQL: SELECT * FROM `auto_refresh` ORDER BY addtime desc  [ RunTime:0.0003s ]
INFO: [ view_parse ] --START--
INFO: [ template_filter ] --START--
INFO: Run Behavior\ContentReplaceBehavior [ RunTime:0.000049s ]
INFO: [ template_filter ] --END-- [ RunTime:0.000113s ]
INFO: Run Behavior\ParseTemplateBehavior [ RunTime:0.006110s ]
INFO: [ view_parse ] --END-- [ RunTime:0.006172s ]
INFO: [ view_filter ] --START--
INFO: Run Behavior\WriteHtmlCacheBehavior [ RunTime:0.000124s ]
INFO: [ view_filter ] --END-- [ RunTime:0.000174s ]
INFO: [ app_end ] --START--
INFO: Run Behavior\ShowPageTraceBehavior [ RunTime:0.000353s ]
INFO: [ app_end ] --END-- [ RunTime:0.000406s ]

[ 2016-03-23T13:20:58+08:00 ] 183.60.52.5 /admin/Home/AutoRefresh/index
INFO: [ app_init ] --START--
INFO: Run Behavior\BuildLiteBehavior [ RunTime:0.000017s ]
INFO: [ app_init ] --END-- [ RunTime:0.000303s ]
INFO: [ app_begin ] --START--
INFO: Run Behavior\ReadHtmlCacheBehavior [ RunTime:0.000378s ]
INFO: [ app_begin ] --END-- [ RunTime:0.000435s ]
SQL: SHOW COLUMNS FROM `auto_refresh` [ RunTime:0.0008s ]
SQL: SELECT * FROM `auto_refresh` ORDER BY addtime desc  [ RunTime:0.0003s ]
INFO: [ view_parse ] --START--
INFO: [ template_filter ] --START--
INFO: Run Behavior\ContentReplaceBehavior [ RunTime:0.000047s ]
INFO: [ template_filter ] --END-- [ RunTime:0.000108s ]
INFO: Run Behavior\ParseTemplateBehavior [ RunTime:0.006310s ]
INFO: [ view_parse ] --END-- [ RunTime:0.006372s ]
INFO: [ view_filter ] --START--
INFO: Run Behavior\WriteHtmlCacheBehavior [ RunTime:0.000118s ]
INFO: [ view_filter ] --END-- [ RunTime:0.000168s ]
INFO: [ app_end ] --START--
INFO: Run Behavior\ShowPageTraceBehavior [ RunTime:0.000380s ]
INFO: [ app_end ] --END-- [ RunTime:0.000435s ]

[ 2016-03-23T13:55:52+08:00 ] 113.229.187.111 /admin/Home/AutoRefresh/index
INFO: [ app_init ] --START--
INFO: Run Behavior\BuildLiteBehavior [ RunTime:0.000026s ]
INFO: [ app_init ] --END-- [ RunTime:0.000500s ]
INFO: [ app_begin ] --START--
INFO: Run Behavior\ReadHtmlCacheBehavior [ RunTime:0.000615s ]
INFO: [ app_begin ] --END-- [ RunTime:0.000709s ]
SQL: SHOW COLUMNS FROM `auto_refresh` [ RunTime:0.0013s ]
SQL: SELECT * FROM `auto_refresh` ORDER BY addtime desc  [ RunTime:0.0004s ]
INFO: [ view_parse ] --START--
INFO: [ template_filter ] --START--
INFO: Run Behavior\ContentReplaceBehavior [ RunTime:0.000088s ]
INFO: [ template_filter ] --END-- [ RunTime:0.000223s ]
INFO: Run Behavior\ParseTemplateBehavior [ RunTime:0.010637s ]
INFO: [ view_parse ] --END-- [ RunTime:0.010751s ]
INFO: [ view_filter ] --START--
INFO: Run Behavior\WriteHtmlCacheBehavior [ RunTime:0.000193s ]
INFO: [ view_filter ] --END-- [ RunTime:0.000280s ]
INFO: [ app_end ] --START--
INFO: Run Behavior\ShowPageTraceBehavior [ RunTime:0.000634s ]
INFO: [ app_end ] --END-- [ RunTime:0.000728s ]

[ 2016-03-23T15:40:50+08:00 ] 114.251.216.189 /admin/Home/AutoRefresh/index
INFO: [ app_init ] --START--
INFO: Run Behavior\BuildLiteBehavior [ RunTime:0.000014s ]
INFO: [ app_init ] --END-- [ RunTime:0.000320s ]
INFO: [ app_begin ] --START--
INFO: Run Behavior\ReadHtmlCacheBehavior [ RunTime:0.000347s ]
INFO: [ app_begin ] --END-- [ RunTime:0.000428s ]
SQL: SHOW COLUMNS FROM `auto_refresh` [ RunTime:0.0008s ]
SQL: SELECT * FROM `auto_refresh` ORDER BY addtime desc  [ RunTime:0.0003s ]
INFO: [ view_parse ] --START--
INFO: [ template_filter ] --START--
INFO: Run Behavior\ContentReplaceBehavior [ RunTime:0.000093s ]
INFO: [ template_filter ] --END-- [ RunTime:0.000159s ]
INFO: Run Behavior\ParseTemplateBehavior [ RunTime:0.006049s ]
INFO: [ view_parse ] --END-- [ RunTime:0.006110s ]
INFO: [ view_filter ] --START--
INFO: Run Behavior\WriteHtmlCacheBehavior [ RunTime:0.000119s ]
INFO: [ view_filter ] --END-- [ RunTime:0.000171s ]
INFO: [ app_end ] --START--
INFO: Run Behavior\ShowPageTraceBehavior [ RunTime:0.000380s ]
INFO: [ app_end ] --END-- [ RunTime:0.000435s ]

[ 2016-03-23T17:28:27+08:00 ] 58.62.200.230 /admin/home/omron/index
INFO: [ app_init ] --START--
INFO: Run Behavior\BuildLiteBehavior [ RunTime:0.000044s ]
INFO: [ app_init ] --END-- [ RunTime:0.000779s ]
INFO: [ app_begin ] --START--
INFO: Run Behavior\ReadHtmlCacheBehavior [ RunTime:0.000848s ]
INFO: [ app_begin ] --END-- [ RunTime:0.000963s ]
SQL: SHOW COLUMNS FROM `omronvote` [ RunTime:0.0012s ]
SQL: SELECT `access_token`,`endtime` FROM `omronvote` WHERE ( `id`=12 ) LIMIT 1   [ RunTime:0.0924s ]
SQL: SELECT `id` FROM `omronvote` WHERE ( `id`=14 ) LIMIT 1   [ RunTime:0.0005s ]
SQL: UPDATE `omronvote` SET `access_token`='blzwDRohkmjjsO2VvxyTkO8Lb0xkEPyYAigNQPqwb01UbH5zW2A9gQbXW7lcCTk1',`endtime`='1458732507' WHERE ( `id`=14 ) [ RunTime:0.0006s ]
INFO: [ view_parse ] --START--
INFO: [ template_filter ] --START--
INFO: Run Behavior\ContentReplaceBehavior [ RunTime:0.000076s ]
INFO: [ template_filter ] --END-- [ RunTime:0.000192s ]
INFO: Run Behavior\ParseTemplateBehavior [ RunTime:0.007641s ]
INFO: [ view_parse ] --END-- [ RunTime:0.007751s ]
INFO: [ view_filter ] --START--
INFO: Run Behavior\WriteHtmlCacheBehavior [ RunTime:0.000311s ]
INFO: [ view_filter ] --END-- [ RunTime:0.000392s ]
INFO: [ app_end ] --START--
INFO: Run Behavior\ShowPageTraceBehavior [ RunTime:0.000603s ]
INFO: [ app_end ] --END-- [ RunTime:0.000732s ]

[ 2016-03-23T17:28:28+08:00 ] 58.62.200.230 /admin/Home/omron/vote?code=632f26e452d2c60828534ae309f94cfe&state=STATE
INFO: [ app_init ] --START--
INFO: Run Behavior\BuildLiteBehavior [ RunTime:0.000026s ]
INFO: [ app_init ] --END-- [ RunTime:0.000483s ]
INFO: [ app_begin ] --START--
INFO: Run Behavior\ReadHtmlCacheBehavior [ RunTime:0.000534s ]
INFO: [ app_begin ] --END-- [ RunTime:0.000645s ]
SQL: SHOW COLUMNS FROM `omronvote` [ RunTime:0.0012s ]
SQL: SELECT `access_token`,`endtime` FROM `omronvote` WHERE ( `id`=12 ) LIMIT 1   [ RunTime:0.0004s ]
SQL: SELECT `id` FROM `omronvote` WHERE ( `id`=14 ) LIMIT 1   [ RunTime:0.0005s ]
SQL: UPDATE `omronvote` SET `access_token`='blzwDRohkmjjsO2VvxyTkO8Lb0xkEPyYAigNQPqwb01UbH5zW2A9gQbXW7lcCTk1',`endtime`='1458732508' WHERE ( `id`=14 ) [ RunTime:0.0004s ]
SQL: SELECT `id` FROM `omronvote` WHERE ( `id`=14 ) LIMIT 1   [ RunTime:0.0005s ]
SQL: UPDATE `omronvote` SET `access_token`='blzwDRohkmjjsO2VvxyTkO8Lb0xkEPyYAigNQPqwb01UbH5zW2A9gQbXW7lcCTk1',`endtime`='1458732508' WHERE ( `id`=14 ) [ RunTime:0.0004s ]
NOTIC: [8] Undefined index: UserID /home/wwwroot/admin/Application/Home/Controller/OmronController.class.php 第 22 行.
SQL: SHOW COLUMNS FROM `omronvote_poll` [ RunTime:0.0012s ]
SQL: SELECT `id` FROM `omronvote_poll` WHERE ( `userid`='0CB020998' and `deviceid`='90524d647de66073cbd915ed9fb69d37' ) LIMIT 1   [ RunTime:0.0082s ]
SQL: SHOW COLUMNS FROM `omronvote_vote` [ RunTime:0.0010s ]
SQL: SELECT `id` FROM `omronvote_vote` WHERE ( `openid`='0CB020998' and `deviceid`='90524d647de66073cbd915ed9fb69d37' and `fid`=1 ) LIMIT 1   [ RunTime:0.0628s ]
SQL: SELECT COUNT(*) AS tp_count FROM `omronvote_vote` WHERE ( `fid`=1 ) LIMIT 1   [ RunTime:0.0005s ]
SQL: SELECT `id` FROM `omronvote_vote` WHERE ( `openid`='0CB020998' and `deviceid`='90524d647de66073cbd915ed9fb69d37' and `fid`=2 ) LIMIT 1   [ RunTime:0.0004s ]
SQL: SELECT COUNT(*) AS tp_count FROM `omronvote_vote` WHERE ( `fid`=2 ) LIMIT 1   [ RunTime:0.0004s ]
SQL: SELECT `id` FROM `omronvote_vote` WHERE ( `openid`='0CB020998' and `deviceid`='90524d647de66073cbd915ed9fb69d37' and `fid`=3 ) LIMIT 1   [ RunTime:0.0004s ]
SQL: SELECT COUNT(*) AS tp_count FROM `omronvote_vote` WHERE ( `fid`=3 ) LIMIT 1   [ RunTime:0.0004s ]
SQL: SELECT `id` FROM `omronvote_vote` WHERE ( `openid`='0CB020998' and `deviceid`='90524d647de66073cbd915ed9fb69d37' and `fid`=4 ) LIMIT 1   [ RunTime:0.0004s ]
SQL: SELECT COUNT(*) AS tp_count FROM `omronvote_vote` WHERE ( `fid`=4 ) LIMIT 1   [ RunTime:0.0004s ]
SQL: SELECT `id` FROM `omronvote_vote` WHERE ( `openid`='0CB020998' and `deviceid`='90524d647de66073cbd915ed9fb69d37' and `fid`=5 ) LIMIT 1   [ RunTime:0.0005s ]
SQL: SELECT COUNT(*) AS tp_count FROM `omronvote_vote` WHERE ( `fid`=5 ) LIMIT 1   [ RunTime:0.0004s ]
SQL: SELECT `id` FROM `omronvote_vote` WHERE ( `openid`='0CB020998' and `deviceid`='90524d647de66073cbd915ed9fb69d37' and `fid`=6 ) LIMIT 1   [ RunTime:0.0004s ]
SQL: SELECT COUNT(*) AS tp_count FROM `omronvote_vote` WHERE ( `fid`=6 ) LIMIT 1   [ RunTime:0.0004s ]
SQL: SELECT `id` FROM `omronvote_vote` WHERE ( `openid`='0CB020998' and `deviceid`='90524d647de66073cbd915ed9fb69d37' and `fid`=7 ) LIMIT 1   [ RunTime:0.0004s ]
SQL: SELECT COUNT(*) AS tp_count FROM `omronvote_vote` WHERE ( `fid`=7 ) LIMIT 1   [ RunTime:0.0004s ]
SQL: SELECT `id` FROM `omronvote_vote` WHERE ( `openid`='0CB020998' and `deviceid`='90524d647de66073cbd915ed9fb69d37' and `fid`=8 ) LIMIT 1   [ RunTime:0.0004s ]
SQL: SELECT COUNT(*) AS tp_count FROM `omronvote_vote` WHERE ( `fid`=8 ) LIMIT 1   [ RunTime:0.0004s ]
SQL: SELECT `id` FROM `omronvote_vote` WHERE ( `openid`='0CB020998' and `deviceid`='90524d647de66073cbd915ed9fb69d37' and `fid`=9 ) LIMIT 1   [ RunTime:0.0004s ]
SQL: SELECT COUNT(*) AS tp_count FROM `omronvote_vote` WHERE ( `fid`=9 ) LIMIT 1   [ RunTime:0.0004s ]
SQL: SELECT `id` FROM `omronvote_vote` WHERE ( `openid`='0CB020998' and `deviceid`='90524d647de66073cbd915ed9fb69d37' and `fid`=10 ) LIMIT 1   [ RunTime:0.0004s ]
SQL: SELECT COUNT(*) AS tp_count FROM `omronvote_vote` WHERE ( `fid`=10 ) LIMIT 1   [ RunTime:0.0004s ]
SQL: SELECT `id` FROM `omronvote_vote` WHERE ( `openid`='0CB020998' and `deviceid`='90524d647de66073cbd915ed9fb69d37' and `fid`=11 ) LIMIT 1   [ RunTime:0.0005s ]
SQL: SELECT COUNT(*) AS tp_count FROM `omronvote_vote` WHERE ( `fid`=11 ) LIMIT 1   [ RunTime:0.0004s ]
SQL: SELECT `id` FROM `omronvote_vote` WHERE ( `openid`='0CB020998' and `deviceid`='90524d647de66073cbd915ed9fb69d37' and `fid`=12 ) LIMIT 1   [ RunTime:0.0005s ]
SQL: SELECT COUNT(*) AS tp_count FROM `omronvote_vote` WHERE ( `fid`=12 ) LIMIT 1   [ RunTime:0.0004s ]
SQL: SELECT `id` FROM `omronvote_vote` WHERE ( `openid`='0CB020998' and `deviceid`='90524d647de66073cbd915ed9fb69d37' and `fid`=13 ) LIMIT 1   [ RunTime:0.0004s ]
SQL: SELECT COUNT(*) AS tp_count FROM `omronvote_vote` WHERE ( `fid`=13 ) LIMIT 1   [ RunTime:0.0004s ]
SQL: SELECT `id` FROM `omronvote_vote` WHERE ( `openid`='0CB020998' and `deviceid`='90524d647de66073cbd915ed9fb69d37' and `fid`=14 ) LIMIT 1   [ RunTime:0.0004s ]
SQL: SELECT COUNT(*) AS tp_count FROM `omronvote_vote` WHERE ( `fid`=14 ) LIMIT 1   [ RunTime:0.0004s ]
SQL: SELECT `id` FROM `omronvote_vote` WHERE ( `openid`='0CB020998' and `deviceid`='90524d647de66073cbd915ed9fb69d37' and `fid`=15 ) LIMIT 1   [ RunTime:0.0004s ]
SQL: SELECT COUNT(*) AS tp_count FROM `omronvote_vote` WHERE ( `fid`=15 ) LIMIT 1   [ RunTime:0.0004s ]
SQL: SELECT `id` FROM `omronvote_vote` WHERE ( `openid`='0CB020998' and `deviceid`='90524d647de66073cbd915ed9fb69d37' and `fid`=16 ) LIMIT 1   [ RunTime:0.0004s ]
SQL: SELECT COUNT(*) AS tp_count FROM `omronvote_vote` WHERE ( `fid`=16 ) LIMIT 1   [ RunTime:0.0004s ]
SQL: SELECT `id` FROM `omronvote_vote` WHERE ( `openid`='0CB020998' and `deviceid`='90524d647de66073cbd915ed9fb69d37' and `fid`=17 ) LIMIT 1   [ RunTime:0.0004s ]
SQL: SELECT COUNT(*) AS tp_count FROM `omronvote_vote` WHERE ( `fid`=17 ) LIMIT 1   [ RunTime:0.0004s ]
SQL: SELECT `id` FROM `omronvote_vote` WHERE ( `openid`='0CB020998' and `deviceid`='90524d647de66073cbd915ed9fb69d37' and `fid`=18 ) LIMIT 1   [ RunTime:0.0005s ]
SQL: SELECT COUNT(*) AS tp_count FROM `omronvote_vote` WHERE ( `fid`=18 ) LIMIT 1   [ RunTime:0.0004s ]
SQL: SELECT `id` FROM `omronvote_vote` WHERE ( `openid`='0CB020998' and `deviceid`='90524d647de66073cbd915ed9fb69d37' and `fid`=19 ) LIMIT 1   [ RunTime:0.0006s ]
SQL: SELECT COUNT(*) AS tp_count FROM `omronvote_vote` WHERE ( `fid`=19 ) LIMIT 1   [ RunTime:0.0004s ]
SQL: SELECT `id` FROM `omronvote_vote` WHERE ( `openid`='0CB020998' and `deviceid`='90524d647de66073cbd915ed9fb69d37' and `fid`=20 ) LIMIT 1   [ RunTime:0.0004s ]
SQL: SELECT COUNT(*) AS tp_count FROM `omronvote_vote` WHERE ( `fid`=20 ) LIMIT 1   [ RunTime:0.0004s ]
SQL: SELECT `id` FROM `omronvote_vote` WHERE ( `openid`='0CB020998' and `deviceid`='90524d647de66073cbd915ed9fb69d37' and `fid`=21 ) LIMIT 1   [ RunTime:0.0007s ]
SQL: SELECT COUNT(*) AS tp_count FROM `omronvote_vote` WHERE ( `fid`=21 ) LIMIT 1   [ RunTime:0.0004s ]
SQL: SELECT `id` FROM `omronvote_vote` WHERE ( `openid`='0CB020998' and `deviceid`='90524d647de66073cbd915ed9fb69d37' and `fid`=22 ) LIMIT 1   [ RunTime:0.0004s ]
SQL: SELECT COUNT(*) AS tp_count FROM `omronvote_vote` WHERE ( `fid`=22 ) LIMIT 1   [ RunTime:0.0004s ]
SQL: SELECT `id` FROM `omronvote_vote` WHERE ( `openid`='0CB020998' and `deviceid`='90524d647de66073cbd915ed9fb69d37' and `fid`=23 ) LIMIT 1   [ RunTime:0.0004s ]
SQL: SELECT COUNT(*) AS tp_count FROM `omronvote_vote` WHERE ( `fid`=23 ) LIMIT 1   [ RunTime:0.0004s ]
SQL: SELECT `id` FROM `omronvote_vote` WHERE ( `openid`='0CB020998' and `deviceid`='90524d647de66073cbd915ed9fb69d37' and `fid`=24 ) LIMIT 1   [ RunTime:0.0004s ]
SQL: SELECT COUNT(*) AS tp_count FROM `omronvote_vote` WHERE ( `fid`=24 ) LIMIT 1   [ RunTime:0.0004s ]
SQL: SELECT `id` FROM `omronvote_vote` WHERE ( `openid`='0CB020998' and `deviceid`='90524d647de66073cbd915ed9fb69d37' and `fid`=25 ) LIMIT 1   [ RunTime:0.0004s ]
SQL: SELECT COUNT(*) AS tp_count FROM `omronvote_vote` WHERE ( `fid`=25 ) LIMIT 1   [ RunTime:0.0004s ]
SQL: SELECT `id` FROM `omronvote_vote` WHERE ( `openid`='0CB020998' and `deviceid`='90524d647de66073cbd915ed9fb69d37' and `fid`=26 ) LIMIT 1   [ RunTime:0.0004s ]
SQL: SELECT COUNT(*) AS tp_count FROM `omronvote_vote` WHERE ( `fid`=26 ) LIMIT 1   [ RunTime:0.0004s ]
SQL: SELECT `id` FROM `omronvote_vote` WHERE ( `openid`='0CB020998' and `deviceid`='90524d647de66073cbd915ed9fb69d37' and `fid`=27 ) LIMIT 1   [ RunTime:0.0004s ]
SQL: SELECT COUNT(*) AS tp_count FROM `omronvote_vote` WHERE ( `fid`=27 ) LIMIT 1   [ RunTime:0.0004s ]
SQL: SELECT `id` FROM `omronvote_vote` WHERE ( `openid`='0CB020998' and `deviceid`='90524d647de66073cbd915ed9fb69d37' and `fid`=28 ) LIMIT 1   [ RunTime:0.0003s ]
SQL: SELECT COUNT(*) AS tp_count FROM `omronvote_vote` WHERE ( `fid`=28 ) LIMIT 1   [ RunTime:0.0004s ]
SQL: SELECT `id` FROM `omronvote_vote` WHERE ( `openid`='0CB020998' and `deviceid`='90524d647de66073cbd915ed9fb69d37' and `fid`=29 ) LIMIT 1   [ RunTime:0.0004s ]
SQL: SELECT COUNT(*) AS tp_count FROM `omronvote_vote` WHERE ( `fid`=29 ) LIMIT 1   [ RunTime:0.0004s ]
SQL: SELECT `id` FROM `omronvote_vote` WHERE ( `openid`='0CB020998' and `deviceid`='90524d647de66073cbd915ed9fb69d37' and `fid`=30 ) LIMIT 1   [ RunTime:0.0004s ]
SQL: SELECT COUNT(*) AS tp_count FROM `omronvote_vote` WHERE ( `fid`=30 ) LIMIT 1   [ RunTime:0.0004s ]
SQL: SELECT `id` FROM `omronvote_vote` WHERE ( `openid`='0CB020998' and `deviceid`='90524d647de66073cbd915ed9fb69d37' and `fid`=31 ) LIMIT 1   [ RunTime:0.0003s ]
SQL: SELECT COUNT(*) AS tp_count FROM `omronvote_vote` WHERE ( `fid`=31 ) LIMIT 1   [ RunTime:0.0004s ]
SQL: SELECT `id` FROM `omronvote_vote` WHERE ( `openid`='0CB020998' and `deviceid`='90524d647de66073cbd915ed9fb69d37' and `fid`=32 ) LIMIT 1   [ RunTime:0.0005s ]
SQL: SELECT COUNT(*) AS tp_count FROM `omronvote_vote` WHERE ( `fid`=32 ) LIMIT 1   [ RunTime:0.0004s ]
SQL: SELECT `id` FROM `omronvote_vote` WHERE ( `openid`='0CB020998' and `deviceid`='90524d647de66073cbd915ed9fb69d37' and `fid`=33 ) LIMIT 1   [ RunTime:0.0004s ]
SQL: SELECT COUNT(*) AS tp_count FROM `omronvote_vote` WHERE ( `fid`=33 ) LIMIT 1   [ RunTime:0.0004s ]
SQL: SELECT `id` FROM `omronvote_vote` WHERE ( `openid`='0CB020998' and `deviceid`='90524d647de66073cbd915ed9fb69d37' and `fid`=34 ) LIMIT 1   [ RunTime:0.0003s ]
SQL: SELECT COUNT(*) AS tp_count FROM `omronvote_vote` WHERE ( `fid`=34 ) LIMIT 1   [ RunTime:0.0004s ]
SQL: SELECT `id` FROM `omronvote_vote` WHERE ( `openid`='0CB020998' and `deviceid`='90524d647de66073cbd915ed9fb69d37' and `fid`=35 ) LIMIT 1   [ RunTime:0.0005s ]
SQL: SELECT COUNT(*) AS tp_count FROM `omronvote_vote` WHERE ( `fid`=35 ) LIMIT 1   [ RunTime:0.0004s ]
SQL: SELECT `id` FROM `omronvote_vote` WHERE ( `openid`='0CB020998' and `deviceid`='90524d647de66073cbd915ed9fb69d37' and `fid`=36 ) LIMIT 1   [ RunTime:0.0003s ]
SQL: SELECT COUNT(*) AS tp_count FROM `omronvote_vote` WHERE ( `fid`=36 ) LIMIT 1   [ RunTime:0.0004s ]
SQL: SELECT `id` FROM `omronvote_vote` WHERE ( `openid`='0CB020998' and `deviceid`='90524d647de66073cbd915ed9fb69d37' and `fid`=37 ) LIMIT 1   [ RunTime:0.0004s ]
SQL: SELECT COUNT(*) AS tp_count FROM `omronvote_vote` WHERE ( `fid`=37 ) LIMIT 1   [ RunTime:0.0004s ]
SQL: SELECT `id` FROM `omronvote_vote` WHERE ( `openid`='0CB020998' and `deviceid`='90524d647de66073cbd915ed9fb69d37' and `fid`=38 ) LIMIT 1   [ RunTime:0.0003s ]
SQL: SELECT COUNT(*) AS tp_count FROM `omronvote_vote` WHERE ( `fid`=38 ) LIMIT 1   [ RunTime:0.0004s ]
SQL: SELECT `id` FROM `omronvote_vote` WHERE ( `openid`='0CB020998' and `deviceid`='90524d647de66073cbd915ed9fb69d37' and `fid`=39 ) LIMIT 1   [ RunTime:0.0003s ]
SQL: SELECT COUNT(*) AS tp_count FROM `omronvote_vote` WHERE ( `fid`=39 ) LIMIT 1   [ RunTime:0.0004s ]
SQL: SELECT `id` FROM `omronvote_vote` WHERE ( `openid`='0CB020998' and `deviceid`='90524d647de66073cbd915ed9fb69d37' and `fid`=40 ) LIMIT 1   [ RunTime:0.0004s ]
SQL: SELECT COUNT(*) AS tp_count FROM `omronvote_vote` WHERE ( `fid`=40 ) LIMIT 1   [ RunTime:0.0004s ]
SQL: SELECT `id` FROM `omronvote_vote` WHERE ( `openid`='0CB020998' and `deviceid`='90524d647de66073cbd915ed9fb69d37' and `fid`=41 ) LIMIT 1   [ RunTime:0.0004s ]
SQL: SELECT COUNT(*) AS tp_count FROM `omronvote_vote` WHERE ( `fid`=41 ) LIMIT 1   [ RunTime:0.0004s ]
INFO: [ view_parse ] --START--
INFO: [ template_filter ] --START--
INFO: Run Behavior\ContentReplaceBehavior [ RunTime:0.000211s ]
INFO: [ template_filter ] --END-- [ RunTime:0.000359s ]
INFO: Run Behavior\ParseTemplateBehavior [ RunTime:0.039864s ]
INFO: [ view_parse ] --END-- [ RunTime:0.039976s ]
INFO: [ view_filter ] --START--
INFO: Run Behavior\WriteHtmlCacheBehavior [ RunTime:0.000206s ]
INFO: [ view_filter ] --END-- [ RunTime:0.000353s ]
INFO: [ app_end ] --START--
INFO: Run Behavior\ShowPageTraceBehavior [ RunTime:0.000948s ]
INFO: [ app_end ] --END-- [ RunTime:0.001129s ]

[ 2016-03-23T17:28:38+08:00 ] 58.62.200.230 /admin/home/omron/index
INFO: [ app_init ] --START--
INFO: Run Behavior\BuildLiteBehavior [ RunTime:0.000041s ]
INFO: [ app_init ] --END-- [ RunTime:0.000837s ]
INFO: [ app_begin ] --START--
INFO: Run Behavior\ReadHtmlCacheBehavior [ RunTime:0.000926s ]
INFO: [ app_begin ] --END-- [ RunTime:0.001030s ]
SQL: SHOW COLUMNS FROM `omronvote` [ RunTime:0.0013s ]
SQL: SELECT `access_token`,`endtime` FROM `omronvote` WHERE ( `id`=12 ) LIMIT 1   [ RunTime:0.0004s ]
SQL: SELECT `id` FROM `omronvote` WHERE ( `id`=14 ) LIMIT 1   [ RunTime:0.0005s ]
SQL: UPDATE `omronvote` SET `access_token`='blzwDRohkmjjsO2VvxyTkO8Lb0xkEPyYAigNQPqwb01UbH5zW2A9gQbXW7lcCTk1',`endtime`='1458732518' WHERE ( `id`=14 ) [ RunTime:0.0004s ]
INFO: [ view_parse ] --START--
INFO: [ template_filter ] --START--
INFO: Run Behavior\ContentReplaceBehavior [ RunTime:0.000078s ]
INFO: [ template_filter ] --END-- [ RunTime:0.000200s ]
INFO: Run Behavior\ParseTemplateBehavior [ RunTime:0.007843s ]
INFO: [ view_parse ] --END-- [ RunTime:0.007951s ]
INFO: [ view_filter ] --START--
INFO: Run Behavior\WriteHtmlCacheBehavior [ RunTime:0.000182s ]
INFO: [ view_filter ] --END-- [ RunTime:0.000265s ]
INFO: [ app_end ] --START--
INFO: Run Behavior\ShowPageTraceBehavior [ RunTime:0.000639s ]
INFO: [ app_end ] --END-- [ RunTime:0.000727s ]

[ 2016-03-23T17:28:39+08:00 ] 58.62.200.230 /admin/Home/omron/vote?code=fd76286d0cd19e37fbe0f4f32bd1959d&state=STATE
INFO: [ app_init ] --START--
INFO: Run Behavior\BuildLiteBehavior [ RunTime:0.000037s ]
INFO: [ app_init ] --END-- [ RunTime:0.000933s ]
INFO: [ app_begin ] --START--
INFO: Run Behavior\ReadHtmlCacheBehavior [ RunTime:0.000718s ]
INFO: [ app_begin ] --END-- [ RunTime:0.000820s ]
SQL: SHOW COLUMNS FROM `omronvote` [ RunTime:0.0017s ]
SQL: SELECT `access_token`,`endtime` FROM `omronvote` WHERE ( `id`=12 ) LIMIT 1   [ RunTime:0.0004s ]
SQL: SELECT `id` FROM `omronvote` WHERE ( `id`=14 ) LIMIT 1   [ RunTime:0.0005s ]
SQL: UPDATE `omronvote` SET `access_token`='blzwDRohkmjjsO2VvxyTkO8Lb0xkEPyYAigNQPqwb01UbH5zW2A9gQbXW7lcCTk1',`endtime`='1458732519' WHERE ( `id`=14 ) [ RunTime:0.0004s ]
SQL: SELECT `id` FROM `omronvote` WHERE ( `id`=14 ) LIMIT 1   [ RunTime:0.0007s ]
SQL: UPDATE `omronvote` SET `access_token`='blzwDRohkmjjsO2VvxyTkO8Lb0xkEPyYAigNQPqwb01UbH5zW2A9gQbXW7lcCTk1',`endtime`='1458732519' WHERE ( `id`=14 ) [ RunTime:0.0004s ]
NOTIC: [8] Undefined index: UserID /home/wwwroot/admin/Application/Home/Controller/OmronController.class.php 第 22 行.
SQL: SHOW COLUMNS FROM `omronvote_poll` [ RunTime:0.0012s ]
SQL: SELECT `id` FROM `omronvote_poll` WHERE ( `userid`='0CB020998' and `deviceid`='90524d647de66073cbd915ed9fb69d37' ) LIMIT 1   [ RunTime:0.0004s ]
SQL: SHOW COLUMNS FROM `omronvote_vote` [ RunTime:0.0010s ]
SQL: SELECT `id` FROM `omronvote_vote` WHERE ( `openid`='0CB020998' and `deviceid`='90524d647de66073cbd915ed9fb69d37' and `fid`=1 ) LIMIT 1   [ RunTime:0.0005s ]
SQL: SELECT COUNT(*) AS tp_count FROM `omronvote_vote` WHERE ( `fid`=1 ) LIMIT 1   [ RunTime:0.0004s ]
SQL: SELECT `id` FROM `omronvote_vote` WHERE ( `openid`='0CB020998' and `deviceid`='90524d647de66073cbd915ed9fb69d37' and `fid`=2 ) LIMIT 1   [ RunTime:0.0004s ]
SQL: SELECT COUNT(*) AS tp_count FROM `omronvote_vote` WHERE ( `fid`=2 ) LIMIT 1   [ RunTime:0.0004s ]
SQL: SELECT `id` FROM `omronvote_vote` WHERE ( `openid`='0CB020998' and `deviceid`='90524d647de66073cbd915ed9fb69d37' and `fid`=3 ) LIMIT 1   [ RunTime:0.0004s ]
SQL: SELECT COUNT(*) AS tp_count FROM `omronvote_vote` WHERE ( `fid`=3 ) LIMIT 1   [ RunTime:0.0004s ]
SQL: SELECT `id` FROM `omronvote_vote` WHERE ( `openid`='0CB020998' and `deviceid`='90524d647de66073cbd915ed9fb69d37' and `fid`=4 ) LIMIT 1   [ RunTime:0.0004s ]
SQL: SELECT COUNT(*) AS tp_count FROM `omronvote_vote` WHERE ( `fid`=4 ) LIMIT 1   [ RunTime:0.0004s ]
SQL: SELECT `id` FROM `omronvote_vote` WHERE ( `openid`='0CB020998' and `deviceid`='90524d647de66073cbd915ed9fb69d37' and `fid`=5 ) LIMIT 1   [ RunTime:0.0004s ]
SQL: SELECT COUNT(*) AS tp_count FROM `omronvote_vote` WHERE ( `fid`=5 ) LIMIT 1   [ RunTime:0.0004s ]
SQL: SELECT `id` FROM `omronvote_vote` WHERE ( `openid`='0CB020998' and `deviceid`='90524d647de66073cbd915ed9fb69d37' and `fid`=6 ) LIMIT 1   [ RunTime:0.0004s ]
SQL: SELECT COUNT(*) AS tp_count FROM `omronvote_vote` WHERE ( `fid`=6 ) LIMIT 1   [ RunTime:0.0004s ]
SQL: SELECT `id` FROM `omronvote_vote` WHERE ( `openid`='0CB020998' and `deviceid`='90524d647de66073cbd915ed9fb69d37' and `fid`=7 ) LIMIT 1   [ RunTime:0.0004s ]
SQL: SELECT COUNT(*) AS tp_count FROM `omronvote_vote` WHERE ( `fid`=7 ) LIMIT 1   [ RunTime:0.0005s ]
SQL: SELECT `id` FROM `omronvote_vote` WHERE ( `openid`='0CB020998' and `deviceid`='90524d647de66073cbd915ed9fb69d37' and `fid`=8 ) LIMIT 1   [ RunTime:0.0004s ]
SQL: SELECT COUNT(*) AS tp_count FROM `omronvote_vote` WHERE ( `fid`=8 ) LIMIT 1   [ RunTime:0.0004s ]
SQL: SELECT `id` FROM `omronvote_vote` WHERE ( `openid`='0CB020998' and `deviceid`='90524d647de66073cbd915ed9fb69d37' and `fid`=9 ) LIMIT 1   [ RunTime:0.0003s ]
SQL: SELECT COUNT(*) AS tp_count FROM `omronvote_vote` WHERE ( `fid`=9 ) LIMIT 1   [ RunTime:0.0004s ]
SQL: SELECT `id` FROM `omronvote_vote` WHERE ( `openid`='0CB020998' and `deviceid`='90524d647de66073cbd915ed9fb69d37' and `fid`=10 ) LIMIT 1   [ RunTime:0.0008s ]
SQL: SELECT COUNT(*) AS tp_count FROM `omronvote_vote` WHERE ( `fid`=10 ) LIMIT 1   [ RunTime:0.0004s ]
SQL: SELECT `id` FROM `omronvote_vote` WHERE ( `openid`='0CB020998' and `deviceid`='90524d647de66073cbd915ed9fb69d37' and `fid`=11 ) LIMIT 1   [ RunTime:0.0005s ]
SQL: SELECT COUNT(*) AS tp_count FROM `omronvote_vote` WHERE ( `fid`=11 ) LIMIT 1   [ RunTime:0.0004s ]
SQL: SELECT `id` FROM `omronvote_vote` WHERE ( `openid`='0CB020998' and `deviceid`='90524d647de66073cbd915ed9fb69d37' and `fid`=12 ) LIMIT 1   [ RunTime:0.0004s ]
SQL: SELECT COUNT(*) AS tp_count FROM `omronvote_vote` WHERE ( `fid`=12 ) LIMIT 1   [ RunTime:0.0004s ]
SQL: SELECT `id` FROM `omronvote_vote` WHERE ( `openid`='0CB020998' and `deviceid`='90524d647de66073cbd915ed9fb69d37' and `fid`=13 ) LIMIT 1   [ RunTime:0.0004s ]
SQL: SELECT COUNT(*) AS tp_count FROM `omronvote_vote` WHERE ( `fid`=13 ) LIMIT 1   [ RunTime:0.0004s ]
SQL: SELECT `id` FROM `omronvote_vote` WHERE ( `openid`='0CB020998' and `deviceid`='90524d647de66073cbd915ed9fb69d37' and `fid`=14 ) LIMIT 1   [ RunTime:0.0004s ]
SQL: SELECT COUNT(*) AS tp_count FROM `omronvote_vote` WHERE ( `fid`=14 ) LIMIT 1   [ RunTime:0.0004s ]
SQL: SELECT `id` FROM `omronvote_vote` WHERE ( `openid`='0CB020998' and `deviceid`='90524d647de66073cbd915ed9fb69d37' and `fid`=15 ) LIMIT 1   [ RunTime:0.0004s ]
SQL: SELECT COUNT(*) AS tp_count FROM `omronvote_vote` WHERE ( `fid`=15 ) LIMIT 1   [ RunTime:0.0004s ]
SQL: SELECT `id` FROM `omronvote_vote` WHERE ( `openid`='0CB020998' and `deviceid`='90524d647de66073cbd915ed9fb69d37' and `fid`=16 ) LIMIT 1   [ RunTime:0.0005s ]
SQL: SELECT COUNT(*) AS tp_count FROM `omronvote_vote` WHERE ( `fid`=16 ) LIMIT 1   [ RunTime:0.0004s ]
SQL: SELECT `id` FROM `omronvote_vote` WHERE ( `openid`='0CB020998' and `deviceid`='90524d647de66073cbd915ed9fb69d37' and `fid`=17 ) LIMIT 1   [ RunTime:0.0004s ]
SQL: SELECT COUNT(*) AS tp_count FROM `omronvote_vote` WHERE ( `fid`=17 ) LIMIT 1   [ RunTime:0.0004s ]
SQL: SELECT `id` FROM `omronvote_vote` WHERE ( `openid`='0CB020998' and `deviceid`='90524d647de66073cbd915ed9fb69d37' and `fid`=18 ) LIMIT 1   [ RunTime:0.0004s ]
SQL: SELECT COUNT(*) AS tp_count FROM `omronvote_vote` WHERE ( `fid`=18 ) LIMIT 1   [ RunTime:0.0004s ]
SQL: SELECT `id` FROM `omronvote_vote` WHERE ( `openid`='0CB020998' and `deviceid`='90524d647de66073cbd915ed9fb69d37' and `fid`=19 ) LIMIT 1   [ RunTime:0.0004s ]
SQL: SELECT COUNT(*) AS tp_count FROM `omronvote_vote` WHERE ( `fid`=19 ) LIMIT 1   [ RunTime:0.0004s ]
SQL: SELECT `id` FROM `omronvote_vote` WHERE ( `openid`='0CB020998' and `deviceid`='90524d647de66073cbd915ed9fb69d37' and `fid`=20 ) LIMIT 1   [ RunTime:0.0004s ]
SQL: SELECT COUNT(*) AS tp_count FROM `omronvote_vote` WHERE ( `fid`=20 ) LIMIT 1   [ RunTime:0.0004s ]
SQL: SELECT `id` FROM `omronvote_vote` WHERE ( `openid`='0CB020998' and `deviceid`='90524d647de66073cbd915ed9fb69d37' and `fid`=21 ) LIMIT 1   [ RunTime:0.0004s ]
SQL: SELECT COUNT(*) AS tp_count FROM `omronvote_vote` WHERE ( `fid`=21 ) LIMIT 1   [ RunTime:0.0004s ]
SQL: SELECT `id` FROM `omronvote_vote` WHERE ( `openid`='0CB020998' and `deviceid`='90524d647de66073cbd915ed9fb69d37' and `fid`=22 ) LIMIT 1   [ RunTime:0.0004s ]
SQL: SELECT COUNT(*) AS tp_count FROM `omronvote_vote` WHERE ( `fid`=22 ) LIMIT 1   [ RunTime:0.0004s ]
SQL: SELECT `id` FROM `omronvote_vote` WHERE ( `openid`='0CB020998' and `deviceid`='90524d647de66073cbd915ed9fb69d37' and `fid`=23 ) LIMIT 1   [ RunTime:0.0003s ]
SQL: SELECT COUNT(*) AS tp_count FROM `omronvote_vote` WHERE ( `fid`=23 ) LIMIT 1   [ RunTime:0.0004s ]
SQL: SELECT `id` FROM `omronvote_vote` WHERE ( `openid`='0CB020998' and `deviceid`='90524d647de66073cbd915ed9fb69d37' and `fid`=24 ) LIMIT 1   [ RunTime:0.0004s ]
SQL: SELECT COUNT(*) AS tp_count FROM `omronvote_vote` WHERE ( `fid`=24 ) LIMIT 1   [ RunTime:0.0004s ]
SQL: SELECT `id` FROM `omronvote_vote` WHERE ( `openid`='0CB020998' and `deviceid`='90524d647de66073cbd915ed9fb69d37' and `fid`=25 ) LIMIT 1   [ RunTime:0.0004s ]
SQL: SELECT COUNT(*) AS tp_count FROM `omronvote_vote` WHERE ( `fid`=25 ) LIMIT 1   [ RunTime:0.0004s ]
SQL: SELECT `id` FROM `omronvote_vote` WHERE ( `openid`='0CB020998' and `deviceid`='90524d647de66073cbd915ed9fb69d37' and `fid`=26 ) LIMIT 1   [ RunTime:0.0003s ]
SQL: SELECT COUNT(*) AS tp_count FROM `omronvote_vote` WHERE ( `fid`=26 ) LIMIT 1   [ RunTime:0.0004s ]
SQL: SELECT `id` FROM `omronvote_vote` WHERE ( `openid`='0CB020998' and `deviceid`='90524d647de66073cbd915ed9fb69d37' and `fid`=27 ) LIMIT 1   [ RunTime:0.0004s ]
SQL: SELECT COUNT(*) AS tp_count FROM `omronvote_vote` WHERE ( `fid`=27 ) LIMIT 1   [ RunTime:0.0004s ]
SQL: SELECT `id` FROM `omronvote_vote` WHERE ( `openid`='0CB020998' and `deviceid`='90524d647de66073cbd915ed9fb69d37' and `fid`=28 ) LIMIT 1   [ RunTime:0.0003s ]
SQL: SELECT COUNT(*) AS tp_count FROM `omronvote_vote` WHERE ( `fid`=28 ) LIMIT 1   [ RunTime:0.0004s ]
SQL: SELECT `id` FROM `omronvote_vote` WHERE ( `openid`='0CB020998' and `deviceid`='90524d647de66073cbd915ed9fb69d37' and `fid`=29 ) LIMIT 1   [ RunTime:0.0004s ]
SQL: SELECT COUNT(*) AS tp_count FROM `omronvote_vote` WHERE ( `fid`=29 ) LIMIT 1   [ RunTime:0.0004s ]
SQL: SELECT `id` FROM `omronvote_vote` WHERE ( `openid`='0CB020998' and `deviceid`='90524d647de66073cbd915ed9fb69d37' and `fid`=30 ) LIMIT 1   [ RunTime:0.0004s ]
SQL: SELECT COUNT(*) AS tp_count FROM `omronvote_vote` WHERE ( `fid`=30 ) LIMIT 1   [ RunTime:0.0004s ]
SQL: SELECT `id` FROM `omronvote_vote` WHERE ( `openid`='0CB020998' and `deviceid`='90524d647de66073cbd915ed9fb69d37' and `fid`=31 ) LIMIT 1   [ RunTime:0.0003s ]
SQL: SELECT COUNT(*) AS tp_count FROM `omronvote_vote` WHERE ( `fid`=31 ) LIMIT 1   [ RunTime:0.0004s ]
SQL: SELECT `id` FROM `omronvote_vote` WHERE ( `openid`='0CB020998' and `deviceid`='90524d647de66073cbd915ed9fb69d37' and `fid`=32 ) LIMIT 1   [ RunTime:0.0004s ]
SQL: SELECT COUNT(*) AS tp_count FROM `omronvote_vote` WHERE ( `fid`=32 ) LIMIT 1   [ RunTime:0.0004s ]
SQL: SELECT `id` FROM `omronvote_vote` WHERE ( `openid`='0CB020998' and `deviceid`='90524d647de66073cbd915ed9fb69d37' and `fid`=33 ) LIMIT 1   [ RunTime:0.0004s ]
SQL: SELECT COUNT(*) AS tp_count FROM `omronvote_vote` WHERE ( `fid`=33 ) LIMIT 1   [ RunTime:0.0004s ]
SQL: SELECT `id` FROM `omronvote_vote` WHERE ( `openid`='0CB020998' and `deviceid`='90524d647de66073cbd915ed9fb69d37' and `fid`=34 ) LIMIT 1   [ RunTime:0.0003s ]
SQL: SELECT COUNT(*) AS tp_count FROM `omronvote_vote` WHERE ( `fid`=34 ) LIMIT 1   [ RunTime:0.0004s ]
SQL: SELECT `id` FROM `omronvote_vote` WHERE ( `openid`='0CB020998' and `deviceid`='90524d647de66073cbd915ed9fb69d37' and `fid`=35 ) LIMIT 1   [ RunTime:0.0004s ]
SQL: SELECT COUNT(*) AS tp_count FROM `omronvote_vote` WHERE ( `fid`=35 ) LIMIT 1   [ RunTime:0.0004s ]
SQL: SELECT `id` FROM `omronvote_vote` WHERE ( `openid`='0CB020998' and `deviceid`='90524d647de66073cbd915ed9fb69d37' and `fid`=36 ) LIMIT 1   [ RunTime:0.0003s ]
SQL: SELECT COUNT(*) AS tp_count FROM `omronvote_vote` WHERE ( `fid`=36 ) LIMIT 1   [ RunTime:0.0004s ]
SQL: SELECT `id` FROM `omronvote_vote` WHERE ( `openid`='0CB020998' and `deviceid`='90524d647de66073cbd915ed9fb69d37' and `fid`=37 ) LIMIT 1   [ RunTime:0.0004s ]
SQL: SELECT COUNT(*) AS tp_count FROM `omronvote_vote` WHERE ( `fid`=37 ) LIMIT 1   [ RunTime:0.0004s ]
SQL: SELECT `id` FROM `omronvote_vote` WHERE ( `openid`='0CB020998' and `deviceid`='90524d647de66073cbd915ed9fb69d37' and `fid`=38 ) LIMIT 1   [ RunTime:0.0003s ]
SQL: SELECT COUNT(*) AS tp_count FROM `omronvote_vote` WHERE ( `fid`=38 ) LIMIT 1   [ RunTime:0.0004s ]
SQL: SELECT `id` FROM `omronvote_vote` WHERE ( `openid`='0CB020998' and `deviceid`='90524d647de66073cbd915ed9fb69d37' and `fid`=39 ) LIMIT 1   [ RunTime:0.0003s ]
SQL: SELECT COUNT(*) AS tp_count FROM `omronvote_vote` WHERE ( `fid`=39 ) LIMIT 1   [ RunTime:0.0004s ]
SQL: SELECT `id` FROM `omronvote_vote` WHERE ( `openid`='0CB020998' and `deviceid`='90524d647de66073cbd915ed9fb69d37' and `fid`=40 ) LIMIT 1   [ RunTime:0.0004s ]
SQL: SELECT COUNT(*) AS tp_count FROM `omronvote_vote` WHERE ( `fid`=40 ) LIMIT 1   [ RunTime:0.0004s ]
SQL: SELECT `id` FROM `omronvote_vote` WHERE ( `openid`='0CB020998' and `deviceid`='90524d647de66073cbd915ed9fb69d37' and `fid`=41 ) LIMIT 1   [ RunTime:0.0003s ]
SQL: SELECT COUNT(*) AS tp_count FROM `omronvote_vote` WHERE ( `fid`=41 ) LIMIT 1   [ RunTime:0.0004s ]
INFO: [ view_parse ] --START--
INFO: [ template_filter ] --START--
INFO: Run Behavior\ContentReplaceBehavior [ RunTime:0.000253s ]
INFO: [ template_filter ] --END-- [ RunTime:0.000407s ]
INFO: Run Behavior\ParseTemplateBehavior [ RunTime:0.038996s ]
INFO: [ view_parse ] --END-- [ RunTime:0.039227s ]
INFO: [ view_filter ] --START--
INFO: Run Behavior\WriteHtmlCacheBehavior [ RunTime:0.000217s ]
INFO: [ view_filter ] --END-- [ RunTime:0.000307s ]
INFO: [ app_end ] --START--
INFO: Run Behavior\ShowPageTraceBehavior [ RunTime:0.000898s ]
INFO: [ app_end ] --END-- [ RunTime:0.001109s ]

[ 2016-03-23T17:28:41+08:00 ] 58.62.200.230 /admin/home/omron/index
INFO: [ app_init ] --START--
INFO: Run Behavior\BuildLiteBehavior [ RunTime:0.000035s ]
INFO: [ app_init ] --END-- [ RunTime:0.000591s ]
INFO: [ app_begin ] --START--
INFO: Run Behavior\ReadHtmlCacheBehavior [ RunTime:0.000584s ]
INFO: [ app_begin ] --END-- [ RunTime:0.000671s ]
SQL: SHOW COLUMNS FROM `omronvote` [ RunTime:0.0017s ]
SQL: SELECT `access_token`,`endtime` FROM `omronvote` WHERE ( `id`=12 ) LIMIT 1   [ RunTime:0.0007s ]
SQL: SELECT `id` FROM `omronvote` WHERE ( `id`=14 ) LIMIT 1   [ RunTime:0.0005s ]
SQL: UPDATE `omronvote` SET `access_token`='blzwDRohkmjjsO2VvxyTkO8Lb0xkEPyYAigNQPqwb01UbH5zW2A9gQbXW7lcCTk1',`endtime`='1458732521' WHERE ( `id`=14 ) [ RunTime:0.0004s ]
INFO: [ view_parse ] --START--
INFO: [ template_filter ] --START--
INFO: Run Behavior\ContentReplaceBehavior [ RunTime:0.000080s ]
INFO: [ template_filter ] --END-- [ RunTime:0.000220s ]
INFO: Run Behavior\ParseTemplateBehavior [ RunTime:0.009089s ]
INFO: [ view_parse ] --END-- [ RunTime:0.009198s ]
INFO: [ view_filter ] --START--
INFO: Run Behavior\WriteHtmlCacheBehavior [ RunTime:0.000186s ]
INFO: [ view_filter ] --END-- [ RunTime:0.000296s ]
INFO: [ app_end ] --START--
INFO: Run Behavior\ShowPageTraceBehavior [ RunTime:0.000649s ]
INFO: [ app_end ] --END-- [ RunTime:0.000742s ]

[ 2016-03-23T17:28:42+08:00 ] 58.62.200.230 /admin/Home/omron/vote?code=c5adfd8cd3e41a307e74056270600dd5&state=STATE
INFO: [ app_init ] --START--
INFO: Run Behavior\BuildLiteBehavior [ RunTime:0.000026s ]
INFO: [ app_init ] --END-- [ RunTime:0.000505s ]
INFO: [ app_begin ] --START--
INFO: Run Behavior\ReadHtmlCacheBehavior [ RunTime:0.000575s ]
INFO: [ app_begin ] --END-- [ RunTime:0.000667s ]
SQL: SHOW COLUMNS FROM `omronvote` [ RunTime:0.0011s ]
SQL: SELECT `access_token`,`endtime` FROM `omronvote` WHERE ( `id`=12 ) LIMIT 1   [ RunTime:0.0004s ]
SQL: SELECT `id` FROM `omronvote` WHERE ( `id`=14 ) LIMIT 1   [ RunTime:0.0004s ]
SQL: UPDATE `omronvote` SET `access_token`='blzwDRohkmjjsO2VvxyTkO8Lb0xkEPyYAigNQPqwb01UbH5zW2A9gQbXW7lcCTk1',`endtime`='1458732521' WHERE ( `id`=14 ) [ RunTime:0.0004s ]
SQL: SELECT `id` FROM `omronvote` WHERE ( `id`=14 ) LIMIT 1   [ RunTime:0.0005s ]
SQL: UPDATE `omronvote` SET `access_token`='blzwDRohkmjjsO2VvxyTkO8Lb0xkEPyYAigNQPqwb01UbH5zW2A9gQbXW7lcCTk1',`endtime`='1458732521' WHERE ( `id`=14 ) [ RunTime:0.0004s ]
NOTIC: [8] Undefined index: UserID /home/wwwroot/admin/Application/Home/Controller/OmronController.class.php 第 22 行.
SQL: SHOW COLUMNS FROM `omronvote_poll` [ RunTime:0.0012s ]
SQL: SELECT `id` FROM `omronvote_poll` WHERE ( `userid`='0CB020998' and `deviceid`='90524d647de66073cbd915ed9fb69d37' ) LIMIT 1   [ RunTime:0.0004s ]
SQL: SHOW COLUMNS FROM `omronvote_vote` [ RunTime:0.0009s ]
SQL: SELECT `id` FROM `omronvote_vote` WHERE ( `openid`='0CB020998' and `deviceid`='90524d647de66073cbd915ed9fb69d37' and `fid`=1 ) LIMIT 1   [ RunTime:0.0004s ]
SQL: SELECT COUNT(*) AS tp_count FROM `omronvote_vote` WHERE ( `fid`=1 ) LIMIT 1   [ RunTime:0.0004s ]
SQL: SELECT `id` FROM `omronvote_vote` WHERE ( `openid`='0CB020998' and `deviceid`='90524d647de66073cbd915ed9fb69d37' and `fid`=2 ) LIMIT 1   [ RunTime:0.0003s ]
SQL: SELECT COUNT(*) AS tp_count FROM `omronvote_vote` WHERE ( `fid`=2 ) LIMIT 1   [ RunTime:0.0004s ]
SQL: SELECT `id` FROM `omronvote_vote` WHERE ( `openid`='0CB020998' and `deviceid`='90524d647de66073cbd915ed9fb69d37' and `fid`=3 ) LIMIT 1   [ RunTime:0.0004s ]
SQL: SELECT COUNT(*) AS tp_count FROM `omronvote_vote` WHERE ( `fid`=3 ) LIMIT 1   [ RunTime:0.0004s ]
SQL: SELECT `id` FROM `omronvote_vote` WHERE ( `openid`='0CB020998' and `deviceid`='90524d647de66073cbd915ed9fb69d37' and `fid`=4 ) LIMIT 1   [ RunTime:0.0004s ]
SQL: SELECT COUNT(*) AS tp_count FROM `omronvote_vote` WHERE ( `fid`=4 ) LIMIT 1   [ RunTime:0.0004s ]
SQL: SELECT `id` FROM `omronvote_vote` WHERE ( `openid`='0CB020998' and `deviceid`='90524d647de66073cbd915ed9fb69d37' and `fid`=5 ) LIMIT 1   [ RunTime:0.0004s ]
SQL: SELECT COUNT(*) AS tp_count FROM `omronvote_vote` WHERE ( `fid`=5 ) LIMIT 1   [ RunTime:0.0004s ]
SQL: SELECT `id` FROM `omronvote_vote` WHERE ( `openid`='0CB020998' and `deviceid`='90524d647de66073cbd915ed9fb69d37' and `fid`=6 ) LIMIT 1   [ RunTime:0.0004s ]
SQL: SELECT COUNT(*) AS tp_count FROM `omronvote_vote` WHERE ( `fid`=6 ) LIMIT 1   [ RunTime:0.0004s ]
SQL: SELECT `id` FROM `omronvote_vote` WHERE ( `openid`='0CB020998' and `deviceid`='90524d647de66073cbd915ed9fb69d37' and `fid`=7 ) LIMIT 1   [ RunTime:0.0003s ]
SQL: SELECT COUNT(*) AS tp_count FROM `omronvote_vote` WHERE ( `fid`=7 ) LIMIT 1   [ RunTime:0.0003s ]
SQL: SELECT `id` FROM `omronvote_vote` WHERE ( `openid`='0CB020998' and `deviceid`='90524d647de66073cbd915ed9fb69d37' and `fid`=8 ) LIMIT 1   [ RunTime:0.0004s ]
SQL: SELECT COUNT(*) AS tp_count FROM `omronvote_vote` WHERE ( `fid`=8 ) LIMIT 1   [ RunTime:0.0004s ]
SQL: SELECT `id` FROM `omronvote_vote` WHERE ( `openid`='0CB020998' and `deviceid`='90524d647de66073cbd915ed9fb69d37' and `fid`=9 ) LIMIT 1   [ RunTime:0.0003s ]
SQL: SELECT COUNT(*) AS tp_count FROM `omronvote_vote` WHERE ( `fid`=9 ) LIMIT 1   [ RunTime:0.0004s ]
SQL: SELECT `id` FROM `omronvote_vote` WHERE ( `openid`='0CB020998' and `deviceid`='90524d647de66073cbd915ed9fb69d37' and `fid`=10 ) LIMIT 1   [ RunTime:0.0003s ]
SQL: SELECT COUNT(*) AS tp_count FROM `omronvote_vote` WHERE ( `fid`=10 ) LIMIT 1   [ RunTime:0.0004s ]
SQL: SELECT `id` FROM `omronvote_vote` WHERE ( `openid`='0CB020998' and `deviceid`='90524d647de66073cbd915ed9fb69d37' and `fid`=11 ) LIMIT 1   [ RunTime:0.0004s ]
SQL: SELECT COUNT(*) AS tp_count FROM `omronvote_vote` WHERE ( `fid`=11 ) LIMIT 1   [ RunTime:0.0003s ]
SQL: SELECT `id` FROM `omronvote_vote` WHERE ( `openid`='0CB020998' and `deviceid`='90524d647de66073cbd915ed9fb69d37' and `fid`=12 ) LIMIT 1   [ RunTime:0.0004s ]
SQL: SELECT COUNT(*) AS tp_count FROM `omronvote_vote` WHERE ( `fid`=12 ) LIMIT 1   [ RunTime:0.0004s ]
SQL: SELECT `id` FROM `omronvote_vote` WHERE ( `openid`='0CB020998' and `deviceid`='90524d647de66073cbd915ed9fb69d37' and `fid`=13 ) LIMIT 1   [ RunTime:0.0004s ]
SQL: SELECT COUNT(*) AS tp_count FROM `omronvote_vote` WHERE ( `fid`=13 ) LIMIT 1   [ RunTime:0.0004s ]
SQL: SELECT `id` FROM `omronvote_vote` WHERE ( `openid`='0CB020998' and `deviceid`='90524d647de66073cbd915ed9fb69d37' and `fid`=14 ) LIMIT 1   [ RunTime:0.0004s ]
SQL: SELECT COUNT(*) AS tp_count FROM `omronvote_vote` WHERE ( `fid`=14 ) LIMIT 1   [ RunTime:0.0004s ]
SQL: SELECT `id` FROM `omronvote_vote` WHERE ( `openid`='0CB020998' and `deviceid`='90524d647de66073cbd915ed9fb69d37' and `fid`=15 ) LIMIT 1   [ RunTime:0.0004s ]
SQL: SELECT COUNT(*) AS tp_count FROM `omronvote_vote` WHERE ( `fid`=15 ) LIMIT 1   [ RunTime:0.0004s ]
SQL: SELECT `id` FROM `omronvote_vote` WHERE ( `openid`='0CB020998' and `deviceid`='90524d647de66073cbd915ed9fb69d37' and `fid`=16 ) LIMIT 1   [ RunTime:0.0004s ]
SQL: SELECT COUNT(*) AS tp_count FROM `omronvote_vote` WHERE ( `fid`=16 ) LIMIT 1   [ RunTime:0.0004s ]
SQL: SELECT `id` FROM `omronvote_vote` WHERE ( `openid`='0CB020998' and `deviceid`='90524d647de66073cbd915ed9fb69d37' and `fid`=17 ) LIMIT 1   [ RunTime:0.0004s ]
SQL: SELECT COUNT(*) AS tp_count FROM `omronvote_vote` WHERE ( `fid`=17 ) LIMIT 1   [ RunTime:0.0005s ]
SQL: SELECT `id` FROM `omronvote_vote` WHERE ( `openid`='0CB020998' and `deviceid`='90524d647de66073cbd915ed9fb69d37' and `fid`=18 ) LIMIT 1   [ RunTime:0.0004s ]
SQL: SELECT COUNT(*) AS tp_count FROM `omronvote_vote` WHERE ( `fid`=18 ) LIMIT 1   [ RunTime:0.0004s ]
SQL: SELECT `id` FROM `omronvote_vote` WHERE ( `openid`='0CB020998' and `deviceid`='90524d647de66073cbd915ed9fb69d37' and `fid`=19 ) LIMIT 1   [ RunTime:0.0004s ]
SQL: SELECT COUNT(*) AS tp_count FROM `omronvote_vote` WHERE ( `fid`=19 ) LIMIT 1   [ RunTime:0.0004s ]
SQL: SELECT `id` FROM `omronvote_vote` WHERE ( `openid`='0CB020998' and `deviceid`='90524d647de66073cbd915ed9fb69d37' and `fid`=20 ) LIMIT 1   [ RunTime:0.0003s ]
SQL: SELECT COUNT(*) AS tp_count FROM `omronvote_vote` WHERE ( `fid`=20 ) LIMIT 1   [ RunTime:0.0004s ]
SQL: SELECT `id` FROM `omronvote_vote` WHERE ( `openid`='0CB020998' and `deviceid`='90524d647de66073cbd915ed9fb69d37' and `fid`=21 ) LIMIT 1   [ RunTime:0.0006s ]
SQL: SELECT COUNT(*) AS tp_count FROM `omronvote_vote` WHERE ( `fid`=21 ) LIMIT 1   [ RunTime:0.0004s ]
SQL: SELECT `id` FROM `omronvote_vote` WHERE ( `openid`='0CB020998' and `deviceid`='90524d647de66073cbd915ed9fb69d37' and `fid`=22 ) LIMIT 1   [ RunTime:0.0004s ]
SQL: SELECT COUNT(*) AS tp_count FROM `omronvote_vote` WHERE ( `fid`=22 ) LIMIT 1   [ RunTime:0.0003s ]
SQL: SELECT `id` FROM `omronvote_vote` WHERE ( `openid`='0CB020998' and `deviceid`='90524d647de66073cbd915ed9fb69d37' and `fid`=23 ) LIMIT 1   [ RunTime:0.0003s ]
SQL: SELECT COUNT(*) AS tp_count FROM `omronvote_vote` WHERE ( `fid`=23 ) LIMIT 1   [ RunTime:0.0004s ]
SQL: SELECT `id` FROM `omronvote_vote` WHERE ( `openid`='0CB020998' and `deviceid`='90524d647de66073cbd915ed9fb69d37' and `fid`=24 ) LIMIT 1   [ RunTime:0.0004s ]
SQL: SELECT COUNT(*) AS tp_count FROM `omronvote_vote` WHERE ( `fid`=24 ) LIMIT 1   [ RunTime:0.0004s ]
SQL: SELECT `id` FROM `omronvote_vote` WHERE ( `openid`='0CB020998' and `deviceid`='90524d647de66073cbd915ed9fb69d37' and `fid`=25 ) LIMIT 1   [ RunTime:0.0003s ]
SQL: SELECT COUNT(*) AS tp_count FROM `omronvote_vote` WHERE ( `fid`=25 ) LIMIT 1   [ RunTime:0.0004s ]
SQL: SELECT `id` FROM `omronvote_vote` WHERE ( `openid`='0CB020998' and `deviceid`='90524d647de66073cbd915ed9fb69d37' and `fid`=26 ) LIMIT 1   [ RunTime:0.0005s ]
SQL: SELECT COUNT(*) AS tp_count FROM `omronvote_vote` WHERE ( `fid`=26 ) LIMIT 1   [ RunTime:0.0004s ]
SQL: SELECT `id` FROM `omronvote_vote` WHERE ( `openid`='0CB020998' and `deviceid`='90524d647de66073cbd915ed9fb69d37' and `fid`=27 ) LIMIT 1   [ RunTime:0.0004s ]
SQL: SELECT COUNT(*) AS tp_count FROM `omronvote_vote` WHERE ( `fid`=27 ) LIMIT 1   [ RunTime:0.0004s ]
SQL: SELECT `id` FROM `omronvote_vote` WHERE ( `openid`='0CB020998' and `deviceid`='90524d647de66073cbd915ed9fb69d37' and `fid`=28 ) LIMIT 1   [ RunTime:0.0003s ]
SQL: SELECT COUNT(*) AS tp_count FROM `omronvote_vote` WHERE ( `fid`=28 ) LIMIT 1   [ RunTime:0.0003s ]
SQL: SELECT `id` FROM `omronvote_vote` WHERE ( `openid`='0CB020998' and `deviceid`='90524d647de66073cbd915ed9fb69d37' and `fid`=29 ) LIMIT 1   [ RunTime:0.0004s ]
SQL: SELECT COUNT(*) AS tp_count FROM `omronvote_vote` WHERE ( `fid`=29 ) LIMIT 1   [ RunTime:0.0004s ]
SQL: SELECT `id` FROM `omronvote_vote` WHERE ( `openid`='0CB020998' and `deviceid`='90524d647de66073cbd915ed9fb69d37' and `fid`=30 ) LIMIT 1   [ RunTime:0.0003s ]
SQL: SELECT COUNT(*) AS tp_count FROM `omronvote_vote` WHERE ( `fid`=30 ) LIMIT 1   [ RunTime:0.0004s ]
SQL: SELECT `id` FROM `omronvote_vote` WHERE ( `openid`='0CB020998' and `deviceid`='90524d647de66073cbd915ed9fb69d37' and `fid`=31 ) LIMIT 1   [ RunTime:0.0003s ]
SQL: SELECT COUNT(*) AS tp_count FROM `omronvote_vote` WHERE ( `fid`=31 ) LIMIT 1   [ RunTime:0.0004s ]
SQL: SELECT `id` FROM `omronvote_vote` WHERE ( `openid`='0CB020998' and `deviceid`='90524d647de66073cbd915ed9fb69d37' and `fid`=32 ) LIMIT 1   [ RunTime:0.0004s ]
SQL: SELECT COUNT(*) AS tp_count FROM `omronvote_vote` WHERE ( `fid`=32 ) LIMIT 1   [ RunTime:0.0004s ]
SQL: SELECT `id` FROM `omronvote_vote` WHERE ( `openid`='0CB020998' and `deviceid`='90524d647de66073cbd915ed9fb69d37' and `fid`=33 ) LIMIT 1   [ RunTime:0.0004s ]
SQL: SELECT COUNT(*) AS tp_count FROM `omronvote_vote` WHERE ( `fid`=33 ) LIMIT 1   [ RunTime:0.0004s ]
SQL: SELECT `id` FROM `omronvote_vote` WHERE ( `openid`='0CB020998' and `deviceid`='90524d647de66073cbd915ed9fb69d37' and `fid`=34 ) LIMIT 1   [ RunTime:0.0003s ]
SQL: SELECT COUNT(*) AS tp_count FROM `omronvote_vote` WHERE ( `fid`=34 ) LIMIT 1   [ RunTime:0.0003s ]
SQL: SELECT `id` FROM `omronvote_vote` WHERE ( `openid`='0CB020998' and `deviceid`='90524d647de66073cbd915ed9fb69d37' and `fid`=35 ) LIMIT 1   [ RunTime:0.0004s ]
SQL: SELECT COUNT(*) AS tp_count FROM `omronvote_vote` WHERE ( `fid`=35 ) LIMIT 1   [ RunTime:0.0004s ]
SQL: SELECT `id` FROM `omronvote_vote` WHERE ( `openid`='0CB020998' and `deviceid`='90524d647de66073cbd915ed9fb69d37' and `fid`=36 ) LIMIT 1   [ RunTime:0.0003s ]
SQL: SELECT COUNT(*) AS tp_count FROM `omronvote_vote` WHERE ( `fid`=36 ) LIMIT 1   [ RunTime:0.0004s ]
SQL: SELECT `id` FROM `omronvote_vote` WHERE ( `openid`='0CB020998' and `deviceid`='90524d647de66073cbd915ed9fb69d37' and `fid`=37 ) LIMIT 1   [ RunTime:0.0003s ]
SQL: SELECT COUNT(*) AS tp_count FROM `omronvote_vote` WHERE ( `fid`=37 ) LIMIT 1   [ RunTime:0.0004s ]
SQL: SELECT `id` FROM `omronvote_vote` WHERE ( `openid`='0CB020998' and `deviceid`='90524d647de66073cbd915ed9fb69d37' and `fid`=38 ) LIMIT 1   [ RunTime:0.0003s ]
SQL: SELECT COUNT(*) AS tp_count FROM `omronvote_vote` WHERE ( `fid`=38 ) LIMIT 1   [ RunTime:0.0003s ]
SQL: SELECT `id` FROM `omronvote_vote` WHERE ( `openid`='0CB020998' and `deviceid`='90524d647de66073cbd915ed9fb69d37' and `fid`=39 ) LIMIT 1   [ RunTime:0.0003s ]
SQL: SELECT COUNT(*) AS tp_count FROM `omronvote_vote` WHERE ( `fid`=39 ) LIMIT 1   [ RunTime:0.0004s ]
SQL: SELECT `id` FROM `omronvote_vote` WHERE ( `openid`='0CB020998' and `deviceid`='90524d647de66073cbd915ed9fb69d37' and `fid`=40 ) LIMIT 1   [ RunTime:0.0003s ]
SQL: SELECT COUNT(*) AS tp_count FROM `omronvote_vote` WHERE ( `fid`=40 ) LIMIT 1   [ RunTime:0.0004s ]
SQL: SELECT `id` FROM `omronvote_vote` WHERE ( `openid`='0CB020998' and `deviceid`='90524d647de66073cbd915ed9fb69d37' and `fid`=41 ) LIMIT 1   [ RunTime:0.0003s ]
SQL: SELECT COUNT(*) AS tp_count FROM `omronvote_vote` WHERE ( `fid`=41 ) LIMIT 1   [ RunTime:0.0003s ]
INFO: [ view_parse ] --START--
INFO: [ template_filter ] --START--
INFO: Run Behavior\ContentReplaceBehavior [ RunTime:0.000336s ]
INFO: [ template_filter ] --END-- [ RunTime:0.000486s ]
INFO: Run Behavior\ParseTemplateBehavior [ RunTime:0.051647s ]
INFO: [ view_parse ] --END-- [ RunTime:0.051844s ]
INFO: [ view_filter ] --START--
INFO: Run Behavior\WriteHtmlCacheBehavior [ RunTime:0.000283s ]
INFO: [ view_filter ] --END-- [ RunTime:0.000375s ]

[ 2016-03-23T18:39:34+08:00 ] 14.17.37.143 /admin/Home/AutoRefresh/index
INFO: [ app_init ] --START--
INFO: Run Behavior\BuildLiteBehavior [ RunTime:0.000029s ]
INFO: [ app_init ] --END-- [ RunTime:0.000552s ]
INFO: [ app_begin ] --START--
INFO: Run Behavior\ReadHtmlCacheBehavior [ RunTime:0.000593s ]
INFO: [ app_begin ] --END-- [ RunTime:0.000682s ]
SQL: SHOW COLUMNS FROM `auto_refresh` [ RunTime:0.0025s ]
SQL: SELECT * FROM `auto_refresh` ORDER BY addtime desc  [ RunTime:0.0008s ]
INFO: [ view_parse ] --START--
INFO: [ template_filter ] --START--
INFO: Run Behavior\ContentReplaceBehavior [ RunTime:0.000094s ]
INFO: [ template_filter ] --END-- [ RunTime:0.000217s ]
INFO: Run Behavior\ParseTemplateBehavior [ RunTime:0.013975s ]
INFO: [ view_parse ] --END-- [ RunTime:0.014108s ]
INFO: [ view_filter ] --START--
INFO: Run Behavior\WriteHtmlCacheBehavior [ RunTime:0.000184s ]
INFO: [ view_filter ] --END-- [ RunTime:0.000272s ]
INFO: [ app_end ] --START--
INFO: Run Behavior\ShowPageTraceBehavior [ RunTime:0.000610s ]
INFO: [ app_end ] --END-- [ RunTime:0.000748s ]

