[ 2016-01-10T19:29:22+08:00 ] 101.44.54.99 /admin/home/omron/index
INFO: [ app_init ] --START--
INFO: Run Behavior\BuildLiteBehavior [ RunTime:0.000014s ]
INFO: [ app_init ] --END-- [ RunTime:0.000292s ]
INFO: [ app_begin ] --START--
INFO: Run Behavior\ReadHtmlCacheBehavior [ RunTime:0.000388s ]
INFO: [ app_begin ] --END-- [ RunTime:0.000445s ]
SQL: SHOW COLUMNS FROM `omronvote` [ RunTime:0.0009s ]
SQL: SELECT `access_token`,`endtime` FROM `omronvote` WHERE ( `id`=12 ) LIMIT 1   [ RunTime:0.0003s ]
SQL: SELECT `id` FROM `omronvote` WHERE ( `id`=14 ) LIMIT 1   [ RunTime:0.0004s ]
SQL: UPDATE `omronvote` SET `access_token`='QkrMQRFXntCYYORMtUCiEaoWiONjUCPHEiIVkmmcMI48rm_ReiLsrbMB6emKWjad60Y6BlWVJS9iAWT4TEocKw',`endtime`='1452432562' WHERE ( `id`=14 ) [ RunTime:0.0003s ]
INFO: [ view_parse ] --START--
INFO: [ template_filter ] --START--
INFO: Run Behavior\ContentReplaceBehavior [ RunTime:0.000045s ]
INFO: [ template_filter ] --END-- [ RunTime:0.000106s ]
INFO: Run Behavior\ParseTemplateBehavior [ RunTime:0.004694s ]
INFO: [ view_parse ] --END-- [ RunTime:0.004760s ]
INFO: [ view_filter ] --START--
INFO: Run Behavior\WriteHtmlCacheBehavior [ RunTime:0.000125s ]
INFO: [ view_filter ] --END-- [ RunTime:0.000172s ]
INFO: [ app_end ] --START--
INFO: Run Behavior\ShowPageTraceBehavior [ RunTime:0.000410s ]
INFO: [ app_end ] --END-- [ RunTime:0.000465s ]

[ 2016-01-10T19:29:24+08:00 ] 101.44.54.99 /admin/Home/omron/vote?code=245aa322ade4c2315f3daebd337a2ac7&state=STATE
INFO: [ app_init ] --START--
INFO: Run Behavior\BuildLiteBehavior [ RunTime:0.000015s ]
INFO: [ app_init ] --END-- [ RunTime:0.000330s ]
INFO: [ app_begin ] --START--
INFO: Run Behavior\ReadHtmlCacheBehavior [ RunTime:0.000421s ]
INFO: [ app_begin ] --END-- [ RunTime:0.000482s ]
SQL: SHOW COLUMNS FROM `omronvote` [ RunTime:0.0009s ]
SQL: SELECT `access_token`,`endtime` FROM `omronvote` WHERE ( `id`=12 ) LIMIT 1   [ RunTime:0.0003s ]
SQL: SELECT `id` FROM `omronvote` WHERE ( `id`=14 ) LIMIT 1   [ RunTime:0.0004s ]
SQL: UPDATE `omronvote` SET `access_token`='QkrMQRFXntCYYORMtUCiEaoWiONjUCPHEiIVkmmcMI48rm_ReiLsrbMB6emKWjad60Y6BlWVJS9iAWT4TEocKw',`endtime`='1452432563' WHERE ( `id`=14 ) [ RunTime:0.0003s ]
SQL: SELECT `id` FROM `omronvote` WHERE ( `id`=14 ) LIMIT 1   [ RunTime:0.0004s ]
SQL: UPDATE `omronvote` SET `access_token`='QkrMQRFXntCYYORMtUCiEaoWiONjUCPHEiIVkmmcMI48rm_ReiLsrbMB6emKWjad60Y6BlWVJS9iAWT4TEocKw',`endtime`='1452432563' WHERE ( `id`=14 ) [ RunTime:0.0003s ]
NOTIC: [8] Undefined index: UserID /home/wwwroot/admin/Application/Home/Controller/OmronController.class.php 第 22 行.
SQL: SHOW COLUMNS FROM `omronvote_poll` [ RunTime:0.0009s ]
SQL: SELECT `id` FROM `omronvote_poll` WHERE ( `userid`='0CB111019' and `deviceid`='8fdb7915f46d8c7205eedd00ac8ea275' ) LIMIT 1   [ RunTime:0.0003s ]
SQL: SHOW COLUMNS FROM `omronvote_vote` [ RunTime:0.0006s ]
SQL: SELECT `id` FROM `omronvote_vote` WHERE ( `openid`='0CB111019' and `deviceid`='8fdb7915f46d8c7205eedd00ac8ea275' and `fid`=1 ) LIMIT 1   [ RunTime:0.0003s ]
SQL: SELECT COUNT(*) AS tp_count FROM `omronvote_vote` WHERE ( `fid`=1 ) LIMIT 1   [ RunTime:0.0002s ]
SQL: SELECT `id` FROM `omronvote_vote` WHERE ( `openid`='0CB111019' and `deviceid`='8fdb7915f46d8c7205eedd00ac8ea275' and `fid`=2 ) LIMIT 1   [ RunTime:0.0003s ]
SQL: SELECT COUNT(*) AS tp_count FROM `omronvote_vote` WHERE ( `fid`=2 ) LIMIT 1   [ RunTime:0.0002s ]
SQL: SELECT `id` FROM `omronvote_vote` WHERE ( `openid`='0CB111019' and `deviceid`='8fdb7915f46d8c7205eedd00ac8ea275' and `fid`=3 ) LIMIT 1   [ RunTime:0.0002s ]
SQL: SELECT COUNT(*) AS tp_count FROM `omronvote_vote` WHERE ( `fid`=3 ) LIMIT 1   [ RunTime:0.0002s ]
SQL: SELECT `id` FROM `omronvote_vote` WHERE ( `openid`='0CB111019' and `deviceid`='8fdb7915f46d8c7205eedd00ac8ea275' and `fid`=4 ) LIMIT 1   [ RunTime:0.0003s ]
SQL: SELECT COUNT(*) AS tp_count FROM `omronvote_vote` WHERE ( `fid`=4 ) LIMIT 1   [ RunTime:0.0003s ]
SQL: SELECT `id` FROM `omronvote_vote` WHERE ( `openid`='0CB111019' and `deviceid`='8fdb7915f46d8c7205eedd00ac8ea275' and `fid`=5 ) LIMIT 1   [ RunTime:0.0003s ]
SQL: SELECT COUNT(*) AS tp_count FROM `omronvote_vote` WHERE ( `fid`=5 ) LIMIT 1   [ RunTime:0.0002s ]
SQL: SELECT `id` FROM `omronvote_vote` WHERE ( `openid`='0CB111019' and `deviceid`='8fdb7915f46d8c7205eedd00ac8ea275' and `fid`=6 ) LIMIT 1   [ RunTime:0.0003s ]
SQL: SELECT COUNT(*) AS tp_count FROM `omronvote_vote` WHERE ( `fid`=6 ) LIMIT 1   [ RunTime:0.0002s ]
SQL: SELECT `id` FROM `omronvote_vote` WHERE ( `openid`='0CB111019' and `deviceid`='8fdb7915f46d8c7205eedd00ac8ea275' and `fid`=7 ) LIMIT 1   [ RunTime:0.0003s ]
SQL: SELECT COUNT(*) AS tp_count FROM `omronvote_vote` WHERE ( `fid`=7 ) LIMIT 1   [ RunTime:0.0002s ]
SQL: SELECT `id` FROM `omronvote_vote` WHERE ( `openid`='0CB111019' and `deviceid`='8fdb7915f46d8c7205eedd00ac8ea275' and `fid`=8 ) LIMIT 1   [ RunTime:0.0005s ]
SQL: SELECT COUNT(*) AS tp_count FROM `omronvote_vote` WHERE ( `fid`=8 ) LIMIT 1   [ RunTime:0.0004s ]
SQL: SELECT `id` FROM `omronvote_vote` WHERE ( `openid`='0CB111019' and `deviceid`='8fdb7915f46d8c7205eedd00ac8ea275' and `fid`=9 ) LIMIT 1   [ RunTime:0.0003s ]
SQL: SELECT COUNT(*) AS tp_count FROM `omronvote_vote` WHERE ( `fid`=9 ) LIMIT 1   [ RunTime:0.0002s ]
SQL: SELECT `id` FROM `omronvote_vote` WHERE ( `openid`='0CB111019' and `deviceid`='8fdb7915f46d8c7205eedd00ac8ea275' and `fid`=10 ) LIMIT 1   [ RunTime:0.0003s ]
SQL: SELECT COUNT(*) AS tp_count FROM `omronvote_vote` WHERE ( `fid`=10 ) LIMIT 1   [ RunTime:0.0002s ]
SQL: SELECT `id` FROM `omronvote_vote` WHERE ( `openid`='0CB111019' and `deviceid`='8fdb7915f46d8c7205eedd00ac8ea275' and `fid`=11 ) LIMIT 1   [ RunTime:0.0003s ]
SQL: SELECT COUNT(*) AS tp_count FROM `omronvote_vote` WHERE ( `fid`=11 ) LIMIT 1   [ RunTime:0.0002s ]
SQL: SELECT `id` FROM `omronvote_vote` WHERE ( `openid`='0CB111019' and `deviceid`='8fdb7915f46d8c7205eedd00ac8ea275' and `fid`=12 ) LIMIT 1   [ RunTime:0.0003s ]
SQL: SELECT COUNT(*) AS tp_count FROM `omronvote_vote` WHERE ( `fid`=12 ) LIMIT 1   [ RunTime:0.0002s ]
SQL: SELECT `id` FROM `omronvote_vote` WHERE ( `openid`='0CB111019' and `deviceid`='8fdb7915f46d8c7205eedd00ac8ea275' and `fid`=13 ) LIMIT 1   [ RunTime:0.0003s ]
SQL: SELECT COUNT(*) AS tp_count FROM `omronvote_vote` WHERE ( `fid`=13 ) LIMIT 1   [ RunTime:0.0003s ]
SQL: SELECT `id` FROM `omronvote_vote` WHERE ( `openid`='0CB111019' and `deviceid`='8fdb7915f46d8c7205eedd00ac8ea275' and `fid`=14 ) LIMIT 1   [ RunTime:0.0003s ]
SQL: SELECT COUNT(*) AS tp_count FROM `omronvote_vote` WHERE ( `fid`=14 ) LIMIT 1   [ RunTime:0.0003s ]
SQL: SELECT `id` FROM `omronvote_vote` WHERE ( `openid`='0CB111019' and `deviceid`='8fdb7915f46d8c7205eedd00ac8ea275' and `fid`=15 ) LIMIT 1   [ RunTime:0.0003s ]
SQL: SELECT COUNT(*) AS tp_count FROM `omronvote_vote` WHERE ( `fid`=15 ) LIMIT 1   [ RunTime:0.0002s ]
SQL: SELECT `id` FROM `omronvote_vote` WHERE ( `openid`='0CB111019' and `deviceid`='8fdb7915f46d8c7205eedd00ac8ea275' and `fid`=16 ) LIMIT 1   [ RunTime:0.0003s ]
SQL: SELECT COUNT(*) AS tp_count FROM `omronvote_vote` WHERE ( `fid`=16 ) LIMIT 1   [ RunTime:0.0002s ]
SQL: SELECT `id` FROM `omronvote_vote` WHERE ( `openid`='0CB111019' and `deviceid`='8fdb7915f46d8c7205eedd00ac8ea275' and `fid`=17 ) LIMIT 1   [ RunTime:0.0003s ]
SQL: SELECT COUNT(*) AS tp_count FROM `omronvote_vote` WHERE ( `fid`=17 ) LIMIT 1   [ RunTime:0.0002s ]
SQL: SELECT `id` FROM `omronvote_vote` WHERE ( `openid`='0CB111019' and `deviceid`='8fdb7915f46d8c7205eedd00ac8ea275' and `fid`=18 ) LIMIT 1   [ RunTime:0.0003s ]
SQL: SELECT COUNT(*) AS tp_count FROM `omronvote_vote` WHERE ( `fid`=18 ) LIMIT 1   [ RunTime:0.0003s ]
SQL: SELECT `id` FROM `omronvote_vote` WHERE ( `openid`='0CB111019' and `deviceid`='8fdb7915f46d8c7205eedd00ac8ea275' and `fid`=19 ) LIMIT 1   [ RunTime:0.0003s ]
SQL: SELECT COUNT(*) AS tp_count FROM `omronvote_vote` WHERE ( `fid`=19 ) LIMIT 1   [ RunTime:0.0002s ]
SQL: SELECT `id` FROM `omronvote_vote` WHERE ( `openid`='0CB111019' and `deviceid`='8fdb7915f46d8c7205eedd00ac8ea275' and `fid`=20 ) LIMIT 1   [ RunTime:0.0003s ]
SQL: SELECT COUNT(*) AS tp_count FROM `omronvote_vote` WHERE ( `fid`=20 ) LIMIT 1   [ RunTime:0.0002s ]
SQL: SELECT `id` FROM `omronvote_vote` WHERE ( `openid`='0CB111019' and `deviceid`='8fdb7915f46d8c7205eedd00ac8ea275' and `fid`=21 ) LIMIT 1   [ RunTime:0.0003s ]
SQL: SELECT COUNT(*) AS tp_count FROM `omronvote_vote` WHERE ( `fid`=21 ) LIMIT 1   [ RunTime:0.0002s ]
SQL: SELECT `id` FROM `omronvote_vote` WHERE ( `openid`='0CB111019' and `deviceid`='8fdb7915f46d8c7205eedd00ac8ea275' and `fid`=22 ) LIMIT 1   [ RunTime:0.0003s ]
SQL: SELECT COUNT(*) AS tp_count FROM `omronvote_vote` WHERE ( `fid`=22 ) LIMIT 1   [ RunTime:0.0002s ]
SQL: SELECT `id` FROM `omronvote_vote` WHERE ( `openid`='0CB111019' and `deviceid`='8fdb7915f46d8c7205eedd00ac8ea275' and `fid`=23 ) LIMIT 1   [ RunTime:0.0002s ]
SQL: SELECT COUNT(*) AS tp_count FROM `omronvote_vote` WHERE ( `fid`=23 ) LIMIT 1   [ RunTime:0.0002s ]
SQL: SELECT `id` FROM `omronvote_vote` WHERE ( `openid`='0CB111019' and `deviceid`='8fdb7915f46d8c7205eedd00ac8ea275' and `fid`=24 ) LIMIT 1   [ RunTime:0.0003s ]
SQL: SELECT COUNT(*) AS tp_count FROM `omronvote_vote` WHERE ( `fid`=24 ) LIMIT 1   [ RunTime:0.0003s ]
SQL: SELECT `id` FROM `omronvote_vote` WHERE ( `openid`='0CB111019' and `deviceid`='8fdb7915f46d8c7205eedd00ac8ea275' and `fid`=25 ) LIMIT 1   [ RunTime:0.0003s ]
SQL: SELECT COUNT(*) AS tp_count FROM `omronvote_vote` WHERE ( `fid`=25 ) LIMIT 1   [ RunTime:0.0002s ]
SQL: SELECT `id` FROM `omronvote_vote` WHERE ( `openid`='0CB111019' and `deviceid`='8fdb7915f46d8c7205eedd00ac8ea275' and `fid`=26 ) LIMIT 1   [ RunTime:0.0002s ]
SQL: SELECT COUNT(*) AS tp_count FROM `omronvote_vote` WHERE ( `fid`=26 ) LIMIT 1   [ RunTime:0.0002s ]
SQL: SELECT `id` FROM `omronvote_vote` WHERE ( `openid`='0CB111019' and `deviceid`='8fdb7915f46d8c7205eedd00ac8ea275' and `fid`=27 ) LIMIT 1   [ RunTime:0.0002s ]
SQL: SELECT COUNT(*) AS tp_count FROM `omronvote_vote` WHERE ( `fid`=27 ) LIMIT 1   [ RunTime:0.0003s ]
SQL: SELECT `id` FROM `omronvote_vote` WHERE ( `openid`='0CB111019' and `deviceid`='8fdb7915f46d8c7205eedd00ac8ea275' and `fid`=28 ) LIMIT 1   [ RunTime:0.0003s ]
SQL: SELECT COUNT(*) AS tp_count FROM `omronvote_vote` WHERE ( `fid`=28 ) LIMIT 1   [ RunTime:0.0002s ]
SQL: SELECT `id` FROM `omronvote_vote` WHERE ( `openid`='0CB111019' and `deviceid`='8fdb7915f46d8c7205eedd00ac8ea275' and `fid`=29 ) LIMIT 1   [ RunTime:0.0003s ]
SQL: SELECT COUNT(*) AS tp_count FROM `omronvote_vote` WHERE ( `fid`=29 ) LIMIT 1   [ RunTime:0.0003s ]
SQL: SELECT `id` FROM `omronvote_vote` WHERE ( `openid`='0CB111019' and `deviceid`='8fdb7915f46d8c7205eedd00ac8ea275' and `fid`=30 ) LIMIT 1   [ RunTime:0.0003s ]
SQL: SELECT COUNT(*) AS tp_count FROM `omronvote_vote` WHERE ( `fid`=30 ) LIMIT 1   [ RunTime:0.0002s ]
SQL: SELECT `id` FROM `omronvote_vote` WHERE ( `openid`='0CB111019' and `deviceid`='8fdb7915f46d8c7205eedd00ac8ea275' and `fid`=31 ) LIMIT 1   [ RunTime:0.0002s ]
SQL: SELECT COUNT(*) AS tp_count FROM `omronvote_vote` WHERE ( `fid`=31 ) LIMIT 1   [ RunTime:0.0002s ]
SQL: SELECT `id` FROM `omronvote_vote` WHERE ( `openid`='0CB111019' and `deviceid`='8fdb7915f46d8c7205eedd00ac8ea275' and `fid`=32 ) LIMIT 1   [ RunTime:0.0002s ]
SQL: SELECT COUNT(*) AS tp_count FROM `omronvote_vote` WHERE ( `fid`=32 ) LIMIT 1   [ RunTime:0.0003s ]
SQL: SELECT `id` FROM `omronvote_vote` WHERE ( `openid`='0CB111019' and `deviceid`='8fdb7915f46d8c7205eedd00ac8ea275' and `fid`=33 ) LIMIT 1   [ RunTime:0.0003s ]
SQL: SELECT COUNT(*) AS tp_count FROM `omronvote_vote` WHERE ( `fid`=33 ) LIMIT 1   [ RunTime:0.0003s ]
SQL: SELECT `id` FROM `omronvote_vote` WHERE ( `openid`='0CB111019' and `deviceid`='8fdb7915f46d8c7205eedd00ac8ea275' and `fid`=34 ) LIMIT 1   [ RunTime:0.0003s ]
SQL: SELECT COUNT(*) AS tp_count FROM `omronvote_vote` WHERE ( `fid`=34 ) LIMIT 1   [ RunTime:0.0002s ]
SQL: SELECT `id` FROM `omronvote_vote` WHERE ( `openid`='0CB111019' and `deviceid`='8fdb7915f46d8c7205eedd00ac8ea275' and `fid`=35 ) LIMIT 1   [ RunTime:0.0002s ]
SQL: SELECT COUNT(*) AS tp_count FROM `omronvote_vote` WHERE ( `fid`=35 ) LIMIT 1   [ RunTime:0.0002s ]
SQL: SELECT `id` FROM `omronvote_vote` WHERE ( `openid`='0CB111019' and `deviceid`='8fdb7915f46d8c7205eedd00ac8ea275' and `fid`=36 ) LIMIT 1   [ RunTime:0.0003s ]
SQL: SELECT COUNT(*) AS tp_count FROM `omronvote_vote` WHERE ( `fid`=36 ) LIMIT 1   [ RunTime:0.0002s ]
SQL: SELECT `id` FROM `omronvote_vote` WHERE ( `openid`='0CB111019' and `deviceid`='8fdb7915f46d8c7205eedd00ac8ea275' and `fid`=37 ) LIMIT 1   [ RunTime:0.0003s ]
SQL: SELECT COUNT(*) AS tp_count FROM `omronvote_vote` WHERE ( `fid`=37 ) LIMIT 1   [ RunTime:0.0002s ]
SQL: SELECT `id` FROM `omronvote_vote` WHERE ( `openid`='0CB111019' and `deviceid`='8fdb7915f46d8c7205eedd00ac8ea275' and `fid`=38 ) LIMIT 1   [ RunTime:0.0003s ]
SQL: SELECT COUNT(*) AS tp_count FROM `omronvote_vote` WHERE ( `fid`=38 ) LIMIT 1   [ RunTime:0.0002s ]
SQL: SELECT `id` FROM `omronvote_vote` WHERE ( `openid`='0CB111019' and `deviceid`='8fdb7915f46d8c7205eedd00ac8ea275' and `fid`=39 ) LIMIT 1   [ RunTime:0.0003s ]
SQL: SELECT COUNT(*) AS tp_count FROM `omronvote_vote` WHERE ( `fid`=39 ) LIMIT 1   [ RunTime:0.0003s ]
SQL: SELECT `id` FROM `omronvote_vote` WHERE ( `openid`='0CB111019' and `deviceid`='8fdb7915f46d8c7205eedd00ac8ea275' and `fid`=40 ) LIMIT 1   [ RunTime:0.0002s ]
SQL: SELECT COUNT(*) AS tp_count FROM `omronvote_vote` WHERE ( `fid`=40 ) LIMIT 1   [ RunTime:0.0002s ]
SQL: SELECT `id` FROM `omronvote_vote` WHERE ( `openid`='0CB111019' and `deviceid`='8fdb7915f46d8c7205eedd00ac8ea275' and `fid`=41 ) LIMIT 1   [ RunTime:0.0002s ]
SQL: SELECT COUNT(*) AS tp_count FROM `omronvote_vote` WHERE ( `fid`=41 ) LIMIT 1   [ RunTime:0.0002s ]
INFO: [ view_parse ] --START--
INFO: [ template_filter ] --START--
INFO: Run Behavior\ContentReplaceBehavior [ RunTime:0.000178s ]
INFO: [ template_filter ] --END-- [ RunTime:0.000255s ]
INFO: Run Behavior\ParseTemplateBehavior [ RunTime:0.023897s ]
INFO: [ view_parse ] --END-- [ RunTime:0.023962s ]
INFO: [ view_filter ] --START--
INFO: Run Behavior\WriteHtmlCacheBehavior [ RunTime:0.000127s ]
INFO: [ view_filter ] --END-- [ RunTime:0.000177s ]
INFO: [ app_end ] --START--
INFO: Run Behavior\ShowPageTraceBehavior [ RunTime:0.000558s ]
INFO: [ app_end ] --END-- [ RunTime:0.000682s ]

[ 2016-01-10T19:29:33+08:00 ] 101.44.54.99 /admin/home/omron/index
INFO: [ app_init ] --START--
INFO: Run Behavior\BuildLiteBehavior [ RunTime:0.000034s ]
INFO: [ app_init ] --END-- [ RunTime:0.000380s ]
INFO: [ app_begin ] --START--
INFO: Run Behavior\ReadHtmlCacheBehavior [ RunTime:0.000376s ]
INFO: [ app_begin ] --END-- [ RunTime:0.000436s ]
SQL: SHOW COLUMNS FROM `omronvote` [ RunTime:0.0008s ]
SQL: SELECT `access_token`,`endtime` FROM `omronvote` WHERE ( `id`=12 ) LIMIT 1   [ RunTime:0.0003s ]
SQL: SELECT `id` FROM `omronvote` WHERE ( `id`=14 ) LIMIT 1   [ RunTime:0.0004s ]
SQL: UPDATE `omronvote` SET `access_token`='QkrMQRFXntCYYORMtUCiEaoWiONjUCPHEiIVkmmcMI48rm_ReiLsrbMB6emKWjad60Y6BlWVJS9iAWT4TEocKw',`endtime`='1452432573' WHERE ( `id`=14 ) [ RunTime:0.0003s ]
INFO: [ view_parse ] --START--
INFO: [ template_filter ] --START--
INFO: Run Behavior\ContentReplaceBehavior [ RunTime:0.000047s ]
INFO: [ template_filter ] --END-- [ RunTime:0.000123s ]
INFO: Run Behavior\ParseTemplateBehavior [ RunTime:0.004880s ]
INFO: [ view_parse ] --END-- [ RunTime:0.004954s ]
INFO: [ view_filter ] --START--
INFO: Run Behavior\WriteHtmlCacheBehavior [ RunTime:0.000130s ]
INFO: [ view_filter ] --END-- [ RunTime:0.000179s ]
INFO: [ app_end ] --START--
INFO: Run Behavior\ShowPageTraceBehavior [ RunTime:0.000379s ]
INFO: [ app_end ] --END-- [ RunTime:0.000435s ]

[ 2016-01-10T19:29:34+08:00 ] 101.44.54.99 /admin/Home/omron/vote?code=22510c34c5ea526dd570b6aad920efc3&state=STATE
INFO: [ app_init ] --START--
INFO: Run Behavior\BuildLiteBehavior [ RunTime:0.000020s ]
INFO: [ app_init ] --END-- [ RunTime:0.000367s ]
INFO: [ app_begin ] --START--
INFO: Run Behavior\ReadHtmlCacheBehavior [ RunTime:0.000418s ]
INFO: [ app_begin ] --END-- [ RunTime:0.000478s ]
SQL: SHOW COLUMNS FROM `omronvote` [ RunTime:0.0009s ]
SQL: SELECT `access_token`,`endtime` FROM `omronvote` WHERE ( `id`=12 ) LIMIT 1   [ RunTime:0.0003s ]
SQL: SELECT `id` FROM `omronvote` WHERE ( `id`=14 ) LIMIT 1   [ RunTime:0.0004s ]
SQL: UPDATE `omronvote` SET `access_token`='QkrMQRFXntCYYORMtUCiEaoWiONjUCPHEiIVkmmcMI48rm_ReiLsrbMB6emKWjad60Y6BlWVJS9iAWT4TEocKw',`endtime`='1452432574' WHERE ( `id`=14 ) [ RunTime:0.0003s ]
SQL: SELECT `id` FROM `omronvote` WHERE ( `id`=14 ) LIMIT 1   [ RunTime:0.0004s ]
SQL: UPDATE `omronvote` SET `access_token`='QkrMQRFXntCYYORMtUCiEaoWiONjUCPHEiIVkmmcMI48rm_ReiLsrbMB6emKWjad60Y6BlWVJS9iAWT4TEocKw',`endtime`='1452432574' WHERE ( `id`=14 ) [ RunTime:0.0003s ]
NOTIC: [8] Undefined index: UserID /home/wwwroot/admin/Application/Home/Controller/OmronController.class.php 第 22 行.
SQL: SHOW COLUMNS FROM `omronvote_poll` [ RunTime:0.0008s ]
SQL: SELECT `id` FROM `omronvote_poll` WHERE ( `userid`='0CB111019' and `deviceid`='8fdb7915f46d8c7205eedd00ac8ea275' ) LIMIT 1   [ RunTime:0.0003s ]
SQL: SHOW COLUMNS FROM `omronvote_vote` [ RunTime:0.0006s ]
SQL: SELECT `id` FROM `omronvote_vote` WHERE ( `openid`='0CB111019' and `deviceid`='8fdb7915f46d8c7205eedd00ac8ea275' and `fid`=1 ) LIMIT 1   [ RunTime:0.0003s ]
SQL: SELECT COUNT(*) AS tp_count FROM `omronvote_vote` WHERE ( `fid`=1 ) LIMIT 1   [ RunTime:0.0002s ]
SQL: SELECT `id` FROM `omronvote_vote` WHERE ( `openid`='0CB111019' and `deviceid`='8fdb7915f46d8c7205eedd00ac8ea275' and `fid`=2 ) LIMIT 1   [ RunTime:0.0003s ]
SQL: SELECT COUNT(*) AS tp_count FROM `omronvote_vote` WHERE ( `fid`=2 ) LIMIT 1   [ RunTime:0.0002s ]
SQL: SELECT `id` FROM `omronvote_vote` WHERE ( `openid`='0CB111019' and `deviceid`='8fdb7915f46d8c7205eedd00ac8ea275' and `fid`=3 ) LIMIT 1   [ RunTime:0.0003s ]
SQL: SELECT COUNT(*) AS tp_count FROM `omronvote_vote` WHERE ( `fid`=3 ) LIMIT 1   [ RunTime:0.0002s ]
SQL: SELECT `id` FROM `omronvote_vote` WHERE ( `openid`='0CB111019' and `deviceid`='8fdb7915f46d8c7205eedd00ac8ea275' and `fid`=4 ) LIMIT 1   [ RunTime:0.0003s ]
SQL: SELECT COUNT(*) AS tp_count FROM `omronvote_vote` WHERE ( `fid`=4 ) LIMIT 1   [ RunTime:0.0002s ]
SQL: SELECT `id` FROM `omronvote_vote` WHERE ( `openid`='0CB111019' and `deviceid`='8fdb7915f46d8c7205eedd00ac8ea275' and `fid`=5 ) LIMIT 1   [ RunTime:0.0003s ]
SQL: SELECT COUNT(*) AS tp_count FROM `omronvote_vote` WHERE ( `fid`=5 ) LIMIT 1   [ RunTime:0.0002s ]
SQL: SELECT `id` FROM `omronvote_vote` WHERE ( `openid`='0CB111019' and `deviceid`='8fdb7915f46d8c7205eedd00ac8ea275' and `fid`=6 ) LIMIT 1   [ RunTime:0.0002s ]
SQL: SELECT COUNT(*) AS tp_count FROM `omronvote_vote` WHERE ( `fid`=6 ) LIMIT 1   [ RunTime:0.0003s ]
SQL: SELECT `id` FROM `omronvote_vote` WHERE ( `openid`='0CB111019' and `deviceid`='8fdb7915f46d8c7205eedd00ac8ea275' and `fid`=7 ) LIMIT 1   [ RunTime:0.0002s ]
SQL: SELECT COUNT(*) AS tp_count FROM `omronvote_vote` WHERE ( `fid`=7 ) LIMIT 1   [ RunTime:0.0003s ]
SQL: SELECT `id` FROM `omronvote_vote` WHERE ( `openid`='0CB111019' and `deviceid`='8fdb7915f46d8c7205eedd00ac8ea275' and `fid`=8 ) LIMIT 1   [ RunTime:0.0002s ]
SQL: SELECT COUNT(*) AS tp_count FROM `omronvote_vote` WHERE ( `fid`=8 ) LIMIT 1   [ RunTime:0.0002s ]
SQL: SELECT `id` FROM `omronvote_vote` WHERE ( `openid`='0CB111019' and `deviceid`='8fdb7915f46d8c7205eedd00ac8ea275' and `fid`=9 ) LIMIT 1   [ RunTime:0.0002s ]
SQL: SELECT COUNT(*) AS tp_count FROM `omronvote_vote` WHERE ( `fid`=9 ) LIMIT 1   [ RunTime:0.0002s ]
SQL: SELECT `id` FROM `omronvote_vote` WHERE ( `openid`='0CB111019' and `deviceid`='8fdb7915f46d8c7205eedd00ac8ea275' and `fid`=10 ) LIMIT 1   [ RunTime:0.0002s ]
SQL: SELECT COUNT(*) AS tp_count FROM `omronvote_vote` WHERE ( `fid`=10 ) LIMIT 1   [ RunTime:0.0002s ]
SQL: SELECT `id` FROM `omronvote_vote` WHERE ( `openid`='0CB111019' and `deviceid`='8fdb7915f46d8c7205eedd00ac8ea275' and `fid`=11 ) LIMIT 1   [ RunTime:0.0003s ]
SQL: SELECT COUNT(*) AS tp_count FROM `omronvote_vote` WHERE ( `fid`=11 ) LIMIT 1   [ RunTime:0.0002s ]
SQL: SELECT `id` FROM `omronvote_vote` WHERE ( `openid`='0CB111019' and `deviceid`='8fdb7915f46d8c7205eedd00ac8ea275' and `fid`=12 ) LIMIT 1   [ RunTime:0.0003s ]
SQL: SELECT COUNT(*) AS tp_count FROM `omronvote_vote` WHERE ( `fid`=12 ) LIMIT 1   [ RunTime:0.0002s ]
SQL: SELECT `id` FROM `omronvote_vote` WHERE ( `openid`='0CB111019' and `deviceid`='8fdb7915f46d8c7205eedd00ac8ea275' and `fid`=13 ) LIMIT 1   [ RunTime:0.0003s ]
SQL: SELECT COUNT(*) AS tp_count FROM `omronvote_vote` WHERE ( `fid`=13 ) LIMIT 1   [ RunTime:0.0002s ]
SQL: SELECT `id` FROM `omronvote_vote` WHERE ( `openid`='0CB111019' and `deviceid`='8fdb7915f46d8c7205eedd00ac8ea275' and `fid`=14 ) LIMIT 1   [ RunTime:0.0002s ]
SQL: SELECT COUNT(*) AS tp_count FROM `omronvote_vote` WHERE ( `fid`=14 ) LIMIT 1   [ RunTime:0.0002s ]
SQL: SELECT `id` FROM `omronvote_vote` WHERE ( `openid`='0CB111019' and `deviceid`='8fdb7915f46d8c7205eedd00ac8ea275' and `fid`=15 ) LIMIT 1   [ RunTime:0.0002s ]
SQL: SELECT COUNT(*) AS tp_count FROM `omronvote_vote` WHERE ( `fid`=15 ) LIMIT 1   [ RunTime:0.0002s ]
SQL: SELECT `id` FROM `omronvote_vote` WHERE ( `openid`='0CB111019' and `deviceid`='8fdb7915f46d8c7205eedd00ac8ea275' and `fid`=16 ) LIMIT 1   [ RunTime:0.0002s ]
SQL: SELECT COUNT(*) AS tp_count FROM `omronvote_vote` WHERE ( `fid`=16 ) LIMIT 1   [ RunTime:0.0002s ]
SQL: SELECT `id` FROM `omronvote_vote` WHERE ( `openid`='0CB111019' and `deviceid`='8fdb7915f46d8c7205eedd00ac8ea275' and `fid`=17 ) LIMIT 1   [ RunTime:0.0002s ]
SQL: SELECT COUNT(*) AS tp_count FROM `omronvote_vote` WHERE ( `fid`=17 ) LIMIT 1   [ RunTime:0.0002s ]
SQL: SELECT `id` FROM `omronvote_vote` WHERE ( `openid`='0CB111019' and `deviceid`='8fdb7915f46d8c7205eedd00ac8ea275' and `fid`=18 ) LIMIT 1   [ RunTime:0.0002s ]
SQL: SELECT COUNT(*) AS tp_count FROM `omronvote_vote` WHERE ( `fid`=18 ) LIMIT 1   [ RunTime:0.0002s ]
SQL: SELECT `id` FROM `omronvote_vote` WHERE ( `openid`='0CB111019' and `deviceid`='8fdb7915f46d8c7205eedd00ac8ea275' and `fid`=19 ) LIMIT 1   [ RunTime:0.0003s ]
SQL: SELECT COUNT(*) AS tp_count FROM `omronvote_vote` WHERE ( `fid`=19 ) LIMIT 1   [ RunTime:0.0002s ]
SQL: SELECT `id` FROM `omronvote_vote` WHERE ( `openid`='0CB111019' and `deviceid`='8fdb7915f46d8c7205eedd00ac8ea275' and `fid`=20 ) LIMIT 1   [ RunTime:0.0002s ]
SQL: SELECT COUNT(*) AS tp_count FROM `omronvote_vote` WHERE ( `fid`=20 ) LIMIT 1   [ RunTime:0.0002s ]
SQL: SELECT `id` FROM `omronvote_vote` WHERE ( `openid`='0CB111019' and `deviceid`='8fdb7915f46d8c7205eedd00ac8ea275' and `fid`=21 ) LIMIT 1   [ RunTime:0.0003s ]
SQL: SELECT COUNT(*) AS tp_count FROM `omronvote_vote` WHERE ( `fid`=21 ) LIMIT 1   [ RunTime:0.0002s ]
SQL: SELECT `id` FROM `omronvote_vote` WHERE ( `openid`='0CB111019' and `deviceid`='8fdb7915f46d8c7205eedd00ac8ea275' and `fid`=22 ) LIMIT 1   [ RunTime:0.0003s ]
SQL: SELECT COUNT(*) AS tp_count FROM `omronvote_vote` WHERE ( `fid`=22 ) LIMIT 1   [ RunTime:0.0002s ]
SQL: SELECT `id` FROM `omronvote_vote` WHERE ( `openid`='0CB111019' and `deviceid`='8fdb7915f46d8c7205eedd00ac8ea275' and `fid`=23 ) LIMIT 1   [ RunTime:0.0003s ]
SQL: SELECT COUNT(*) AS tp_count FROM `omronvote_vote` WHERE ( `fid`=23 ) LIMIT 1   [ RunTime:0.0002s ]
SQL: SELECT `id` FROM `omronvote_vote` WHERE ( `openid`='0CB111019' and `deviceid`='8fdb7915f46d8c7205eedd00ac8ea275' and `fid`=24 ) LIMIT 1   [ RunTime:0.0002s ]
SQL: SELECT COUNT(*) AS tp_count FROM `omronvote_vote` WHERE ( `fid`=24 ) LIMIT 1   [ RunTime:0.0002s ]
SQL: SELECT `id` FROM `omronvote_vote` WHERE ( `openid`='0CB111019' and `deviceid`='8fdb7915f46d8c7205eedd00ac8ea275' and `fid`=25 ) LIMIT 1   [ RunTime:0.0002s ]
SQL: SELECT COUNT(*) AS tp_count FROM `omronvote_vote` WHERE ( `fid`=25 ) LIMIT 1   [ RunTime:0.0002s ]
SQL: SELECT `id` FROM `omronvote_vote` WHERE ( `openid`='0CB111019' and `deviceid`='8fdb7915f46d8c7205eedd00ac8ea275' and `fid`=26 ) LIMIT 1   [ RunTime:0.0002s ]
SQL: SELECT COUNT(*) AS tp_count FROM `omronvote_vote` WHERE ( `fid`=26 ) LIMIT 1   [ RunTime:0.0002s ]
SQL: SELECT `id` FROM `omronvote_vote` WHERE ( `openid`='0CB111019' and `deviceid`='8fdb7915f46d8c7205eedd00ac8ea275' and `fid`=27 ) LIMIT 1   [ RunTime:0.0002s ]
SQL: SELECT COUNT(*) AS tp_count FROM `omronvote_vote` WHERE ( `fid`=27 ) LIMIT 1   [ RunTime:0.0002s ]
SQL: SELECT `id` FROM `omronvote_vote` WHERE ( `openid`='0CB111019' and `deviceid`='8fdb7915f46d8c7205eedd00ac8ea275' and `fid`=28 ) LIMIT 1   [ RunTime:0.0002s ]
SQL: SELECT COUNT(*) AS tp_count FROM `omronvote_vote` WHERE ( `fid`=28 ) LIMIT 1   [ RunTime:0.0002s ]
SQL: SELECT `id` FROM `omronvote_vote` WHERE ( `openid`='0CB111019' and `deviceid`='8fdb7915f46d8c7205eedd00ac8ea275' and `fid`=29 ) LIMIT 1   [ RunTime:0.0002s ]
SQL: SELECT COUNT(*) AS tp_count FROM `omronvote_vote` WHERE ( `fid`=29 ) LIMIT 1   [ RunTime:0.0002s ]
SQL: SELECT `id` FROM `omronvote_vote` WHERE ( `openid`='0CB111019' and `deviceid`='8fdb7915f46d8c7205eedd00ac8ea275' and `fid`=30 ) LIMIT 1   [ RunTime:0.0003s ]
SQL: SELECT COUNT(*) AS tp_count FROM `omronvote_vote` WHERE ( `fid`=30 ) LIMIT 1   [ RunTime:0.0002s ]
SQL: SELECT `id` FROM `omronvote_vote` WHERE ( `openid`='0CB111019' and `deviceid`='8fdb7915f46d8c7205eedd00ac8ea275' and `fid`=31 ) LIMIT 1   [ RunTime:0.0003s ]
SQL: SELECT COUNT(*) AS tp_count FROM `omronvote_vote` WHERE ( `fid`=31 ) LIMIT 1   [ RunTime:0.0002s ]
SQL: SELECT `id` FROM `omronvote_vote` WHERE ( `openid`='0CB111019' and `deviceid`='8fdb7915f46d8c7205eedd00ac8ea275' and `fid`=32 ) LIMIT 1   [ RunTime:0.0002s ]
SQL: SELECT COUNT(*) AS tp_count FROM `omronvote_vote` WHERE ( `fid`=32 ) LIMIT 1   [ RunTime:0.0002s ]
SQL: SELECT `id` FROM `omronvote_vote` WHERE ( `openid`='0CB111019' and `deviceid`='8fdb7915f46d8c7205eedd00ac8ea275' and `fid`=33 ) LIMIT 1   [ RunTime:0.0002s ]
SQL: SELECT COUNT(*) AS tp_count FROM `omronvote_vote` WHERE ( `fid`=33 ) LIMIT 1   [ RunTime:0.0002s ]
SQL: SELECT `id` FROM `omronvote_vote` WHERE ( `openid`='0CB111019' and `deviceid`='8fdb7915f46d8c7205eedd00ac8ea275' and `fid`=34 ) LIMIT 1   [ RunTime:0.0003s ]
SQL: SELECT COUNT(*) AS tp_count FROM `omronvote_vote` WHERE ( `fid`=34 ) LIMIT 1   [ RunTime:0.0002s ]
SQL: SELECT `id` FROM `omronvote_vote` WHERE ( `openid`='0CB111019' and `deviceid`='8fdb7915f46d8c7205eedd00ac8ea275' and `fid`=35 ) LIMIT 1   [ RunTime:0.0002s ]
SQL: SELECT COUNT(*) AS tp_count FROM `omronvote_vote` WHERE ( `fid`=35 ) LIMIT 1   [ RunTime:0.0002s ]
SQL: SELECT `id` FROM `omronvote_vote` WHERE ( `openid`='0CB111019' and `deviceid`='8fdb7915f46d8c7205eedd00ac8ea275' and `fid`=36 ) LIMIT 1   [ RunTime:0.0002s ]
SQL: SELECT COUNT(*) AS tp_count FROM `omronvote_vote` WHERE ( `fid`=36 ) LIMIT 1   [ RunTime:0.0003s ]
SQL: SELECT `id` FROM `omronvote_vote` WHERE ( `openid`='0CB111019' and `deviceid`='8fdb7915f46d8c7205eedd00ac8ea275' and `fid`=37 ) LIMIT 1   [ RunTime:0.0002s ]
SQL: SELECT COUNT(*) AS tp_count FROM `omronvote_vote` WHERE ( `fid`=37 ) LIMIT 1   [ RunTime:0.0003s ]
SQL: SELECT `id` FROM `omronvote_vote` WHERE ( `openid`='0CB111019' and `deviceid`='8fdb7915f46d8c7205eedd00ac8ea275' and `fid`=38 ) LIMIT 1   [ RunTime:0.0002s ]
SQL: SELECT COUNT(*) AS tp_count FROM `omronvote_vote` WHERE ( `fid`=38 ) LIMIT 1   [ RunTime:0.0003s ]
SQL: SELECT `id` FROM `omronvote_vote` WHERE ( `openid`='0CB111019' and `deviceid`='8fdb7915f46d8c7205eedd00ac8ea275' and `fid`=39 ) LIMIT 1   [ RunTime:0.0002s ]
SQL: SELECT COUNT(*) AS tp_count FROM `omronvote_vote` WHERE ( `fid`=39 ) LIMIT 1   [ RunTime:0.0002s ]
SQL: SELECT `id` FROM `omronvote_vote` WHERE ( `openid`='0CB111019' and `deviceid`='8fdb7915f46d8c7205eedd00ac8ea275' and `fid`=40 ) LIMIT 1   [ RunTime:0.0003s ]
SQL: SELECT COUNT(*) AS tp_count FROM `omronvote_vote` WHERE ( `fid`=40 ) LIMIT 1   [ RunTime:0.0002s ]
SQL: SELECT `id` FROM `omronvote_vote` WHERE ( `openid`='0CB111019' and `deviceid`='8fdb7915f46d8c7205eedd00ac8ea275' and `fid`=41 ) LIMIT 1   [ RunTime:0.0002s ]
SQL: SELECT COUNT(*) AS tp_count FROM `omronvote_vote` WHERE ( `fid`=41 ) LIMIT 1   [ RunTime:0.0002s ]
INFO: [ view_parse ] --START--
INFO: [ template_filter ] --START--
INFO: Run Behavior\ContentReplaceBehavior [ RunTime:0.000145s ]
INFO: [ template_filter ] --END-- [ RunTime:0.000251s ]
INFO: Run Behavior\ParseTemplateBehavior [ RunTime:0.024371s ]
INFO: [ view_parse ] --END-- [ RunTime:0.024437s ]
INFO: [ view_filter ] --START--
INFO: Run Behavior\WriteHtmlCacheBehavior [ RunTime:0.000137s ]
INFO: [ view_filter ] --END-- [ RunTime:0.000189s ]
INFO: [ app_end ] --START--
INFO: Run Behavior\ShowPageTraceBehavior [ RunTime:0.000690s ]
INFO: [ app_end ] --END-- [ RunTime:0.000840s ]

[ 2016-01-10T19:29:37+08:00 ] 101.44.54.99 /admin/Home/omron/vote?code=3926bc9bc332f83b029b11f679602b85&state=STATE
INFO: [ app_init ] --START--
INFO: Run Behavior\BuildLiteBehavior [ RunTime:0.000014s ]
INFO: [ app_init ] --END-- [ RunTime:0.000345s ]
INFO: [ app_begin ] --START--
INFO: Run Behavior\ReadHtmlCacheBehavior [ RunTime:0.000424s ]
INFO: [ app_begin ] --END-- [ RunTime:0.000508s ]
SQL: SHOW COLUMNS FROM `omronvote` [ RunTime:0.0009s ]
SQL: SELECT `access_token`,`endtime` FROM `omronvote` WHERE ( `id`=12 ) LIMIT 1   [ RunTime:0.0003s ]
SQL: SELECT `id` FROM `omronvote` WHERE ( `id`=14 ) LIMIT 1   [ RunTime:0.0004s ]
SQL: UPDATE `omronvote` SET `access_token`='QkrMQRFXntCYYORMtUCiEaoWiONjUCPHEiIVkmmcMI48rm_ReiLsrbMB6emKWjad60Y6BlWVJS9iAWT4TEocKw',`endtime`='1452432576' WHERE ( `id`=14 ) [ RunTime:0.0003s ]
SQL: SELECT `id` FROM `omronvote` WHERE ( `id`=14 ) LIMIT 1   [ RunTime:0.0004s ]
SQL: UPDATE `omronvote` SET `access_token`='QkrMQRFXntCYYORMtUCiEaoWiONjUCPHEiIVkmmcMI48rm_ReiLsrbMB6emKWjad60Y6BlWVJS9iAWT4TEocKw',`endtime`='1452432576' WHERE ( `id`=14 ) [ RunTime:0.0003s ]
NOTIC: [8] Undefined index: UserID /home/wwwroot/admin/Application/Home/Controller/OmronController.class.php 第 22 行.
SQL: SHOW COLUMNS FROM `omronvote_poll` [ RunTime:0.0009s ]
SQL: SELECT `id` FROM `omronvote_poll` WHERE ( `userid`='0CB111019' and `deviceid`='8fdb7915f46d8c7205eedd00ac8ea275' ) LIMIT 1   [ RunTime:0.0003s ]
SQL: SHOW COLUMNS FROM `omronvote_vote` [ RunTime:0.0006s ]
SQL: SELECT `id` FROM `omronvote_vote` WHERE ( `openid`='0CB111019' and `deviceid`='8fdb7915f46d8c7205eedd00ac8ea275' and `fid`=1 ) LIMIT 1   [ RunTime:0.0003s ]
SQL: SELECT COUNT(*) AS tp_count FROM `omronvote_vote` WHERE ( `fid`=1 ) LIMIT 1   [ RunTime:0.0003s ]
SQL: SELECT `id` FROM `omronvote_vote` WHERE ( `openid`='0CB111019' and `deviceid`='8fdb7915f46d8c7205eedd00ac8ea275' and `fid`=2 ) LIMIT 1   [ RunTime:0.0003s ]
SQL: SELECT COUNT(*) AS tp_count FROM `omronvote_vote` WHERE ( `fid`=2 ) LIMIT 1   [ RunTime:0.0003s ]
SQL: SELECT `id` FROM `omronvote_vote` WHERE ( `openid`='0CB111019' and `deviceid`='8fdb7915f46d8c7205eedd00ac8ea275' and `fid`=3 ) LIMIT 1   [ RunTime:0.0003s ]
SQL: SELECT COUNT(*) AS tp_count FROM `omronvote_vote` WHERE ( `fid`=3 ) LIMIT 1   [ RunTime:0.0002s ]
SQL: SELECT `id` FROM `omronvote_vote` WHERE ( `openid`='0CB111019' and `deviceid`='8fdb7915f46d8c7205eedd00ac8ea275' and `fid`=4 ) LIMIT 1   [ RunTime:0.0003s ]
SQL: SELECT COUNT(*) AS tp_count FROM `omronvote_vote` WHERE ( `fid`=4 ) LIMIT 1   [ RunTime:0.0002s ]
SQL: SELECT `id` FROM `omronvote_vote` WHERE ( `openid`='0CB111019' and `deviceid`='8fdb7915f46d8c7205eedd00ac8ea275' and `fid`=5 ) LIMIT 1   [ RunTime:0.0003s ]
SQL: SELECT COUNT(*) AS tp_count FROM `omronvote_vote` WHERE ( `fid`=5 ) LIMIT 1   [ RunTime:0.0002s ]
SQL: SELECT `id` FROM `omronvote_vote` WHERE ( `openid`='0CB111019' and `deviceid`='8fdb7915f46d8c7205eedd00ac8ea275' and `fid`=6 ) LIMIT 1   [ RunTime:0.0003s ]
SQL: SELECT COUNT(*) AS tp_count FROM `omronvote_vote` WHERE ( `fid`=6 ) LIMIT 1   [ RunTime:0.0002s ]
SQL: SELECT `id` FROM `omronvote_vote` WHERE ( `openid`='0CB111019' and `deviceid`='8fdb7915f46d8c7205eedd00ac8ea275' and `fid`=7 ) LIMIT 1   [ RunTime:0.0003s ]
SQL: SELECT COUNT(*) AS tp_count FROM `omronvote_vote` WHERE ( `fid`=7 ) LIMIT 1   [ RunTime:0.0002s ]
SQL: SELECT `id` FROM `omronvote_vote` WHERE ( `openid`='0CB111019' and `deviceid`='8fdb7915f46d8c7205eedd00ac8ea275' and `fid`=8 ) LIMIT 1   [ RunTime:0.0003s ]
SQL: SELECT COUNT(*) AS tp_count FROM `omronvote_vote` WHERE ( `fid`=8 ) LIMIT 1   [ RunTime:0.0002s ]
SQL: SELECT `id` FROM `omronvote_vote` WHERE ( `openid`='0CB111019' and `deviceid`='8fdb7915f46d8c7205eedd00ac8ea275' and `fid`=9 ) LIMIT 1   [ RunTime:0.0003s ]
SQL: SELECT COUNT(*) AS tp_count FROM `omronvote_vote` WHERE ( `fid`=9 ) LIMIT 1   [ RunTime:0.0003s ]
SQL: SELECT `id` FROM `omronvote_vote` WHERE ( `openid`='0CB111019' and `deviceid`='8fdb7915f46d8c7205eedd00ac8ea275' and `fid`=10 ) LIMIT 1   [ RunTime:0.0003s ]
SQL: SELECT COUNT(*) AS tp_count FROM `omronvote_vote` WHERE ( `fid`=10 ) LIMIT 1   [ RunTime:0.0003s ]
SQL: SELECT `id` FROM `omronvote_vote` WHERE ( `openid`='0CB111019' and `deviceid`='8fdb7915f46d8c7205eedd00ac8ea275' and `fid`=11 ) LIMIT 1   [ RunTime:0.0003s ]
SQL: SELECT COUNT(*) AS tp_count FROM `omronvote_vote` WHERE ( `fid`=11 ) LIMIT 1   [ RunTime:0.0002s ]
SQL: SELECT `id` FROM `omronvote_vote` WHERE ( `openid`='0CB111019' and `deviceid`='8fdb7915f46d8c7205eedd00ac8ea275' and `fid`=12 ) LIMIT 1   [ RunTime:0.0003s ]
SQL: SELECT COUNT(*) AS tp_count FROM `omronvote_vote` WHERE ( `fid`=12 ) LIMIT 1   [ RunTime:0.0002s ]
SQL: SELECT `id` FROM `omronvote_vote` WHERE ( `openid`='0CB111019' and `deviceid`='8fdb7915f46d8c7205eedd00ac8ea275' and `fid`=13 ) LIMIT 1   [ RunTime:0.0003s ]
SQL: SELECT COUNT(*) AS tp_count FROM `omronvote_vote` WHERE ( `fid`=13 ) LIMIT 1   [ RunTime:0.0002s ]
SQL: SELECT `id` FROM `omronvote_vote` WHERE ( `openid`='0CB111019' and `deviceid`='8fdb7915f46d8c7205eedd00ac8ea275' and `fid`=14 ) LIMIT 1   [ RunTime:0.0003s ]
SQL: SELECT COUNT(*) AS tp_count FROM `omronvote_vote` WHERE ( `fid`=14 ) LIMIT 1   [ RunTime:0.0002s ]
SQL: SELECT `id` FROM `omronvote_vote` WHERE ( `openid`='0CB111019' and `deviceid`='8fdb7915f46d8c7205eedd00ac8ea275' and `fid`=15 ) LIMIT 1   [ RunTime:0.0003s ]
SQL: SELECT COUNT(*) AS tp_count FROM `omronvote_vote` WHERE ( `fid`=15 ) LIMIT 1   [ RunTime:0.0002s ]
SQL: SELECT `id` FROM `omronvote_vote` WHERE ( `openid`='0CB111019' and `deviceid`='8fdb7915f46d8c7205eedd00ac8ea275' and `fid`=16 ) LIMIT 1   [ RunTime:0.0003s ]
SQL: SELECT COUNT(*) AS tp_count FROM `omronvote_vote` WHERE ( `fid`=16 ) LIMIT 1   [ RunTime:0.0002s ]
SQL: SELECT `id` FROM `omronvote_vote` WHERE ( `openid`='0CB111019' and `deviceid`='8fdb7915f46d8c7205eedd00ac8ea275' and `fid`=17 ) LIMIT 1   [ RunTime:0.0002s ]
SQL: SELECT COUNT(*) AS tp_count FROM `omronvote_vote` WHERE ( `fid`=17 ) LIMIT 1   [ RunTime:0.0002s ]
SQL: SELECT `id` FROM `omronvote_vote` WHERE ( `openid`='0CB111019' and `deviceid`='8fdb7915f46d8c7205eedd00ac8ea275' and `fid`=18 ) LIMIT 1   [ RunTime:0.0002s ]
SQL: SELECT COUNT(*) AS tp_count FROM `omronvote_vote` WHERE ( `fid`=18 ) LIMIT 1   [ RunTime:0.0002s ]
SQL: SELECT `id` FROM `omronvote_vote` WHERE ( `openid`='0CB111019' and `deviceid`='8fdb7915f46d8c7205eedd00ac8ea275' and `fid`=19 ) LIMIT 1   [ RunTime:0.0002s ]
SQL: SELECT COUNT(*) AS tp_count FROM `omronvote_vote` WHERE ( `fid`=19 ) LIMIT 1   [ RunTime:0.0002s ]
SQL: SELECT `id` FROM `omronvote_vote` WHERE ( `openid`='0CB111019' and `deviceid`='8fdb7915f46d8c7205eedd00ac8ea275' and `fid`=20 ) LIMIT 1   [ RunTime:0.0002s ]
SQL: SELECT COUNT(*) AS tp_count FROM `omronvote_vote` WHERE ( `fid`=20 ) LIMIT 1   [ RunTime:0.0003s ]
SQL: SELECT `id` FROM `omronvote_vote` WHERE ( `openid`='0CB111019' and `deviceid`='8fdb7915f46d8c7205eedd00ac8ea275' and `fid`=21 ) LIMIT 1   [ RunTime:0.0002s ]
SQL: SELECT COUNT(*) AS tp_count FROM `omronvote_vote` WHERE ( `fid`=21 ) LIMIT 1   [ RunTime:0.0003s ]
SQL: SELECT `id` FROM `omronvote_vote` WHERE ( `openid`='0CB111019' and `deviceid`='8fdb7915f46d8c7205eedd00ac8ea275' and `fid`=22 ) LIMIT 1   [ RunTime:0.0002s ]
SQL: SELECT COUNT(*) AS tp_count FROM `omronvote_vote` WHERE ( `fid`=22 ) LIMIT 1   [ RunTime:0.0003s ]
SQL: SELECT `id` FROM `omronvote_vote` WHERE ( `openid`='0CB111019' and `deviceid`='8fdb7915f46d8c7205eedd00ac8ea275' and `fid`=23 ) LIMIT 1   [ RunTime:0.0003s ]
SQL: SELECT COUNT(*) AS tp_count FROM `omronvote_vote` WHERE ( `fid`=23 ) LIMIT 1   [ RunTime:0.0002s ]
SQL: SELECT `id` FROM `omronvote_vote` WHERE ( `openid`='0CB111019' and `deviceid`='8fdb7915f46d8c7205eedd00ac8ea275' and `fid`=24 ) LIMIT 1   [ RunTime:0.0002s ]
SQL: SELECT COUNT(*) AS tp_count FROM `omronvote_vote` WHERE ( `fid`=24 ) LIMIT 1   [ RunTime:0.0002s ]
SQL: SELECT `id` FROM `omronvote_vote` WHERE ( `openid`='0CB111019' and `deviceid`='8fdb7915f46d8c7205eedd00ac8ea275' and `fid`=25 ) LIMIT 1   [ RunTime:0.0003s ]
SQL: SELECT COUNT(*) AS tp_count FROM `omronvote_vote` WHERE ( `fid`=25 ) LIMIT 1   [ RunTime:0.0003s ]
SQL: SELECT `id` FROM `omronvote_vote` WHERE ( `openid`='0CB111019' and `deviceid`='8fdb7915f46d8c7205eedd00ac8ea275' and `fid`=26 ) LIMIT 1   [ RunTime:0.0003s ]
SQL: SELECT COUNT(*) AS tp_count FROM `omronvote_vote` WHERE ( `fid`=26 ) LIMIT 1   [ RunTime:0.0002s ]
SQL: SELECT `id` FROM `omronvote_vote` WHERE ( `openid`='0CB111019' and `deviceid`='8fdb7915f46d8c7205eedd00ac8ea275' and `fid`=27 ) LIMIT 1   [ RunTime:0.0003s ]
SQL: SELECT COUNT(*) AS tp_count FROM `omronvote_vote` WHERE ( `fid`=27 ) LIMIT 1   [ RunTime:0.0002s ]
SQL: SELECT `id` FROM `omronvote_vote` WHERE ( `openid`='0CB111019' and `deviceid`='8fdb7915f46d8c7205eedd00ac8ea275' and `fid`=28 ) LIMIT 1   [ RunTime:0.0003s ]
SQL: SELECT COUNT(*) AS tp_count FROM `omronvote_vote` WHERE ( `fid`=28 ) LIMIT 1   [ RunTime:0.0003s ]
SQL: SELECT `id` FROM `omronvote_vote` WHERE ( `openid`='0CB111019' and `deviceid`='8fdb7915f46d8c7205eedd00ac8ea275' and `fid`=29 ) LIMIT 1   [ RunTime:0.0003s ]
SQL: SELECT COUNT(*) AS tp_count FROM `omronvote_vote` WHERE ( `fid`=29 ) LIMIT 1   [ RunTime:0.0002s ]
SQL: SELECT `id` FROM `omronvote_vote` WHERE ( `openid`='0CB111019' and `deviceid`='8fdb7915f46d8c7205eedd00ac8ea275' and `fid`=30 ) LIMIT 1   [ RunTime:0.0002s ]
SQL: SELECT COUNT(*) AS tp_count FROM `omronvote_vote` WHERE ( `fid`=30 ) LIMIT 1   [ RunTime:0.0002s ]
SQL: SELECT `id` FROM `omronvote_vote` WHERE ( `openid`='0CB111019' and `deviceid`='8fdb7915f46d8c7205eedd00ac8ea275' and `fid`=31 ) LIMIT 1   [ RunTime:0.0002s ]
SQL: SELECT COUNT(*) AS tp_count FROM `omronvote_vote` WHERE ( `fid`=31 ) LIMIT 1   [ RunTime:0.0002s ]
SQL: SELECT `id` FROM `omronvote_vote` WHERE ( `openid`='0CB111019' and `deviceid`='8fdb7915f46d8c7205eedd00ac8ea275' and `fid`=32 ) LIMIT 1   [ RunTime:0.0002s ]
SQL: SELECT COUNT(*) AS tp_count FROM `omronvote_vote` WHERE ( `fid`=32 ) LIMIT 1   [ RunTime:0.0002s ]
SQL: SELECT `id` FROM `omronvote_vote` WHERE ( `openid`='0CB111019' and `deviceid`='8fdb7915f46d8c7205eedd00ac8ea275' and `fid`=33 ) LIMIT 1   [ RunTime:0.0002s ]
SQL: SELECT COUNT(*) AS tp_count FROM `omronvote_vote` WHERE ( `fid`=33 ) LIMIT 1   [ RunTime:0.0003s ]
SQL: SELECT `id` FROM `omronvote_vote` WHERE ( `openid`='0CB111019' and `deviceid`='8fdb7915f46d8c7205eedd00ac8ea275' and `fid`=34 ) LIMIT 1   [ RunTime:0.0003s ]
SQL: SELECT COUNT(*) AS tp_count FROM `omronvote_vote` WHERE ( `fid`=34 ) LIMIT 1   [ RunTime:0.0003s ]
SQL: SELECT `id` FROM `omronvote_vote` WHERE ( `openid`='0CB111019' and `deviceid`='8fdb7915f46d8c7205eedd00ac8ea275' and `fid`=35 ) LIMIT 1   [ RunTime:0.0003s ]
SQL: SELECT COUNT(*) AS tp_count FROM `omronvote_vote` WHERE ( `fid`=35 ) LIMIT 1   [ RunTime:0.0002s ]
SQL: SELECT `id` FROM `omronvote_vote` WHERE ( `openid`='0CB111019' and `deviceid`='8fdb7915f46d8c7205eedd00ac8ea275' and `fid`=36 ) LIMIT 1   [ RunTime:0.0002s ]
SQL: SELECT COUNT(*) AS tp_count FROM `omronvote_vote` WHERE ( `fid`=36 ) LIMIT 1   [ RunTime:0.0002s ]
SQL: SELECT `id` FROM `omronvote_vote` WHERE ( `openid`='0CB111019' and `deviceid`='8fdb7915f46d8c7205eedd00ac8ea275' and `fid`=37 ) LIMIT 1   [ RunTime:0.0003s ]
SQL: SELECT COUNT(*) AS tp_count FROM `omronvote_vote` WHERE ( `fid`=37 ) LIMIT 1   [ RunTime:0.0002s ]
SQL: SELECT `id` FROM `omronvote_vote` WHERE ( `openid`='0CB111019' and `deviceid`='8fdb7915f46d8c7205eedd00ac8ea275' and `fid`=38 ) LIMIT 1   [ RunTime:0.0003s ]
SQL: SELECT COUNT(*) AS tp_count FROM `omronvote_vote` WHERE ( `fid`=38 ) LIMIT 1   [ RunTime:0.0002s ]
SQL: SELECT `id` FROM `omronvote_vote` WHERE ( `openid`='0CB111019' and `deviceid`='8fdb7915f46d8c7205eedd00ac8ea275' and `fid`=39 ) LIMIT 1   [ RunTime:0.0003s ]
SQL: SELECT COUNT(*) AS tp_count FROM `omronvote_vote` WHERE ( `fid`=39 ) LIMIT 1   [ RunTime:0.0002s ]
SQL: SELECT `id` FROM `omronvote_vote` WHERE ( `openid`='0CB111019' and `deviceid`='8fdb7915f46d8c7205eedd00ac8ea275' and `fid`=40 ) LIMIT 1   [ RunTime:0.0002s ]
SQL: SELECT COUNT(*) AS tp_count FROM `omronvote_vote` WHERE ( `fid`=40 ) LIMIT 1   [ RunTime:0.0002s ]
SQL: SELECT `id` FROM `omronvote_vote` WHERE ( `openid`='0CB111019' and `deviceid`='8fdb7915f46d8c7205eedd00ac8ea275' and `fid`=41 ) LIMIT 1   [ RunTime:0.0002s ]
SQL: SELECT COUNT(*) AS tp_count FROM `omronvote_vote` WHERE ( `fid`=41 ) LIMIT 1   [ RunTime:0.0002s ]
INFO: [ view_parse ] --START--
INFO: [ template_filter ] --START--
INFO: Run Behavior\ContentReplaceBehavior [ RunTime:0.000141s ]
INFO: [ template_filter ] --END-- [ RunTime:0.000211s ]
INFO: Run Behavior\ParseTemplateBehavior [ RunTime:0.022741s ]
INFO: [ view_parse ] --END-- [ RunTime:0.022804s ]
INFO: [ view_filter ] --START--
INFO: Run Behavior\WriteHtmlCacheBehavior [ RunTime:0.000123s ]
INFO: [ view_filter ] --END-- [ RunTime:0.000175s ]
INFO: [ app_end ] --START--
INFO: Run Behavior\ShowPageTraceBehavior [ RunTime:0.000544s ]
INFO: [ app_end ] --END-- [ RunTime:0.000689s ]

[ 2016-01-10T19:29:44+08:00 ] 101.44.54.99 /admin/home/omron/index
INFO: [ app_init ] --START--
INFO: Run Behavior\BuildLiteBehavior [ RunTime:0.000016s ]
INFO: [ app_init ] --END-- [ RunTime:0.000275s ]
INFO: [ app_begin ] --START--
INFO: Run Behavior\ReadHtmlCacheBehavior [ RunTime:0.000354s ]
INFO: [ app_begin ] --END-- [ RunTime:0.000411s ]
SQL: SHOW COLUMNS FROM `omronvote` [ RunTime:0.0008s ]
SQL: SELECT `access_token`,`endtime` FROM `omronvote` WHERE ( `id`=12 ) LIMIT 1   [ RunTime:0.0003s ]
SQL: SELECT `id` FROM `omronvote` WHERE ( `id`=14 ) LIMIT 1   [ RunTime:0.0004s ]
SQL: UPDATE `omronvote` SET `access_token`='QkrMQRFXntCYYORMtUCiEaoWiONjUCPHEiIVkmmcMI48rm_ReiLsrbMB6emKWjad60Y6BlWVJS9iAWT4TEocKw',`endtime`='1452432584' WHERE ( `id`=14 ) [ RunTime:0.0003s ]
INFO: [ view_parse ] --START--
INFO: [ template_filter ] --START--
INFO: Run Behavior\ContentReplaceBehavior [ RunTime:0.000043s ]
INFO: [ template_filter ] --END-- [ RunTime:0.000107s ]
INFO: Run Behavior\ParseTemplateBehavior [ RunTime:0.004383s ]
INFO: [ view_parse ] --END-- [ RunTime:0.004447s ]
INFO: [ view_filter ] --START--
INFO: Run Behavior\WriteHtmlCacheBehavior [ RunTime:0.000112s ]
INFO: [ view_filter ] --END-- [ RunTime:0.000159s ]
INFO: [ app_end ] --START--
INFO: Run Behavior\ShowPageTraceBehavior [ RunTime:0.000399s ]
INFO: [ app_end ] --END-- [ RunTime:0.000456s ]

[ 2016-01-10T19:29:45+08:00 ] 101.44.54.99 /admin/Home/omron/vote?code=9aa40243a7842a4b96f8956841e6bbf1&state=STATE
INFO: [ app_init ] --START--
INFO: Run Behavior\BuildLiteBehavior [ RunTime:0.000030s ]
INFO: [ app_init ] --END-- [ RunTime:0.000516s ]
INFO: [ app_begin ] --START--
INFO: Run Behavior\ReadHtmlCacheBehavior [ RunTime:0.000507s ]
INFO: [ app_begin ] --END-- [ RunTime:0.000571s ]
SQL: SHOW COLUMNS FROM `omronvote` [ RunTime:0.0009s ]
SQL: SELECT `access_token`,`endtime` FROM `omronvote` WHERE ( `id`=12 ) LIMIT 1   [ RunTime:0.0003s ]
SQL: SELECT `id` FROM `omronvote` WHERE ( `id`=14 ) LIMIT 1   [ RunTime:0.0004s ]
SQL: UPDATE `omronvote` SET `access_token`='QkrMQRFXntCYYORMtUCiEaoWiONjUCPHEiIVkmmcMI48rm_ReiLsrbMB6emKWjad60Y6BlWVJS9iAWT4TEocKw',`endtime`='1452432585' WHERE ( `id`=14 ) [ RunTime:0.0003s ]
SQL: SELECT `id` FROM `omronvote` WHERE ( `id`=14 ) LIMIT 1   [ RunTime:0.0004s ]
SQL: UPDATE `omronvote` SET `access_token`='QkrMQRFXntCYYORMtUCiEaoWiONjUCPHEiIVkmmcMI48rm_ReiLsrbMB6emKWjad60Y6BlWVJS9iAWT4TEocKw',`endtime`='1452432585' WHERE ( `id`=14 ) [ RunTime:0.0003s ]
NOTIC: [8] Undefined index: UserID /home/wwwroot/admin/Application/Home/Controller/OmronController.class.php 第 22 行.
SQL: SHOW COLUMNS FROM `omronvote_poll` [ RunTime:0.0009s ]
SQL: SELECT `id` FROM `omronvote_poll` WHERE ( `userid`='0CB111019' and `deviceid`='8fdb7915f46d8c7205eedd00ac8ea275' ) LIMIT 1   [ RunTime:0.0003s ]
SQL: SHOW COLUMNS FROM `omronvote_vote` [ RunTime:0.0006s ]
SQL: SELECT `id` FROM `omronvote_vote` WHERE ( `openid`='0CB111019' and `deviceid`='8fdb7915f46d8c7205eedd00ac8ea275' and `fid`=1 ) LIMIT 1   [ RunTime:0.0003s ]
SQL: SELECT COUNT(*) AS tp_count FROM `omronvote_vote` WHERE ( `fid`=1 ) LIMIT 1   [ RunTime:0.0003s ]
SQL: SELECT `id` FROM `omronvote_vote` WHERE ( `openid`='0CB111019' and `deviceid`='8fdb7915f46d8c7205eedd00ac8ea275' and `fid`=2 ) LIMIT 1   [ RunTime:0.0003s ]
SQL: SELECT COUNT(*) AS tp_count FROM `omronvote_vote` WHERE ( `fid`=2 ) LIMIT 1   [ RunTime:0.0003s ]
SQL: SELECT `id` FROM `omronvote_vote` WHERE ( `openid`='0CB111019' and `deviceid`='8fdb7915f46d8c7205eedd00ac8ea275' and `fid`=3 ) LIMIT 1   [ RunTime:0.0003s ]
SQL: SELECT COUNT(*) AS tp_count FROM `omronvote_vote` WHERE ( `fid`=3 ) LIMIT 1   [ RunTime:0.0002s ]
SQL: SELECT `id` FROM `omronvote_vote` WHERE ( `openid`='0CB111019' and `deviceid`='8fdb7915f46d8c7205eedd00ac8ea275' and `fid`=4 ) LIMIT 1   [ RunTime:0.0003s ]
SQL: SELECT COUNT(*) AS tp_count FROM `omronvote_vote` WHERE ( `fid`=4 ) LIMIT 1   [ RunTime:0.0003s ]
SQL: SELECT `id` FROM `omronvote_vote` WHERE ( `openid`='0CB111019' and `deviceid`='8fdb7915f46d8c7205eedd00ac8ea275' and `fid`=5 ) LIMIT 1   [ RunTime:0.0003s ]
SQL: SELECT COUNT(*) AS tp_count FROM `omronvote_vote` WHERE ( `fid`=5 ) LIMIT 1   [ RunTime:0.0002s ]
SQL: SELECT `id` FROM `omronvote_vote` WHERE ( `openid`='0CB111019' and `deviceid`='8fdb7915f46d8c7205eedd00ac8ea275' and `fid`=6 ) LIMIT 1   [ RunTime:0.0003s ]
SQL: SELECT COUNT(*) AS tp_count FROM `omronvote_vote` WHERE ( `fid`=6 ) LIMIT 1   [ RunTime:0.0003s ]
SQL: SELECT `id` FROM `omronvote_vote` WHERE ( `openid`='0CB111019' and `deviceid`='8fdb7915f46d8c7205eedd00ac8ea275' and `fid`=7 ) LIMIT 1   [ RunTime:0.0003s ]
SQL: SELECT COUNT(*) AS tp_count FROM `omronvote_vote` WHERE ( `fid`=7 ) LIMIT 1   [ RunTime:0.0002s ]
SQL: SELECT `id` FROM `omronvote_vote` WHERE ( `openid`='0CB111019' and `deviceid`='8fdb7915f46d8c7205eedd00ac8ea275' and `fid`=8 ) LIMIT 1   [ RunTime:0.0003s ]
SQL: SELECT COUNT(*) AS tp_count FROM `omronvote_vote` WHERE ( `fid`=8 ) LIMIT 1   [ RunTime:0.0002s ]
SQL: SELECT `id` FROM `omronvote_vote` WHERE ( `openid`='0CB111019' and `deviceid`='8fdb7915f46d8c7205eedd00ac8ea275' and `fid`=9 ) LIMIT 1   [ RunTime:0.0003s ]
SQL: SELECT COUNT(*) AS tp_count FROM `omronvote_vote` WHERE ( `fid`=9 ) LIMIT 1   [ RunTime:0.0002s ]
SQL: SELECT `id` FROM `omronvote_vote` WHERE ( `openid`='0CB111019' and `deviceid`='8fdb7915f46d8c7205eedd00ac8ea275' and `fid`=10 ) LIMIT 1   [ RunTime:0.0003s ]
SQL: SELECT COUNT(*) AS tp_count FROM `omronvote_vote` WHERE ( `fid`=10 ) LIMIT 1   [ RunTime:0.0002s ]
SQL: SELECT `id` FROM `omronvote_vote` WHERE ( `openid`='0CB111019' and `deviceid`='8fdb7915f46d8c7205eedd00ac8ea275' and `fid`=11 ) LIMIT 1   [ RunTime:0.0003s ]
SQL: SELECT COUNT(*) AS tp_count FROM `omronvote_vote` WHERE ( `fid`=11 ) LIMIT 1   [ RunTime:0.0002s ]
SQL: SELECT `id` FROM `omronvote_vote` WHERE ( `openid`='0CB111019' and `deviceid`='8fdb7915f46d8c7205eedd00ac8ea275' and `fid`=12 ) LIMIT 1   [ RunTime:0.0003s ]
SQL: SELECT COUNT(*) AS tp_count FROM `omronvote_vote` WHERE ( `fid`=12 ) LIMIT 1   [ RunTime:0.0002s ]
SQL: SELECT `id` FROM `omronvote_vote` WHERE ( `openid`='0CB111019' and `deviceid`='8fdb7915f46d8c7205eedd00ac8ea275' and `fid`=13 ) LIMIT 1   [ RunTime:0.0003s ]
SQL: SELECT COUNT(*) AS tp_count FROM `omronvote_vote` WHERE ( `fid`=13 ) LIMIT 1   [ RunTime:0.0002s ]
SQL: SELECT `id` FROM `omronvote_vote` WHERE ( `openid`='0CB111019' and `deviceid`='8fdb7915f46d8c7205eedd00ac8ea275' and `fid`=14 ) LIMIT 1   [ RunTime:0.0003s ]
SQL: SELECT COUNT(*) AS tp_count FROM `omronvote_vote` WHERE ( `fid`=14 ) LIMIT 1   [ RunTime:0.0003s ]
SQL: SELECT `id` FROM `omronvote_vote` WHERE ( `openid`='0CB111019' and `deviceid`='8fdb7915f46d8c7205eedd00ac8ea275' and `fid`=15 ) LIMIT 1   [ RunTime:0.0002s ]
SQL: SELECT COUNT(*) AS tp_count FROM `omronvote_vote` WHERE ( `fid`=15 ) LIMIT 1   [ RunTime:0.0003s ]
SQL: SELECT `id` FROM `omronvote_vote` WHERE ( `openid`='0CB111019' and `deviceid`='8fdb7915f46d8c7205eedd00ac8ea275' and `fid`=16 ) LIMIT 1   [ RunTime:0.0003s ]
SQL: SELECT COUNT(*) AS tp_count FROM `omronvote_vote` WHERE ( `fid`=16 ) LIMIT 1   [ RunTime:0.0002s ]
SQL: SELECT `id` FROM `omronvote_vote` WHERE ( `openid`='0CB111019' and `deviceid`='8fdb7915f46d8c7205eedd00ac8ea275' and `fid`=17 ) LIMIT 1   [ RunTime:0.0003s ]
SQL: SELECT COUNT(*) AS tp_count FROM `omronvote_vote` WHERE ( `fid`=17 ) LIMIT 1   [ RunTime:0.0002s ]
SQL: SELECT `id` FROM `omronvote_vote` WHERE ( `openid`='0CB111019' and `deviceid`='8fdb7915f46d8c7205eedd00ac8ea275' and `fid`=18 ) LIMIT 1   [ RunTime:0.0002s ]
SQL: SELECT COUNT(*) AS tp_count FROM `omronvote_vote` WHERE ( `fid`=18 ) LIMIT 1   [ RunTime:0.0002s ]
SQL: SELECT `id` FROM `omronvote_vote` WHERE ( `openid`='0CB111019' and `deviceid`='8fdb7915f46d8c7205eedd00ac8ea275' and `fid`=19 ) LIMIT 1   [ RunTime:0.0003s ]
SQL: SELECT COUNT(*) AS tp_count FROM `omronvote_vote` WHERE ( `fid`=19 ) LIMIT 1   [ RunTime:0.0002s ]
SQL: SELECT `id` FROM `omronvote_vote` WHERE ( `openid`='0CB111019' and `deviceid`='8fdb7915f46d8c7205eedd00ac8ea275' and `fid`=20 ) LIMIT 1   [ RunTime:0.0002s ]
SQL: SELECT COUNT(*) AS tp_count FROM `omronvote_vote` WHERE ( `fid`=20 ) LIMIT 1   [ RunTime:0.0003s ]
SQL: SELECT `id` FROM `omronvote_vote` WHERE ( `openid`='0CB111019' and `deviceid`='8fdb7915f46d8c7205eedd00ac8ea275' and `fid`=21 ) LIMIT 1   [ RunTime:0.0002s ]
SQL: SELECT COUNT(*) AS tp_count FROM `omronvote_vote` WHERE ( `fid`=21 ) LIMIT 1   [ RunTime:0.0002s ]
SQL: SELECT `id` FROM `omronvote_vote` WHERE ( `openid`='0CB111019' and `deviceid`='8fdb7915f46d8c7205eedd00ac8ea275' and `fid`=22 ) LIMIT 1   [ RunTime:0.0004s ]
SQL: SELECT COUNT(*) AS tp_count FROM `omronvote_vote` WHERE ( `fid`=22 ) LIMIT 1   [ RunTime:0.0004s ]
SQL: SELECT `id` FROM `omronvote_vote` WHERE ( `openid`='0CB111019' and `deviceid`='8fdb7915f46d8c7205eedd00ac8ea275' and `fid`=23 ) LIMIT 1   [ RunTime:0.0003s ]
SQL: SELECT COUNT(*) AS tp_count FROM `omronvote_vote` WHERE ( `fid`=23 ) LIMIT 1   [ RunTime:0.0003s ]
SQL: SELECT `id` FROM `omronvote_vote` WHERE ( `openid`='0CB111019' and `deviceid`='8fdb7915f46d8c7205eedd00ac8ea275' and `fid`=24 ) LIMIT 1   [ RunTime:0.0003s ]
SQL: SELECT COUNT(*) AS tp_count FROM `omronvote_vote` WHERE ( `fid`=24 ) LIMIT 1   [ RunTime:0.0003s ]
SQL: SELECT `id` FROM `omronvote_vote` WHERE ( `openid`='0CB111019' and `deviceid`='8fdb7915f46d8c7205eedd00ac8ea275' and `fid`=25 ) LIMIT 1   [ RunTime:0.0003s ]
SQL: SELECT COUNT(*) AS tp_count FROM `omronvote_vote` WHERE ( `fid`=25 ) LIMIT 1   [ RunTime:0.0002s ]
SQL: SELECT `id` FROM `omronvote_vote` WHERE ( `openid`='0CB111019' and `deviceid`='8fdb7915f46d8c7205eedd00ac8ea275' and `fid`=26 ) LIMIT 1   [ RunTime:0.0003s ]
SQL: SELECT COUNT(*) AS tp_count FROM `omronvote_vote` WHERE ( `fid`=26 ) LIMIT 1   [ RunTime:0.0002s ]
SQL: SELECT `id` FROM `omronvote_vote` WHERE ( `openid`='0CB111019' and `deviceid`='8fdb7915f46d8c7205eedd00ac8ea275' and `fid`=27 ) LIMIT 1   [ RunTime:0.0003s ]
SQL: SELECT COUNT(*) AS tp_count FROM `omronvote_vote` WHERE ( `fid`=27 ) LIMIT 1   [ RunTime:0.0002s ]
SQL: SELECT `id` FROM `omronvote_vote` WHERE ( `openid`='0CB111019' and `deviceid`='8fdb7915f46d8c7205eedd00ac8ea275' and `fid`=28 ) LIMIT 1   [ RunTime:0.0003s ]
SQL: SELECT COUNT(*) AS tp_count FROM `omronvote_vote` WHERE ( `fid`=28 ) LIMIT 1   [ RunTime:0.0002s ]
SQL: SELECT `id` FROM `omronvote_vote` WHERE ( `openid`='0CB111019' and `deviceid`='8fdb7915f46d8c7205eedd00ac8ea275' and `fid`=29 ) LIMIT 1   [ RunTime:0.0002s ]
SQL: SELECT COUNT(*) AS tp_count FROM `omronvote_vote` WHERE ( `fid`=29 ) LIMIT 1   [ RunTime:0.0002s ]
SQL: SELECT `id` FROM `omronvote_vote` WHERE ( `openid`='0CB111019' and `deviceid`='8fdb7915f46d8c7205eedd00ac8ea275' and `fid`=30 ) LIMIT 1   [ RunTime:0.0002s ]
SQL: SELECT COUNT(*) AS tp_count FROM `omronvote_vote` WHERE ( `fid`=30 ) LIMIT 1   [ RunTime:0.0002s ]
SQL: SELECT `id` FROM `omronvote_vote` WHERE ( `openid`='0CB111019' and `deviceid`='8fdb7915f46d8c7205eedd00ac8ea275' and `fid`=31 ) LIMIT 1   [ RunTime:0.0003s ]
SQL: SELECT COUNT(*) AS tp_count FROM `omronvote_vote` WHERE ( `fid`=31 ) LIMIT 1   [ RunTime:0.0002s ]
SQL: SELECT `id` FROM `omronvote_vote` WHERE ( `openid`='0CB111019' and `deviceid`='8fdb7915f46d8c7205eedd00ac8ea275' and `fid`=32 ) LIMIT 1   [ RunTime:0.0003s ]
SQL: SELECT COUNT(*) AS tp_count FROM `omronvote_vote` WHERE ( `fid`=32 ) LIMIT 1   [ RunTime:0.0003s ]
SQL: SELECT `id` FROM `omronvote_vote` WHERE ( `openid`='0CB111019' and `deviceid`='8fdb7915f46d8c7205eedd00ac8ea275' and `fid`=33 ) LIMIT 1   [ RunTime:0.0003s ]
SQL: SELECT COUNT(*) AS tp_count FROM `omronvote_vote` WHERE ( `fid`=33 ) LIMIT 1   [ RunTime:0.0002s ]
SQL: SELECT `id` FROM `omronvote_vote` WHERE ( `openid`='0CB111019' and `deviceid`='8fdb7915f46d8c7205eedd00ac8ea275' and `fid`=34 ) LIMIT 1   [ RunTime:0.0003s ]
SQL: SELECT COUNT(*) AS tp_count FROM `omronvote_vote` WHERE ( `fid`=34 ) LIMIT 1   [ RunTime:0.0002s ]
SQL: SELECT `id` FROM `omronvote_vote` WHERE ( `openid`='0CB111019' and `deviceid`='8fdb7915f46d8c7205eedd00ac8ea275' and `fid`=35 ) LIMIT 1   [ RunTime:0.0003s ]
SQL: SELECT COUNT(*) AS tp_count FROM `omronvote_vote` WHERE ( `fid`=35 ) LIMIT 1   [ RunTime:0.0002s ]
SQL: SELECT `id` FROM `omronvote_vote` WHERE ( `openid`='0CB111019' and `deviceid`='8fdb7915f46d8c7205eedd00ac8ea275' and `fid`=36 ) LIMIT 1   [ RunTime:0.0002s ]
SQL: SELECT COUNT(*) AS tp_count FROM `omronvote_vote` WHERE ( `fid`=36 ) LIMIT 1   [ RunTime:0.0002s ]
SQL: SELECT `id` FROM `omronvote_vote` WHERE ( `openid`='0CB111019' and `deviceid`='8fdb7915f46d8c7205eedd00ac8ea275' and `fid`=37 ) LIMIT 1   [ RunTime:0.0002s ]
SQL: SELECT COUNT(*) AS tp_count FROM `omronvote_vote` WHERE ( `fid`=37 ) LIMIT 1   [ RunTime:0.0002s ]
SQL: SELECT `id` FROM `omronvote_vote` WHERE ( `openid`='0CB111019' and `deviceid`='8fdb7915f46d8c7205eedd00ac8ea275' and `fid`=38 ) LIMIT 1   [ RunTime:0.0002s ]
SQL: SELECT COUNT(*) AS tp_count FROM `omronvote_vote` WHERE ( `fid`=38 ) LIMIT 1   [ RunTime:0.0002s ]
SQL: SELECT `id` FROM `omronvote_vote` WHERE ( `openid`='0CB111019' and `deviceid`='8fdb7915f46d8c7205eedd00ac8ea275' and `fid`=39 ) LIMIT 1   [ RunTime:0.0003s ]
SQL: SELECT COUNT(*) AS tp_count FROM `omronvote_vote` WHERE ( `fid`=39 ) LIMIT 1   [ RunTime:0.0002s ]
SQL: SELECT `id` FROM `omronvote_vote` WHERE ( `openid`='0CB111019' and `deviceid`='8fdb7915f46d8c7205eedd00ac8ea275' and `fid`=40 ) LIMIT 1   [ RunTime:0.0002s ]
SQL: SELECT COUNT(*) AS tp_count FROM `omronvote_vote` WHERE ( `fid`=40 ) LIMIT 1   [ RunTime:0.0002s ]
SQL: SELECT `id` FROM `omronvote_vote` WHERE ( `openid`='0CB111019' and `deviceid`='8fdb7915f46d8c7205eedd00ac8ea275' and `fid`=41 ) LIMIT 1   [ RunTime:0.0002s ]
SQL: SELECT COUNT(*) AS tp_count FROM `omronvote_vote` WHERE ( `fid`=41 ) LIMIT 1   [ RunTime:0.0002s ]
INFO: [ view_parse ] --START--
INFO: [ template_filter ] --START--
INFO: Run Behavior\ContentReplaceBehavior [ RunTime:0.000173s ]
INFO: [ template_filter ] --END-- [ RunTime:0.000247s ]
INFO: Run Behavior\ParseTemplateBehavior [ RunTime:0.022633s ]
INFO: [ view_parse ] --END-- [ RunTime:0.022696s ]
INFO: [ view_filter ] --START--
INFO: Run Behavior\WriteHtmlCacheBehavior [ RunTime:0.000141s ]
INFO: [ view_filter ] --END-- [ RunTime:0.000192s ]
INFO: [ app_end ] --START--
INFO: Run Behavior\ShowPageTraceBehavior [ RunTime:0.000567s ]
INFO: [ app_end ] --END-- [ RunTime:0.000689s ]

[ 2016-01-10T19:29:59+08:00 ] 101.44.54.99 /admin/Home/omron/vote?code=2c00d4da4f7761ed6d335a4246148831&state=STATE
INFO: [ app_init ] --START--
INFO: Run Behavior\BuildLiteBehavior [ RunTime:0.000020s ]
INFO: [ app_init ] --END-- [ RunTime:0.000349s ]
INFO: [ app_begin ] --START--
INFO: Run Behavior\ReadHtmlCacheBehavior [ RunTime:0.000399s ]
INFO: [ app_begin ] --END-- [ RunTime:0.000459s ]
SQL: SHOW COLUMNS FROM `omronvote` [ RunTime:0.0010s ]
SQL: SELECT `access_token`,`endtime` FROM `omronvote` WHERE ( `id`=12 ) LIMIT 1   [ RunTime:0.0003s ]
SQL: SELECT `id` FROM `omronvote` WHERE ( `id`=14 ) LIMIT 1   [ RunTime:0.0004s ]
SQL: UPDATE `omronvote` SET `access_token`='QkrMQRFXntCYYORMtUCiEaoWiONjUCPHEiIVkmmcMI48rm_ReiLsrbMB6emKWjad60Y6BlWVJS9iAWT4TEocKw',`endtime`='1452432596' WHERE ( `id`=14 ) [ RunTime:0.0003s ]
SQL: SELECT `id` FROM `omronvote` WHERE ( `id`=14 ) LIMIT 1   [ RunTime:0.0004s ]
SQL: UPDATE `omronvote` SET `access_token`='QkrMQRFXntCYYORMtUCiEaoWiONjUCPHEiIVkmmcMI48rm_ReiLsrbMB6emKWjad60Y6BlWVJS9iAWT4TEocKw',`endtime`='1452432596' WHERE ( `id`=14 ) [ RunTime:0.0003s ]
NOTIC: [8] Undefined index: UserID /home/wwwroot/admin/Application/Home/Controller/OmronController.class.php 第 22 行.
SQL: SHOW COLUMNS FROM `omronvote_poll` [ RunTime:0.0009s ]
SQL: SELECT `id` FROM `omronvote_poll` WHERE ( `userid`='0CB111019' and `deviceid`='8fdb7915f46d8c7205eedd00ac8ea275' ) LIMIT 1   [ RunTime:0.0003s ]
SQL: SHOW COLUMNS FROM `omronvote_vote` [ RunTime:0.0006s ]
SQL: SELECT `id` FROM `omronvote_vote` WHERE ( `openid`='0CB111019' and `deviceid`='8fdb7915f46d8c7205eedd00ac8ea275' and `fid`=1 ) LIMIT 1   [ RunTime:0.0003s ]
SQL: SELECT COUNT(*) AS tp_count FROM `omronvote_vote` WHERE ( `fid`=1 ) LIMIT 1   [ RunTime:0.0002s ]
SQL: SELECT `id` FROM `omronvote_vote` WHERE ( `openid`='0CB111019' and `deviceid`='8fdb7915f46d8c7205eedd00ac8ea275' and `fid`=2 ) LIMIT 1   [ RunTime:0.0003s ]
SQL: SELECT COUNT(*) AS tp_count FROM `omronvote_vote` WHERE ( `fid`=2 ) LIMIT 1   [ RunTime:0.0002s ]
SQL: SELECT `id` FROM `omronvote_vote` WHERE ( `openid`='0CB111019' and `deviceid`='8fdb7915f46d8c7205eedd00ac8ea275' and `fid`=3 ) LIMIT 1   [ RunTime:0.0003s ]
SQL: SELECT COUNT(*) AS tp_count FROM `omronvote_vote` WHERE ( `fid`=3 ) LIMIT 1   [ RunTime:0.0002s ]
SQL: SELECT `id` FROM `omronvote_vote` WHERE ( `openid`='0CB111019' and `deviceid`='8fdb7915f46d8c7205eedd00ac8ea275' and `fid`=4 ) LIMIT 1   [ RunTime:0.0003s ]
SQL: SELECT COUNT(*) AS tp_count FROM `omronvote_vote` WHERE ( `fid`=4 ) LIMIT 1   [ RunTime:0.0002s ]
SQL: SELECT `id` FROM `omronvote_vote` WHERE ( `openid`='0CB111019' and `deviceid`='8fdb7915f46d8c7205eedd00ac8ea275' and `fid`=5 ) LIMIT 1   [ RunTime:0.0003s ]
SQL: SELECT COUNT(*) AS tp_count FROM `omronvote_vote` WHERE ( `fid`=5 ) LIMIT 1   [ RunTime:0.0002s ]
SQL: SELECT `id` FROM `omronvote_vote` WHERE ( `openid`='0CB111019' and `deviceid`='8fdb7915f46d8c7205eedd00ac8ea275' and `fid`=6 ) LIMIT 1   [ RunTime:0.0003s ]
SQL: SELECT COUNT(*) AS tp_count FROM `omronvote_vote` WHERE ( `fid`=6 ) LIMIT 1   [ RunTime:0.0003s ]
SQL: SELECT `id` FROM `omronvote_vote` WHERE ( `openid`='0CB111019' and `deviceid`='8fdb7915f46d8c7205eedd00ac8ea275' and `fid`=7 ) LIMIT 1   [ RunTime:0.0003s ]
SQL: SELECT COUNT(*) AS tp_count FROM `omronvote_vote` WHERE ( `fid`=7 ) LIMIT 1   [ RunTime:0.0003s ]
SQL: SELECT `id` FROM `omronvote_vote` WHERE ( `openid`='0CB111019' and `deviceid`='8fdb7915f46d8c7205eedd00ac8ea275' and `fid`=8 ) LIMIT 1   [ RunTime:0.0003s ]
SQL: SELECT COUNT(*) AS tp_count FROM `omronvote_vote` WHERE ( `fid`=8 ) LIMIT 1   [ RunTime:0.0003s ]
SQL: SELECT `id` FROM `omronvote_vote` WHERE ( `openid`='0CB111019' and `deviceid`='8fdb7915f46d8c7205eedd00ac8ea275' and `fid`=9 ) LIMIT 1   [ RunTime:0.0003s ]
SQL: SELECT COUNT(*) AS tp_count FROM `omronvote_vote` WHERE ( `fid`=9 ) LIMIT 1   [ RunTime:0.0002s ]
SQL: SELECT `id` FROM `omronvote_vote` WHERE ( `openid`='0CB111019' and `deviceid`='8fdb7915f46d8c7205eedd00ac8ea275' and `fid`=10 ) LIMIT 1   [ RunTime:0.0003s ]
SQL: SELECT COUNT(*) AS tp_count FROM `omronvote_vote` WHERE ( `fid`=10 ) LIMIT 1   [ RunTime:0.0002s ]
SQL: SELECT `id` FROM `omronvote_vote` WHERE ( `openid`='0CB111019' and `deviceid`='8fdb7915f46d8c7205eedd00ac8ea275' and `fid`=11 ) LIMIT 1   [ RunTime:0.0003s ]
SQL: SELECT COUNT(*) AS tp_count FROM `omronvote_vote` WHERE ( `fid`=11 ) LIMIT 1   [ RunTime:0.0002s ]
SQL: SELECT `id` FROM `omronvote_vote` WHERE ( `openid`='0CB111019' and `deviceid`='8fdb7915f46d8c7205eedd00ac8ea275' and `fid`=12 ) LIMIT 1   [ RunTime:0.0003s ]
SQL: SELECT COUNT(*) AS tp_count FROM `omronvote_vote` WHERE ( `fid`=12 ) LIMIT 1   [ RunTime:0.0002s ]
SQL: SELECT `id` FROM `omronvote_vote` WHERE ( `openid`='0CB111019' and `deviceid`='8fdb7915f46d8c7205eedd00ac8ea275' and `fid`=13 ) LIMIT 1   [ RunTime:0.0003s ]
SQL: SELECT COUNT(*) AS tp_count FROM `omronvote_vote` WHERE ( `fid`=13 ) LIMIT 1   [ RunTime:0.0002s ]
SQL: SELECT `id` FROM `omronvote_vote` WHERE ( `openid`='0CB111019' and `deviceid`='8fdb7915f46d8c7205eedd00ac8ea275' and `fid`=14 ) LIMIT 1   [ RunTime:0.0003s ]
SQL: SELECT COUNT(*) AS tp_count FROM `omronvote_vote` WHERE ( `fid`=14 ) LIMIT 1   [ RunTime:0.0002s ]
SQL: SELECT `id` FROM `omronvote_vote` WHERE ( `openid`='0CB111019' and `deviceid`='8fdb7915f46d8c7205eedd00ac8ea275' and `fid`=15 ) LIMIT 1   [ RunTime:0.0003s ]
SQL: SELECT COUNT(*) AS tp_count FROM `omronvote_vote` WHERE ( `fid`=15 ) LIMIT 1   [ RunTime:0.0002s ]
SQL: SELECT `id` FROM `omronvote_vote` WHERE ( `openid`='0CB111019' and `deviceid`='8fdb7915f46d8c7205eedd00ac8ea275' and `fid`=16 ) LIMIT 1   [ RunTime:0.0003s ]
SQL: SELECT COUNT(*) AS tp_count FROM `omronvote_vote` WHERE ( `fid`=16 ) LIMIT 1   [ RunTime:0.0002s ]
SQL: SELECT `id` FROM `omronvote_vote` WHERE ( `openid`='0CB111019' and `deviceid`='8fdb7915f46d8c7205eedd00ac8ea275' and `fid`=17 ) LIMIT 1   [ RunTime:0.0003s ]
SQL: SELECT COUNT(*) AS tp_count FROM `omronvote_vote` WHERE ( `fid`=17 ) LIMIT 1   [ RunTime:0.0004s ]
SQL: SELECT `id` FROM `omronvote_vote` WHERE ( `openid`='0CB111019' and `deviceid`='8fdb7915f46d8c7205eedd00ac8ea275' and `fid`=18 ) LIMIT 1   [ RunTime:0.0003s ]
SQL: SELECT COUNT(*) AS tp_count FROM `omronvote_vote` WHERE ( `fid`=18 ) LIMIT 1   [ RunTime:0.0003s ]
SQL: SELECT `id` FROM `omronvote_vote` WHERE ( `openid`='0CB111019' and `deviceid`='8fdb7915f46d8c7205eedd00ac8ea275' and `fid`=19 ) LIMIT 1   [ RunTime:0.0003s ]
SQL: SELECT COUNT(*) AS tp_count FROM `omronvote_vote` WHERE ( `fid`=19 ) LIMIT 1   [ RunTime:0.0002s ]
SQL: SELECT `id` FROM `omronvote_vote` WHERE ( `openid`='0CB111019' and `deviceid`='8fdb7915f46d8c7205eedd00ac8ea275' and `fid`=20 ) LIMIT 1   [ RunTime:0.0003s ]
SQL: SELECT COUNT(*) AS tp_count FROM `omronvote_vote` WHERE ( `fid`=20 ) LIMIT 1   [ RunTime:0.0003s ]
SQL: SELECT `id` FROM `omronvote_vote` WHERE ( `openid`='0CB111019' and `deviceid`='8fdb7915f46d8c7205eedd00ac8ea275' and `fid`=21 ) LIMIT 1   [ RunTime:0.0003s ]
SQL: SELECT COUNT(*) AS tp_count FROM `omronvote_vote` WHERE ( `fid`=21 ) LIMIT 1   [ RunTime:0.0002s ]
SQL: SELECT `id` FROM `omronvote_vote` WHERE ( `openid`='0CB111019' and `deviceid`='8fdb7915f46d8c7205eedd00ac8ea275' and `fid`=22 ) LIMIT 1   [ RunTime:0.0003s ]
SQL: SELECT COUNT(*) AS tp_count FROM `omronvote_vote` WHERE ( `fid`=22 ) LIMIT 1   [ RunTime:0.0002s ]
SQL: SELECT `id` FROM `omronvote_vote` WHERE ( `openid`='0CB111019' and `deviceid`='8fdb7915f46d8c7205eedd00ac8ea275' and `fid`=23 ) LIMIT 1   [ RunTime:0.0003s ]
SQL: SELECT COUNT(*) AS tp_count FROM `omronvote_vote` WHERE ( `fid`=23 ) LIMIT 1   [ RunTime:0.0002s ]
SQL: SELECT `id` FROM `omronvote_vote` WHERE ( `openid`='0CB111019' and `deviceid`='8fdb7915f46d8c7205eedd00ac8ea275' and `fid`=24 ) LIMIT 1   [ RunTime:0.0003s ]
SQL: SELECT COUNT(*) AS tp_count FROM `omronvote_vote` WHERE ( `fid`=24 ) LIMIT 1   [ RunTime:0.0002s ]
SQL: SELECT `id` FROM `omronvote_vote` WHERE ( `openid`='0CB111019' and `deviceid`='8fdb7915f46d8c7205eedd00ac8ea275' and `fid`=25 ) LIMIT 1   [ RunTime:0.0003s ]
SQL: SELECT COUNT(*) AS tp_count FROM `omronvote_vote` WHERE ( `fid`=25 ) LIMIT 1   [ RunTime:0.0002s ]
SQL: SELECT `id` FROM `omronvote_vote` WHERE ( `openid`='0CB111019' and `deviceid`='8fdb7915f46d8c7205eedd00ac8ea275' and `fid`=26 ) LIMIT 1   [ RunTime:0.0002s ]
SQL: SELECT COUNT(*) AS tp_count FROM `omronvote_vote` WHERE ( `fid`=26 ) LIMIT 1   [ RunTime:0.0002s ]
SQL: SELECT `id` FROM `omronvote_vote` WHERE ( `openid`='0CB111019' and `deviceid`='8fdb7915f46d8c7205eedd00ac8ea275' and `fid`=27 ) LIMIT 1   [ RunTime:0.0003s ]
SQL: SELECT COUNT(*) AS tp_count FROM `omronvote_vote` WHERE ( `fid`=27 ) LIMIT 1   [ RunTime:0.0002s ]
SQL: SELECT `id` FROM `omronvote_vote` WHERE ( `openid`='0CB111019' and `deviceid`='8fdb7915f46d8c7205eedd00ac8ea275' and `fid`=28 ) LIMIT 1   [ RunTime:0.0002s ]
SQL: SELECT COUNT(*) AS tp_count FROM `omronvote_vote` WHERE ( `fid`=28 ) LIMIT 1   [ RunTime:0.0003s ]
SQL: SELECT `id` FROM `omronvote_vote` WHERE ( `openid`='0CB111019' and `deviceid`='8fdb7915f46d8c7205eedd00ac8ea275' and `fid`=29 ) LIMIT 1   [ RunTime:0.0003s ]
SQL: SELECT COUNT(*) AS tp_count FROM `omronvote_vote` WHERE ( `fid`=29 ) LIMIT 1   [ RunTime:0.0003s ]
SQL: SELECT `id` FROM `omronvote_vote` WHERE ( `openid`='0CB111019' and `deviceid`='8fdb7915f46d8c7205eedd00ac8ea275' and `fid`=30 ) LIMIT 1   [ RunTime:0.0003s ]
SQL: SELECT COUNT(*) AS tp_count FROM `omronvote_vote` WHERE ( `fid`=30 ) LIMIT 1   [ RunTime:0.0003s ]
SQL: SELECT `id` FROM `omronvote_vote` WHERE ( `openid`='0CB111019' and `deviceid`='8fdb7915f46d8c7205eedd00ac8ea275' and `fid`=31 ) LIMIT 1   [ RunTime:0.0002s ]
SQL: SELECT COUNT(*) AS tp_count FROM `omronvote_vote` WHERE ( `fid`=31 ) LIMIT 1   [ RunTime:0.0002s ]
SQL: SELECT `id` FROM `omronvote_vote` WHERE ( `openid`='0CB111019' and `deviceid`='8fdb7915f46d8c7205eedd00ac8ea275' and `fid`=32 ) LIMIT 1   [ RunTime:0.0002s ]
SQL: SELECT COUNT(*) AS tp_count FROM `omronvote_vote` WHERE ( `fid`=32 ) LIMIT 1   [ RunTime:0.0002s ]
SQL: SELECT `id` FROM `omronvote_vote` WHERE ( `openid`='0CB111019' and `deviceid`='8fdb7915f46d8c7205eedd00ac8ea275' and `fid`=33 ) LIMIT 1   [ RunTime:0.0002s ]
SQL: SELECT COUNT(*) AS tp_count FROM `omronvote_vote` WHERE ( `fid`=33 ) LIMIT 1   [ RunTime:0.0002s ]
SQL: SELECT `id` FROM `omronvote_vote` WHERE ( `openid`='0CB111019' and `deviceid`='8fdb7915f46d8c7205eedd00ac8ea275' and `fid`=34 ) LIMIT 1   [ RunTime:0.0003s ]
SQL: SELECT COUNT(*) AS tp_count FROM `omronvote_vote` WHERE ( `fid`=34 ) LIMIT 1   [ RunTime:0.0002s ]
SQL: SELECT `id` FROM `omronvote_vote` WHERE ( `openid`='0CB111019' and `deviceid`='8fdb7915f46d8c7205eedd00ac8ea275' and `fid`=35 ) LIMIT 1   [ RunTime:0.0003s ]
SQL: SELECT COUNT(*) AS tp_count FROM `omronvote_vote` WHERE ( `fid`=35 ) LIMIT 1   [ RunTime:0.0002s ]
SQL: SELECT `id` FROM `omronvote_vote` WHERE ( `openid`='0CB111019' and `deviceid`='8fdb7915f46d8c7205eedd00ac8ea275' and `fid`=36 ) LIMIT 1   [ RunTime:0.0003s ]
SQL: SELECT COUNT(*) AS tp_count FROM `omronvote_vote` WHERE ( `fid`=36 ) LIMIT 1   [ RunTime:0.0002s ]
SQL: SELECT `id` FROM `omronvote_vote` WHERE ( `openid`='0CB111019' and `deviceid`='8fdb7915f46d8c7205eedd00ac8ea275' and `fid`=37 ) LIMIT 1   [ RunTime:0.0003s ]
SQL: SELECT COUNT(*) AS tp_count FROM `omronvote_vote` WHERE ( `fid`=37 ) LIMIT 1   [ RunTime:0.0002s ]
SQL: SELECT `id` FROM `omronvote_vote` WHERE ( `openid`='0CB111019' and `deviceid`='8fdb7915f46d8c7205eedd00ac8ea275' and `fid`=38 ) LIMIT 1   [ RunTime:0.0003s ]
SQL: SELECT COUNT(*) AS tp_count FROM `omronvote_vote` WHERE ( `fid`=38 ) LIMIT 1   [ RunTime:0.0002s ]
SQL: SELECT `id` FROM `omronvote_vote` WHERE ( `openid`='0CB111019' and `deviceid`='8fdb7915f46d8c7205eedd00ac8ea275' and `fid`=39 ) LIMIT 1   [ RunTime:0.0002s ]
SQL: SELECT COUNT(*) AS tp_count FROM `omronvote_vote` WHERE ( `fid`=39 ) LIMIT 1   [ RunTime:0.0002s ]
SQL: SELECT `id` FROM `omronvote_vote` WHERE ( `openid`='0CB111019' and `deviceid`='8fdb7915f46d8c7205eedd00ac8ea275' and `fid`=40 ) LIMIT 1   [ RunTime:0.0002s ]
SQL: SELECT COUNT(*) AS tp_count FROM `omronvote_vote` WHERE ( `fid`=40 ) LIMIT 1   [ RunTime:0.0002s ]
SQL: SELECT `id` FROM `omronvote_vote` WHERE ( `openid`='0CB111019' and `deviceid`='8fdb7915f46d8c7205eedd00ac8ea275' and `fid`=41 ) LIMIT 1   [ RunTime:0.0003s ]
SQL: SELECT COUNT(*) AS tp_count FROM `omronvote_vote` WHERE ( `fid`=41 ) LIMIT 1   [ RunTime:0.0003s ]
INFO: [ view_parse ] --START--
INFO: [ template_filter ] --START--
INFO: Run Behavior\ContentReplaceBehavior [ RunTime:0.000141s ]
INFO: [ template_filter ] --END-- [ RunTime:0.000212s ]
INFO: Run Behavior\ParseTemplateBehavior [ RunTime:0.022932s ]
INFO: [ view_parse ] --END-- [ RunTime:0.022997s ]
INFO: [ view_filter ] --START--
INFO: Run Behavior\WriteHtmlCacheBehavior [ RunTime:0.000124s ]
INFO: [ view_filter ] --END-- [ RunTime:0.000177s ]

