[ 2016-01-15T03:26:13+08:00 ] 121.42.0.19 /admin/
INFO: [ app_init ] --START--
INFO: Run Behavior\BuildLiteBehavior [ RunTime:0.000015s ]
INFO: [ app_init ] --END-- [ RunTime:0.000268s ]
INFO: [ app_begin ] --START--
INFO: Run Behavior\ReadHtmlCacheBehavior [ RunTime:0.000326s ]
INFO: [ app_begin ] --END-- [ RunTime:0.000381s ]
ERR: 无法加载控制器:Index

[ 2016-01-15T13:22:05+08:00 ] 101.226.125.117 /admin/home/omron/index
INFO: [ app_init ] --START--
INFO: Run Behavior\BuildLiteBehavior [ RunTime:0.000014s ]
INFO: [ app_init ] --END-- [ RunTime:0.000274s ]
INFO: [ app_begin ] --START--
INFO: Run Behavior\ReadHtmlCacheBehavior [ RunTime:0.000336s ]
INFO: [ app_begin ] --END-- [ RunTime:0.000392s ]
SQL: SHOW COLUMNS FROM `omronvote` [ RunTime:0.0008s ]
SQL: SELECT `access_token`,`endtime` FROM `omronvote` WHERE ( `id`=12 ) LIMIT 1   [ RunTime:0.0003s ]
SQL: SELECT `id` FROM `omronvote` WHERE ( `id`=14 ) LIMIT 1   [ RunTime:0.0003s ]
SQL: UPDATE `omronvote` SET `access_token`='OuyBZ2BVp9RgVwxn-wVcIyvRG4mAuBnuKGRbvV40pmvQPz_U7-DLEk6eFBU0V93ogIk1ZxwKl2lKZjmOrRp10g',`endtime`='1452842525' WHERE ( `id`=14 ) [ RunTime:0.0004s ]
INFO: [ view_parse ] --START--
INFO: [ template_filter ] --START--
INFO: Run Behavior\ContentReplaceBehavior [ RunTime:0.000040s ]
INFO: [ template_filter ] --END-- [ RunTime:0.000102s ]
INFO: Run Behavior\ParseTemplateBehavior [ RunTime:0.004395s ]
INFO: [ view_parse ] --END-- [ RunTime:0.004465s ]
INFO: [ view_filter ] --START--
INFO: Run Behavior\WriteHtmlCacheBehavior [ RunTime:0.000122s ]
INFO: [ view_filter ] --END-- [ RunTime:0.000169s ]
INFO: [ app_end ] --START--
INFO: Run Behavior\ShowPageTraceBehavior [ RunTime:0.000385s ]
INFO: [ app_end ] --END-- [ RunTime:0.000436s ]

[ 2016-01-15T13:22:07+08:00 ] 101.226.125.117 /admin/Home/omron/vote?code=7e4d159600dc056663ee616739da3ee9&state=STATE
INFO: [ app_init ] --START--
INFO: Run Behavior\BuildLiteBehavior [ RunTime:0.000015s ]
INFO: [ app_init ] --END-- [ RunTime:0.000306s ]
INFO: [ app_begin ] --START--
INFO: Run Behavior\ReadHtmlCacheBehavior [ RunTime:0.000370s ]
INFO: [ app_begin ] --END-- [ RunTime:0.000426s ]
SQL: SHOW COLUMNS FROM `omronvote` [ RunTime:0.0008s ]
SQL: SELECT `access_token`,`endtime` FROM `omronvote` WHERE ( `id`=12 ) LIMIT 1   [ RunTime:0.0003s ]
SQL: SELECT `id` FROM `omronvote` WHERE ( `id`=14 ) LIMIT 1   [ RunTime:0.0003s ]
SQL: UPDATE `omronvote` SET `access_token`='OuyBZ2BVp9RgVwxn-wVcIyvRG4mAuBnuKGRbvV40pmvQPz_U7-DLEk6eFBU0V93ogIk1ZxwKl2lKZjmOrRp10g',`endtime`='1452842527' WHERE ( `id`=14 ) [ RunTime:0.0003s ]
SQL: SELECT `id` FROM `omronvote` WHERE ( `id`=14 ) LIMIT 1   [ RunTime:0.0004s ]
SQL: UPDATE `omronvote` SET `access_token`='OuyBZ2BVp9RgVwxn-wVcIyvRG4mAuBnuKGRbvV40pmvQPz_U7-DLEk6eFBU0V93ogIk1ZxwKl2lKZjmOrRp10g',`endtime`='1452842527' WHERE ( `id`=14 ) [ RunTime:0.0003s ]
NOTIC: [8] Undefined index: UserID /home/wwwroot/admin/Application/Home/Controller/OmronController.class.php 第 22 行.
SQL: SHOW COLUMNS FROM `omronvote_poll` [ RunTime:0.0009s ]
SQL: SELECT `id` FROM `omronvote_poll` WHERE ( `userid`='35850286' and `deviceid`='046b333d02ba9c002f55f437bc61c2ff' ) LIMIT 1   [ RunTime:0.0003s ]
SQL: INSERT INTO `omronvote_poll` (`deviceid`,`userid`) VALUES ('046b333d02ba9c002f55f437bc61c2ff','35850286') [ RunTime:0.0003s ]
SQL: SHOW COLUMNS FROM `omronvote_vote` [ RunTime:0.0006s ]
SQL: SELECT `id` FROM `omronvote_vote` WHERE ( `openid`='35850286' and `deviceid`='046b333d02ba9c002f55f437bc61c2ff' and `fid`=1 ) LIMIT 1   [ RunTime:0.0003s ]
SQL: SELECT COUNT(*) AS tp_count FROM `omronvote_vote` WHERE ( `fid`=1 ) LIMIT 1   [ RunTime:0.0003s ]
SQL: SELECT `id` FROM `omronvote_vote` WHERE ( `openid`='35850286' and `deviceid`='046b333d02ba9c002f55f437bc61c2ff' and `fid`=2 ) LIMIT 1   [ RunTime:0.0003s ]
SQL: SELECT COUNT(*) AS tp_count FROM `omronvote_vote` WHERE ( `fid`=2 ) LIMIT 1   [ RunTime:0.0003s ]
SQL: SELECT `id` FROM `omronvote_vote` WHERE ( `openid`='35850286' and `deviceid`='046b333d02ba9c002f55f437bc61c2ff' and `fid`=3 ) LIMIT 1   [ RunTime:0.0003s ]
SQL: SELECT COUNT(*) AS tp_count FROM `omronvote_vote` WHERE ( `fid`=3 ) LIMIT 1   [ RunTime:0.0003s ]
SQL: SELECT `id` FROM `omronvote_vote` WHERE ( `openid`='35850286' and `deviceid`='046b333d02ba9c002f55f437bc61c2ff' and `fid`=4 ) LIMIT 1   [ RunTime:0.0003s ]
SQL: SELECT COUNT(*) AS tp_count FROM `omronvote_vote` WHERE ( `fid`=4 ) LIMIT 1   [ RunTime:0.0003s ]
SQL: SELECT `id` FROM `omronvote_vote` WHERE ( `openid`='35850286' and `deviceid`='046b333d02ba9c002f55f437bc61c2ff' and `fid`=5 ) LIMIT 1   [ RunTime:0.0003s ]
SQL: SELECT COUNT(*) AS tp_count FROM `omronvote_vote` WHERE ( `fid`=5 ) LIMIT 1   [ RunTime:0.0003s ]
SQL: SELECT `id` FROM `omronvote_vote` WHERE ( `openid`='35850286' and `deviceid`='046b333d02ba9c002f55f437bc61c2ff' and `fid`=6 ) LIMIT 1   [ RunTime:0.0003s ]
SQL: SELECT COUNT(*) AS tp_count FROM `omronvote_vote` WHERE ( `fid`=6 ) LIMIT 1   [ RunTime:0.0003s ]
SQL: SELECT `id` FROM `omronvote_vote` WHERE ( `openid`='35850286' and `deviceid`='046b333d02ba9c002f55f437bc61c2ff' and `fid`=7 ) LIMIT 1   [ RunTime:0.0003s ]
SQL: SELECT COUNT(*) AS tp_count FROM `omronvote_vote` WHERE ( `fid`=7 ) LIMIT 1   [ RunTime:0.0003s ]
SQL: SELECT `id` FROM `omronvote_vote` WHERE ( `openid`='35850286' and `deviceid`='046b333d02ba9c002f55f437bc61c2ff' and `fid`=8 ) LIMIT 1   [ RunTime:0.0003s ]
SQL: SELECT COUNT(*) AS tp_count FROM `omronvote_vote` WHERE ( `fid`=8 ) LIMIT 1   [ RunTime:0.0003s ]
SQL: SELECT `id` FROM `omronvote_vote` WHERE ( `openid`='35850286' and `deviceid`='046b333d02ba9c002f55f437bc61c2ff' and `fid`=9 ) LIMIT 1   [ RunTime:0.0003s ]
SQL: SELECT COUNT(*) AS tp_count FROM `omronvote_vote` WHERE ( `fid`=9 ) LIMIT 1   [ RunTime:0.0003s ]
SQL: SELECT `id` FROM `omronvote_vote` WHERE ( `openid`='35850286' and `deviceid`='046b333d02ba9c002f55f437bc61c2ff' and `fid`=10 ) LIMIT 1   [ RunTime:0.0003s ]
SQL: SELECT COUNT(*) AS tp_count FROM `omronvote_vote` WHERE ( `fid`=10 ) LIMIT 1   [ RunTime:0.0003s ]
SQL: SELECT `id` FROM `omronvote_vote` WHERE ( `openid`='35850286' and `deviceid`='046b333d02ba9c002f55f437bc61c2ff' and `fid`=11 ) LIMIT 1   [ RunTime:0.0003s ]
SQL: SELECT COUNT(*) AS tp_count FROM `omronvote_vote` WHERE ( `fid`=11 ) LIMIT 1   [ RunTime:0.0003s ]
SQL: SELECT `id` FROM `omronvote_vote` WHERE ( `openid`='35850286' and `deviceid`='046b333d02ba9c002f55f437bc61c2ff' and `fid`=12 ) LIMIT 1   [ RunTime:0.0003s ]
SQL: SELECT COUNT(*) AS tp_count FROM `omronvote_vote` WHERE ( `fid`=12 ) LIMIT 1   [ RunTime:0.0003s ]
SQL: SELECT `id` FROM `omronvote_vote` WHERE ( `openid`='35850286' and `deviceid`='046b333d02ba9c002f55f437bc61c2ff' and `fid`=13 ) LIMIT 1   [ RunTime:0.0003s ]
SQL: SELECT COUNT(*) AS tp_count FROM `omronvote_vote` WHERE ( `fid`=13 ) LIMIT 1   [ RunTime:0.0003s ]
SQL: SELECT `id` FROM `omronvote_vote` WHERE ( `openid`='35850286' and `deviceid`='046b333d02ba9c002f55f437bc61c2ff' and `fid`=14 ) LIMIT 1   [ RunTime:0.0003s ]
SQL: SELECT COUNT(*) AS tp_count FROM `omronvote_vote` WHERE ( `fid`=14 ) LIMIT 1   [ RunTime:0.0004s ]
SQL: SELECT `id` FROM `omronvote_vote` WHERE ( `openid`='35850286' and `deviceid`='046b333d02ba9c002f55f437bc61c2ff' and `fid`=15 ) LIMIT 1   [ RunTime:0.0003s ]
SQL: SELECT COUNT(*) AS tp_count FROM `omronvote_vote` WHERE ( `fid`=15 ) LIMIT 1   [ RunTime:0.0003s ]
SQL: SELECT `id` FROM `omronvote_vote` WHERE ( `openid`='35850286' and `deviceid`='046b333d02ba9c002f55f437bc61c2ff' and `fid`=16 ) LIMIT 1   [ RunTime:0.0003s ]
SQL: SELECT COUNT(*) AS tp_count FROM `omronvote_vote` WHERE ( `fid`=16 ) LIMIT 1   [ RunTime:0.0003s ]
SQL: SELECT `id` FROM `omronvote_vote` WHERE ( `openid`='35850286' and `deviceid`='046b333d02ba9c002f55f437bc61c2ff' and `fid`=17 ) LIMIT 1   [ RunTime:0.0003s ]
SQL: SELECT COUNT(*) AS tp_count FROM `omronvote_vote` WHERE ( `fid`=17 ) LIMIT 1   [ RunTime:0.0003s ]
SQL: SELECT `id` FROM `omronvote_vote` WHERE ( `openid`='35850286' and `deviceid`='046b333d02ba9c002f55f437bc61c2ff' and `fid`=18 ) LIMIT 1   [ RunTime:0.0003s ]
SQL: SELECT COUNT(*) AS tp_count FROM `omronvote_vote` WHERE ( `fid`=18 ) LIMIT 1   [ RunTime:0.0003s ]
SQL: SELECT `id` FROM `omronvote_vote` WHERE ( `openid`='35850286' and `deviceid`='046b333d02ba9c002f55f437bc61c2ff' and `fid`=19 ) LIMIT 1   [ RunTime:0.0003s ]
SQL: SELECT COUNT(*) AS tp_count FROM `omronvote_vote` WHERE ( `fid`=19 ) LIMIT 1   [ RunTime:0.0003s ]
SQL: SELECT `id` FROM `omronvote_vote` WHERE ( `openid`='35850286' and `deviceid`='046b333d02ba9c002f55f437bc61c2ff' and `fid`=20 ) LIMIT 1   [ RunTime:0.0003s ]
SQL: SELECT COUNT(*) AS tp_count FROM `omronvote_vote` WHERE ( `fid`=20 ) LIMIT 1   [ RunTime:0.0003s ]
SQL: SELECT `id` FROM `omronvote_vote` WHERE ( `openid`='35850286' and `deviceid`='046b333d02ba9c002f55f437bc61c2ff' and `fid`=21 ) LIMIT 1   [ RunTime:0.0003s ]
SQL: SELECT COUNT(*) AS tp_count FROM `omronvote_vote` WHERE ( `fid`=21 ) LIMIT 1   [ RunTime:0.0003s ]
SQL: SELECT `id` FROM `omronvote_vote` WHERE ( `openid`='35850286' and `deviceid`='046b333d02ba9c002f55f437bc61c2ff' and `fid`=22 ) LIMIT 1   [ RunTime:0.0003s ]
SQL: SELECT COUNT(*) AS tp_count FROM `omronvote_vote` WHERE ( `fid`=22 ) LIMIT 1   [ RunTime:0.0003s ]
SQL: SELECT `id` FROM `omronvote_vote` WHERE ( `openid`='35850286' and `deviceid`='046b333d02ba9c002f55f437bc61c2ff' and `fid`=23 ) LIMIT 1   [ RunTime:0.0003s ]
SQL: SELECT COUNT(*) AS tp_count FROM `omronvote_vote` WHERE ( `fid`=23 ) LIMIT 1   [ RunTime:0.0003s ]
SQL: SELECT `id` FROM `omronvote_vote` WHERE ( `openid`='35850286' and `deviceid`='046b333d02ba9c002f55f437bc61c2ff' and `fid`=24 ) LIMIT 1   [ RunTime:0.0003s ]
SQL: SELECT COUNT(*) AS tp_count FROM `omronvote_vote` WHERE ( `fid`=24 ) LIMIT 1   [ RunTime:0.0003s ]
SQL: SELECT `id` FROM `omronvote_vote` WHERE ( `openid`='35850286' and `deviceid`='046b333d02ba9c002f55f437bc61c2ff' and `fid`=25 ) LIMIT 1   [ RunTime:0.0003s ]
SQL: SELECT COUNT(*) AS tp_count FROM `omronvote_vote` WHERE ( `fid`=25 ) LIMIT 1   [ RunTime:0.0003s ]
SQL: SELECT `id` FROM `omronvote_vote` WHERE ( `openid`='35850286' and `deviceid`='046b333d02ba9c002f55f437bc61c2ff' and `fid`=26 ) LIMIT 1   [ RunTime:0.0003s ]
SQL: SELECT COUNT(*) AS tp_count FROM `omronvote_vote` WHERE ( `fid`=26 ) LIMIT 1   [ RunTime:0.0003s ]
SQL: SELECT `id` FROM `omronvote_vote` WHERE ( `openid`='35850286' and `deviceid`='046b333d02ba9c002f55f437bc61c2ff' and `fid`=27 ) LIMIT 1   [ RunTime:0.0003s ]
SQL: SELECT COUNT(*) AS tp_count FROM `omronvote_vote` WHERE ( `fid`=27 ) LIMIT 1   [ RunTime:0.0003s ]
SQL: SELECT `id` FROM `omronvote_vote` WHERE ( `openid`='35850286' and `deviceid`='046b333d02ba9c002f55f437bc61c2ff' and `fid`=28 ) LIMIT 1   [ RunTime:0.0003s ]
SQL: SELECT COUNT(*) AS tp_count FROM `omronvote_vote` WHERE ( `fid`=28 ) LIMIT 1   [ RunTime:0.0003s ]
SQL: SELECT `id` FROM `omronvote_vote` WHERE ( `openid`='35850286' and `deviceid`='046b333d02ba9c002f55f437bc61c2ff' and `fid`=29 ) LIMIT 1   [ RunTime:0.0003s ]
SQL: SELECT COUNT(*) AS tp_count FROM `omronvote_vote` WHERE ( `fid`=29 ) LIMIT 1   [ RunTime:0.0003s ]
SQL: SELECT `id` FROM `omronvote_vote` WHERE ( `openid`='35850286' and `deviceid`='046b333d02ba9c002f55f437bc61c2ff' and `fid`=30 ) LIMIT 1   [ RunTime:0.0003s ]
SQL: SELECT COUNT(*) AS tp_count FROM `omronvote_vote` WHERE ( `fid`=30 ) LIMIT 1   [ RunTime:0.0003s ]
SQL: SELECT `id` FROM `omronvote_vote` WHERE ( `openid`='35850286' and `deviceid`='046b333d02ba9c002f55f437bc61c2ff' and `fid`=31 ) LIMIT 1   [ RunTime:0.0003s ]
SQL: SELECT COUNT(*) AS tp_count FROM `omronvote_vote` WHERE ( `fid`=31 ) LIMIT 1   [ RunTime:0.0003s ]
SQL: SELECT `id` FROM `omronvote_vote` WHERE ( `openid`='35850286' and `deviceid`='046b333d02ba9c002f55f437bc61c2ff' and `fid`=32 ) LIMIT 1   [ RunTime:0.0003s ]
SQL: SELECT COUNT(*) AS tp_count FROM `omronvote_vote` WHERE ( `fid`=32 ) LIMIT 1   [ RunTime:0.0003s ]
SQL: SELECT `id` FROM `omronvote_vote` WHERE ( `openid`='35850286' and `deviceid`='046b333d02ba9c002f55f437bc61c2ff' and `fid`=33 ) LIMIT 1   [ RunTime:0.0003s ]
SQL: SELECT COUNT(*) AS tp_count FROM `omronvote_vote` WHERE ( `fid`=33 ) LIMIT 1   [ RunTime:0.0003s ]
SQL: SELECT `id` FROM `omronvote_vote` WHERE ( `openid`='35850286' and `deviceid`='046b333d02ba9c002f55f437bc61c2ff' and `fid`=34 ) LIMIT 1   [ RunTime:0.0004s ]
SQL: SELECT COUNT(*) AS tp_count FROM `omronvote_vote` WHERE ( `fid`=34 ) LIMIT 1   [ RunTime:0.0003s ]
SQL: SELECT `id` FROM `omronvote_vote` WHERE ( `openid`='35850286' and `deviceid`='046b333d02ba9c002f55f437bc61c2ff' and `fid`=35 ) LIMIT 1   [ RunTime:0.0003s ]
SQL: SELECT COUNT(*) AS tp_count FROM `omronvote_vote` WHERE ( `fid`=35 ) LIMIT 1   [ RunTime:0.0003s ]
SQL: SELECT `id` FROM `omronvote_vote` WHERE ( `openid`='35850286' and `deviceid`='046b333d02ba9c002f55f437bc61c2ff' and `fid`=36 ) LIMIT 1   [ RunTime:0.0003s ]
SQL: SELECT COUNT(*) AS tp_count FROM `omronvote_vote` WHERE ( `fid`=36 ) LIMIT 1   [ RunTime:0.0003s ]
SQL: SELECT `id` FROM `omronvote_vote` WHERE ( `openid`='35850286' and `deviceid`='046b333d02ba9c002f55f437bc61c2ff' and `fid`=37 ) LIMIT 1   [ RunTime:0.0003s ]
SQL: SELECT COUNT(*) AS tp_count FROM `omronvote_vote` WHERE ( `fid`=37 ) LIMIT 1   [ RunTime:0.0003s ]
SQL: SELECT `id` FROM `omronvote_vote` WHERE ( `openid`='35850286' and `deviceid`='046b333d02ba9c002f55f437bc61c2ff' and `fid`=38 ) LIMIT 1   [ RunTime:0.0003s ]
SQL: SELECT COUNT(*) AS tp_count FROM `omronvote_vote` WHERE ( `fid`=38 ) LIMIT 1   [ RunTime:0.0003s ]
SQL: SELECT `id` FROM `omronvote_vote` WHERE ( `openid`='35850286' and `deviceid`='046b333d02ba9c002f55f437bc61c2ff' and `fid`=39 ) LIMIT 1   [ RunTime:0.0003s ]
SQL: SELECT COUNT(*) AS tp_count FROM `omronvote_vote` WHERE ( `fid`=39 ) LIMIT 1   [ RunTime:0.0003s ]
SQL: SELECT `id` FROM `omronvote_vote` WHERE ( `openid`='35850286' and `deviceid`='046b333d02ba9c002f55f437bc61c2ff' and `fid`=40 ) LIMIT 1   [ RunTime:0.0003s ]
SQL: SELECT COUNT(*) AS tp_count FROM `omronvote_vote` WHERE ( `fid`=40 ) LIMIT 1   [ RunTime:0.0003s ]
SQL: SELECT `id` FROM `omronvote_vote` WHERE ( `openid`='35850286' and `deviceid`='046b333d02ba9c002f55f437bc61c2ff' and `fid`=41 ) LIMIT 1   [ RunTime:0.0003s ]
SQL: SELECT COUNT(*) AS tp_count FROM `omronvote_vote` WHERE ( `fid`=41 ) LIMIT 1   [ RunTime:0.0003s ]
INFO: [ view_parse ] --START--
INFO: [ template_filter ] --START--
INFO: Run Behavior\ContentReplaceBehavior [ RunTime:0.000147s ]
INFO: [ template_filter ] --END-- [ RunTime:0.000217s ]
INFO: Run Behavior\ParseTemplateBehavior [ RunTime:0.022707s ]
INFO: [ view_parse ] --END-- [ RunTime:0.022770s ]
INFO: [ view_filter ] --START--
INFO: Run Behavior\WriteHtmlCacheBehavior [ RunTime:0.000121s ]
INFO: [ view_filter ] --END-- [ RunTime:0.000173s ]
INFO: [ app_end ] --START--
INFO: Run Behavior\ShowPageTraceBehavior [ RunTime:0.000534s ]
INFO: [ app_end ] --END-- [ RunTime:0.000873s ]

[ 2016-01-15T13:23:53+08:00 ] 101.226.125.117 /admin/Home/Omron/poll.html
INFO: [ app_init ] --START--
INFO: Run Behavior\BuildLiteBehavior [ RunTime:0.000014s ]
INFO: [ app_init ] --END-- [ RunTime:0.000275s ]
INFO: [ app_begin ] --START--
INFO: Run Behavior\ReadHtmlCacheBehavior [ RunTime:0.000382s ]
INFO: [ app_begin ] --END-- [ RunTime:0.000438s ]
SQL: SHOW COLUMNS FROM `omronvote` [ RunTime:0.0008s ]
SQL: SELECT `access_token`,`endtime` FROM `omronvote` WHERE ( `id`=12 ) LIMIT 1   [ RunTime:0.0003s ]
SQL: SELECT `id` FROM `omronvote` WHERE ( `id`=14 ) LIMIT 1   [ RunTime:0.0003s ]
SQL: UPDATE `omronvote` SET `access_token`='OuyBZ2BVp9RgVwxn-wVcIyvRG4mAuBnuKGRbvV40pmvQPz_U7-DLEk6eFBU0V93ogIk1ZxwKl2lKZjmOrRp10g',`endtime`='1452842633' WHERE ( `id`=14 ) [ RunTime:0.0003s ]
SQL: SHOW COLUMNS FROM `omronvote_poll` [ RunTime:0.0008s ]
SQL: SELECT `id` FROM `omronvote_poll` WHERE ( `userid`='35850286' and `deviceid`='046b333d02ba9c002f55f437bc61c2ff' ) LIMIT 1   [ RunTime:0.0003s ]
SQL: SHOW COLUMNS FROM `omronvote_vote` [ RunTime:0.0006s ]
SQL: SELECT `id` FROM `omronvote_vote` WHERE ( `openid`='35850286' and `deviceid`='046b333d02ba9c002f55f437bc61c2ff' and `fid`=9 ) LIMIT 1   [ RunTime:0.0003s ]
SQL: INSERT INTO `omronvote_vote` (`fid`,`addtime`,`deviceid`,`openid`) VALUES ('9','1452835433','046b333d02ba9c002f55f437bc61c2ff','35850286') [ RunTime:0.0002s ]

[ 2016-01-15T13:23:56+08:00 ] 101.226.125.117 /admin/Home/omron/vote?code=d784222f438b517fee57c9fb321b321c&state=STATE
INFO: [ app_init ] --START--
INFO: Run Behavior\BuildLiteBehavior [ RunTime:0.000014s ]
INFO: [ app_init ] --END-- [ RunTime:0.000267s ]
INFO: [ app_begin ] --START--
INFO: Run Behavior\ReadHtmlCacheBehavior [ RunTime:0.000328s ]
INFO: [ app_begin ] --END-- [ RunTime:0.000385s ]
SQL: SHOW COLUMNS FROM `omronvote` [ RunTime:0.0008s ]
SQL: SELECT `access_token`,`endtime` FROM `omronvote` WHERE ( `id`=12 ) LIMIT 1   [ RunTime:0.0003s ]
SQL: SELECT `id` FROM `omronvote` WHERE ( `id`=14 ) LIMIT 1   [ RunTime:0.0003s ]
SQL: UPDATE `omronvote` SET `access_token`='OuyBZ2BVp9RgVwxn-wVcIyvRG4mAuBnuKGRbvV40pmvQPz_U7-DLEk6eFBU0V93ogIk1ZxwKl2lKZjmOrRp10g',`endtime`='1452842636' WHERE ( `id`=14 ) [ RunTime:0.0003s ]
SQL: SELECT `id` FROM `omronvote` WHERE ( `id`=14 ) LIMIT 1   [ RunTime:0.0004s ]
SQL: UPDATE `omronvote` SET `access_token`='OuyBZ2BVp9RgVwxn-wVcIyvRG4mAuBnuKGRbvV40pmvQPz_U7-DLEk6eFBU0V93ogIk1ZxwKl2lKZjmOrRp10g',`endtime`='1452842636' WHERE ( `id`=14 ) [ RunTime:0.0003s ]
NOTIC: [8] Undefined index: UserID /home/wwwroot/admin/Application/Home/Controller/OmronController.class.php 第 22 行.
SQL: SHOW COLUMNS FROM `omronvote_poll` [ RunTime:0.0009s ]
SQL: SELECT `id` FROM `omronvote_poll` WHERE ( `userid`='35850286' and `deviceid`='046b333d02ba9c002f55f437bc61c2ff' ) LIMIT 1   [ RunTime:0.0003s ]
SQL: SHOW COLUMNS FROM `omronvote_vote` [ RunTime:0.0006s ]
SQL: SELECT `id` FROM `omronvote_vote` WHERE ( `openid`='35850286' and `deviceid`='046b333d02ba9c002f55f437bc61c2ff' and `fid`=1 ) LIMIT 1   [ RunTime:0.0003s ]
SQL: SELECT COUNT(*) AS tp_count FROM `omronvote_vote` WHERE ( `fid`=1 ) LIMIT 1   [ RunTime:0.0003s ]
SQL: SELECT `id` FROM `omronvote_vote` WHERE ( `openid`='35850286' and `deviceid`='046b333d02ba9c002f55f437bc61c2ff' and `fid`=2 ) LIMIT 1   [ RunTime:0.0003s ]
SQL: SELECT COUNT(*) AS tp_count FROM `omronvote_vote` WHERE ( `fid`=2 ) LIMIT 1   [ RunTime:0.0003s ]
SQL: SELECT `id` FROM `omronvote_vote` WHERE ( `openid`='35850286' and `deviceid`='046b333d02ba9c002f55f437bc61c2ff' and `fid`=3 ) LIMIT 1   [ RunTime:0.0003s ]
SQL: SELECT COUNT(*) AS tp_count FROM `omronvote_vote` WHERE ( `fid`=3 ) LIMIT 1   [ RunTime:0.0004s ]
SQL: SELECT `id` FROM `omronvote_vote` WHERE ( `openid`='35850286' and `deviceid`='046b333d02ba9c002f55f437bc61c2ff' and `fid`=4 ) LIMIT 1   [ RunTime:0.0003s ]
SQL: SELECT COUNT(*) AS tp_count FROM `omronvote_vote` WHERE ( `fid`=4 ) LIMIT 1   [ RunTime:0.0003s ]
SQL: SELECT `id` FROM `omronvote_vote` WHERE ( `openid`='35850286' and `deviceid`='046b333d02ba9c002f55f437bc61c2ff' and `fid`=5 ) LIMIT 1   [ RunTime:0.0003s ]
SQL: SELECT COUNT(*) AS tp_count FROM `omronvote_vote` WHERE ( `fid`=5 ) LIMIT 1   [ RunTime:0.0003s ]
SQL: SELECT `id` FROM `omronvote_vote` WHERE ( `openid`='35850286' and `deviceid`='046b333d02ba9c002f55f437bc61c2ff' and `fid`=6 ) LIMIT 1   [ RunTime:0.0003s ]
SQL: SELECT COUNT(*) AS tp_count FROM `omronvote_vote` WHERE ( `fid`=6 ) LIMIT 1   [ RunTime:0.0003s ]
SQL: SELECT `id` FROM `omronvote_vote` WHERE ( `openid`='35850286' and `deviceid`='046b333d02ba9c002f55f437bc61c2ff' and `fid`=7 ) LIMIT 1   [ RunTime:0.0003s ]
SQL: SELECT COUNT(*) AS tp_count FROM `omronvote_vote` WHERE ( `fid`=7 ) LIMIT 1   [ RunTime:0.0003s ]
SQL: SELECT `id` FROM `omronvote_vote` WHERE ( `openid`='35850286' and `deviceid`='046b333d02ba9c002f55f437bc61c2ff' and `fid`=8 ) LIMIT 1   [ RunTime:0.0003s ]
SQL: SELECT COUNT(*) AS tp_count FROM `omronvote_vote` WHERE ( `fid`=8 ) LIMIT 1   [ RunTime:0.0003s ]
SQL: SELECT `id` FROM `omronvote_vote` WHERE ( `openid`='35850286' and `deviceid`='046b333d02ba9c002f55f437bc61c2ff' and `fid`=9 ) LIMIT 1   [ RunTime:0.0003s ]
SQL: SELECT COUNT(*) AS tp_count FROM `omronvote_vote` WHERE ( `fid`=9 ) LIMIT 1   [ RunTime:0.0003s ]
SQL: SELECT `id` FROM `omronvote_vote` WHERE ( `openid`='35850286' and `deviceid`='046b333d02ba9c002f55f437bc61c2ff' and `fid`=10 ) LIMIT 1   [ RunTime:0.0003s ]
SQL: SELECT COUNT(*) AS tp_count FROM `omronvote_vote` WHERE ( `fid`=10 ) LIMIT 1   [ RunTime:0.0003s ]
SQL: SELECT `id` FROM `omronvote_vote` WHERE ( `openid`='35850286' and `deviceid`='046b333d02ba9c002f55f437bc61c2ff' and `fid`=11 ) LIMIT 1   [ RunTime:0.0003s ]
SQL: SELECT COUNT(*) AS tp_count FROM `omronvote_vote` WHERE ( `fid`=11 ) LIMIT 1   [ RunTime:0.0003s ]
SQL: SELECT `id` FROM `omronvote_vote` WHERE ( `openid`='35850286' and `deviceid`='046b333d02ba9c002f55f437bc61c2ff' and `fid`=12 ) LIMIT 1   [ RunTime:0.0003s ]
SQL: SELECT COUNT(*) AS tp_count FROM `omronvote_vote` WHERE ( `fid`=12 ) LIMIT 1   [ RunTime:0.0003s ]
SQL: SELECT `id` FROM `omronvote_vote` WHERE ( `openid`='35850286' and `deviceid`='046b333d02ba9c002f55f437bc61c2ff' and `fid`=13 ) LIMIT 1   [ RunTime:0.0003s ]
SQL: SELECT COUNT(*) AS tp_count FROM `omronvote_vote` WHERE ( `fid`=13 ) LIMIT 1   [ RunTime:0.0003s ]
SQL: SELECT `id` FROM `omronvote_vote` WHERE ( `openid`='35850286' and `deviceid`='046b333d02ba9c002f55f437bc61c2ff' and `fid`=14 ) LIMIT 1   [ RunTime:0.0003s ]
SQL: SELECT COUNT(*) AS tp_count FROM `omronvote_vote` WHERE ( `fid`=14 ) LIMIT 1   [ RunTime:0.0003s ]
SQL: SELECT `id` FROM `omronvote_vote` WHERE ( `openid`='35850286' and `deviceid`='046b333d02ba9c002f55f437bc61c2ff' and `fid`=15 ) LIMIT 1   [ RunTime:0.0003s ]
SQL: SELECT COUNT(*) AS tp_count FROM `omronvote_vote` WHERE ( `fid`=15 ) LIMIT 1   [ RunTime:0.0003s ]
SQL: SELECT `id` FROM `omronvote_vote` WHERE ( `openid`='35850286' and `deviceid`='046b333d02ba9c002f55f437bc61c2ff' and `fid`=16 ) LIMIT 1   [ RunTime:0.0003s ]
SQL: SELECT COUNT(*) AS tp_count FROM `omronvote_vote` WHERE ( `fid`=16 ) LIMIT 1   [ RunTime:0.0003s ]
SQL: SELECT `id` FROM `omronvote_vote` WHERE ( `openid`='35850286' and `deviceid`='046b333d02ba9c002f55f437bc61c2ff' and `fid`=17 ) LIMIT 1   [ RunTime:0.0003s ]
SQL: SELECT COUNT(*) AS tp_count FROM `omronvote_vote` WHERE ( `fid`=17 ) LIMIT 1   [ RunTime:0.0003s ]
SQL: SELECT `id` FROM `omronvote_vote` WHERE ( `openid`='35850286' and `deviceid`='046b333d02ba9c002f55f437bc61c2ff' and `fid`=18 ) LIMIT 1   [ RunTime:0.0003s ]
SQL: SELECT COUNT(*) AS tp_count FROM `omronvote_vote` WHERE ( `fid`=18 ) LIMIT 1   [ RunTime:0.0004s ]
SQL: SELECT `id` FROM `omronvote_vote` WHERE ( `openid`='35850286' and `deviceid`='046b333d02ba9c002f55f437bc61c2ff' and `fid`=19 ) LIMIT 1   [ RunTime:0.0003s ]
SQL: SELECT COUNT(*) AS tp_count FROM `omronvote_vote` WHERE ( `fid`=19 ) LIMIT 1   [ RunTime:0.0003s ]
SQL: SELECT `id` FROM `omronvote_vote` WHERE ( `openid`='35850286' and `deviceid`='046b333d02ba9c002f55f437bc61c2ff' and `fid`=20 ) LIMIT 1   [ RunTime:0.0003s ]
SQL: SELECT COUNT(*) AS tp_count FROM `omronvote_vote` WHERE ( `fid`=20 ) LIMIT 1   [ RunTime:0.0003s ]
SQL: SELECT `id` FROM `omronvote_vote` WHERE ( `openid`='35850286' and `deviceid`='046b333d02ba9c002f55f437bc61c2ff' and `fid`=21 ) LIMIT 1   [ RunTime:0.0003s ]
SQL: SELECT COUNT(*) AS tp_count FROM `omronvote_vote` WHERE ( `fid`=21 ) LIMIT 1   [ RunTime:0.0003s ]
SQL: SELECT `id` FROM `omronvote_vote` WHERE ( `openid`='35850286' and `deviceid`='046b333d02ba9c002f55f437bc61c2ff' and `fid`=22 ) LIMIT 1   [ RunTime:0.0003s ]
SQL: SELECT COUNT(*) AS tp_count FROM `omronvote_vote` WHERE ( `fid`=22 ) LIMIT 1   [ RunTime:0.0003s ]
SQL: SELECT `id` FROM `omronvote_vote` WHERE ( `openid`='35850286' and `deviceid`='046b333d02ba9c002f55f437bc61c2ff' and `fid`=23 ) LIMIT 1   [ RunTime:0.0003s ]
SQL: SELECT COUNT(*) AS tp_count FROM `omronvote_vote` WHERE ( `fid`=23 ) LIMIT 1   [ RunTime:0.0003s ]
SQL: SELECT `id` FROM `omronvote_vote` WHERE ( `openid`='35850286' and `deviceid`='046b333d02ba9c002f55f437bc61c2ff' and `fid`=24 ) LIMIT 1   [ RunTime:0.0003s ]
SQL: SELECT COUNT(*) AS tp_count FROM `omronvote_vote` WHERE ( `fid`=24 ) LIMIT 1   [ RunTime:0.0003s ]
SQL: SELECT `id` FROM `omronvote_vote` WHERE ( `openid`='35850286' and `deviceid`='046b333d02ba9c002f55f437bc61c2ff' and `fid`=25 ) LIMIT 1   [ RunTime:0.0003s ]
SQL: SELECT COUNT(*) AS tp_count FROM `omronvote_vote` WHERE ( `fid`=25 ) LIMIT 1   [ RunTime:0.0003s ]
SQL: SELECT `id` FROM `omronvote_vote` WHERE ( `openid`='35850286' and `deviceid`='046b333d02ba9c002f55f437bc61c2ff' and `fid`=26 ) LIMIT 1   [ RunTime:0.0003s ]
SQL: SELECT COUNT(*) AS tp_count FROM `omronvote_vote` WHERE ( `fid`=26 ) LIMIT 1   [ RunTime:0.0003s ]
SQL: SELECT `id` FROM `omronvote_vote` WHERE ( `openid`='35850286' and `deviceid`='046b333d02ba9c002f55f437bc61c2ff' and `fid`=27 ) LIMIT 1   [ RunTime:0.0003s ]
SQL: SELECT COUNT(*) AS tp_count FROM `omronvote_vote` WHERE ( `fid`=27 ) LIMIT 1   [ RunTime:0.0003s ]
SQL: SELECT `id` FROM `omronvote_vote` WHERE ( `openid`='35850286' and `deviceid`='046b333d02ba9c002f55f437bc61c2ff' and `fid`=28 ) LIMIT 1   [ RunTime:0.0003s ]
SQL: SELECT COUNT(*) AS tp_count FROM `omronvote_vote` WHERE ( `fid`=28 ) LIMIT 1   [ RunTime:0.0003s ]
SQL: SELECT `id` FROM `omronvote_vote` WHERE ( `openid`='35850286' and `deviceid`='046b333d02ba9c002f55f437bc61c2ff' and `fid`=29 ) LIMIT 1   [ RunTime:0.0003s ]
SQL: SELECT COUNT(*) AS tp_count FROM `omronvote_vote` WHERE ( `fid`=29 ) LIMIT 1   [ RunTime:0.0003s ]
SQL: SELECT `id` FROM `omronvote_vote` WHERE ( `openid`='35850286' and `deviceid`='046b333d02ba9c002f55f437bc61c2ff' and `fid`=30 ) LIMIT 1   [ RunTime:0.0003s ]
SQL: SELECT COUNT(*) AS tp_count FROM `omronvote_vote` WHERE ( `fid`=30 ) LIMIT 1   [ RunTime:0.0003s ]
SQL: SELECT `id` FROM `omronvote_vote` WHERE ( `openid`='35850286' and `deviceid`='046b333d02ba9c002f55f437bc61c2ff' and `fid`=31 ) LIMIT 1   [ RunTime:0.0003s ]
SQL: SELECT COUNT(*) AS tp_count FROM `omronvote_vote` WHERE ( `fid`=31 ) LIMIT 1   [ RunTime:0.0003s ]
SQL: SELECT `id` FROM `omronvote_vote` WHERE ( `openid`='35850286' and `deviceid`='046b333d02ba9c002f55f437bc61c2ff' and `fid`=32 ) LIMIT 1   [ RunTime:0.0003s ]
SQL: SELECT COUNT(*) AS tp_count FROM `omronvote_vote` WHERE ( `fid`=32 ) LIMIT 1   [ RunTime:0.0003s ]
SQL: SELECT `id` FROM `omronvote_vote` WHERE ( `openid`='35850286' and `deviceid`='046b333d02ba9c002f55f437bc61c2ff' and `fid`=33 ) LIMIT 1   [ RunTime:0.0003s ]
SQL: SELECT COUNT(*) AS tp_count FROM `omronvote_vote` WHERE ( `fid`=33 ) LIMIT 1   [ RunTime:0.0003s ]
SQL: SELECT `id` FROM `omronvote_vote` WHERE ( `openid`='35850286' and `deviceid`='046b333d02ba9c002f55f437bc61c2ff' and `fid`=34 ) LIMIT 1   [ RunTime:0.0003s ]
SQL: SELECT COUNT(*) AS tp_count FROM `omronvote_vote` WHERE ( `fid`=34 ) LIMIT 1   [ RunTime:0.0003s ]
SQL: SELECT `id` FROM `omronvote_vote` WHERE ( `openid`='35850286' and `deviceid`='046b333d02ba9c002f55f437bc61c2ff' and `fid`=35 ) LIMIT 1   [ RunTime:0.0003s ]
SQL: SELECT COUNT(*) AS tp_count FROM `omronvote_vote` WHERE ( `fid`=35 ) LIMIT 1   [ RunTime:0.0003s ]
SQL: SELECT `id` FROM `omronvote_vote` WHERE ( `openid`='35850286' and `deviceid`='046b333d02ba9c002f55f437bc61c2ff' and `fid`=36 ) LIMIT 1   [ RunTime:0.0003s ]
SQL: SELECT COUNT(*) AS tp_count FROM `omronvote_vote` WHERE ( `fid`=36 ) LIMIT 1   [ RunTime:0.0003s ]
SQL: SELECT `id` FROM `omronvote_vote` WHERE ( `openid`='35850286' and `deviceid`='046b333d02ba9c002f55f437bc61c2ff' and `fid`=37 ) LIMIT 1   [ RunTime:0.0003s ]
SQL: SELECT COUNT(*) AS tp_count FROM `omronvote_vote` WHERE ( `fid`=37 ) LIMIT 1   [ RunTime:0.0003s ]
SQL: SELECT `id` FROM `omronvote_vote` WHERE ( `openid`='35850286' and `deviceid`='046b333d02ba9c002f55f437bc61c2ff' and `fid`=38 ) LIMIT 1   [ RunTime:0.0003s ]
SQL: SELECT COUNT(*) AS tp_count FROM `omronvote_vote` WHERE ( `fid`=38 ) LIMIT 1   [ RunTime:0.0003s ]
SQL: SELECT `id` FROM `omronvote_vote` WHERE ( `openid`='35850286' and `deviceid`='046b333d02ba9c002f55f437bc61c2ff' and `fid`=39 ) LIMIT 1   [ RunTime:0.0003s ]
SQL: SELECT COUNT(*) AS tp_count FROM `omronvote_vote` WHERE ( `fid`=39 ) LIMIT 1   [ RunTime:0.0003s ]
SQL: SELECT `id` FROM `omronvote_vote` WHERE ( `openid`='35850286' and `deviceid`='046b333d02ba9c002f55f437bc61c2ff' and `fid`=40 ) LIMIT 1   [ RunTime:0.0003s ]
SQL: SELECT COUNT(*) AS tp_count FROM `omronvote_vote` WHERE ( `fid`=40 ) LIMIT 1   [ RunTime:0.0003s ]
SQL: SELECT `id` FROM `omronvote_vote` WHERE ( `openid`='35850286' and `deviceid`='046b333d02ba9c002f55f437bc61c2ff' and `fid`=41 ) LIMIT 1   [ RunTime:0.0003s ]
SQL: SELECT COUNT(*) AS tp_count FROM `omronvote_vote` WHERE ( `fid`=41 ) LIMIT 1   [ RunTime:0.0003s ]
INFO: [ view_parse ] --START--
INFO: [ template_filter ] --START--
INFO: Run Behavior\ContentReplaceBehavior [ RunTime:0.000136s ]
INFO: [ template_filter ] --END-- [ RunTime:0.000204s ]
INFO: Run Behavior\ParseTemplateBehavior [ RunTime:0.021896s ]
INFO: [ view_parse ] --END-- [ RunTime:0.021955s ]
INFO: [ view_filter ] --START--
INFO: Run Behavior\WriteHtmlCacheBehavior [ RunTime:0.000123s ]
INFO: [ view_filter ] --END-- [ RunTime:0.000175s ]
INFO: [ app_end ] --START--
INFO: Run Behavior\ShowPageTraceBehavior [ RunTime:0.000543s ]
INFO: [ app_end ] --END-- [ RunTime:0.000695s ]

[ 2016-01-15T13:23:57+08:00 ] 101.226.125.117 /admin/Home/omron/vote?code=62b3c23dd1cee1b0cdb5a796fc9ed18f&state=STATE
INFO: [ app_init ] --START--
INFO: Run Behavior\BuildLiteBehavior [ RunTime:0.000015s ]
INFO: [ app_init ] --END-- [ RunTime:0.000262s ]
INFO: [ app_begin ] --START--
INFO: Run Behavior\ReadHtmlCacheBehavior [ RunTime:0.000325s ]
INFO: [ app_begin ] --END-- [ RunTime:0.000380s ]
SQL: SHOW COLUMNS FROM `omronvote` [ RunTime:0.0008s ]
SQL: SELECT `access_token`,`endtime` FROM `omronvote` WHERE ( `id`=12 ) LIMIT 1   [ RunTime:0.0003s ]
SQL: SELECT `id` FROM `omronvote` WHERE ( `id`=14 ) LIMIT 1   [ RunTime:0.0004s ]
SQL: UPDATE `omronvote` SET `access_token`='OuyBZ2BVp9RgVwxn-wVcIyvRG4mAuBnuKGRbvV40pmvQPz_U7-DLEk6eFBU0V93ogIk1ZxwKl2lKZjmOrRp10g',`endtime`='1452842637' WHERE ( `id`=14 ) [ RunTime:0.0003s ]
SQL: SELECT `id` FROM `omronvote` WHERE ( `id`=14 ) LIMIT 1   [ RunTime:0.0004s ]
SQL: UPDATE `omronvote` SET `access_token`='OuyBZ2BVp9RgVwxn-wVcIyvRG4mAuBnuKGRbvV40pmvQPz_U7-DLEk6eFBU0V93ogIk1ZxwKl2lKZjmOrRp10g',`endtime`='1452842637' WHERE ( `id`=14 ) [ RunTime:0.0003s ]
NOTIC: [8] Undefined index: UserID /home/wwwroot/admin/Application/Home/Controller/OmronController.class.php 第 22 行.
SQL: SHOW COLUMNS FROM `omronvote_poll` [ RunTime:0.0009s ]
SQL: SELECT `id` FROM `omronvote_poll` WHERE ( `userid`='35850286' and `deviceid`='046b333d02ba9c002f55f437bc61c2ff' ) LIMIT 1   [ RunTime:0.0003s ]
SQL: SHOW COLUMNS FROM `omronvote_vote` [ RunTime:0.0006s ]
SQL: SELECT `id` FROM `omronvote_vote` WHERE ( `openid`='35850286' and `deviceid`='046b333d02ba9c002f55f437bc61c2ff' and `fid`=1 ) LIMIT 1   [ RunTime:0.0003s ]
SQL: SELECT COUNT(*) AS tp_count FROM `omronvote_vote` WHERE ( `fid`=1 ) LIMIT 1   [ RunTime:0.0003s ]
SQL: SELECT `id` FROM `omronvote_vote` WHERE ( `openid`='35850286' and `deviceid`='046b333d02ba9c002f55f437bc61c2ff' and `fid`=2 ) LIMIT 1   [ RunTime:0.0003s ]
SQL: SELECT COUNT(*) AS tp_count FROM `omronvote_vote` WHERE ( `fid`=2 ) LIMIT 1   [ RunTime:0.0003s ]
SQL: SELECT `id` FROM `omronvote_vote` WHERE ( `openid`='35850286' and `deviceid`='046b333d02ba9c002f55f437bc61c2ff' and `fid`=3 ) LIMIT 1   [ RunTime:0.0003s ]
SQL: SELECT COUNT(*) AS tp_count FROM `omronvote_vote` WHERE ( `fid`=3 ) LIMIT 1   [ RunTime:0.0003s ]
SQL: SELECT `id` FROM `omronvote_vote` WHERE ( `openid`='35850286' and `deviceid`='046b333d02ba9c002f55f437bc61c2ff' and `fid`=4 ) LIMIT 1   [ RunTime:0.0003s ]
SQL: SELECT COUNT(*) AS tp_count FROM `omronvote_vote` WHERE ( `fid`=4 ) LIMIT 1   [ RunTime:0.0003s ]
SQL: SELECT `id` FROM `omronvote_vote` WHERE ( `openid`='35850286' and `deviceid`='046b333d02ba9c002f55f437bc61c2ff' and `fid`=5 ) LIMIT 1   [ RunTime:0.0003s ]
SQL: SELECT COUNT(*) AS tp_count FROM `omronvote_vote` WHERE ( `fid`=5 ) LIMIT 1   [ RunTime:0.0003s ]
SQL: SELECT `id` FROM `omronvote_vote` WHERE ( `openid`='35850286' and `deviceid`='046b333d02ba9c002f55f437bc61c2ff' and `fid`=6 ) LIMIT 1   [ RunTime:0.0003s ]
SQL: SELECT COUNT(*) AS tp_count FROM `omronvote_vote` WHERE ( `fid`=6 ) LIMIT 1   [ RunTime:0.0003s ]
SQL: SELECT `id` FROM `omronvote_vote` WHERE ( `openid`='35850286' and `deviceid`='046b333d02ba9c002f55f437bc61c2ff' and `fid`=7 ) LIMIT 1   [ RunTime:0.0003s ]
SQL: SELECT COUNT(*) AS tp_count FROM `omronvote_vote` WHERE ( `fid`=7 ) LIMIT 1   [ RunTime:0.0003s ]
SQL: SELECT `id` FROM `omronvote_vote` WHERE ( `openid`='35850286' and `deviceid`='046b333d02ba9c002f55f437bc61c2ff' and `fid`=8 ) LIMIT 1   [ RunTime:0.0003s ]
SQL: SELECT COUNT(*) AS tp_count FROM `omronvote_vote` WHERE ( `fid`=8 ) LIMIT 1   [ RunTime:0.0003s ]
SQL: SELECT `id` FROM `omronvote_vote` WHERE ( `openid`='35850286' and `deviceid`='046b333d02ba9c002f55f437bc61c2ff' and `fid`=9 ) LIMIT 1   [ RunTime:0.0003s ]
SQL: SELECT COUNT(*) AS tp_count FROM `omronvote_vote` WHERE ( `fid`=9 ) LIMIT 1   [ RunTime:0.0003s ]
SQL: SELECT `id` FROM `omronvote_vote` WHERE ( `openid`='35850286' and `deviceid`='046b333d02ba9c002f55f437bc61c2ff' and `fid`=10 ) LIMIT 1   [ RunTime:0.0003s ]
SQL: SELECT COUNT(*) AS tp_count FROM `omronvote_vote` WHERE ( `fid`=10 ) LIMIT 1   [ RunTime:0.0003s ]
SQL: SELECT `id` FROM `omronvote_vote` WHERE ( `openid`='35850286' and `deviceid`='046b333d02ba9c002f55f437bc61c2ff' and `fid`=11 ) LIMIT 1   [ RunTime:0.0003s ]
SQL: SELECT COUNT(*) AS tp_count FROM `omronvote_vote` WHERE ( `fid`=11 ) LIMIT 1   [ RunTime:0.0003s ]
SQL: SELECT `id` FROM `omronvote_vote` WHERE ( `openid`='35850286' and `deviceid`='046b333d02ba9c002f55f437bc61c2ff' and `fid`=12 ) LIMIT 1   [ RunTime:0.0003s ]
SQL: SELECT COUNT(*) AS tp_count FROM `omronvote_vote` WHERE ( `fid`=12 ) LIMIT 1   [ RunTime:0.0003s ]
SQL: SELECT `id` FROM `omronvote_vote` WHERE ( `openid`='35850286' and `deviceid`='046b333d02ba9c002f55f437bc61c2ff' and `fid`=13 ) LIMIT 1   [ RunTime:0.0003s ]
SQL: SELECT COUNT(*) AS tp_count FROM `omronvote_vote` WHERE ( `fid`=13 ) LIMIT 1   [ RunTime:0.0003s ]
SQL: SELECT `id` FROM `omronvote_vote` WHERE ( `openid`='35850286' and `deviceid`='046b333d02ba9c002f55f437bc61c2ff' and `fid`=14 ) LIMIT 1   [ RunTime:0.0003s ]
SQL: SELECT COUNT(*) AS tp_count FROM `omronvote_vote` WHERE ( `fid`=14 ) LIMIT 1   [ RunTime:0.0003s ]
SQL: SELECT `id` FROM `omronvote_vote` WHERE ( `openid`='35850286' and `deviceid`='046b333d02ba9c002f55f437bc61c2ff' and `fid`=15 ) LIMIT 1   [ RunTime:0.0003s ]
SQL: SELECT COUNT(*) AS tp_count FROM `omronvote_vote` WHERE ( `fid`=15 ) LIMIT 1   [ RunTime:0.0003s ]
SQL: SELECT `id` FROM `omronvote_vote` WHERE ( `openid`='35850286' and `deviceid`='046b333d02ba9c002f55f437bc61c2ff' and `fid`=16 ) LIMIT 1   [ RunTime:0.0003s ]
SQL: SELECT COUNT(*) AS tp_count FROM `omronvote_vote` WHERE ( `fid`=16 ) LIMIT 1   [ RunTime:0.0003s ]
SQL: SELECT `id` FROM `omronvote_vote` WHERE ( `openid`='35850286' and `deviceid`='046b333d02ba9c002f55f437bc61c2ff' and `fid`=17 ) LIMIT 1   [ RunTime:0.0003s ]
SQL: SELECT COUNT(*) AS tp_count FROM `omronvote_vote` WHERE ( `fid`=17 ) LIMIT 1   [ RunTime:0.0003s ]
SQL: SELECT `id` FROM `omronvote_vote` WHERE ( `openid`='35850286' and `deviceid`='046b333d02ba9c002f55f437bc61c2ff' and `fid`=18 ) LIMIT 1   [ RunTime:0.0003s ]
SQL: SELECT COUNT(*) AS tp_count FROM `omronvote_vote` WHERE ( `fid`=18 ) LIMIT 1   [ RunTime:0.0003s ]
SQL: SELECT `id` FROM `omronvote_vote` WHERE ( `openid`='35850286' and `deviceid`='046b333d02ba9c002f55f437bc61c2ff' and `fid`=19 ) LIMIT 1   [ RunTime:0.0003s ]
SQL: SELECT COUNT(*) AS tp_count FROM `omronvote_vote` WHERE ( `fid`=19 ) LIMIT 1   [ RunTime:0.0003s ]
SQL: SELECT `id` FROM `omronvote_vote` WHERE ( `openid`='35850286' and `deviceid`='046b333d02ba9c002f55f437bc61c2ff' and `fid`=20 ) LIMIT 1   [ RunTime:0.0003s ]
SQL: SELECT COUNT(*) AS tp_count FROM `omronvote_vote` WHERE ( `fid`=20 ) LIMIT 1   [ RunTime:0.0003s ]
SQL: SELECT `id` FROM `omronvote_vote` WHERE ( `openid`='35850286' and `deviceid`='046b333d02ba9c002f55f437bc61c2ff' and `fid`=21 ) LIMIT 1   [ RunTime:0.0003s ]
SQL: SELECT COUNT(*) AS tp_count FROM `omronvote_vote` WHERE ( `fid`=21 ) LIMIT 1   [ RunTime:0.0003s ]
SQL: SELECT `id` FROM `omronvote_vote` WHERE ( `openid`='35850286' and `deviceid`='046b333d02ba9c002f55f437bc61c2ff' and `fid`=22 ) LIMIT 1   [ RunTime:0.0003s ]
SQL: SELECT COUNT(*) AS tp_count FROM `omronvote_vote` WHERE ( `fid`=22 ) LIMIT 1   [ RunTime:0.0003s ]
SQL: SELECT `id` FROM `omronvote_vote` WHERE ( `openid`='35850286' and `deviceid`='046b333d02ba9c002f55f437bc61c2ff' and `fid`=23 ) LIMIT 1   [ RunTime:0.0003s ]
SQL: SELECT COUNT(*) AS tp_count FROM `omronvote_vote` WHERE ( `fid`=23 ) LIMIT 1   [ RunTime:0.0003s ]
SQL: SELECT `id` FROM `omronvote_vote` WHERE ( `openid`='35850286' and `deviceid`='046b333d02ba9c002f55f437bc61c2ff' and `fid`=24 ) LIMIT 1   [ RunTime:0.0003s ]
SQL: SELECT COUNT(*) AS tp_count FROM `omronvote_vote` WHERE ( `fid`=24 ) LIMIT 1   [ RunTime:0.0003s ]
SQL: SELECT `id` FROM `omronvote_vote` WHERE ( `openid`='35850286' and `deviceid`='046b333d02ba9c002f55f437bc61c2ff' and `fid`=25 ) LIMIT 1   [ RunTime:0.0003s ]
SQL: SELECT COUNT(*) AS tp_count FROM `omronvote_vote` WHERE ( `fid`=25 ) LIMIT 1   [ RunTime:0.0003s ]
SQL: SELECT `id` FROM `omronvote_vote` WHERE ( `openid`='35850286' and `deviceid`='046b333d02ba9c002f55f437bc61c2ff' and `fid`=26 ) LIMIT 1   [ RunTime:0.0003s ]
SQL: SELECT COUNT(*) AS tp_count FROM `omronvote_vote` WHERE ( `fid`=26 ) LIMIT 1   [ RunTime:0.0003s ]
SQL: SELECT `id` FROM `omronvote_vote` WHERE ( `openid`='35850286' and `deviceid`='046b333d02ba9c002f55f437bc61c2ff' and `fid`=27 ) LIMIT 1   [ RunTime:0.0003s ]
SQL: SELECT COUNT(*) AS tp_count FROM `omronvote_vote` WHERE ( `fid`=27 ) LIMIT 1   [ RunTime:0.0003s ]
SQL: SELECT `id` FROM `omronvote_vote` WHERE ( `openid`='35850286' and `deviceid`='046b333d02ba9c002f55f437bc61c2ff' and `fid`=28 ) LIMIT 1   [ RunTime:0.0003s ]
SQL: SELECT COUNT(*) AS tp_count FROM `omronvote_vote` WHERE ( `fid`=28 ) LIMIT 1   [ RunTime:0.0003s ]
SQL: SELECT `id` FROM `omronvote_vote` WHERE ( `openid`='35850286' and `deviceid`='046b333d02ba9c002f55f437bc61c2ff' and `fid`=29 ) LIMIT 1   [ RunTime:0.0003s ]
SQL: SELECT COUNT(*) AS tp_count FROM `omronvote_vote` WHERE ( `fid`=29 ) LIMIT 1   [ RunTime:0.0003s ]
SQL: SELECT `id` FROM `omronvote_vote` WHERE ( `openid`='35850286' and `deviceid`='046b333d02ba9c002f55f437bc61c2ff' and `fid`=30 ) LIMIT 1   [ RunTime:0.0003s ]
SQL: SELECT COUNT(*) AS tp_count FROM `omronvote_vote` WHERE ( `fid`=30 ) LIMIT 1   [ RunTime:0.0003s ]
SQL: SELECT `id` FROM `omronvote_vote` WHERE ( `openid`='35850286' and `deviceid`='046b333d02ba9c002f55f437bc61c2ff' and `fid`=31 ) LIMIT 1   [ RunTime:0.0003s ]
SQL: SELECT COUNT(*) AS tp_count FROM `omronvote_vote` WHERE ( `fid`=31 ) LIMIT 1   [ RunTime:0.0003s ]
SQL: SELECT `id` FROM `omronvote_vote` WHERE ( `openid`='35850286' and `deviceid`='046b333d02ba9c002f55f437bc61c2ff' and `fid`=32 ) LIMIT 1   [ RunTime:0.0003s ]
SQL: SELECT COUNT(*) AS tp_count FROM `omronvote_vote` WHERE ( `fid`=32 ) LIMIT 1   [ RunTime:0.0003s ]
SQL: SELECT `id` FROM `omronvote_vote` WHERE ( `openid`='35850286' and `deviceid`='046b333d02ba9c002f55f437bc61c2ff' and `fid`=33 ) LIMIT 1   [ RunTime:0.0003s ]
SQL: SELECT COUNT(*) AS tp_count FROM `omronvote_vote` WHERE ( `fid`=33 ) LIMIT 1   [ RunTime:0.0003s ]
SQL: SELECT `id` FROM `omronvote_vote` WHERE ( `openid`='35850286' and `deviceid`='046b333d02ba9c002f55f437bc61c2ff' and `fid`=34 ) LIMIT 1   [ RunTime:0.0003s ]
SQL: SELECT COUNT(*) AS tp_count FROM `omronvote_vote` WHERE ( `fid`=34 ) LIMIT 1   [ RunTime:0.0003s ]
SQL: SELECT `id` FROM `omronvote_vote` WHERE ( `openid`='35850286' and `deviceid`='046b333d02ba9c002f55f437bc61c2ff' and `fid`=35 ) LIMIT 1   [ RunTime:0.0003s ]
SQL: SELECT COUNT(*) AS tp_count FROM `omronvote_vote` WHERE ( `fid`=35 ) LIMIT 1   [ RunTime:0.0003s ]
SQL: SELECT `id` FROM `omronvote_vote` WHERE ( `openid`='35850286' and `deviceid`='046b333d02ba9c002f55f437bc61c2ff' and `fid`=36 ) LIMIT 1   [ RunTime:0.0003s ]
SQL: SELECT COUNT(*) AS tp_count FROM `omronvote_vote` WHERE ( `fid`=36 ) LIMIT 1   [ RunTime:0.0003s ]
SQL: SELECT `id` FROM `omronvote_vote` WHERE ( `openid`='35850286' and `deviceid`='046b333d02ba9c002f55f437bc61c2ff' and `fid`=37 ) LIMIT 1   [ RunTime:0.0003s ]
SQL: SELECT COUNT(*) AS tp_count FROM `omronvote_vote` WHERE ( `fid`=37 ) LIMIT 1   [ RunTime:0.0003s ]
SQL: SELECT `id` FROM `omronvote_vote` WHERE ( `openid`='35850286' and `deviceid`='046b333d02ba9c002f55f437bc61c2ff' and `fid`=38 ) LIMIT 1   [ RunTime:0.0003s ]
SQL: SELECT COUNT(*) AS tp_count FROM `omronvote_vote` WHERE ( `fid`=38 ) LIMIT 1   [ RunTime:0.0003s ]
SQL: SELECT `id` FROM `omronvote_vote` WHERE ( `openid`='35850286' and `deviceid`='046b333d02ba9c002f55f437bc61c2ff' and `fid`=39 ) LIMIT 1   [ RunTime:0.0003s ]
SQL: SELECT COUNT(*) AS tp_count FROM `omronvote_vote` WHERE ( `fid`=39 ) LIMIT 1   [ RunTime:0.0003s ]
SQL: SELECT `id` FROM `omronvote_vote` WHERE ( `openid`='35850286' and `deviceid`='046b333d02ba9c002f55f437bc61c2ff' and `fid`=40 ) LIMIT 1   [ RunTime:0.0003s ]
SQL: SELECT COUNT(*) AS tp_count FROM `omronvote_vote` WHERE ( `fid`=40 ) LIMIT 1   [ RunTime:0.0003s ]
SQL: SELECT `id` FROM `omronvote_vote` WHERE ( `openid`='35850286' and `deviceid`='046b333d02ba9c002f55f437bc61c2ff' and `fid`=41 ) LIMIT 1   [ RunTime:0.0003s ]
SQL: SELECT COUNT(*) AS tp_count FROM `omronvote_vote` WHERE ( `fid`=41 ) LIMIT 1   [ RunTime:0.0003s ]
INFO: [ view_parse ] --START--
INFO: [ template_filter ] --START--
INFO: Run Behavior\ContentReplaceBehavior [ RunTime:0.000133s ]
INFO: [ template_filter ] --END-- [ RunTime:0.000200s ]
INFO: Run Behavior\ParseTemplateBehavior [ RunTime:0.022104s ]
INFO: [ view_parse ] --END-- [ RunTime:0.022168s ]
INFO: [ view_filter ] --START--
INFO: Run Behavior\WriteHtmlCacheBehavior [ RunTime:0.000116s ]
INFO: [ view_filter ] --END-- [ RunTime:0.000167s ]
INFO: [ app_end ] --START--
INFO: Run Behavior\ShowPageTraceBehavior [ RunTime:0.000606s ]
INFO: [ app_end ] --END-- [ RunTime:0.000737s ]

[ 2016-01-15T16:20:39+08:00 ] 111.193.228.193 /admin/home/omron/index
INFO: [ app_init ] --START--
INFO: Run Behavior\BuildLiteBehavior [ RunTime:0.000015s ]
INFO: [ app_init ] --END-- [ RunTime:0.000296s ]
INFO: [ app_begin ] --START--
INFO: Run Behavior\ReadHtmlCacheBehavior [ RunTime:0.000328s ]
INFO: [ app_begin ] --END-- [ RunTime:0.000383s ]
SQL: SHOW COLUMNS FROM `omronvote` [ RunTime:0.0008s ]
SQL: SELECT `access_token`,`endtime` FROM `omronvote` WHERE ( `id`=12 ) LIMIT 1   [ RunTime:0.0003s ]
SQL: SELECT `id` FROM `omronvote` WHERE ( `id`=14 ) LIMIT 1   [ RunTime:0.0004s ]
SQL: UPDATE `omronvote` SET `access_token`='gQqdBMOzlKDbVA7f6In92cKTBfBS_pwist5TupT7KO5O3-pEOacAwjjo3PDxzKK2xMFB7Ptk5KmknJPyxVrZCw',`endtime`='1452853239' WHERE ( `id`=14 ) [ RunTime:0.0003s ]
INFO: [ view_parse ] --START--
INFO: [ template_filter ] --START--
INFO: Run Behavior\ContentReplaceBehavior [ RunTime:0.000042s ]
INFO: [ template_filter ] --END-- [ RunTime:0.000103s ]
INFO: Run Behavior\ParseTemplateBehavior [ RunTime:0.004406s ]
INFO: [ view_parse ] --END-- [ RunTime:0.004470s ]
INFO: [ view_filter ] --START--
INFO: Run Behavior\WriteHtmlCacheBehavior [ RunTime:0.000118s ]
INFO: [ view_filter ] --END-- [ RunTime:0.000167s ]
INFO: [ app_end ] --START--
INFO: Run Behavior\ShowPageTraceBehavior [ RunTime:0.000382s ]
INFO: [ app_end ] --END-- [ RunTime:0.000437s ]

[ 2016-01-15T16:20:40+08:00 ] 111.193.228.193 /admin/Home/omron/vote?code=0a0bea988e9fa67bfb965ba843479d52&state=STATE
INFO: [ app_init ] --START--
INFO: Run Behavior\BuildLiteBehavior [ RunTime:0.000014s ]
INFO: [ app_init ] --END-- [ RunTime:0.000269s ]
INFO: [ app_begin ] --START--
INFO: Run Behavior\ReadHtmlCacheBehavior [ RunTime:0.000325s ]
INFO: [ app_begin ] --END-- [ RunTime:0.000380s ]
SQL: SHOW COLUMNS FROM `omronvote` [ RunTime:0.0008s ]
SQL: SELECT `access_token`,`endtime` FROM `omronvote` WHERE ( `id`=12 ) LIMIT 1   [ RunTime:0.0003s ]
SQL: SELECT `id` FROM `omronvote` WHERE ( `id`=14 ) LIMIT 1   [ RunTime:0.0003s ]
SQL: UPDATE `omronvote` SET `access_token`='gQqdBMOzlKDbVA7f6In92cKTBfBS_pwist5TupT7KO5O3-pEOacAwjjo3PDxzKK2xMFB7Ptk5KmknJPyxVrZCw',`endtime`='1452853240' WHERE ( `id`=14 ) [ RunTime:0.0003s ]
SQL: SELECT `id` FROM `omronvote` WHERE ( `id`=14 ) LIMIT 1   [ RunTime:0.0003s ]
SQL: UPDATE `omronvote` SET `access_token`='gQqdBMOzlKDbVA7f6In92cKTBfBS_pwist5TupT7KO5O3-pEOacAwjjo3PDxzKK2xMFB7Ptk5KmknJPyxVrZCw',`endtime`='1452853240' WHERE ( `id`=14 ) [ RunTime:0.0003s ]
NOTIC: [8] Undefined index: UserID /home/wwwroot/admin/Application/Home/Controller/OmronController.class.php 第 22 行.
NOTIC: [8] Undefined index: UserId /home/wwwroot/admin/Application/Home/Controller/OmronController.class.php 第 24 行.
NOTIC: [8] Undefined index: UserId /home/wwwroot/admin/Application/Home/Controller/OmronController.class.php 第 25 行.
SQL: SHOW COLUMNS FROM `omronvote_poll` [ RunTime:0.0009s ]
NOTIC: [8] Undefined index: UserId /home/wwwroot/admin/Application/Home/Controller/OmronController.class.php 第 27 行.
SQL: SELECT `id` FROM `omronvote_poll` WHERE ( `userid`='' and `deviceid`='684904285fddd541b73b51feea806f6c' ) LIMIT 1   [ RunTime:0.0003s ]
ERR: 1048:Column 'userid' cannot be null
 [ SQL语句 ] : INSERT INTO `omronvote_poll` (`deviceid`,`userid`) VALUES ('684904285fddd541b73b51feea806f6c',NULL)
ERR: 1048:Column 'userid' cannot be null
 [ SQL语句 ] : INSERT INTO `omronvote_poll` (`deviceid`,`userid`) VALUES ('684904285fddd541b73b51feea806f6c',NULL)

[ 2016-01-15T16:20:42+08:00 ] 111.193.228.193 /admin/home/omron/index
INFO: [ app_init ] --START--
INFO: Run Behavior\BuildLiteBehavior [ RunTime:0.000015s ]
INFO: [ app_init ] --END-- [ RunTime:0.000319s ]
INFO: [ app_begin ] --START--
INFO: Run Behavior\ReadHtmlCacheBehavior [ RunTime:0.000326s ]
INFO: [ app_begin ] --END-- [ RunTime:0.000381s ]
SQL: SHOW COLUMNS FROM `omronvote` [ RunTime:0.0008s ]
SQL: SELECT `access_token`,`endtime` FROM `omronvote` WHERE ( `id`=12 ) LIMIT 1   [ RunTime:0.0003s ]
SQL: SELECT `id` FROM `omronvote` WHERE ( `id`=14 ) LIMIT 1   [ RunTime:0.0003s ]
SQL: UPDATE `omronvote` SET `access_token`='gQqdBMOzlKDbVA7f6In92cKTBfBS_pwist5TupT7KO5O3-pEOacAwjjo3PDxzKK2xMFB7Ptk5KmknJPyxVrZCw',`endtime`='1452853242' WHERE ( `id`=14 ) [ RunTime:0.0003s ]
INFO: [ view_parse ] --START--
INFO: [ template_filter ] --START--
INFO: Run Behavior\ContentReplaceBehavior [ RunTime:0.000042s ]
INFO: [ template_filter ] --END-- [ RunTime:0.000104s ]
INFO: Run Behavior\ParseTemplateBehavior [ RunTime:0.004360s ]
INFO: [ view_parse ] --END-- [ RunTime:0.004427s ]
INFO: [ view_filter ] --START--
INFO: Run Behavior\WriteHtmlCacheBehavior [ RunTime:0.000121s ]
INFO: [ view_filter ] --END-- [ RunTime:0.000192s ]
INFO: [ app_end ] --START--
INFO: Run Behavior\ShowPageTraceBehavior [ RunTime:0.000372s ]
INFO: [ app_end ] --END-- [ RunTime:0.000424s ]

[ 2016-01-15T16:20:42+08:00 ] 111.193.228.193 /admin/Home/omron/vote?code=e02c1f863e241d53f3a584f3d61e77c8&state=STATE
INFO: [ app_init ] --START--
INFO: Run Behavior\BuildLiteBehavior [ RunTime:0.000015s ]
INFO: [ app_init ] --END-- [ RunTime:0.000294s ]
INFO: [ app_begin ] --START--
INFO: Run Behavior\ReadHtmlCacheBehavior [ RunTime:0.000322s ]
INFO: [ app_begin ] --END-- [ RunTime:0.000377s ]
SQL: SHOW COLUMNS FROM `omronvote` [ RunTime:0.0008s ]
SQL: SELECT `access_token`,`endtime` FROM `omronvote` WHERE ( `id`=12 ) LIMIT 1   [ RunTime:0.0003s ]
SQL: SELECT `id` FROM `omronvote` WHERE ( `id`=14 ) LIMIT 1   [ RunTime:0.0003s ]
SQL: UPDATE `omronvote` SET `access_token`='gQqdBMOzlKDbVA7f6In92cKTBfBS_pwist5TupT7KO5O3-pEOacAwjjo3PDxzKK2xMFB7Ptk5KmknJPyxVrZCw',`endtime`='1452853242' WHERE ( `id`=14 ) [ RunTime:0.0003s ]
SQL: SELECT `id` FROM `omronvote` WHERE ( `id`=14 ) LIMIT 1   [ RunTime:0.0003s ]
SQL: UPDATE `omronvote` SET `access_token`='gQqdBMOzlKDbVA7f6In92cKTBfBS_pwist5TupT7KO5O3-pEOacAwjjo3PDxzKK2xMFB7Ptk5KmknJPyxVrZCw',`endtime`='1452853242' WHERE ( `id`=14 ) [ RunTime:0.0003s ]
NOTIC: [8] Undefined index: UserID /home/wwwroot/admin/Application/Home/Controller/OmronController.class.php 第 22 行.
NOTIC: [8] Undefined index: UserId /home/wwwroot/admin/Application/Home/Controller/OmronController.class.php 第 24 行.
NOTIC: [8] Undefined index: UserId /home/wwwroot/admin/Application/Home/Controller/OmronController.class.php 第 25 行.
SQL: SHOW COLUMNS FROM `omronvote_poll` [ RunTime:0.0008s ]
NOTIC: [8] Undefined index: UserId /home/wwwroot/admin/Application/Home/Controller/OmronController.class.php 第 27 行.
SQL: SELECT `id` FROM `omronvote_poll` WHERE ( `userid`='' and `deviceid`='684904285fddd541b73b51feea806f6c' ) LIMIT 1   [ RunTime:0.0003s ]
ERR: 1048:Column 'userid' cannot be null
 [ SQL语句 ] : INSERT INTO `omronvote_poll` (`deviceid`,`userid`) VALUES ('684904285fddd541b73b51feea806f6c',NULL)
ERR: 1048:Column 'userid' cannot be null
 [ SQL语句 ] : INSERT INTO `omronvote_poll` (`deviceid`,`userid`) VALUES ('684904285fddd541b73b51feea806f6c',NULL)

[ 2016-01-15T18:41:03+08:00 ] 223.104.5.230 /admin/Home/omron/vote?code=ea6e9c9bb8e127bb437c610634cbb16c&state=STATE
INFO: [ app_init ] --START--
INFO: Run Behavior\BuildLiteBehavior [ RunTime:0.000015s ]
INFO: [ app_init ] --END-- [ RunTime:0.000274s ]
INFO: [ app_begin ] --START--
INFO: Run Behavior\ReadHtmlCacheBehavior [ RunTime:0.000325s ]
INFO: [ app_begin ] --END-- [ RunTime:0.000381s ]
SQL: SHOW COLUMNS FROM `omronvote` [ RunTime:0.0008s ]
SQL: SELECT `access_token`,`endtime` FROM `omronvote` WHERE ( `id`=12 ) LIMIT 1   [ RunTime:0.0003s ]
SQL: SELECT `id` FROM `omronvote` WHERE ( `id`=14 ) LIMIT 1   [ RunTime:0.0004s ]
SQL: UPDATE `omronvote` SET `access_token`='X2zaybEG0qE7Wzxe_eoVFlhw6lSQQ9E6ODSHm_8Hja7l8PERGJfujqGlQ9g7s2rzDxsD8m534Xlr9ZVjsOIHRA',`endtime`='1452861662' WHERE ( `id`=14 ) [ RunTime:0.0004s ]
SQL: SELECT `id` FROM `omronvote` WHERE ( `id`=14 ) LIMIT 1   [ RunTime:0.0004s ]
SQL: UPDATE `omronvote` SET `access_token`='X2zaybEG0qE7Wzxe_eoVFlhw6lSQQ9E6ODSHm_8Hja7l8PERGJfujqGlQ9g7s2rzDxsD8m534Xlr9ZVjsOIHRA',`endtime`='1452861662' WHERE ( `id`=14 ) [ RunTime:0.0003s ]
NOTIC: [8] Undefined index: UserID /home/wwwroot/admin/Application/Home/Controller/OmronController.class.php 第 22 行.
SQL: SHOW COLUMNS FROM `omronvote_poll` [ RunTime:0.0009s ]
SQL: SELECT `id` FROM `omronvote_poll` WHERE ( `userid`='0CB204009' and `deviceid`='97b638befb879b2436382c3b0769a554' ) LIMIT 1   [ RunTime:0.0003s ]
SQL: SHOW COLUMNS FROM `omronvote_vote` [ RunTime:0.0006s ]
SQL: SELECT `id` FROM `omronvote_vote` WHERE ( `openid`='0CB204009' and `deviceid`='97b638befb879b2436382c3b0769a554' and `fid`=1 ) LIMIT 1   [ RunTime:0.0003s ]
SQL: SELECT COUNT(*) AS tp_count FROM `omronvote_vote` WHERE ( `fid`=1 ) LIMIT 1   [ RunTime:0.0003s ]
SQL: SELECT `id` FROM `omronvote_vote` WHERE ( `openid`='0CB204009' and `deviceid`='97b638befb879b2436382c3b0769a554' and `fid`=2 ) LIMIT 1   [ RunTime:0.0003s ]
SQL: SELECT COUNT(*) AS tp_count FROM `omronvote_vote` WHERE ( `fid`=2 ) LIMIT 1   [ RunTime:0.0003s ]
SQL: SELECT `id` FROM `omronvote_vote` WHERE ( `openid`='0CB204009' and `deviceid`='97b638befb879b2436382c3b0769a554' and `fid`=3 ) LIMIT 1   [ RunTime:0.0003s ]
SQL: SELECT COUNT(*) AS tp_count FROM `omronvote_vote` WHERE ( `fid`=3 ) LIMIT 1   [ RunTime:0.0003s ]
SQL: SELECT `id` FROM `omronvote_vote` WHERE ( `openid`='0CB204009' and `deviceid`='97b638befb879b2436382c3b0769a554' and `fid`=4 ) LIMIT 1   [ RunTime:0.0003s ]
SQL: SELECT COUNT(*) AS tp_count FROM `omronvote_vote` WHERE ( `fid`=4 ) LIMIT 1   [ RunTime:0.0003s ]
SQL: SELECT `id` FROM `omronvote_vote` WHERE ( `openid`='0CB204009' and `deviceid`='97b638befb879b2436382c3b0769a554' and `fid`=5 ) LIMIT 1   [ RunTime:0.0003s ]
SQL: SELECT COUNT(*) AS tp_count FROM `omronvote_vote` WHERE ( `fid`=5 ) LIMIT 1   [ RunTime:0.0003s ]
SQL: SELECT `id` FROM `omronvote_vote` WHERE ( `openid`='0CB204009' and `deviceid`='97b638befb879b2436382c3b0769a554' and `fid`=6 ) LIMIT 1   [ RunTime:0.0003s ]
SQL: SELECT COUNT(*) AS tp_count FROM `omronvote_vote` WHERE ( `fid`=6 ) LIMIT 1   [ RunTime:0.0003s ]
SQL: SELECT `id` FROM `omronvote_vote` WHERE ( `openid`='0CB204009' and `deviceid`='97b638befb879b2436382c3b0769a554' and `fid`=7 ) LIMIT 1   [ RunTime:0.0003s ]
SQL: SELECT COUNT(*) AS tp_count FROM `omronvote_vote` WHERE ( `fid`=7 ) LIMIT 1   [ RunTime:0.0003s ]
SQL: SELECT `id` FROM `omronvote_vote` WHERE ( `openid`='0CB204009' and `deviceid`='97b638befb879b2436382c3b0769a554' and `fid`=8 ) LIMIT 1   [ RunTime:0.0003s ]
SQL: SELECT COUNT(*) AS tp_count FROM `omronvote_vote` WHERE ( `fid`=8 ) LIMIT 1   [ RunTime:0.0003s ]
SQL: SELECT `id` FROM `omronvote_vote` WHERE ( `openid`='0CB204009' and `deviceid`='97b638befb879b2436382c3b0769a554' and `fid`=9 ) LIMIT 1   [ RunTime:0.0003s ]
SQL: SELECT COUNT(*) AS tp_count FROM `omronvote_vote` WHERE ( `fid`=9 ) LIMIT 1   [ RunTime:0.0003s ]
SQL: SELECT `id` FROM `omronvote_vote` WHERE ( `openid`='0CB204009' and `deviceid`='97b638befb879b2436382c3b0769a554' and `fid`=10 ) LIMIT 1   [ RunTime:0.0003s ]
SQL: SELECT COUNT(*) AS tp_count FROM `omronvote_vote` WHERE ( `fid`=10 ) LIMIT 1   [ RunTime:0.0003s ]
SQL: SELECT `id` FROM `omronvote_vote` WHERE ( `openid`='0CB204009' and `deviceid`='97b638befb879b2436382c3b0769a554' and `fid`=11 ) LIMIT 1   [ RunTime:0.0003s ]
SQL: SELECT COUNT(*) AS tp_count FROM `omronvote_vote` WHERE ( `fid`=11 ) LIMIT 1   [ RunTime:0.0003s ]
SQL: SELECT `id` FROM `omronvote_vote` WHERE ( `openid`='0CB204009' and `deviceid`='97b638befb879b2436382c3b0769a554' and `fid`=12 ) LIMIT 1   [ RunTime:0.0003s ]
SQL: SELECT COUNT(*) AS tp_count FROM `omronvote_vote` WHERE ( `fid`=12 ) LIMIT 1   [ RunTime:0.0003s ]
SQL: SELECT `id` FROM `omronvote_vote` WHERE ( `openid`='0CB204009' and `deviceid`='97b638befb879b2436382c3b0769a554' and `fid`=13 ) LIMIT 1   [ RunTime:0.0003s ]
SQL: SELECT COUNT(*) AS tp_count FROM `omronvote_vote` WHERE ( `fid`=13 ) LIMIT 1   [ RunTime:0.0003s ]
SQL: SELECT `id` FROM `omronvote_vote` WHERE ( `openid`='0CB204009' and `deviceid`='97b638befb879b2436382c3b0769a554' and `fid`=14 ) LIMIT 1   [ RunTime:0.0003s ]
SQL: SELECT COUNT(*) AS tp_count FROM `omronvote_vote` WHERE ( `fid`=14 ) LIMIT 1   [ RunTime:0.0003s ]
SQL: SELECT `id` FROM `omronvote_vote` WHERE ( `openid`='0CB204009' and `deviceid`='97b638befb879b2436382c3b0769a554' and `fid`=15 ) LIMIT 1   [ RunTime:0.0003s ]
SQL: SELECT COUNT(*) AS tp_count FROM `omronvote_vote` WHERE ( `fid`=15 ) LIMIT 1   [ RunTime:0.0003s ]
SQL: SELECT `id` FROM `omronvote_vote` WHERE ( `openid`='0CB204009' and `deviceid`='97b638befb879b2436382c3b0769a554' and `fid`=16 ) LIMIT 1   [ RunTime:0.0003s ]
SQL: SELECT COUNT(*) AS tp_count FROM `omronvote_vote` WHERE ( `fid`=16 ) LIMIT 1   [ RunTime:0.0003s ]
SQL: SELECT `id` FROM `omronvote_vote` WHERE ( `openid`='0CB204009' and `deviceid`='97b638befb879b2436382c3b0769a554' and `fid`=17 ) LIMIT 1   [ RunTime:0.0003s ]
SQL: SELECT COUNT(*) AS tp_count FROM `omronvote_vote` WHERE ( `fid`=17 ) LIMIT 1   [ RunTime:0.0003s ]
SQL: SELECT `id` FROM `omronvote_vote` WHERE ( `openid`='0CB204009' and `deviceid`='97b638befb879b2436382c3b0769a554' and `fid`=18 ) LIMIT 1   [ RunTime:0.0003s ]
SQL: SELECT COUNT(*) AS tp_count FROM `omronvote_vote` WHERE ( `fid`=18 ) LIMIT 1   [ RunTime:0.0003s ]
SQL: SELECT `id` FROM `omronvote_vote` WHERE ( `openid`='0CB204009' and `deviceid`='97b638befb879b2436382c3b0769a554' and `fid`=19 ) LIMIT 1   [ RunTime:0.0003s ]
SQL: SELECT COUNT(*) AS tp_count FROM `omronvote_vote` WHERE ( `fid`=19 ) LIMIT 1   [ RunTime:0.0003s ]
SQL: SELECT `id` FROM `omronvote_vote` WHERE ( `openid`='0CB204009' and `deviceid`='97b638befb879b2436382c3b0769a554' and `fid`=20 ) LIMIT 1   [ RunTime:0.0003s ]
SQL: SELECT COUNT(*) AS tp_count FROM `omronvote_vote` WHERE ( `fid`=20 ) LIMIT 1   [ RunTime:0.0003s ]
SQL: SELECT `id` FROM `omronvote_vote` WHERE ( `openid`='0CB204009' and `deviceid`='97b638befb879b2436382c3b0769a554' and `fid`=21 ) LIMIT 1   [ RunTime:0.0003s ]
SQL: SELECT COUNT(*) AS tp_count FROM `omronvote_vote` WHERE ( `fid`=21 ) LIMIT 1   [ RunTime:0.0003s ]
SQL: SELECT `id` FROM `omronvote_vote` WHERE ( `openid`='0CB204009' and `deviceid`='97b638befb879b2436382c3b0769a554' and `fid`=22 ) LIMIT 1   [ RunTime:0.0003s ]
SQL: SELECT COUNT(*) AS tp_count FROM `omronvote_vote` WHERE ( `fid`=22 ) LIMIT 1   [ RunTime:0.0003s ]
SQL: SELECT `id` FROM `omronvote_vote` WHERE ( `openid`='0CB204009' and `deviceid`='97b638befb879b2436382c3b0769a554' and `fid`=23 ) LIMIT 1   [ RunTime:0.0003s ]
SQL: SELECT COUNT(*) AS tp_count FROM `omronvote_vote` WHERE ( `fid`=23 ) LIMIT 1   [ RunTime:0.0003s ]
SQL: SELECT `id` FROM `omronvote_vote` WHERE ( `openid`='0CB204009' and `deviceid`='97b638befb879b2436382c3b0769a554' and `fid`=24 ) LIMIT 1   [ RunTime:0.0003s ]
SQL: SELECT COUNT(*) AS tp_count FROM `omronvote_vote` WHERE ( `fid`=24 ) LIMIT 1   [ RunTime:0.0003s ]
SQL: SELECT `id` FROM `omronvote_vote` WHERE ( `openid`='0CB204009' and `deviceid`='97b638befb879b2436382c3b0769a554' and `fid`=25 ) LIMIT 1   [ RunTime:0.0003s ]
SQL: SELECT COUNT(*) AS tp_count FROM `omronvote_vote` WHERE ( `fid`=25 ) LIMIT 1   [ RunTime:0.0003s ]
SQL: SELECT `id` FROM `omronvote_vote` WHERE ( `openid`='0CB204009' and `deviceid`='97b638befb879b2436382c3b0769a554' and `fid`=26 ) LIMIT 1   [ RunTime:0.0003s ]
SQL: SELECT COUNT(*) AS tp_count FROM `omronvote_vote` WHERE ( `fid`=26 ) LIMIT 1   [ RunTime:0.0003s ]
SQL: SELECT `id` FROM `omronvote_vote` WHERE ( `openid`='0CB204009' and `deviceid`='97b638befb879b2436382c3b0769a554' and `fid`=27 ) LIMIT 1   [ RunTime:0.0003s ]
SQL: SELECT COUNT(*) AS tp_count FROM `omronvote_vote` WHERE ( `fid`=27 ) LIMIT 1   [ RunTime:0.0003s ]
SQL: SELECT `id` FROM `omronvote_vote` WHERE ( `openid`='0CB204009' and `deviceid`='97b638befb879b2436382c3b0769a554' and `fid`=28 ) LIMIT 1   [ RunTime:0.0003s ]
SQL: SELECT COUNT(*) AS tp_count FROM `omronvote_vote` WHERE ( `fid`=28 ) LIMIT 1   [ RunTime:0.0003s ]
SQL: SELECT `id` FROM `omronvote_vote` WHERE ( `openid`='0CB204009' and `deviceid`='97b638befb879b2436382c3b0769a554' and `fid`=29 ) LIMIT 1   [ RunTime:0.0003s ]
SQL: SELECT COUNT(*) AS tp_count FROM `omronvote_vote` WHERE ( `fid`=29 ) LIMIT 1   [ RunTime:0.0003s ]
SQL: SELECT `id` FROM `omronvote_vote` WHERE ( `openid`='0CB204009' and `deviceid`='97b638befb879b2436382c3b0769a554' and `fid`=30 ) LIMIT 1   [ RunTime:0.0003s ]
SQL: SELECT COUNT(*) AS tp_count FROM `omronvote_vote` WHERE ( `fid`=30 ) LIMIT 1   [ RunTime:0.0003s ]
SQL: SELECT `id` FROM `omronvote_vote` WHERE ( `openid`='0CB204009' and `deviceid`='97b638befb879b2436382c3b0769a554' and `fid`=31 ) LIMIT 1   [ RunTime:0.0003s ]
SQL: SELECT COUNT(*) AS tp_count FROM `omronvote_vote` WHERE ( `fid`=31 ) LIMIT 1   [ RunTime:0.0003s ]
SQL: SELECT `id` FROM `omronvote_vote` WHERE ( `openid`='0CB204009' and `deviceid`='97b638befb879b2436382c3b0769a554' and `fid`=32 ) LIMIT 1   [ RunTime:0.0003s ]
SQL: SELECT COUNT(*) AS tp_count FROM `omronvote_vote` WHERE ( `fid`=32 ) LIMIT 1   [ RunTime:0.0003s ]
SQL: SELECT `id` FROM `omronvote_vote` WHERE ( `openid`='0CB204009' and `deviceid`='97b638befb879b2436382c3b0769a554' and `fid`=33 ) LIMIT 1   [ RunTime:0.0003s ]
SQL: SELECT COUNT(*) AS tp_count FROM `omronvote_vote` WHERE ( `fid`=33 ) LIMIT 1   [ RunTime:0.0010s ]
SQL: SELECT `id` FROM `omronvote_vote` WHERE ( `openid`='0CB204009' and `deviceid`='97b638befb879b2436382c3b0769a554' and `fid`=34 ) LIMIT 1   [ RunTime:0.0003s ]
SQL: SELECT COUNT(*) AS tp_count FROM `omronvote_vote` WHERE ( `fid`=34 ) LIMIT 1   [ RunTime:0.0003s ]
SQL: SELECT `id` FROM `omronvote_vote` WHERE ( `openid`='0CB204009' and `deviceid`='97b638befb879b2436382c3b0769a554' and `fid`=35 ) LIMIT 1   [ RunTime:0.0003s ]
SQL: SELECT COUNT(*) AS tp_count FROM `omronvote_vote` WHERE ( `fid`=35 ) LIMIT 1   [ RunTime:0.0003s ]
SQL: SELECT `id` FROM `omronvote_vote` WHERE ( `openid`='0CB204009' and `deviceid`='97b638befb879b2436382c3b0769a554' and `fid`=36 ) LIMIT 1   [ RunTime:0.0003s ]
SQL: SELECT COUNT(*) AS tp_count FROM `omronvote_vote` WHERE ( `fid`=36 ) LIMIT 1   [ RunTime:0.0003s ]
SQL: SELECT `id` FROM `omronvote_vote` WHERE ( `openid`='0CB204009' and `deviceid`='97b638befb879b2436382c3b0769a554' and `fid`=37 ) LIMIT 1   [ RunTime:0.0003s ]
SQL: SELECT COUNT(*) AS tp_count FROM `omronvote_vote` WHERE ( `fid`=37 ) LIMIT 1   [ RunTime:0.0003s ]
SQL: SELECT `id` FROM `omronvote_vote` WHERE ( `openid`='0CB204009' and `deviceid`='97b638befb879b2436382c3b0769a554' and `fid`=38 ) LIMIT 1   [ RunTime:0.0003s ]
SQL: SELECT COUNT(*) AS tp_count FROM `omronvote_vote` WHERE ( `fid`=38 ) LIMIT 1   [ RunTime:0.0003s ]
SQL: SELECT `id` FROM `omronvote_vote` WHERE ( `openid`='0CB204009' and `deviceid`='97b638befb879b2436382c3b0769a554' and `fid`=39 ) LIMIT 1   [ RunTime:0.0003s ]
SQL: SELECT COUNT(*) AS tp_count FROM `omronvote_vote` WHERE ( `fid`=39 ) LIMIT 1   [ RunTime:0.0003s ]
SQL: SELECT `id` FROM `omronvote_vote` WHERE ( `openid`='0CB204009' and `deviceid`='97b638befb879b2436382c3b0769a554' and `fid`=40 ) LIMIT 1   [ RunTime:0.0003s ]
SQL: SELECT COUNT(*) AS tp_count FROM `omronvote_vote` WHERE ( `fid`=40 ) LIMIT 1   [ RunTime:0.0003s ]
SQL: SELECT `id` FROM `omronvote_vote` WHERE ( `openid`='0CB204009' and `deviceid`='97b638befb879b2436382c3b0769a554' and `fid`=41 ) LIMIT 1   [ RunTime:0.0003s ]
SQL: SELECT COUNT(*) AS tp_count FROM `omronvote_vote` WHERE ( `fid`=41 ) LIMIT 1   [ RunTime:0.0003s ]
INFO: [ view_parse ] --START--
INFO: [ template_filter ] --START--
INFO: Run Behavior\ContentReplaceBehavior [ RunTime:0.000171s ]
INFO: [ template_filter ] --END-- [ RunTime:0.000244s ]
INFO: Run Behavior\ParseTemplateBehavior [ RunTime:0.022560s ]
INFO: [ view_parse ] --END-- [ RunTime:0.022621s ]
INFO: [ view_filter ] --START--
INFO: Run Behavior\WriteHtmlCacheBehavior [ RunTime:0.000122s ]
INFO: [ view_filter ] --END-- [ RunTime:0.000174s ]
INFO: [ app_end ] --START--
INFO: Run Behavior\ShowPageTraceBehavior [ RunTime:0.000565s ]
INFO: [ app_end ] --END-- [ RunTime:0.000688s ]

[ 2016-01-15T19:19:03+08:00 ] 117.136.39.212 /admin/home/omron/index
INFO: [ app_init ] --START--
INFO: Run Behavior\BuildLiteBehavior [ RunTime:0.000015s ]
INFO: [ app_init ] --END-- [ RunTime:0.000300s ]
INFO: [ app_begin ] --START--
INFO: Run Behavior\ReadHtmlCacheBehavior [ RunTime:0.000323s ]
INFO: [ app_begin ] --END-- [ RunTime:0.000378s ]
SQL: SHOW COLUMNS FROM `omronvote` [ RunTime:0.0008s ]
SQL: SELECT `access_token`,`endtime` FROM `omronvote` WHERE ( `id`=12 ) LIMIT 1   [ RunTime:0.0003s ]
SQL: SELECT `id` FROM `omronvote` WHERE ( `id`=14 ) LIMIT 1   [ RunTime:0.0004s ]
SQL: UPDATE `omronvote` SET `access_token`='X2zaybEG0qE7Wzxe_eoVFlhw6lSQQ9E6ODSHm_8Hja7l8PERGJfujqGlQ9g7s2rzDxsD8m534Xlr9ZVjsOIHRA',`endtime`='1452863943' WHERE ( `id`=14 ) [ RunTime:0.0003s ]
INFO: [ view_parse ] --START--
INFO: [ template_filter ] --START--
INFO: Run Behavior\ContentReplaceBehavior [ RunTime:0.000043s ]
INFO: [ template_filter ] --END-- [ RunTime:0.000103s ]
INFO: Run Behavior\ParseTemplateBehavior [ RunTime:0.004257s ]
INFO: [ view_parse ] --END-- [ RunTime:0.004320s ]
INFO: [ view_filter ] --START--
INFO: Run Behavior\WriteHtmlCacheBehavior [ RunTime:0.000112s ]
INFO: [ view_filter ] --END-- [ RunTime:0.000160s ]
INFO: [ app_end ] --START--
INFO: Run Behavior\ShowPageTraceBehavior [ RunTime:0.000402s ]
INFO: [ app_end ] --END-- [ RunTime:0.000455s ]

[ 2016-01-15T19:19:04+08:00 ] 117.136.39.212 /admin/Home/omron/vote?code=4f82b568c0fa2585b7f876b44a6051b2&state=STATE
INFO: [ app_init ] --START--
INFO: Run Behavior\BuildLiteBehavior [ RunTime:0.000015s ]
INFO: [ app_init ] --END-- [ RunTime:0.000324s ]
INFO: [ app_begin ] --START--
INFO: Run Behavior\ReadHtmlCacheBehavior [ RunTime:0.000333s ]
INFO: [ app_begin ] --END-- [ RunTime:0.000389s ]
SQL: SHOW COLUMNS FROM `omronvote` [ RunTime:0.0008s ]
SQL: SELECT `access_token`,`endtime` FROM `omronvote` WHERE ( `id`=12 ) LIMIT 1   [ RunTime:0.0003s ]
SQL: SELECT `id` FROM `omronvote` WHERE ( `id`=14 ) LIMIT 1   [ RunTime:0.0004s ]
SQL: UPDATE `omronvote` SET `access_token`='X2zaybEG0qE7Wzxe_eoVFlhw6lSQQ9E6ODSHm_8Hja7l8PERGJfujqGlQ9g7s2rzDxsD8m534Xlr9ZVjsOIHRA',`endtime`='1452863944' WHERE ( `id`=14 ) [ RunTime:0.0004s ]
SQL: SELECT `id` FROM `omronvote` WHERE ( `id`=14 ) LIMIT 1   [ RunTime:0.0003s ]
SQL: UPDATE `omronvote` SET `access_token`='X2zaybEG0qE7Wzxe_eoVFlhw6lSQQ9E6ODSHm_8Hja7l8PERGJfujqGlQ9g7s2rzDxsD8m534Xlr9ZVjsOIHRA',`endtime`='1452863944' WHERE ( `id`=14 ) [ RunTime:0.0003s ]
NOTIC: [8] Undefined index: UserID /home/wwwroot/admin/Application/Home/Controller/OmronController.class.php 第 22 行.
SQL: SHOW COLUMNS FROM `omronvote_poll` [ RunTime:0.0009s ]
SQL: SELECT `id` FROM `omronvote_poll` WHERE ( `userid`='0CB206006' and `deviceid`='3f64eb57c1ccf5ff051e34498fd18cfc' ) LIMIT 1   [ RunTime:0.0003s ]
SQL: SHOW COLUMNS FROM `omronvote_vote` [ RunTime:0.0006s ]
SQL: SELECT `id` FROM `omronvote_vote` WHERE ( `openid`='0CB206006' and `deviceid`='3f64eb57c1ccf5ff051e34498fd18cfc' and `fid`=1 ) LIMIT 1   [ RunTime:0.0003s ]
SQL: SELECT COUNT(*) AS tp_count FROM `omronvote_vote` WHERE ( `fid`=1 ) LIMIT 1   [ RunTime:0.0003s ]
SQL: SELECT `id` FROM `omronvote_vote` WHERE ( `openid`='0CB206006' and `deviceid`='3f64eb57c1ccf5ff051e34498fd18cfc' and `fid`=2 ) LIMIT 1   [ RunTime:0.0003s ]
SQL: SELECT COUNT(*) AS tp_count FROM `omronvote_vote` WHERE ( `fid`=2 ) LIMIT 1   [ RunTime:0.0003s ]
SQL: SELECT `id` FROM `omronvote_vote` WHERE ( `openid`='0CB206006' and `deviceid`='3f64eb57c1ccf5ff051e34498fd18cfc' and `fid`=3 ) LIMIT 1   [ RunTime:0.0003s ]
SQL: SELECT COUNT(*) AS tp_count FROM `omronvote_vote` WHERE ( `fid`=3 ) LIMIT 1   [ RunTime:0.0004s ]
SQL: SELECT `id` FROM `omronvote_vote` WHERE ( `openid`='0CB206006' and `deviceid`='3f64eb57c1ccf5ff051e34498fd18cfc' and `fid`=4 ) LIMIT 1   [ RunTime:0.0003s ]
SQL: SELECT COUNT(*) AS tp_count FROM `omronvote_vote` WHERE ( `fid`=4 ) LIMIT 1   [ RunTime:0.0003s ]
SQL: SELECT `id` FROM `omronvote_vote` WHERE ( `openid`='0CB206006' and `deviceid`='3f64eb57c1ccf5ff051e34498fd18cfc' and `fid`=5 ) LIMIT 1   [ RunTime:0.0003s ]
SQL: SELECT COUNT(*) AS tp_count FROM `omronvote_vote` WHERE ( `fid`=5 ) LIMIT 1   [ RunTime:0.0003s ]
SQL: SELECT `id` FROM `omronvote_vote` WHERE ( `openid`='0CB206006' and `deviceid`='3f64eb57c1ccf5ff051e34498fd18cfc' and `fid`=6 ) LIMIT 1   [ RunTime:0.0003s ]
SQL: SELECT COUNT(*) AS tp_count FROM `omronvote_vote` WHERE ( `fid`=6 ) LIMIT 1   [ RunTime:0.0003s ]
SQL: SELECT `id` FROM `omronvote_vote` WHERE ( `openid`='0CB206006' and `deviceid`='3f64eb57c1ccf5ff051e34498fd18cfc' and `fid`=7 ) LIMIT 1   [ RunTime:0.0003s ]
SQL: SELECT COUNT(*) AS tp_count FROM `omronvote_vote` WHERE ( `fid`=7 ) LIMIT 1   [ RunTime:0.0003s ]
SQL: SELECT `id` FROM `omronvote_vote` WHERE ( `openid`='0CB206006' and `deviceid`='3f64eb57c1ccf5ff051e34498fd18cfc' and `fid`=8 ) LIMIT 1   [ RunTime:0.0003s ]
SQL: SELECT COUNT(*) AS tp_count FROM `omronvote_vote` WHERE ( `fid`=8 ) LIMIT 1   [ RunTime:0.0003s ]
SQL: SELECT `id` FROM `omronvote_vote` WHERE ( `openid`='0CB206006' and `deviceid`='3f64eb57c1ccf5ff051e34498fd18cfc' and `fid`=9 ) LIMIT 1   [ RunTime:0.0003s ]
SQL: SELECT COUNT(*) AS tp_count FROM `omronvote_vote` WHERE ( `fid`=9 ) LIMIT 1   [ RunTime:0.0003s ]
SQL: SELECT `id` FROM `omronvote_vote` WHERE ( `openid`='0CB206006' and `deviceid`='3f64eb57c1ccf5ff051e34498fd18cfc' and `fid`=10 ) LIMIT 1   [ RunTime:0.0003s ]
SQL: SELECT COUNT(*) AS tp_count FROM `omronvote_vote` WHERE ( `fid`=10 ) LIMIT 1   [ RunTime:0.0003s ]
SQL: SELECT `id` FROM `omronvote_vote` WHERE ( `openid`='0CB206006' and `deviceid`='3f64eb57c1ccf5ff051e34498fd18cfc' and `fid`=11 ) LIMIT 1   [ RunTime:0.0003s ]
SQL: SELECT COUNT(*) AS tp_count FROM `omronvote_vote` WHERE ( `fid`=11 ) LIMIT 1   [ RunTime:0.0003s ]
SQL: SELECT `id` FROM `omronvote_vote` WHERE ( `openid`='0CB206006' and `deviceid`='3f64eb57c1ccf5ff051e34498fd18cfc' and `fid`=12 ) LIMIT 1   [ RunTime:0.0003s ]
SQL: SELECT COUNT(*) AS tp_count FROM `omronvote_vote` WHERE ( `fid`=12 ) LIMIT 1   [ RunTime:0.0003s ]
SQL: SELECT `id` FROM `omronvote_vote` WHERE ( `openid`='0CB206006' and `deviceid`='3f64eb57c1ccf5ff051e34498fd18cfc' and `fid`=13 ) LIMIT 1   [ RunTime:0.0003s ]
SQL: SELECT COUNT(*) AS tp_count FROM `omronvote_vote` WHERE ( `fid`=13 ) LIMIT 1   [ RunTime:0.0003s ]
SQL: SELECT `id` FROM `omronvote_vote` WHERE ( `openid`='0CB206006' and `deviceid`='3f64eb57c1ccf5ff051e34498fd18cfc' and `fid`=14 ) LIMIT 1   [ RunTime:0.0003s ]
SQL: SELECT COUNT(*) AS tp_count FROM `omronvote_vote` WHERE ( `fid`=14 ) LIMIT 1   [ RunTime:0.0003s ]
SQL: SELECT `id` FROM `omronvote_vote` WHERE ( `openid`='0CB206006' and `deviceid`='3f64eb57c1ccf5ff051e34498fd18cfc' and `fid`=15 ) LIMIT 1   [ RunTime:0.0003s ]
SQL: SELECT COUNT(*) AS tp_count FROM `omronvote_vote` WHERE ( `fid`=15 ) LIMIT 1   [ RunTime:0.0003s ]
SQL: SELECT `id` FROM `omronvote_vote` WHERE ( `openid`='0CB206006' and `deviceid`='3f64eb57c1ccf5ff051e34498fd18cfc' and `fid`=16 ) LIMIT 1   [ RunTime:0.0002s ]
SQL: SELECT COUNT(*) AS tp_count FROM `omronvote_vote` WHERE ( `fid`=16 ) LIMIT 1   [ RunTime:0.0003s ]
SQL: SELECT `id` FROM `omronvote_vote` WHERE ( `openid`='0CB206006' and `deviceid`='3f64eb57c1ccf5ff051e34498fd18cfc' and `fid`=17 ) LIMIT 1   [ RunTime:0.0003s ]
SQL: SELECT COUNT(*) AS tp_count FROM `omronvote_vote` WHERE ( `fid`=17 ) LIMIT 1   [ RunTime:0.0003s ]
SQL: SELECT `id` FROM `omronvote_vote` WHERE ( `openid`='0CB206006' and `deviceid`='3f64eb57c1ccf5ff051e34498fd18cfc' and `fid`=18 ) LIMIT 1   [ RunTime:0.0003s ]
SQL: SELECT COUNT(*) AS tp_count FROM `omronvote_vote` WHERE ( `fid`=18 ) LIMIT 1   [ RunTime:0.0003s ]
SQL: SELECT `id` FROM `omronvote_vote` WHERE ( `openid`='0CB206006' and `deviceid`='3f64eb57c1ccf5ff051e34498fd18cfc' and `fid`=19 ) LIMIT 1   [ RunTime:0.0003s ]
SQL: SELECT COUNT(*) AS tp_count FROM `omronvote_vote` WHERE ( `fid`=19 ) LIMIT 1   [ RunTime:0.0003s ]
SQL: SELECT `id` FROM `omronvote_vote` WHERE ( `openid`='0CB206006' and `deviceid`='3f64eb57c1ccf5ff051e34498fd18cfc' and `fid`=20 ) LIMIT 1   [ RunTime:0.0003s ]
SQL: SELECT COUNT(*) AS tp_count FROM `omronvote_vote` WHERE ( `fid`=20 ) LIMIT 1   [ RunTime:0.0003s ]
SQL: SELECT `id` FROM `omronvote_vote` WHERE ( `openid`='0CB206006' and `deviceid`='3f64eb57c1ccf5ff051e34498fd18cfc' and `fid`=21 ) LIMIT 1   [ RunTime:0.0003s ]
SQL: SELECT COUNT(*) AS tp_count FROM `omronvote_vote` WHERE ( `fid`=21 ) LIMIT 1   [ RunTime:0.0003s ]
SQL: SELECT `id` FROM `omronvote_vote` WHERE ( `openid`='0CB206006' and `deviceid`='3f64eb57c1ccf5ff051e34498fd18cfc' and `fid`=22 ) LIMIT 1   [ RunTime:0.0003s ]
SQL: SELECT COUNT(*) AS tp_count FROM `omronvote_vote` WHERE ( `fid`=22 ) LIMIT 1   [ RunTime:0.0003s ]
SQL: SELECT `id` FROM `omronvote_vote` WHERE ( `openid`='0CB206006' and `deviceid`='3f64eb57c1ccf5ff051e34498fd18cfc' and `fid`=23 ) LIMIT 1   [ RunTime:0.0002s ]
SQL: SELECT COUNT(*) AS tp_count FROM `omronvote_vote` WHERE ( `fid`=23 ) LIMIT 1   [ RunTime:0.0003s ]
SQL: SELECT `id` FROM `omronvote_vote` WHERE ( `openid`='0CB206006' and `deviceid`='3f64eb57c1ccf5ff051e34498fd18cfc' and `fid`=24 ) LIMIT 1   [ RunTime:0.0003s ]
SQL: SELECT COUNT(*) AS tp_count FROM `omronvote_vote` WHERE ( `fid`=24 ) LIMIT 1   [ RunTime:0.0003s ]
SQL: SELECT `id` FROM `omronvote_vote` WHERE ( `openid`='0CB206006' and `deviceid`='3f64eb57c1ccf5ff051e34498fd18cfc' and `fid`=25 ) LIMIT 1   [ RunTime:0.0002s ]
SQL: SELECT COUNT(*) AS tp_count FROM `omronvote_vote` WHERE ( `fid`=25 ) LIMIT 1   [ RunTime:0.0003s ]
SQL: SELECT `id` FROM `omronvote_vote` WHERE ( `openid`='0CB206006' and `deviceid`='3f64eb57c1ccf5ff051e34498fd18cfc' and `fid`=26 ) LIMIT 1   [ RunTime:0.0002s ]
SQL: SELECT COUNT(*) AS tp_count FROM `omronvote_vote` WHERE ( `fid`=26 ) LIMIT 1   [ RunTime:0.0003s ]
SQL: SELECT `id` FROM `omronvote_vote` WHERE ( `openid`='0CB206006' and `deviceid`='3f64eb57c1ccf5ff051e34498fd18cfc' and `fid`=27 ) LIMIT 1   [ RunTime:0.0003s ]
SQL: SELECT COUNT(*) AS tp_count FROM `omronvote_vote` WHERE ( `fid`=27 ) LIMIT 1   [ RunTime:0.0003s ]
SQL: SELECT `id` FROM `omronvote_vote` WHERE ( `openid`='0CB206006' and `deviceid`='3f64eb57c1ccf5ff051e34498fd18cfc' and `fid`=28 ) LIMIT 1   [ RunTime:0.0003s ]
SQL: SELECT COUNT(*) AS tp_count FROM `omronvote_vote` WHERE ( `fid`=28 ) LIMIT 1   [ RunTime:0.0003s ]
SQL: SELECT `id` FROM `omronvote_vote` WHERE ( `openid`='0CB206006' and `deviceid`='3f64eb57c1ccf5ff051e34498fd18cfc' and `fid`=29 ) LIMIT 1   [ RunTime:0.0003s ]
SQL: SELECT COUNT(*) AS tp_count FROM `omronvote_vote` WHERE ( `fid`=29 ) LIMIT 1   [ RunTime:0.0003s ]
SQL: SELECT `id` FROM `omronvote_vote` WHERE ( `openid`='0CB206006' and `deviceid`='3f64eb57c1ccf5ff051e34498fd18cfc' and `fid`=30 ) LIMIT 1   [ RunTime:0.0003s ]
SQL: SELECT COUNT(*) AS tp_count FROM `omronvote_vote` WHERE ( `fid`=30 ) LIMIT 1   [ RunTime:0.0003s ]
SQL: SELECT `id` FROM `omronvote_vote` WHERE ( `openid`='0CB206006' and `deviceid`='3f64eb57c1ccf5ff051e34498fd18cfc' and `fid`=31 ) LIMIT 1   [ RunTime:0.0003s ]
SQL: SELECT COUNT(*) AS tp_count FROM `omronvote_vote` WHERE ( `fid`=31 ) LIMIT 1   [ RunTime:0.0006s ]
SQL: SELECT `id` FROM `omronvote_vote` WHERE ( `openid`='0CB206006' and `deviceid`='3f64eb57c1ccf5ff051e34498fd18cfc' and `fid`=32 ) LIMIT 1   [ RunTime:0.0003s ]
SQL: SELECT COUNT(*) AS tp_count FROM `omronvote_vote` WHERE ( `fid`=32 ) LIMIT 1   [ RunTime:0.0003s ]
SQL: SELECT `id` FROM `omronvote_vote` WHERE ( `openid`='0CB206006' and `deviceid`='3f64eb57c1ccf5ff051e34498fd18cfc' and `fid`=33 ) LIMIT 1   [ RunTime:0.0003s ]
SQL: SELECT COUNT(*) AS tp_count FROM `omronvote_vote` WHERE ( `fid`=33 ) LIMIT 1   [ RunTime:0.0003s ]
SQL: SELECT `id` FROM `omronvote_vote` WHERE ( `openid`='0CB206006' and `deviceid`='3f64eb57c1ccf5ff051e34498fd18cfc' and `fid`=34 ) LIMIT 1   [ RunTime:0.0003s ]
SQL: SELECT COUNT(*) AS tp_count FROM `omronvote_vote` WHERE ( `fid`=34 ) LIMIT 1   [ RunTime:0.0003s ]
SQL: SELECT `id` FROM `omronvote_vote` WHERE ( `openid`='0CB206006' and `deviceid`='3f64eb57c1ccf5ff051e34498fd18cfc' and `fid`=35 ) LIMIT 1   [ RunTime:0.0003s ]
SQL: SELECT COUNT(*) AS tp_count FROM `omronvote_vote` WHERE ( `fid`=35 ) LIMIT 1   [ RunTime:0.0003s ]
SQL: SELECT `id` FROM `omronvote_vote` WHERE ( `openid`='0CB206006' and `deviceid`='3f64eb57c1ccf5ff051e34498fd18cfc' and `fid`=36 ) LIMIT 1   [ RunTime:0.0003s ]
SQL: SELECT COUNT(*) AS tp_count FROM `omronvote_vote` WHERE ( `fid`=36 ) LIMIT 1   [ RunTime:0.0003s ]
SQL: SELECT `id` FROM `omronvote_vote` WHERE ( `openid`='0CB206006' and `deviceid`='3f64eb57c1ccf5ff051e34498fd18cfc' and `fid`=37 ) LIMIT 1   [ RunTime:0.0003s ]
SQL: SELECT COUNT(*) AS tp_count FROM `omronvote_vote` WHERE ( `fid`=37 ) LIMIT 1   [ RunTime:0.0003s ]
SQL: SELECT `id` FROM `omronvote_vote` WHERE ( `openid`='0CB206006' and `deviceid`='3f64eb57c1ccf5ff051e34498fd18cfc' and `fid`=38 ) LIMIT 1   [ RunTime:0.0003s ]
SQL: SELECT COUNT(*) AS tp_count FROM `omronvote_vote` WHERE ( `fid`=38 ) LIMIT 1   [ RunTime:0.0003s ]
SQL: SELECT `id` FROM `omronvote_vote` WHERE ( `openid`='0CB206006' and `deviceid`='3f64eb57c1ccf5ff051e34498fd18cfc' and `fid`=39 ) LIMIT 1   [ RunTime:0.0002s ]
SQL: SELECT COUNT(*) AS tp_count FROM `omronvote_vote` WHERE ( `fid`=39 ) LIMIT 1   [ RunTime:0.0003s ]
SQL: SELECT `id` FROM `omronvote_vote` WHERE ( `openid`='0CB206006' and `deviceid`='3f64eb57c1ccf5ff051e34498fd18cfc' and `fid`=40 ) LIMIT 1   [ RunTime:0.0002s ]
SQL: SELECT COUNT(*) AS tp_count FROM `omronvote_vote` WHERE ( `fid`=40 ) LIMIT 1   [ RunTime:0.0003s ]
SQL: SELECT `id` FROM `omronvote_vote` WHERE ( `openid`='0CB206006' and `deviceid`='3f64eb57c1ccf5ff051e34498fd18cfc' and `fid`=41 ) LIMIT 1   [ RunTime:0.0003s ]
SQL: SELECT COUNT(*) AS tp_count FROM `omronvote_vote` WHERE ( `fid`=41 ) LIMIT 1   [ RunTime:0.0003s ]
INFO: [ view_parse ] --START--
INFO: [ template_filter ] --START--
INFO: Run Behavior\ContentReplaceBehavior [ RunTime:0.000138s ]
INFO: [ template_filter ] --END-- [ RunTime:0.000210s ]
INFO: Run Behavior\ParseTemplateBehavior [ RunTime:0.023033s ]
INFO: [ view_parse ] --END-- [ RunTime:0.023096s ]
INFO: [ view_filter ] --START--
INFO: Run Behavior\WriteHtmlCacheBehavior [ RunTime:0.000139s ]
INFO: [ view_filter ] --END-- [ RunTime:0.000191s ]
INFO: [ app_end ] --START--
INFO: Run Behavior\ShowPageTraceBehavior [ RunTime:0.000547s ]
INFO: [ app_end ] --END-- [ RunTime:0.000667s ]

[ 2016-01-15T19:19:32+08:00 ] 117.136.39.212 /admin/Home/omron/vote?code=ec13e58ded9e6a3b11de06f790b70e12&state=STATE
INFO: [ app_init ] --START--
INFO: Run Behavior\BuildLiteBehavior [ RunTime:0.000014s ]
INFO: [ app_init ] --END-- [ RunTime:0.000267s ]
INFO: [ app_begin ] --START--
INFO: Run Behavior\ReadHtmlCacheBehavior [ RunTime:0.000325s ]
INFO: [ app_begin ] --END-- [ RunTime:0.000381s ]
SQL: SHOW COLUMNS FROM `omronvote` [ RunTime:0.0008s ]
SQL: SELECT `access_token`,`endtime` FROM `omronvote` WHERE ( `id`=12 ) LIMIT 1   [ RunTime:0.0003s ]
SQL: SELECT `id` FROM `omronvote` WHERE ( `id`=14 ) LIMIT 1   [ RunTime:0.0004s ]
SQL: UPDATE `omronvote` SET `access_token`='X2zaybEG0qE7Wzxe_eoVFlhw6lSQQ9E6ODSHm_8Hja7l8PERGJfujqGlQ9g7s2rzDxsD8m534Xlr9ZVjsOIHRA',`endtime`='1452863972' WHERE ( `id`=14 ) [ RunTime:0.0003s ]
SQL: SELECT `id` FROM `omronvote` WHERE ( `id`=14 ) LIMIT 1   [ RunTime:0.0004s ]
SQL: UPDATE `omronvote` SET `access_token`='X2zaybEG0qE7Wzxe_eoVFlhw6lSQQ9E6ODSHm_8Hja7l8PERGJfujqGlQ9g7s2rzDxsD8m534Xlr9ZVjsOIHRA',`endtime`='1452863972' WHERE ( `id`=14 ) [ RunTime:0.0003s ]
NOTIC: [8] Undefined index: UserID /home/wwwroot/admin/Application/Home/Controller/OmronController.class.php 第 22 行.
SQL: SHOW COLUMNS FROM `omronvote_poll` [ RunTime:0.0008s ]
SQL: SELECT `id` FROM `omronvote_poll` WHERE ( `userid`='0CB206006' and `deviceid`='3f64eb57c1ccf5ff051e34498fd18cfc' ) LIMIT 1   [ RunTime:0.0003s ]
SQL: SHOW COLUMNS FROM `omronvote_vote` [ RunTime:0.0006s ]
SQL: SELECT `id` FROM `omronvote_vote` WHERE ( `openid`='0CB206006' and `deviceid`='3f64eb57c1ccf5ff051e34498fd18cfc' and `fid`=1 ) LIMIT 1   [ RunTime:0.0003s ]
SQL: SELECT COUNT(*) AS tp_count FROM `omronvote_vote` WHERE ( `fid`=1 ) LIMIT 1   [ RunTime:0.0003s ]
SQL: SELECT `id` FROM `omronvote_vote` WHERE ( `openid`='0CB206006' and `deviceid`='3f64eb57c1ccf5ff051e34498fd18cfc' and `fid`=2 ) LIMIT 1   [ RunTime:0.0003s ]
SQL: SELECT COUNT(*) AS tp_count FROM `omronvote_vote` WHERE ( `fid`=2 ) LIMIT 1   [ RunTime:0.0003s ]
SQL: SELECT `id` FROM `omronvote_vote` WHERE ( `openid`='0CB206006' and `deviceid`='3f64eb57c1ccf5ff051e34498fd18cfc' and `fid`=3 ) LIMIT 1   [ RunTime:0.0003s ]
SQL: SELECT COUNT(*) AS tp_count FROM `omronvote_vote` WHERE ( `fid`=3 ) LIMIT 1   [ RunTime:0.0003s ]
SQL: SELECT `id` FROM `omronvote_vote` WHERE ( `openid`='0CB206006' and `deviceid`='3f64eb57c1ccf5ff051e34498fd18cfc' and `fid`=4 ) LIMIT 1   [ RunTime:0.0003s ]
SQL: SELECT COUNT(*) AS tp_count FROM `omronvote_vote` WHERE ( `fid`=4 ) LIMIT 1   [ RunTime:0.0003s ]
SQL: SELECT `id` FROM `omronvote_vote` WHERE ( `openid`='0CB206006' and `deviceid`='3f64eb57c1ccf5ff051e34498fd18cfc' and `fid`=5 ) LIMIT 1   [ RunTime:0.0003s ]
SQL: SELECT COUNT(*) AS tp_count FROM `omronvote_vote` WHERE ( `fid`=5 ) LIMIT 1   [ RunTime:0.0003s ]
SQL: SELECT `id` FROM `omronvote_vote` WHERE ( `openid`='0CB206006' and `deviceid`='3f64eb57c1ccf5ff051e34498fd18cfc' and `fid`=6 ) LIMIT 1   [ RunTime:0.0003s ]
SQL: SELECT COUNT(*) AS tp_count FROM `omronvote_vote` WHERE ( `fid`=6 ) LIMIT 1   [ RunTime:0.0003s ]
SQL: SELECT `id` FROM `omronvote_vote` WHERE ( `openid`='0CB206006' and `deviceid`='3f64eb57c1ccf5ff051e34498fd18cfc' and `fid`=7 ) LIMIT 1   [ RunTime:0.0003s ]
SQL: SELECT COUNT(*) AS tp_count FROM `omronvote_vote` WHERE ( `fid`=7 ) LIMIT 1   [ RunTime:0.0003s ]
SQL: SELECT `id` FROM `omronvote_vote` WHERE ( `openid`='0CB206006' and `deviceid`='3f64eb57c1ccf5ff051e34498fd18cfc' and `fid`=8 ) LIMIT 1   [ RunTime:0.0003s ]
SQL: SELECT COUNT(*) AS tp_count FROM `omronvote_vote` WHERE ( `fid`=8 ) LIMIT 1   [ RunTime:0.0003s ]
SQL: SELECT `id` FROM `omronvote_vote` WHERE ( `openid`='0CB206006' and `deviceid`='3f64eb57c1ccf5ff051e34498fd18cfc' and `fid`=9 ) LIMIT 1   [ RunTime:0.0003s ]
SQL: SELECT COUNT(*) AS tp_count FROM `omronvote_vote` WHERE ( `fid`=9 ) LIMIT 1   [ RunTime:0.0003s ]
SQL: SELECT `id` FROM `omronvote_vote` WHERE ( `openid`='0CB206006' and `deviceid`='3f64eb57c1ccf5ff051e34498fd18cfc' and `fid`=10 ) LIMIT 1   [ RunTime:0.0003s ]
SQL: SELECT COUNT(*) AS tp_count FROM `omronvote_vote` WHERE ( `fid`=10 ) LIMIT 1   [ RunTime:0.0003s ]
SQL: SELECT `id` FROM `omronvote_vote` WHERE ( `openid`='0CB206006' and `deviceid`='3f64eb57c1ccf5ff051e34498fd18cfc' and `fid`=11 ) LIMIT 1   [ RunTime:0.0003s ]
SQL: SELECT COUNT(*) AS tp_count FROM `omronvote_vote` WHERE ( `fid`=11 ) LIMIT 1   [ RunTime:0.0003s ]
SQL: SELECT `id` FROM `omronvote_vote` WHERE ( `openid`='0CB206006' and `deviceid`='3f64eb57c1ccf5ff051e34498fd18cfc' and `fid`=12 ) LIMIT 1   [ RunTime:0.0003s ]
SQL: SELECT COUNT(*) AS tp_count FROM `omronvote_vote` WHERE ( `fid`=12 ) LIMIT 1   [ RunTime:0.0003s ]
SQL: SELECT `id` FROM `omronvote_vote` WHERE ( `openid`='0CB206006' and `deviceid`='3f64eb57c1ccf5ff051e34498fd18cfc' and `fid`=13 ) LIMIT 1   [ RunTime:0.0003s ]
SQL: SELECT COUNT(*) AS tp_count FROM `omronvote_vote` WHERE ( `fid`=13 ) LIMIT 1   [ RunTime:0.0003s ]
SQL: SELECT `id` FROM `omronvote_vote` WHERE ( `openid`='0CB206006' and `deviceid`='3f64eb57c1ccf5ff051e34498fd18cfc' and `fid`=14 ) LIMIT 1   [ RunTime:0.0003s ]
SQL: SELECT COUNT(*) AS tp_count FROM `omronvote_vote` WHERE ( `fid`=14 ) LIMIT 1   [ RunTime:0.0003s ]
SQL: SELECT `id` FROM `omronvote_vote` WHERE ( `openid`='0CB206006' and `deviceid`='3f64eb57c1ccf5ff051e34498fd18cfc' and `fid`=15 ) LIMIT 1   [ RunTime:0.0003s ]
SQL: SELECT COUNT(*) AS tp_count FROM `omronvote_vote` WHERE ( `fid`=15 ) LIMIT 1   [ RunTime:0.0003s ]
SQL: SELECT `id` FROM `omronvote_vote` WHERE ( `openid`='0CB206006' and `deviceid`='3f64eb57c1ccf5ff051e34498fd18cfc' and `fid`=16 ) LIMIT 1   [ RunTime:0.0002s ]
SQL: SELECT COUNT(*) AS tp_count FROM `omronvote_vote` WHERE ( `fid`=16 ) LIMIT 1   [ RunTime:0.0003s ]
SQL: SELECT `id` FROM `omronvote_vote` WHERE ( `openid`='0CB206006' and `deviceid`='3f64eb57c1ccf5ff051e34498fd18cfc' and `fid`=17 ) LIMIT 1   [ RunTime:0.0003s ]
SQL: SELECT COUNT(*) AS tp_count FROM `omronvote_vote` WHERE ( `fid`=17 ) LIMIT 1   [ RunTime:0.0003s ]
SQL: SELECT `id` FROM `omronvote_vote` WHERE ( `openid`='0CB206006' and `deviceid`='3f64eb57c1ccf5ff051e34498fd18cfc' and `fid`=18 ) LIMIT 1   [ RunTime:0.0003s ]
SQL: SELECT COUNT(*) AS tp_count FROM `omronvote_vote` WHERE ( `fid`=18 ) LIMIT 1   [ RunTime:0.0003s ]
SQL: SELECT `id` FROM `omronvote_vote` WHERE ( `openid`='0CB206006' and `deviceid`='3f64eb57c1ccf5ff051e34498fd18cfc' and `fid`=19 ) LIMIT 1   [ RunTime:0.0003s ]
SQL: SELECT COUNT(*) AS tp_count FROM `omronvote_vote` WHERE ( `fid`=19 ) LIMIT 1   [ RunTime:0.0003s ]
SQL: SELECT `id` FROM `omronvote_vote` WHERE ( `openid`='0CB206006' and `deviceid`='3f64eb57c1ccf5ff051e34498fd18cfc' and `fid`=20 ) LIMIT 1   [ RunTime:0.0003s ]
SQL: SELECT COUNT(*) AS tp_count FROM `omronvote_vote` WHERE ( `fid`=20 ) LIMIT 1   [ RunTime:0.0003s ]
SQL: SELECT `id` FROM `omronvote_vote` WHERE ( `openid`='0CB206006' and `deviceid`='3f64eb57c1ccf5ff051e34498fd18cfc' and `fid`=21 ) LIMIT 1   [ RunTime:0.0003s ]
SQL: SELECT COUNT(*) AS tp_count FROM `omronvote_vote` WHERE ( `fid`=21 ) LIMIT 1   [ RunTime:0.0003s ]
SQL: SELECT `id` FROM `omronvote_vote` WHERE ( `openid`='0CB206006' and `deviceid`='3f64eb57c1ccf5ff051e34498fd18cfc' and `fid`=22 ) LIMIT 1   [ RunTime:0.0003s ]
SQL: SELECT COUNT(*) AS tp_count FROM `omronvote_vote` WHERE ( `fid`=22 ) LIMIT 1   [ RunTime:0.0003s ]
SQL: SELECT `id` FROM `omronvote_vote` WHERE ( `openid`='0CB206006' and `deviceid`='3f64eb57c1ccf5ff051e34498fd18cfc' and `fid`=23 ) LIMIT 1   [ RunTime:0.0002s ]
SQL: SELECT COUNT(*) AS tp_count FROM `omronvote_vote` WHERE ( `fid`=23 ) LIMIT 1   [ RunTime:0.0003s ]
SQL: SELECT `id` FROM `omronvote_vote` WHERE ( `openid`='0CB206006' and `deviceid`='3f64eb57c1ccf5ff051e34498fd18cfc' and `fid`=24 ) LIMIT 1   [ RunTime:0.0003s ]
SQL: SELECT COUNT(*) AS tp_count FROM `omronvote_vote` WHERE ( `fid`=24 ) LIMIT 1   [ RunTime:0.0003s ]
SQL: SELECT `id` FROM `omronvote_vote` WHERE ( `openid`='0CB206006' and `deviceid`='3f64eb57c1ccf5ff051e34498fd18cfc' and `fid`=25 ) LIMIT 1   [ RunTime:0.0002s ]
SQL: SELECT COUNT(*) AS tp_count FROM `omronvote_vote` WHERE ( `fid`=25 ) LIMIT 1   [ RunTime:0.0003s ]
SQL: SELECT `id` FROM `omronvote_vote` WHERE ( `openid`='0CB206006' and `deviceid`='3f64eb57c1ccf5ff051e34498fd18cfc' and `fid`=26 ) LIMIT 1   [ RunTime:0.0002s ]
SQL: SELECT COUNT(*) AS tp_count FROM `omronvote_vote` WHERE ( `fid`=26 ) LIMIT 1   [ RunTime:0.0003s ]
SQL: SELECT `id` FROM `omronvote_vote` WHERE ( `openid`='0CB206006' and `deviceid`='3f64eb57c1ccf5ff051e34498fd18cfc' and `fid`=27 ) LIMIT 1   [ RunTime:0.0003s ]
SQL: SELECT COUNT(*) AS tp_count FROM `omronvote_vote` WHERE ( `fid`=27 ) LIMIT 1   [ RunTime:0.0003s ]
SQL: SELECT `id` FROM `omronvote_vote` WHERE ( `openid`='0CB206006' and `deviceid`='3f64eb57c1ccf5ff051e34498fd18cfc' and `fid`=28 ) LIMIT 1   [ RunTime:0.0003s ]
SQL: SELECT COUNT(*) AS tp_count FROM `omronvote_vote` WHERE ( `fid`=28 ) LIMIT 1   [ RunTime:0.0003s ]
SQL: SELECT `id` FROM `omronvote_vote` WHERE ( `openid`='0CB206006' and `deviceid`='3f64eb57c1ccf5ff051e34498fd18cfc' and `fid`=29 ) LIMIT 1   [ RunTime:0.0003s ]
SQL: SELECT COUNT(*) AS tp_count FROM `omronvote_vote` WHERE ( `fid`=29 ) LIMIT 1   [ RunTime:0.0003s ]
SQL: SELECT `id` FROM `omronvote_vote` WHERE ( `openid`='0CB206006' and `deviceid`='3f64eb57c1ccf5ff051e34498fd18cfc' and `fid`=30 ) LIMIT 1   [ RunTime:0.0003s ]
SQL: SELECT COUNT(*) AS tp_count FROM `omronvote_vote` WHERE ( `fid`=30 ) LIMIT 1   [ RunTime:0.0003s ]
SQL: SELECT `id` FROM `omronvote_vote` WHERE ( `openid`='0CB206006' and `deviceid`='3f64eb57c1ccf5ff051e34498fd18cfc' and `fid`=31 ) LIMIT 1   [ RunTime:0.0003s ]
SQL: SELECT COUNT(*) AS tp_count FROM `omronvote_vote` WHERE ( `fid`=31 ) LIMIT 1   [ RunTime:0.0003s ]
SQL: SELECT `id` FROM `omronvote_vote` WHERE ( `openid`='0CB206006' and `deviceid`='3f64eb57c1ccf5ff051e34498fd18cfc' and `fid`=32 ) LIMIT 1   [ RunTime:0.0003s ]
SQL: SELECT COUNT(*) AS tp_count FROM `omronvote_vote` WHERE ( `fid`=32 ) LIMIT 1   [ RunTime:0.0003s ]
SQL: SELECT `id` FROM `omronvote_vote` WHERE ( `openid`='0CB206006' and `deviceid`='3f64eb57c1ccf5ff051e34498fd18cfc' and `fid`=33 ) LIMIT 1   [ RunTime:0.0003s ]
SQL: SELECT COUNT(*) AS tp_count FROM `omronvote_vote` WHERE ( `fid`=33 ) LIMIT 1   [ RunTime:0.0003s ]
SQL: SELECT `id` FROM `omronvote_vote` WHERE ( `openid`='0CB206006' and `deviceid`='3f64eb57c1ccf5ff051e34498fd18cfc' and `fid`=34 ) LIMIT 1   [ RunTime:0.0003s ]
SQL: SELECT COUNT(*) AS tp_count FROM `omronvote_vote` WHERE ( `fid`=34 ) LIMIT 1   [ RunTime:0.0003s ]
SQL: SELECT `id` FROM `omronvote_vote` WHERE ( `openid`='0CB206006' and `deviceid`='3f64eb57c1ccf5ff051e34498fd18cfc' and `fid`=35 ) LIMIT 1   [ RunTime:0.0003s ]
SQL: SELECT COUNT(*) AS tp_count FROM `omronvote_vote` WHERE ( `fid`=35 ) LIMIT 1   [ RunTime:0.0003s ]
SQL: SELECT `id` FROM `omronvote_vote` WHERE ( `openid`='0CB206006' and `deviceid`='3f64eb57c1ccf5ff051e34498fd18cfc' and `fid`=36 ) LIMIT 1   [ RunTime:0.0003s ]
SQL: SELECT COUNT(*) AS tp_count FROM `omronvote_vote` WHERE ( `fid`=36 ) LIMIT 1   [ RunTime:0.0003s ]
SQL: SELECT `id` FROM `omronvote_vote` WHERE ( `openid`='0CB206006' and `deviceid`='3f64eb57c1ccf5ff051e34498fd18cfc' and `fid`=37 ) LIMIT 1   [ RunTime:0.0003s ]
SQL: SELECT COUNT(*) AS tp_count FROM `omronvote_vote` WHERE ( `fid`=37 ) LIMIT 1   [ RunTime:0.0003s ]
SQL: SELECT `id` FROM `omronvote_vote` WHERE ( `openid`='0CB206006' and `deviceid`='3f64eb57c1ccf5ff051e34498fd18cfc' and `fid`=38 ) LIMIT 1   [ RunTime:0.0003s ]
SQL: SELECT COUNT(*) AS tp_count FROM `omronvote_vote` WHERE ( `fid`=38 ) LIMIT 1   [ RunTime:0.0003s ]
SQL: SELECT `id` FROM `omronvote_vote` WHERE ( `openid`='0CB206006' and `deviceid`='3f64eb57c1ccf5ff051e34498fd18cfc' and `fid`=39 ) LIMIT 1   [ RunTime:0.0002s ]
SQL: SELECT COUNT(*) AS tp_count FROM `omronvote_vote` WHERE ( `fid`=39 ) LIMIT 1   [ RunTime:0.0003s ]
SQL: SELECT `id` FROM `omronvote_vote` WHERE ( `openid`='0CB206006' and `deviceid`='3f64eb57c1ccf5ff051e34498fd18cfc' and `fid`=40 ) LIMIT 1   [ RunTime:0.0002s ]
SQL: SELECT COUNT(*) AS tp_count FROM `omronvote_vote` WHERE ( `fid`=40 ) LIMIT 1   [ RunTime:0.0003s ]
SQL: SELECT `id` FROM `omronvote_vote` WHERE ( `openid`='0CB206006' and `deviceid`='3f64eb57c1ccf5ff051e34498fd18cfc' and `fid`=41 ) LIMIT 1   [ RunTime:0.0004s ]
SQL: SELECT COUNT(*) AS tp_count FROM `omronvote_vote` WHERE ( `fid`=41 ) LIMIT 1   [ RunTime:0.0003s ]
INFO: [ view_parse ] --START--
INFO: [ template_filter ] --START--
INFO: Run Behavior\ContentReplaceBehavior [ RunTime:0.000134s ]
INFO: [ template_filter ] --END-- [ RunTime:0.000221s ]
INFO: Run Behavior\ParseTemplateBehavior [ RunTime:0.021875s ]
INFO: [ view_parse ] --END-- [ RunTime:0.021933s ]
INFO: [ view_filter ] --START--
INFO: Run Behavior\WriteHtmlCacheBehavior [ RunTime:0.000141s ]
INFO: [ view_filter ] --END-- [ RunTime:0.000191s ]
INFO: [ app_end ] --START--
INFO: Run Behavior\ShowPageTraceBehavior [ RunTime:0.000525s ]
INFO: [ app_end ] --END-- [ RunTime:0.000645s ]

