[ 2015-12-27T02:39:03+08:00 ] 121.42.0.31 /admin/ckfinder/core/connector/asp/connector.asp?command=FileUpload&type=Images&Folder=%2F&langCode=zh-cn&hash=6c6a79911ae80ce2&
INFO: [ app_init ] --START--
INFO: Run Behavior\BuildLiteBehavior [ RunTime:0.000021s ]
INFO: [ app_init ] --END-- [ RunTime:0.000386s ]
ERR: 无法加载模块:Ckfinder

[ 2015-12-27T02:39:04+08:00 ] 121.42.0.31 /admin/index.php/login/check
INFO: [ app_init ] --START--
INFO: Run Behavior\BuildLiteBehavior [ RunTime:0.000014s ]
INFO: [ app_init ] --END-- [ RunTime:0.000271s ]
ERR: 无法加载模块:Login

[ 2015-12-27T02:39:06+08:00 ] 121.42.0.31 /admin/modules/backup/page.backup.php
INFO: [ app_init ] --START--
INFO: Run Behavior\BuildLiteBehavior [ RunTime:0.000021s ]
INFO: [ app_init ] --END-- [ RunTime:0.000379s ]
ERR: 无法加载模块:Modules

[ 2015-12-27T02:39:07+08:00 ] 121.42.0.31 /admin/modules/backup/webscan233333.php
INFO: [ app_init ] --START--
INFO: Run Behavior\BuildLiteBehavior [ RunTime:0.000019s ]
INFO: [ app_init ] --END-- [ RunTime:0.000278s ]
ERR: 无法加载模块:Modules

[ 2015-12-27T02:45:01+08:00 ] 121.42.0.31 /admin/others.asp?mudi=download_EN_CN&n=index.asp&ENname=../config.asp
INFO: [ app_init ] --START--
INFO: Run Behavior\BuildLiteBehavior [ RunTime:0.000015s ]
INFO: [ app_init ] --END-- [ RunTime:0.000317s ]
ERR: 无法加载模块:Others

[ 2015-12-27T02:46:26+08:00 ] 121.42.0.31 /admin/control/wxpay.php
INFO: [ app_init ] --START--
INFO: Run Behavior\BuildLiteBehavior [ RunTime:0.000015s ]
INFO: [ app_init ] --END-- [ RunTime:0.000294s ]
ERR: 无法加载模块:Control

[ 2015-12-27T02:51:25+08:00 ] 121.42.0.31 /admin/fckeditor/editor/filemanager/connectors/php/connector.php?Command=FileUpload&Type=Image&CurrentFolder=d04d.php%00.gif
INFO: [ app_init ] --START--
INFO: Run Behavior\BuildLiteBehavior [ RunTime:0.000014s ]
INFO: [ app_init ] --END-- [ RunTime:0.000266s ]
ERR: 无法加载模块:Fckeditor

[ 2015-12-27T02:52:12+08:00 ] 121.42.0.31 /admin/fckeditor/editor/filemanager/upload/aspx/upload.aspx
INFO: [ app_init ] --START--
INFO: Run Behavior\BuildLiteBehavior [ RunTime:0.000016s ]
INFO: [ app_init ] --END-- [ RunTime:0.000274s ]
ERR: 无法加载模块:Fckeditor

[ 2015-12-27T02:52:42+08:00 ] 121.42.0.31 /admin/fckeditor/editor/filemanager/connectors/asp/upload.asp?Command=FileUpload&Type=File&CurrentFolder=%2F
INFO: [ app_init ] --START--
INFO: Run Behavior\BuildLiteBehavior [ RunTime:0.000014s ]
INFO: [ app_init ] --END-- [ RunTime:0.000291s ]
ERR: 无法加载模块:Fckeditor

[ 2015-12-27T02:53:38+08:00 ] 121.42.0.31 /admin/fckeditor/editor/filemanager/connectors/aspx/upload.aspx?Command=FileUpload&Type=File&CurrentFolder=%2F
INFO: [ app_init ] --START--
INFO: Run Behavior\BuildLiteBehavior [ RunTime:0.000014s ]
INFO: [ app_init ] --END-- [ RunTime:0.000299s ]
ERR: 无法加载模块:Fckeditor

[ 2015-12-27T02:54:19+08:00 ] 121.42.0.31 /admin/fckeditor/editor/filemanager/connectors/asp/connector.asp?Command=FileUpload&Type=File&CurrentFolder=81dc9bdb52d04dc2.asp
INFO: [ app_init ] --START--
INFO: Run Behavior\BuildLiteBehavior [ RunTime:0.000020s ]
INFO: [ app_init ] --END-- [ RunTime:0.000387s ]
ERR: 无法加载模块:Fckeditor

[ 2015-12-27T02:55:39+08:00 ] 121.42.0.31 /admin/fckeditor/editor/filemanager/connectors/aspx/connector.aspx?Command=FileUpload&Type=File&CurrentFolder=81dc9bdb52d04dc2.asp
INFO: [ app_init ] --START--
INFO: Run Behavior\BuildLiteBehavior [ RunTime:0.000015s ]
INFO: [ app_init ] --END-- [ RunTime:0.000314s ]
ERR: 无法加载模块:Fckeditor

[ 2015-12-27T02:56:47+08:00 ] 121.42.0.31 /admin/fckeditor/editor/filemanager/browser/default/connectors/asp/connector.asp?Command=FileUpload&Type=File&CurrentFolder=%2F
INFO: [ app_init ] --START--
INFO: Run Behavior\BuildLiteBehavior [ RunTime:0.000015s ]
INFO: [ app_init ] --END-- [ RunTime:0.000266s ]
ERR: 无法加载模块:Fckeditor

[ 2015-12-27T02:57:21+08:00 ] 121.42.0.31 /admin/fckeditor/editor/filemanager/browser/default/connectors/aspx/connector.aspx?Command=FileUpload&Type=File&CurrentFolder=%2F
INFO: [ app_init ] --START--
INFO: Run Behavior\BuildLiteBehavior [ RunTime:0.000016s ]
INFO: [ app_init ] --END-- [ RunTime:0.000306s ]
ERR: 无法加载模块:Fckeditor

