[ 2016-02-26T12:27:16+08:00 ] 121.42.0.39 /admin/index.php/login/check
INFO: [ app_init ] --START--
INFO: Run Behavior\BuildLiteBehavior [ RunTime:0.000021s ]
INFO: [ app_init ] --END-- [ RunTime:0.001515s ]
ERR: 无法加载模块:Login

[ 2016-02-26T12:27:19+08:00 ] 121.42.0.39 /admin/modules/backup/page.backup.php
INFO: [ app_init ] --START--
INFO: Run Behavior\BuildLiteBehavior [ RunTime:0.000016s ]
INFO: [ app_init ] --END-- [ RunTime:0.000312s ]
ERR: 无法加载模块:Modules

[ 2016-02-26T12:27:20+08:00 ] 121.42.0.39 /admin/modules/backup/webscan233333.php
INFO: [ app_init ] --START--
INFO: Run Behavior\BuildLiteBehavior [ RunTime:0.000015s ]
INFO: [ app_init ] --END-- [ RunTime:0.000265s ]
ERR: 无法加载模块:Modules

[ 2016-02-26T12:28:10+08:00 ] 121.42.0.39 /admin/index.php/login/check
INFO: [ app_init ] --START--
INFO: Run Behavior\BuildLiteBehavior [ RunTime:0.000024s ]
INFO: [ app_init ] --END-- [ RunTime:0.000898s ]
ERR: 无法加载模块:Login

[ 2016-02-26T12:28:18+08:00 ] 121.42.0.39 /admin/modules/backup/page.backup.php
INFO: [ app_init ] --START--
INFO: Run Behavior\BuildLiteBehavior [ RunTime:0.000016s ]
INFO: [ app_init ] --END-- [ RunTime:0.000280s ]
ERR: 无法加载模块:Modules

[ 2016-02-26T12:28:21+08:00 ] 121.42.0.39 /admin/modules/backup/webscan233333.php
INFO: [ app_init ] --START--
INFO: Run Behavior\BuildLiteBehavior [ RunTime:0.000016s ]
INFO: [ app_init ] --END-- [ RunTime:0.000286s ]
ERR: 无法加载模块:Modules

[ 2016-02-26T12:31:53+08:00 ] 121.42.0.39 /admin/others.asp?mudi=download_EN_CN&n=index.asp&ENname=../config.asp
INFO: [ app_init ] --START--
INFO: Run Behavior\BuildLiteBehavior [ RunTime:0.000015s ]
INFO: [ app_init ] --END-- [ RunTime:0.000288s ]
ERR: 无法加载模块:Others

[ 2016-02-26T12:32:41+08:00 ] 121.42.0.39 /admin/control/wxpay.php
INFO: [ app_init ] --START--
INFO: Run Behavior\BuildLiteBehavior [ RunTime:0.000015s ]
INFO: [ app_init ] --END-- [ RunTime:0.000262s ]
ERR: 无法加载模块:Control

[ 2016-02-26T12:40:10+08:00 ] 121.42.0.39 /admin/others.asp?mudi=download_EN_CN&n=index.asp&ENname=../config.asp
INFO: [ app_init ] --START--
INFO: Run Behavior\BuildLiteBehavior [ RunTime:0.000015s ]
INFO: [ app_init ] --END-- [ RunTime:0.000280s ]
ERR: 无法加载模块:Others

[ 2016-02-26T12:41:23+08:00 ] 121.42.0.39 /admin/fckeditor/editor/filemanager/connectors/php/connector.php?Command=FileUpload&Type=Image&CurrentFolder=d04d.php%00.gif
INFO: [ app_init ] --START--
INFO: Run Behavior\BuildLiteBehavior [ RunTime:0.000018s ]
INFO: [ app_init ] --END-- [ RunTime:0.000277s ]
ERR: 无法加载模块:Fckeditor

[ 2016-02-26T12:41:40+08:00 ] 121.42.0.39 /admin/fckeditor/editor/filemanager/upload/php/upload.php?Type=Media
INFO: [ app_init ] --START--
INFO: Run Behavior\BuildLiteBehavior [ RunTime:0.000016s ]
INFO: [ app_init ] --END-- [ RunTime:0.000280s ]
ERR: 无法加载模块:Fckeditor

[ 2016-02-26T12:41:57+08:00 ] 121.42.0.39 /admin/fckeditor/editor/filemanager/upload/aspx/upload.aspx
INFO: [ app_init ] --START--
INFO: Run Behavior\BuildLiteBehavior [ RunTime:0.000016s ]
INFO: [ app_init ] --END-- [ RunTime:0.000287s ]
ERR: 无法加载模块:Fckeditor

[ 2016-02-26T12:42:08+08:00 ] 121.42.0.39 /admin/control/wxpay.php
INFO: [ app_init ] --START--
INFO: Run Behavior\BuildLiteBehavior [ RunTime:0.000016s ]
INFO: [ app_init ] --END-- [ RunTime:0.000385s ]
ERR: 无法加载模块:Control

[ 2016-02-26T12:42:17+08:00 ] 121.42.0.39 /admin/fckeditor/editor/filemanager/connectors/asp/upload.asp?Command=FileUpload&Type=File&CurrentFolder=%2F
INFO: [ app_init ] --START--
INFO: Run Behavior\BuildLiteBehavior [ RunTime:0.000016s ]
INFO: [ app_init ] --END-- [ RunTime:0.000277s ]
ERR: 无法加载模块:Fckeditor

[ 2016-02-26T12:42:37+08:00 ] 121.42.0.39 /admin/fckeditor/editor/filemanager/connectors/aspx/upload.aspx?Command=FileUpload&Type=File&CurrentFolder=%2F
INFO: [ app_init ] --START--
INFO: Run Behavior\BuildLiteBehavior [ RunTime:0.000015s ]
INFO: [ app_init ] --END-- [ RunTime:0.000278s ]
ERR: 无法加载模块:Fckeditor

[ 2016-02-26T12:42:54+08:00 ] 121.42.0.39 /admin/fckeditor/editor/filemanager/connectors/asp/connector.asp?Command=CreateFolder&Type=File&CurrentFolder=%2F81dc9bdb52d04dc2.asp&NewFolderName=z&uuid=1244789975684
INFO: [ app_init ] --START--
INFO: Run Behavior\BuildLiteBehavior [ RunTime:0.000016s ]
INFO: [ app_init ] --END-- [ RunTime:0.000312s ]
ERR: 无法加载模块:Fckeditor

[ 2016-02-26T12:43:45+08:00 ] 121.42.0.39 /admin/fckeditor/editor/filemanager/connectors/aspx/connector.aspx?Command=CreateFolder&Type=File&CurrentFolder=%2F81dc9bdb52d04dc2.asp&NewFolderName=z&uuid=1244789975684
INFO: [ app_init ] --START--
INFO: Run Behavior\BuildLiteBehavior [ RunTime:0.000016s ]
INFO: [ app_init ] --END-- [ RunTime:0.000282s ]
ERR: 无法加载模块:Fckeditor

[ 2016-02-26T12:44:36+08:00 ] 121.42.0.39 /admin/fckeditor/editor/filemanager/browser/default/connectors/asp/connector.asp?Command=FileUpload&Type=File&CurrentFolder=%2F
INFO: [ app_init ] --START--
INFO: Run Behavior\BuildLiteBehavior [ RunTime:0.000016s ]
INFO: [ app_init ] --END-- [ RunTime:0.000280s ]
ERR: 无法加载模块:Fckeditor

[ 2016-02-26T12:44:53+08:00 ] 121.42.0.39 /admin/fckeditor/editor/filemanager/browser/default/connectors/aspx/connector.aspx?Command=FileUpload&Type=File&CurrentFolder=%2F
INFO: [ app_init ] --START--
INFO: Run Behavior\BuildLiteBehavior [ RunTime:0.000015s ]
INFO: [ app_init ] --END-- [ RunTime:0.000304s ]
ERR: 无法加载模块:Fckeditor

[ 2016-02-26T12:52:49+08:00 ] 121.42.0.39 /admin/fckeditor/editor/filemanager/connectors/php/connector.php?Command=FileUpload&Type=Image&CurrentFolder=d04d.php%00.gif
INFO: [ app_init ] --START--
INFO: Run Behavior\BuildLiteBehavior [ RunTime:0.000052s ]
INFO: [ app_init ] --END-- [ RunTime:0.000338s ]
ERR: 无法加载模块:Fckeditor

[ 2016-02-26T12:53:24+08:00 ] 121.42.0.39 /admin/fckeditor/editor/filemanager/upload/php/upload.php?Type=Media
INFO: [ app_init ] --START--
INFO: Run Behavior\BuildLiteBehavior [ RunTime:0.000016s ]
INFO: [ app_init ] --END-- [ RunTime:0.000317s ]
ERR: 无法加载模块:Fckeditor

[ 2016-02-26T12:53:49+08:00 ] 121.42.0.39 /admin/fckeditor/editor/filemanager/upload/aspx/upload.aspx
INFO: [ app_init ] --START--
INFO: Run Behavior\BuildLiteBehavior [ RunTime:0.000015s ]
INFO: [ app_init ] --END-- [ RunTime:0.000290s ]
ERR: 无法加载模块:Fckeditor

[ 2016-02-26T12:54:12+08:00 ] 121.42.0.39 /admin/fckeditor/editor/filemanager/connectors/asp/upload.asp?Command=FileUpload&Type=File&CurrentFolder=%2F
INFO: [ app_init ] --START--
INFO: Run Behavior\BuildLiteBehavior [ RunTime:0.000015s ]
INFO: [ app_init ] --END-- [ RunTime:0.000309s ]
ERR: 无法加载模块:Fckeditor

[ 2016-02-26T12:54:35+08:00 ] 121.42.0.39 /admin/fckeditor/editor/filemanager/connectors/aspx/upload.aspx?Command=FileUpload&Type=File&CurrentFolder=%2F
INFO: [ app_init ] --START--
INFO: Run Behavior\BuildLiteBehavior [ RunTime:0.000015s ]
INFO: [ app_init ] --END-- [ RunTime:0.000265s ]
ERR: 无法加载模块:Fckeditor

[ 2016-02-26T12:54:54+08:00 ] 121.42.0.39 /admin/fckeditor/editor/filemanager/connectors/asp/connector.asp?Command=CreateFolder&Type=File&CurrentFolder=%2F81dc9bdb52d04dc2.asp&NewFolderName=z&uuid=1244789975684
INFO: [ app_init ] --START--
INFO: Run Behavior\BuildLiteBehavior [ RunTime:0.000015s ]
INFO: [ app_init ] --END-- [ RunTime:0.000268s ]
ERR: 无法加载模块:Fckeditor

[ 2016-02-26T12:56:01+08:00 ] 121.42.0.39 /admin/fckeditor/editor/filemanager/connectors/aspx/connector.aspx?Command=CreateFolder&Type=File&CurrentFolder=%2F81dc9bdb52d04dc2.asp&NewFolderName=z&uuid=1244789975684
INFO: [ app_init ] --START--
INFO: Run Behavior\BuildLiteBehavior [ RunTime:0.000016s ]
INFO: [ app_init ] --END-- [ RunTime:0.000278s ]
ERR: 无法加载模块:Fckeditor

[ 2016-02-26T12:57:06+08:00 ] 121.42.0.39 /admin/fckeditor/editor/filemanager/browser/default/connectors/asp/connector.asp?Command=FileUpload&Type=File&CurrentFolder=%2F
INFO: [ app_init ] --START--
INFO: Run Behavior\BuildLiteBehavior [ RunTime:0.000016s ]
INFO: [ app_init ] --END-- [ RunTime:0.000289s ]
ERR: 无法加载模块:Fckeditor

[ 2016-02-26T12:57:23+08:00 ] 121.42.0.39 /admin/fckeditor/editor/filemanager/browser/default/connectors/aspx/connector.aspx?Command=FileUpload&Type=File&CurrentFolder=%2F
INFO: [ app_init ] --START--
INFO: Run Behavior\BuildLiteBehavior [ RunTime:0.000015s ]
INFO: [ app_init ] --END-- [ RunTime:0.000267s ]
ERR: 无法加载模块:Fckeditor

