[ 2016-01-15T03:20:10+08:00 ] 121.42.0.19 /admin/include/common.inc.php?met_admin_type_ok=1&langset=459&met_langadmin%5B459%5D%5B%5D=12345&str=echo%20md5%28%22233333%22%29%3b%2f%2f
INFO: [ app_init ] --START--
INFO: Run Behavior\BuildLiteBehavior [ RunTime:0.000014s ]
INFO: [ app_init ] --END-- [ RunTime:0.000274s ]
ERR: 无法加载模块:Include

[ 2016-01-15T03:20:12+08:00 ] 121.42.0.19 /admin/ckfinder/core/connector/asp/connector.asp?command=FileUpload&type=Images&Folder=%2F&langCode=zh-cn&hash=6c6a79911ae80ce2&
INFO: [ app_init ] --START--
INFO: Run Behavior\BuildLiteBehavior [ RunTime:0.000014s ]
INFO: [ app_init ] --END-- [ RunTime:0.000341s ]
ERR: 无法加载模块:Ckfinder

[ 2016-01-15T03:20:14+08:00 ] 121.42.0.19 /admin/index.php/login/check
INFO: [ app_init ] --START--
INFO: Run Behavior\BuildLiteBehavior [ RunTime:0.000014s ]
INFO: [ app_init ] --END-- [ RunTime:0.000278s ]
ERR: 无法加载模块:Login

[ 2016-01-15T03:20:16+08:00 ] 121.42.0.19 /admin/modules/backup/page.backup.php
INFO: [ app_init ] --START--
INFO: Run Behavior\BuildLiteBehavior [ RunTime:0.000015s ]
INFO: [ app_init ] --END-- [ RunTime:0.000275s ]
ERR: 无法加载模块:Modules

[ 2016-01-15T03:20:18+08:00 ] 121.42.0.19 /admin/modules/backup/webscan233333.php
INFO: [ app_init ] --START--
INFO: Run Behavior\BuildLiteBehavior [ RunTime:0.000037s ]
INFO: [ app_init ] --END-- [ RunTime:0.000297s ]
ERR: 无法加载模块:Modules

[ 2016-01-15T03:24:43+08:00 ] 121.42.0.19 /admin/others.asp?mudi=download_EN_CN&n=index.asp&ENname=../config.asp
INFO: [ app_init ] --START--
INFO: Run Behavior\BuildLiteBehavior [ RunTime:0.000014s ]
INFO: [ app_init ] --END-- [ RunTime:0.000272s ]
ERR: 无法加载模块:Others

[ 2016-01-15T03:25:56+08:00 ] 121.42.0.19 /admin/control/wxpay.php
INFO: [ app_init ] --START--
INFO: Run Behavior\BuildLiteBehavior [ RunTime:0.000015s ]
INFO: [ app_init ] --END-- [ RunTime:0.000272s ]
ERR: 无法加载模块:Control

[ 2016-01-15T03:27:16+08:00 ] 121.42.0.19 /admin/fckeditor/editor/filemanager/connectors/php/connector.php?Command=FileUpload&Type=Image&CurrentFolder=d04d.php%00.gif
INFO: [ app_init ] --START--
INFO: Run Behavior\BuildLiteBehavior [ RunTime:0.000015s ]
INFO: [ app_init ] --END-- [ RunTime:0.000270s ]
ERR: 无法加载模块:Fckeditor

[ 2016-01-15T03:27:33+08:00 ] 121.42.0.19 /admin/fckeditor/editor/filemanager/upload/php/upload.php?Type=Media
INFO: [ app_init ] --START--
INFO: Run Behavior\BuildLiteBehavior [ RunTime:0.000019s ]
INFO: [ app_init ] --END-- [ RunTime:0.000299s ]
ERR: 无法加载模块:Fckeditor

[ 2016-01-15T03:27:50+08:00 ] 121.42.0.19 /admin/fckeditor/editor/filemanager/upload/aspx/upload.aspx
INFO: [ app_init ] --START--
INFO: Run Behavior\BuildLiteBehavior [ RunTime:0.000014s ]
INFO: [ app_init ] --END-- [ RunTime:0.000268s ]
ERR: 无法加载模块:Fckeditor

[ 2016-01-15T03:28:07+08:00 ] 121.42.0.19 /admin/fckeditor/editor/filemanager/connectors/asp/upload.asp?Command=FileUpload&Type=File&CurrentFolder=%2F
INFO: [ app_init ] --START--
INFO: Run Behavior\BuildLiteBehavior [ RunTime:0.000015s ]
INFO: [ app_init ] --END-- [ RunTime:0.000269s ]
ERR: 无法加载模块:Fckeditor

[ 2016-01-15T03:28:24+08:00 ] 121.42.0.19 /admin/fckeditor/editor/filemanager/connectors/aspx/upload.aspx?Command=FileUpload&Type=File&CurrentFolder=%2F
INFO: [ app_init ] --START--
INFO: Run Behavior\BuildLiteBehavior [ RunTime:0.000014s ]
INFO: [ app_init ] --END-- [ RunTime:0.000296s ]
ERR: 无法加载模块:Fckeditor

[ 2016-01-15T03:28:41+08:00 ] 121.42.0.19 /admin/fckeditor/editor/filemanager/connectors/asp/connector.asp?Command=CreateFolder&Type=File&CurrentFolder=%2F81dc9bdb52d04dc2.asp&NewFolderName=z&uuid=1244789975684
INFO: [ app_init ] --START--
INFO: Run Behavior\BuildLiteBehavior [ RunTime:0.000015s ]
INFO: [ app_init ] --END-- [ RunTime:0.000277s ]
ERR: 无法加载模块:Fckeditor

[ 2016-01-15T03:29:34+08:00 ] 121.42.0.19 /admin/fckeditor/editor/filemanager/connectors/aspx/connector.aspx?Command=CreateFolder&Type=File&CurrentFolder=%2F81dc9bdb52d04dc2.asp&NewFolderName=z&uuid=1244789975684
INFO: [ app_init ] --START--
INFO: Run Behavior\BuildLiteBehavior [ RunTime:0.000014s ]
INFO: [ app_init ] --END-- [ RunTime:0.000295s ]
ERR: 无法加载模块:Fckeditor

[ 2016-01-15T03:30:25+08:00 ] 121.42.0.19 /admin/fckeditor/editor/filemanager/browser/default/connectors/asp/connector.asp?Command=FileUpload&Type=File&CurrentFolder=%2F
INFO: [ app_init ] --START--
INFO: Run Behavior\BuildLiteBehavior [ RunTime:0.000014s ]
INFO: [ app_init ] --END-- [ RunTime:0.000271s ]
ERR: 无法加载模块:Fckeditor

[ 2016-01-15T03:30:42+08:00 ] 121.42.0.19 /admin/fckeditor/editor/filemanager/browser/default/connectors/aspx/connector.aspx?Command=FileUpload&Type=File&CurrentFolder=%2F
INFO: [ app_init ] --START--
INFO: Run Behavior\BuildLiteBehavior [ RunTime:0.000014s ]
INFO: [ app_init ] --END-- [ RunTime:0.000271s ]
ERR: 无法加载模块:Fckeditor

