[ 2016-01-01T04:01:45+08:00 ] 121.42.0.31 /admin/ckfinder/core/connector/asp/connector.asp?command=FileUpload&type=Images&Folder=%2F&langCode=zh-cn&hash=6c6a79911ae80ce2&
INFO: [ app_init ] --START--
INFO: Run Behavior\BuildLiteBehavior [ RunTime:0.000015s ]
INFO: [ app_init ] --END-- [ RunTime:0.000318s ]
ERR: 无法加载模块:Ckfinder

[ 2016-01-01T04:01:48+08:00 ] 121.42.0.31 /admin/index.php/login/check
INFO: [ app_init ] --START--
INFO: Run Behavior\BuildLiteBehavior [ RunTime:0.000017s ]
INFO: [ app_init ] --END-- [ RunTime:0.000284s ]
ERR: 无法加载模块:Login

[ 2016-01-01T04:01:59+08:00 ] 121.42.0.31 /admin/modules/backup/page.backup.php
INFO: [ app_init ] --START--
INFO: Run Behavior\BuildLiteBehavior [ RunTime:0.000015s ]
INFO: [ app_init ] --END-- [ RunTime:0.000278s ]
ERR: 无法加载模块:Modules

[ 2016-01-01T04:02:03+08:00 ] 121.42.0.31 /admin/modules/backup/webscan233333.php
INFO: [ app_init ] --START--
INFO: Run Behavior\BuildLiteBehavior [ RunTime:0.000014s ]
INFO: [ app_init ] --END-- [ RunTime:0.000272s ]
ERR: 无法加载模块:Modules

[ 2016-01-01T04:15:26+08:00 ] 121.42.0.31 /admin/others.asp?mudi=download_EN_CN&n=index.asp&ENname=../config.asp
INFO: [ app_init ] --START--
INFO: Run Behavior\BuildLiteBehavior [ RunTime:0.000015s ]
INFO: [ app_init ] --END-- [ RunTime:0.000268s ]
ERR: 无法加载模块:Others

[ 2016-01-01T04:17:28+08:00 ] 121.42.0.31 /admin/control/wxpay.php
INFO: [ app_init ] --START--
INFO: Run Behavior\BuildLiteBehavior [ RunTime:0.000015s ]
INFO: [ app_init ] --END-- [ RunTime:0.000278s ]
ERR: 无法加载模块:Control

[ 2016-01-01T04:20:27+08:00 ] 121.42.0.31 /admin/fckeditor/editor/filemanager/connectors/php/connector.php?Command=FileUpload&Type=Image&CurrentFolder=d04d.php%00.gif
INFO: [ app_init ] --START--
INFO: Run Behavior\BuildLiteBehavior [ RunTime:0.000015s ]
INFO: [ app_init ] --END-- [ RunTime:0.000284s ]
ERR: 无法加载模块:Fckeditor

[ 2016-01-01T04:21:17+08:00 ] 121.42.0.31 /admin/fckeditor/editor/filemanager/upload/aspx/upload.aspx
INFO: [ app_init ] --START--
INFO: Run Behavior\BuildLiteBehavior [ RunTime:0.000015s ]
INFO: [ app_init ] --END-- [ RunTime:0.000265s ]
ERR: 无法加载模块:Fckeditor

[ 2016-01-01T04:21:39+08:00 ] 121.42.0.31 /admin/fckeditor/editor/filemanager/connectors/asp/upload.asp?Command=FileUpload&Type=File&CurrentFolder=%2F
INFO: [ app_init ] --START--
INFO: Run Behavior\BuildLiteBehavior [ RunTime:0.000021s ]
INFO: [ app_init ] --END-- [ RunTime:0.000342s ]
ERR: 无法加载模块:Fckeditor

[ 2016-01-01T04:22:24+08:00 ] 121.42.0.31 /admin/fckeditor/editor/filemanager/connectors/aspx/upload.aspx?Command=FileUpload&Type=File&CurrentFolder=%2F
INFO: [ app_init ] --START--
INFO: Run Behavior\BuildLiteBehavior [ RunTime:0.000018s ]
INFO: [ app_init ] --END-- [ RunTime:0.000287s ]
ERR: 无法加载模块:Fckeditor

[ 2016-01-01T04:23:15+08:00 ] 121.42.0.31 /admin/fckeditor/editor/filemanager/connectors/asp/connector.asp?Command=FileUpload&Type=File&CurrentFolder=81dc9bdb52d04dc2.asp
INFO: [ app_init ] --START--
INFO: Run Behavior\BuildLiteBehavior [ RunTime:0.000015s ]
INFO: [ app_init ] --END-- [ RunTime:0.000300s ]
ERR: 无法加载模块:Fckeditor

[ 2016-01-01T04:24:43+08:00 ] 121.42.0.31 /admin/fckeditor/editor/filemanager/connectors/aspx/connector.aspx?Command=FileUpload&Type=File&CurrentFolder=81dc9bdb52d04dc2.asp
INFO: [ app_init ] --START--
INFO: Run Behavior\BuildLiteBehavior [ RunTime:0.000015s ]
INFO: [ app_init ] --END-- [ RunTime:0.000271s ]
ERR: 无法加载模块:Fckeditor

[ 2016-01-01T04:26:17+08:00 ] 121.42.0.31 /admin/fckeditor/editor/filemanager/browser/default/connectors/asp/connector.asp?Command=FileUpload&Type=File&CurrentFolder=%2F
INFO: [ app_init ] --START--
INFO: Run Behavior\BuildLiteBehavior [ RunTime:0.000016s ]
INFO: [ app_init ] --END-- [ RunTime:0.000281s ]
ERR: 无法加载模块:Fckeditor

[ 2016-01-01T04:27:45+08:00 ] 121.42.0.31 /admin/fckeditor/editor/filemanager/browser/default/connectors/aspx/connector.aspx?Command=FileUpload&Type=File&CurrentFolder=%2F
INFO: [ app_init ] --START--
INFO: Run Behavior\BuildLiteBehavior [ RunTime:0.000015s ]
INFO: [ app_init ] --END-- [ RunTime:0.000268s ]
ERR: 无法加载模块:Fckeditor

