[ 2016-03-03T16:36:11+08:00 ] 121.42.0.36 /admin/images/menu-current-arrow.gif
INFO: [ app_init ] --START--
INFO: Run Behavior\BuildLiteBehavior [ RunTime:0.000030s ]
INFO: [ app_init ] --END-- [ RunTime:0.001343s ]
ERR: 无法加载模块:Images

[ 2016-03-03T16:36:13+08:00 ] 121.42.0.36 /admin/image/menu_h4.png
INFO: [ app_init ] --START--
INFO: Run Behavior\BuildLiteBehavior [ RunTime:0.000020s ]
INFO: [ app_init ] --END-- [ RunTime:0.000290s ]
ERR: 无法加载模块:Image

[ 2016-03-03T16:36:17+08:00 ] 121.42.0.36 /admin/images/login/index_hz02.gif
INFO: [ app_init ] --START--
INFO: Run Behavior\BuildLiteBehavior [ RunTime:0.000020s ]
INFO: [ app_init ] --END-- [ RunTime:0.000331s ]
ERR: 无法加载模块:Images

[ 2016-03-03T16:36:17+08:00 ] 121.42.0.36 /admin/images/login/index_hz03.gif
INFO: [ app_init ] --START--
INFO: Run Behavior\BuildLiteBehavior [ RunTime:0.000022s ]
INFO: [ app_init ] --END-- [ RunTime:0.000303s ]
ERR: 无法加载模块:Images

[ 2016-03-03T16:36:18+08:00 ] 121.42.0.36 /admin/images/cutimg/ccc.gif
INFO: [ app_init ] --START--
INFO: Run Behavior\BuildLiteBehavior [ RunTime:0.000022s ]
INFO: [ app_init ] --END-- [ RunTime:0.000306s ]
ERR: 无法加载模块:Images

[ 2016-03-03T16:36:18+08:00 ] 121.42.0.36 /admin/images/admintitlebg.gif
INFO: [ app_init ] --START--
INFO: Run Behavior\BuildLiteBehavior [ RunTime:0.000029s ]
INFO: [ app_init ] --END-- [ RunTime:0.000452s ]
ERR: 无法加载模块:Images

[ 2016-03-03T16:36:21+08:00 ] 121.42.0.36 /admin/Tpl/default/ThemeFiles/Images/login/bg-interior-tile-drk.jpg
INFO: [ app_init ] --START--
INFO: Run Behavior\BuildLiteBehavior [ RunTime:0.000019s ]
INFO: [ app_init ] --END-- [ RunTime:0.000280s ]
ERR: 无法加载模块:Tpl

[ 2016-03-03T16:36:22+08:00 ] 121.42.0.36 /admin/images/tab_17.gif
INFO: [ app_init ] --START--
INFO: Run Behavior\BuildLiteBehavior [ RunTime:0.000019s ]
INFO: [ app_init ] --END-- [ RunTime:0.000285s ]
ERR: 无法加载模块:Images

[ 2016-03-03T16:36:22+08:00 ] 121.42.0.36 /admin/images/top_tt_bg.gif
INFO: [ app_init ] --START--
INFO: Run Behavior\BuildLiteBehavior [ RunTime:0.000014s ]
INFO: [ app_init ] --END-- [ RunTime:0.000258s ]
ERR: 无法加载模块:Images

[ 2016-03-03T16:36:23+08:00 ] 121.42.0.36 /admin/images/login/login_submit.gif
INFO: [ app_init ] --START--
INFO: Run Behavior\BuildLiteBehavior [ RunTime:0.000021s ]
INFO: [ app_init ] --END-- [ RunTime:0.000297s ]
ERR: 无法加载模块:Images

[ 2016-03-03T16:36:25+08:00 ] 121.42.0.36 /admin/images/netgather_com.gif
INFO: [ app_init ] --START--
INFO: Run Behavior\BuildLiteBehavior [ RunTime:0.000019s ]
INFO: [ app_init ] --END-- [ RunTime:0.000281s ]
ERR: 无法加载模块:Images

[ 2016-03-03T16:36:28+08:00 ] 121.42.0.36 /admin/views/images/admindex_itembg.gif
INFO: [ app_init ] --START--
INFO: Run Behavior\BuildLiteBehavior [ RunTime:0.000014s ]
INFO: [ app_init ] --END-- [ RunTime:0.000258s ]
ERR: 无法加载模块:Views

[ 2016-03-03T16:36:29+08:00 ] 121.42.0.36 /admin/templates/met/images/logosmall.gif
INFO: [ app_init ] --START--
INFO: Run Behavior\BuildLiteBehavior [ RunTime:0.000018s ]
INFO: [ app_init ] --END-- [ RunTime:0.000287s ]
ERR: 无法加载模块:Templates

[ 2016-03-03T16:36:30+08:00 ] 121.42.0.36 /admin/ecshopfiles.md5
INFO: [ app_init ] --START--
INFO: Run Behavior\BuildLiteBehavior [ RunTime:0.000019s ]
INFO: [ app_init ] --END-- [ RunTime:0.000289s ]
ERR: 无法加载模块:Ecshopfiles

[ 2016-03-03T16:36:30+08:00 ] 121.42.0.36 /admin/help/zh_cn/database.xml
INFO: [ app_init ] --START--
INFO: Run Behavior\BuildLiteBehavior [ RunTime:0.000014s ]
INFO: [ app_init ] --END-- [ RunTime:0.000262s ]
ERR: 无法加载模块:Help

[ 2016-03-03T16:36:33+08:00 ] 121.42.0.36 /admin/Tpl/default/Common/images/blank.gif
INFO: [ app_init ] --START--
INFO: Run Behavior\BuildLiteBehavior [ RunTime:0.000015s ]
INFO: [ app_init ] --END-- [ RunTime:0.000260s ]
ERR: 无法加载模块:Tpl

[ 2016-03-03T16:36:35+08:00 ] 121.42.0.36 /admin/images/admin_submit.jpg
INFO: [ app_init ] --START--
INFO: Run Behavior\BuildLiteBehavior [ RunTime:0.000015s ]
INFO: [ app_init ] --END-- [ RunTime:0.000284s ]
ERR: 无法加载模块:Images

[ 2016-03-03T16:36:38+08:00 ] 121.42.0.36 /admin/skins/images/ads_set3.gif
INFO: [ app_init ] --START--
INFO: Run Behavior\BuildLiteBehavior [ RunTime:0.000019s ]
INFO: [ app_init ] --END-- [ RunTime:0.000287s ]
ERR: 无法加载模块:Skins

[ 2016-03-03T16:36:39+08:00 ] 121.42.0.36 /admin/images/loadingAnimation.gif
INFO: [ app_init ] --START--
INFO: Run Behavior\BuildLiteBehavior [ RunTime:0.000015s ]
INFO: [ app_init ] --END-- [ RunTime:0.000261s ]
ERR: 无法加载模块:Images

[ 2016-03-03T16:36:42+08:00 ] 121.42.0.36 /admin/Images/del.gif
INFO: [ app_init ] --START--
INFO: Run Behavior\BuildLiteBehavior [ RunTime:0.000018s ]
INFO: [ app_init ] --END-- [ RunTime:0.000277s ]
ERR: 无法加载模块:Images

[ 2016-03-03T16:36:44+08:00 ] 121.42.0.36 /admin/images/arrow_right_8x8.png
INFO: [ app_init ] --START--
INFO: Run Behavior\BuildLiteBehavior [ RunTime:0.000020s ]
INFO: [ app_init ] --END-- [ RunTime:0.000348s ]
ERR: 无法加载模块:Images

[ 2016-03-03T16:37:06+08:00 ] 121.42.0.36 /admin/Images/Login_tit.gif
INFO: [ app_init ] --START--
INFO: Run Behavior\BuildLiteBehavior [ RunTime:0.000015s ]
INFO: [ app_init ] --END-- [ RunTime:0.000260s ]
ERR: 无法加载模块:Images

[ 2016-03-03T16:37:06+08:00 ] 121.42.0.36 /admin/Images/Sort_Folder_Close.gif
INFO: [ app_init ] --START--
INFO: Run Behavior\BuildLiteBehavior [ RunTime:0.000016s ]
INFO: [ app_init ] --END-- [ RunTime:0.000280s ]
ERR: 无法加载模块:Images

[ 2016-03-03T16:37:06+08:00 ] 121.42.0.36 /admin/Limages/left-corners.png
INFO: [ app_init ] --START--
INFO: Run Behavior\BuildLiteBehavior [ RunTime:0.000014s ]
INFO: [ app_init ] --END-- [ RunTime:0.000286s ]
ERR: 无法加载模块:Limages

[ 2016-03-03T16:37:07+08:00 ] 121.42.0.36 /admin/images/li_4.gif
INFO: [ app_init ] --START--
INFO: Run Behavior\BuildLiteBehavior [ RunTime:0.000014s ]
INFO: [ app_init ] --END-- [ RunTime:0.000286s ]
ERR: 无法加载模块:Images

[ 2016-03-03T16:37:07+08:00 ] 121.42.0.36 /admin/tpl/images/welcome_h1.gif
INFO: [ app_init ] --START--
INFO: Run Behavior\BuildLiteBehavior [ RunTime:0.000015s ]
INFO: [ app_init ] --END-- [ RunTime:0.000262s ]
ERR: 无法加载模块:Tpl

[ 2016-03-03T16:37:07+08:00 ] 121.42.0.36 /admin/images/bg-pay-return-success.gif
INFO: [ app_init ] --START--
INFO: Run Behavior\BuildLiteBehavior [ RunTime:0.000019s ]
INFO: [ app_init ] --END-- [ RunTime:0.000291s ]
ERR: 无法加载模块:Images

[ 2016-03-03T16:37:10+08:00 ] 121.42.0.36 /admin/images/login_06.jpg
INFO: [ app_init ] --START--
INFO: Run Behavior\BuildLiteBehavior [ RunTime:0.000015s ]
INFO: [ app_init ] --END-- [ RunTime:0.000265s ]
ERR: 无法加载模块:Images

